running develop
running egg_info
creating ros2_demo_custommsg_pub.egg-info
writing ros2_demo_custommsg_pub.egg-info/PKG-INFO
writing dependency_links to ros2_demo_custommsg_pub.egg-info/dependency_links.txt
writing entry points to ros2_demo_custommsg_pub.egg-info/entry_points.txt
writing requirements to ros2_demo_custommsg_pub.egg-info/requires.txt
writing top-level names to ros2_demo_custommsg_pub.egg-info/top_level.txt
writing manifest file 'ros2_demo_custommsg_pub.egg-info/SOURCES.txt'
reading manifest file 'ros2_demo_custommsg_pub.egg-info/SOURCES.txt'
writing manifest file 'ros2_demo_custommsg_pub.egg-info/SOURCES.txt'
running build_ext
Creating /home/kenneth/PycharmProjects/ros2_ws_fix/src/install/ros2_demo_custommsg_pub/lib/python3.6/site-packages/ros2-demo-custommsg-pub.egg-link (link to .)
Installing demo_custommsg_pub script to /home/kenneth/PycharmProjects/ros2_ws_fix/src/install/ros2_demo_custommsg_pub/lib/ros2_demo_custommsg_pub

Installed /home/kenneth/PycharmProjects/ros2_ws_fix/src/build/ros2_demo_custommsg_pub
running install_data
creating /home/kenneth/PycharmProjects/ros2_ws_fix/src/install/ros2_demo_custommsg_pub/share/ament_index
creating /home/kenneth/PycharmProjects/ros2_ws_fix/src/install/ros2_demo_custommsg_pub/share/ament_index/resource_index
creating /home/kenneth/PycharmProjects/ros2_ws_fix/src/install/ros2_demo_custommsg_pub/share/ament_index/resource_index/packages
copying resource/ros2_demo_custommsg_pub -> /home/kenneth/PycharmProjects/ros2_ws_fix/src/install/ros2_demo_custommsg_pub/share/ament_index/resource_index/packages
copying package.xml -> /home/kenneth/PycharmProjects/ros2_ws_fix/src/install/ros2_demo_custommsg_pub/share/ros2_demo_custommsg_pub
