[0.534s] Invoking command in '/home/kenneth/PycharmProjects/ros2_ws_fix/src/build/ros2_demo_custommsg_pub': AMENT_PREFIX_PATH=/home/kenneth/PycharmProjects/ros2_ws_fix/src/install/sensor_fusion_msgs:${AMENT_PREFIX_PATH} CMAKE_PREFIX_PATH=/home/kenneth/PycharmProjects/ros2_ws_fix/src/install/sensor_fusion_msgs:${CMAKE_PREFIX_PATH} LD_LIBRARY_PATH=/home/kenneth/PycharmProjects/ros2_ws_fix/src/install/sensor_fusion_msgs/lib:${LD_LIBRARY_PATH} PYTHONPATH=/home/kenneth/PycharmProjects/ros2_ws_fix/src/install/ros2_demo_custommsg_pub/lib/python3.6/site-packages:/home/kenneth/PycharmProjects/ros2_ws_fix/src/install/sensor_fusion_msgs/lib/python3.6/site-packages:${PYTHONPATH} /usr/bin/python3 setup.py develop --prefix /home/kenneth/PycharmProjects/ros2_ws_fix/src/install/ros2_demo_custommsg_pub --editable --build-directory /home/kenneth/PycharmProjects/ros2_ws_fix/src/build/ros2_demo_custommsg_pub/build --no-deps install_data --install-dir /home/kenneth/PycharmProjects/ros2_ws_fix/src/install/ros2_demo_custommsg_pub
[0.992s] running develop
[1.205s] running egg_info
[1.206s] creating ros2_demo_custommsg_pub.egg-info
[1.206s] writing ros2_demo_custommsg_pub.egg-info/PKG-INFO
[1.206s] writing dependency_links to ros2_demo_custommsg_pub.egg-info/dependency_links.txt
[1.207s] writing entry points to ros2_demo_custommsg_pub.egg-info/entry_points.txt
[1.207s] writing requirements to ros2_demo_custommsg_pub.egg-info/requires.txt
[1.207s] writing top-level names to ros2_demo_custommsg_pub.egg-info/top_level.txt
[1.208s] writing manifest file 'ros2_demo_custommsg_pub.egg-info/SOURCES.txt'
[1.260s] reading manifest file 'ros2_demo_custommsg_pub.egg-info/SOURCES.txt'
[1.265s] writing manifest file 'ros2_demo_custommsg_pub.egg-info/SOURCES.txt'
[1.268s] running build_ext
[1.269s] Creating /home/kenneth/PycharmProjects/ros2_ws_fix/src/install/ros2_demo_custommsg_pub/lib/python3.6/site-packages/ros2-demo-custommsg-pub.egg-link (link to .)
[1.273s] Installing demo_custommsg_pub script to /home/kenneth/PycharmProjects/ros2_ws_fix/src/install/ros2_demo_custommsg_pub/lib/ros2_demo_custommsg_pub
[1.281s] 
[1.281s] Installed /home/kenneth/PycharmProjects/ros2_ws_fix/src/build/ros2_demo_custommsg_pub
[1.281s] running install_data
[1.281s] creating /home/kenneth/PycharmProjects/ros2_ws_fix/src/install/ros2_demo_custommsg_pub/share/ament_index
[1.282s] creating /home/kenneth/PycharmProjects/ros2_ws_fix/src/install/ros2_demo_custommsg_pub/share/ament_index/resource_index
[1.282s] creating /home/kenneth/PycharmProjects/ros2_ws_fix/src/install/ros2_demo_custommsg_pub/share/ament_index/resource_index/packages
[1.282s] copying resource/ros2_demo_custommsg_pub -> /home/kenneth/PycharmProjects/ros2_ws_fix/src/install/ros2_demo_custommsg_pub/share/ament_index/resource_index/packages
[1.282s] copying package.xml -> /home/kenneth/PycharmProjects/ros2_ws_fix/src/install/ros2_demo_custommsg_pub/share/ros2_demo_custommsg_pub
[1.315s] Invoked command in '/home/kenneth/PycharmProjects/ros2_ws_fix/src/build/ros2_demo_custommsg_pub' returned '0': AMENT_PREFIX_PATH=/home/kenneth/PycharmProjects/ros2_ws_fix/src/install/sensor_fusion_msgs:${AMENT_PREFIX_PATH} CMAKE_PREFIX_PATH=/home/kenneth/PycharmProjects/ros2_ws_fix/src/install/sensor_fusion_msgs:${CMAKE_PREFIX_PATH} LD_LIBRARY_PATH=/home/kenneth/PycharmProjects/ros2_ws_fix/src/install/sensor_fusion_msgs/lib:${LD_LIBRARY_PATH} PYTHONPATH=/home/kenneth/PycharmProjects/ros2_ws_fix/src/install/ros2_demo_custommsg_pub/lib/python3.6/site-packages:/home/kenneth/PycharmProjects/ros2_ws_fix/src/install/sensor_fusion_msgs/lib/python3.6/site-packages:${PYTHONPATH} /usr/bin/python3 setup.py develop --prefix /home/kenneth/PycharmProjects/ros2_ws_fix/src/install/ros2_demo_custommsg_pub --editable --build-directory /home/kenneth/PycharmProjects/ros2_ws_fix/src/build/ros2_demo_custommsg_pub/build --no-deps install_data --install-dir /home/kenneth/PycharmProjects/ros2_ws_fix/src/install/ros2_demo_custommsg_pub
