[1.138s] DEBUG:colcon:Command line arguments: ['/home/kenneth/.local/bin/colcon', 'build', '--symlink-install']
[1.138s] DEBUG:colcon:Parsed command line arguments: Namespace(ament_cmake_args=None, base_paths=['.'], build_base='build', catkin_cmake_args=None, catkin_skip_building_tests=False, cmake_args=None, cmake_clean_cache=False, cmake_clean_first=False, cmake_force_configure=False, cmake_target=None, cmake_target_skip_unavailable=False, continue_on_error=False, event_handlers=None, executor='parallel', ignore_user_meta=False, install_base='install', log_base=None, log_level=None, main=<bound method BuildVerb.main of <colcon_core.verb.build.BuildVerb object at 0x7f48432bcfd0>>, merge_install=False, metas=['./colcon.meta'], packages_above=None, packages_above_and_dependencies=None, packages_above_depth=None, packages_end=None, packages_ignore=None, packages_ignore_regex=None, packages_select=None, packages_select_build_failed=False, packages_select_by_dep=None, packages_select_regex=None, packages_select_test_failures=False, packages_skip=None, packages_skip_build_finished=False, packages_skip_by_dep=None, packages_skip_regex=None, packages_skip_test_passed=False, packages_skip_up_to=None, packages_start=None, packages_up_to=None, packages_up_to_regex=None, parallel_workers=1, paths=None, symlink_install=True, test_result_base=None, verb_extension=<colcon_core.verb.build.BuildVerb object at 0x7f48432bcfd0>, verb_name='build', verb_parser=<colcon_defaults.argument_parser.defaults.DefaultArgumentsDecorator object at 0x7f48432c9320>)
[1.199s] Level 1:colcon.colcon_core.package_discovery:discover_packages(colcon_meta) check parameters
[1.199s] Level 1:colcon.colcon_core.package_discovery:discover_packages(recursive) check parameters
[1.199s] Level 1:colcon.colcon_core.package_discovery:discover_packages(ignore) check parameters
[1.200s] Level 1:colcon.colcon_core.package_discovery:discover_packages(path) check parameters
[1.200s] Level 1:colcon.colcon_core.package_discovery:discover_packages(colcon_meta) discover
[1.200s] Level 1:colcon.colcon_core.package_discovery:discover_packages(recursive) discover
[1.200s] INFO:colcon.colcon_core.package_discovery:Crawling recursively for packages in '/home/kenneth/PycharmProjects/ros2_ws_fix'
[1.200s] Level 1:colcon.colcon_core.package_identification:_identify(.) by extensions ['ignore', 'ignore_ament_install']
[1.200s] Level 1:colcon.colcon_core.package_identification:_identify(.) by extension 'ignore'
[1.200s] Level 1:colcon.colcon_core.package_identification:_identify(.) by extension 'ignore_ament_install'
[1.200s] Level 1:colcon.colcon_core.package_identification:_identify(.) by extensions ['colcon_pkg']
[1.200s] Level 1:colcon.colcon_core.package_identification:_identify(.) by extension 'colcon_pkg'
[1.201s] Level 1:colcon.colcon_core.package_identification:_identify(.) by extensions ['colcon_meta']
[1.201s] Level 1:colcon.colcon_core.package_identification:_identify(.) by extension 'colcon_meta'
[1.201s] Level 1:colcon.colcon_core.package_identification:_identify(.) by extensions ['ros']
[1.201s] Level 1:colcon.colcon_core.package_identification:_identify(.) by extension 'ros'
[1.223s] Level 1:colcon.colcon_core.package_identification:_identify(.) by extensions ['cmake', 'python']
[1.223s] Level 1:colcon.colcon_core.package_identification:_identify(.) by extension 'cmake'
[1.223s] Level 1:colcon.colcon_core.package_identification:_identify(.) by extension 'python'
[1.223s] Level 1:colcon.colcon_core.package_identification:_identify(.) by extensions ['python_setup_py']
[1.223s] Level 1:colcon.colcon_core.package_identification:_identify(.) by extension 'python_setup_py'
[1.223s] Level 1:colcon.colcon_core.package_identification:_identify(build) by extensions ['ignore', 'ignore_ament_install']
[1.223s] Level 1:colcon.colcon_core.package_identification:_identify(build) by extension 'ignore'
[1.223s] Level 1:colcon.colcon_core.package_identification:_identify(build) ignored
[1.224s] Level 1:colcon.colcon_core.package_identification:_identify(install) by extensions ['ignore', 'ignore_ament_install']
[1.224s] Level 1:colcon.colcon_core.package_identification:_identify(install) by extension 'ignore'
[1.224s] Level 1:colcon.colcon_core.package_identification:_identify(install) ignored
[1.224s] Level 1:colcon.colcon_core.package_identification:_identify(log) by extensions ['ignore', 'ignore_ament_install']
[1.224s] Level 1:colcon.colcon_core.package_identification:_identify(log) by extension 'ignore'
[1.224s] Level 1:colcon.colcon_core.package_identification:_identify(log) ignored
[1.224s] Level 1:colcon.colcon_core.package_identification:_identify(src) by extensions ['ignore', 'ignore_ament_install']
[1.225s] Level 1:colcon.colcon_core.package_identification:_identify(src) by extension 'ignore'
[1.225s] Level 1:colcon.colcon_core.package_identification:_identify(src) by extension 'ignore_ament_install'
[1.225s] Level 1:colcon.colcon_core.package_identification:_identify(src) by extensions ['colcon_pkg']
[1.225s] Level 1:colcon.colcon_core.package_identification:_identify(src) by extension 'colcon_pkg'
[1.225s] Level 1:colcon.colcon_core.package_identification:_identify(src) by extensions ['colcon_meta']
[1.225s] Level 1:colcon.colcon_core.package_identification:_identify(src) by extension 'colcon_meta'
[1.225s] Level 1:colcon.colcon_core.package_identification:_identify(src) by extensions ['ros']
[1.225s] Level 1:colcon.colcon_core.package_identification:_identify(src) by extension 'ros'
[1.225s] Level 1:colcon.colcon_core.package_identification:_identify(src) by extensions ['cmake', 'python']
[1.225s] Level 1:colcon.colcon_core.package_identification:_identify(src) by extension 'cmake'
[1.225s] Level 1:colcon.colcon_core.package_identification:_identify(src) by extension 'python'
[1.225s] Level 1:colcon.colcon_core.package_identification:_identify(src) by extensions ['python_setup_py']
[1.225s] Level 1:colcon.colcon_core.package_identification:_identify(src) by extension 'python_setup_py'
[1.225s] Level 1:colcon.colcon_core.package_identification:_identify(src/ros2_demo_custommsg_create) by extensions ['ignore', 'ignore_ament_install']
[1.225s] Level 1:colcon.colcon_core.package_identification:_identify(src/ros2_demo_custommsg_create) by extension 'ignore'
[1.226s] Level 1:colcon.colcon_core.package_identification:_identify(src/ros2_demo_custommsg_create) by extension 'ignore_ament_install'
[1.226s] Level 1:colcon.colcon_core.package_identification:_identify(src/ros2_demo_custommsg_create) by extensions ['colcon_pkg']
[1.226s] Level 1:colcon.colcon_core.package_identification:_identify(src/ros2_demo_custommsg_create) by extension 'colcon_pkg'
[1.226s] Level 1:colcon.colcon_core.package_identification:_identify(src/ros2_demo_custommsg_create) by extensions ['colcon_meta']
[1.226s] Level 1:colcon.colcon_core.package_identification:_identify(src/ros2_demo_custommsg_create) by extension 'colcon_meta'
[1.226s] Level 1:colcon.colcon_core.package_identification:_identify(src/ros2_demo_custommsg_create) by extensions ['ros']
[1.226s] Level 1:colcon.colcon_core.package_identification:_identify(src/ros2_demo_custommsg_create) by extension 'ros'
[1.231s] DEBUG:colcon.colcon_core.package_identification:Package 'src/ros2_demo_custommsg_create' with type 'ros.ament_cmake' and name 'ros2_demo_custommsg_create'
[1.231s] Level 1:colcon.colcon_core.package_identification:_identify(src/ros2_demo_custommsg_pub) by extensions ['ignore', 'ignore_ament_install']
[1.231s] Level 1:colcon.colcon_core.package_identification:_identify(src/ros2_demo_custommsg_pub) by extension 'ignore'
[1.231s] Level 1:colcon.colcon_core.package_identification:_identify(src/ros2_demo_custommsg_pub) by extension 'ignore_ament_install'
[1.231s] Level 1:colcon.colcon_core.package_identification:_identify(src/ros2_demo_custommsg_pub) by extensions ['colcon_pkg']
[1.231s] Level 1:colcon.colcon_core.package_identification:_identify(src/ros2_demo_custommsg_pub) by extension 'colcon_pkg'
[1.231s] Level 1:colcon.colcon_core.package_identification:_identify(src/ros2_demo_custommsg_pub) by extensions ['colcon_meta']
[1.231s] Level 1:colcon.colcon_core.package_identification:_identify(src/ros2_demo_custommsg_pub) by extension 'colcon_meta'
[1.231s] Level 1:colcon.colcon_core.package_identification:_identify(src/ros2_demo_custommsg_pub) by extensions ['ros']
[1.232s] Level 1:colcon.colcon_core.package_identification:_identify(src/ros2_demo_custommsg_pub) by extension 'ros'
[1.233s] DEBUG:colcon.colcon_core.package_identification:Package 'src/ros2_demo_custommsg_pub' with type 'ros.ament_python' and name 'ros2_demo_custommsg_pub'
[1.233s] Level 1:colcon.colcon_core.package_identification:_identify(src/ros2_demo_publisher) by extensions ['ignore', 'ignore_ament_install']
[1.233s] Level 1:colcon.colcon_core.package_identification:_identify(src/ros2_demo_publisher) by extension 'ignore'
[1.233s] Level 1:colcon.colcon_core.package_identification:_identify(src/ros2_demo_publisher) by extension 'ignore_ament_install'
[1.233s] Level 1:colcon.colcon_core.package_identification:_identify(src/ros2_demo_publisher) by extensions ['colcon_pkg']
[1.234s] Level 1:colcon.colcon_core.package_identification:_identify(src/ros2_demo_publisher) by extension 'colcon_pkg'
[1.234s] Level 1:colcon.colcon_core.package_identification:_identify(src/ros2_demo_publisher) by extensions ['colcon_meta']
[1.234s] Level 1:colcon.colcon_core.package_identification:_identify(src/ros2_demo_publisher) by extension 'colcon_meta'
[1.234s] Level 1:colcon.colcon_core.package_identification:_identify(src/ros2_demo_publisher) by extensions ['ros']
[1.234s] Level 1:colcon.colcon_core.package_identification:_identify(src/ros2_demo_publisher) by extension 'ros'
[1.235s] DEBUG:colcon.colcon_core.package_identification:Package 'src/ros2_demo_publisher' with type 'ros.ament_python' and name 'ros2_demo_publisher'
[1.235s] Level 1:colcon.colcon_core.package_identification:_identify(src/ros2_demo_subscriber) by extensions ['ignore', 'ignore_ament_install']
[1.235s] Level 1:colcon.colcon_core.package_identification:_identify(src/ros2_demo_subscriber) by extension 'ignore'
[1.236s] Level 1:colcon.colcon_core.package_identification:_identify(src/ros2_demo_subscriber) by extension 'ignore_ament_install'
[1.236s] Level 1:colcon.colcon_core.package_identification:_identify(src/ros2_demo_subscriber) by extensions ['colcon_pkg']
[1.236s] Level 1:colcon.colcon_core.package_identification:_identify(src/ros2_demo_subscriber) by extension 'colcon_pkg'
[1.236s] Level 1:colcon.colcon_core.package_identification:_identify(src/ros2_demo_subscriber) by extensions ['colcon_meta']
[1.236s] Level 1:colcon.colcon_core.package_identification:_identify(src/ros2_demo_subscriber) by extension 'colcon_meta'
[1.236s] Level 1:colcon.colcon_core.package_identification:_identify(src/ros2_demo_subscriber) by extensions ['ros']
[1.236s] Level 1:colcon.colcon_core.package_identification:_identify(src/ros2_demo_subscriber) by extension 'ros'
[1.237s] DEBUG:colcon.colcon_core.package_identification:Package 'src/ros2_demo_subscriber' with type 'ros.ament_python' and name 'ros2_demo_subscriber'
[1.238s] Level 1:colcon.colcon_core.package_identification:_identify(src/sensor_fusion_msg_types) by extensions ['ignore', 'ignore_ament_install']
[1.238s] Level 1:colcon.colcon_core.package_identification:_identify(src/sensor_fusion_msg_types) by extension 'ignore'
[1.238s] Level 1:colcon.colcon_core.package_identification:_identify(src/sensor_fusion_msg_types) by extension 'ignore_ament_install'
[1.238s] Level 1:colcon.colcon_core.package_identification:_identify(src/sensor_fusion_msg_types) by extensions ['colcon_pkg']
[1.238s] Level 1:colcon.colcon_core.package_identification:_identify(src/sensor_fusion_msg_types) by extension 'colcon_pkg'
[1.238s] Level 1:colcon.colcon_core.package_identification:_identify(src/sensor_fusion_msg_types) by extensions ['colcon_meta']
[1.238s] Level 1:colcon.colcon_core.package_identification:_identify(src/sensor_fusion_msg_types) by extension 'colcon_meta'
[1.238s] Level 1:colcon.colcon_core.package_identification:_identify(src/sensor_fusion_msg_types) by extensions ['ros']
[1.238s] Level 1:colcon.colcon_core.package_identification:_identify(src/sensor_fusion_msg_types) by extension 'ros'
[1.239s] DEBUG:colcon.colcon_core.package_identification:Package 'src/sensor_fusion_msg_types' with type 'ros.ament_cmake' and name 'sensor_fusion_msg_types'
[1.239s] Level 1:colcon.colcon_core.package_identification:_identify(src/sensor_fusion_msgs) by extensions ['ignore', 'ignore_ament_install']
[1.239s] Level 1:colcon.colcon_core.package_identification:_identify(src/sensor_fusion_msgs) by extension 'ignore'
[1.239s] Level 1:colcon.colcon_core.package_identification:_identify(src/sensor_fusion_msgs) by extension 'ignore_ament_install'
[1.240s] Level 1:colcon.colcon_core.package_identification:_identify(src/sensor_fusion_msgs) by extensions ['colcon_pkg']
[1.240s] Level 1:colcon.colcon_core.package_identification:_identify(src/sensor_fusion_msgs) by extension 'colcon_pkg'
[1.240s] Level 1:colcon.colcon_core.package_identification:_identify(src/sensor_fusion_msgs) by extensions ['colcon_meta']
[1.240s] Level 1:colcon.colcon_core.package_identification:_identify(src/sensor_fusion_msgs) by extension 'colcon_meta'
[1.240s] Level 1:colcon.colcon_core.package_identification:_identify(src/sensor_fusion_msgs) by extensions ['ros']
[1.240s] Level 1:colcon.colcon_core.package_identification:_identify(src/sensor_fusion_msgs) by extension 'ros'
[1.241s] DEBUG:colcon.colcon_core.package_identification:Package 'src/sensor_fusion_msgs' with type 'ros.ament_cmake' and name 'sensor_fusion_msgs'
[1.241s] Level 1:colcon.colcon_core.package_identification:_identify(src/sensor_fusion_subscriber) by extensions ['ignore', 'ignore_ament_install']
[1.241s] Level 1:colcon.colcon_core.package_identification:_identify(src/sensor_fusion_subscriber) by extension 'ignore'
[1.241s] Level 1:colcon.colcon_core.package_identification:_identify(src/sensor_fusion_subscriber) by extension 'ignore_ament_install'
[1.241s] Level 1:colcon.colcon_core.package_identification:_identify(src/sensor_fusion_subscriber) by extensions ['colcon_pkg']
[1.241s] Level 1:colcon.colcon_core.package_identification:_identify(src/sensor_fusion_subscriber) by extension 'colcon_pkg'
[1.241s] Level 1:colcon.colcon_core.package_identification:_identify(src/sensor_fusion_subscriber) by extensions ['colcon_meta']
[1.241s] Level 1:colcon.colcon_core.package_identification:_identify(src/sensor_fusion_subscriber) by extension 'colcon_meta'
[1.241s] Level 1:colcon.colcon_core.package_identification:_identify(src/sensor_fusion_subscriber) by extensions ['ros']
[1.241s] Level 1:colcon.colcon_core.package_identification:_identify(src/sensor_fusion_subscriber) by extension 'ros'
[1.243s] DEBUG:colcon.colcon_core.package_identification:Package 'src/sensor_fusion_subscriber' with type 'ros.ament_python' and name 'sensor_fusion_subscriber'
[1.243s] Level 1:colcon.colcon_core.package_identification:_identify(src/sf_ros2_vinerow_sub) by extensions ['ignore', 'ignore_ament_install']
[1.243s] Level 1:colcon.colcon_core.package_identification:_identify(src/sf_ros2_vinerow_sub) by extension 'ignore'
[1.243s] Level 1:colcon.colcon_core.package_identification:_identify(src/sf_ros2_vinerow_sub) by extension 'ignore_ament_install'
[1.243s] Level 1:colcon.colcon_core.package_identification:_identify(src/sf_ros2_vinerow_sub) by extensions ['colcon_pkg']
[1.243s] Level 1:colcon.colcon_core.package_identification:_identify(src/sf_ros2_vinerow_sub) by extension 'colcon_pkg'
[1.243s] Level 1:colcon.colcon_core.package_identification:_identify(src/sf_ros2_vinerow_sub) by extensions ['colcon_meta']
[1.243s] Level 1:colcon.colcon_core.package_identification:_identify(src/sf_ros2_vinerow_sub) by extension 'colcon_meta'
[1.243s] Level 1:colcon.colcon_core.package_identification:_identify(src/sf_ros2_vinerow_sub) by extensions ['ros']
[1.243s] Level 1:colcon.colcon_core.package_identification:_identify(src/sf_ros2_vinerow_sub) by extension 'ros'
[1.245s] DEBUG:colcon.colcon_core.package_identification:Package 'src/sf_ros2_vinerow_sub' with type 'ros.ament_python' and name 'sf_ros2_vinerow_sub'
[1.245s] Level 1:colcon.colcon_core.package_discovery:discover_packages(recursive) using defaults
[1.245s] Level 1:colcon.colcon_core.package_discovery:discover_packages(ignore) discover
[1.245s] Level 1:colcon.colcon_core.package_discovery:discover_packages(ignore) using defaults
[1.245s] Level 1:colcon.colcon_core.package_discovery:discover_packages(path) discover
[1.245s] Level 1:colcon.colcon_core.package_discovery:discover_packages(path) using defaults
[1.281s] Level 5:colcon.colcon_core.verb:set package 'ros2_demo_custommsg_create' build argument 'cmake_args' from command line to 'None'
[1.281s] Level 5:colcon.colcon_core.verb:set package 'ros2_demo_custommsg_create' build argument 'cmake_target' from command line to 'None'
[1.281s] Level 5:colcon.colcon_core.verb:set package 'ros2_demo_custommsg_create' build argument 'cmake_target_skip_unavailable' from command line to 'False'
[1.281s] Level 5:colcon.colcon_core.verb:set package 'ros2_demo_custommsg_create' build argument 'cmake_clean_cache' from command line to 'False'
[1.281s] Level 5:colcon.colcon_core.verb:set package 'ros2_demo_custommsg_create' build argument 'cmake_clean_first' from command line to 'False'
[1.281s] Level 5:colcon.colcon_core.verb:set package 'ros2_demo_custommsg_create' build argument 'cmake_force_configure' from command line to 'False'
[1.281s] Level 5:colcon.colcon_core.verb:set package 'ros2_demo_custommsg_create' build argument 'ament_cmake_args' from command line to 'None'
[1.281s] Level 5:colcon.colcon_core.verb:set package 'ros2_demo_custommsg_create' build argument 'catkin_cmake_args' from command line to 'None'
[1.281s] Level 5:colcon.colcon_core.verb:set package 'ros2_demo_custommsg_create' build argument 'catkin_skip_building_tests' from command line to 'False'
[1.281s] DEBUG:colcon.colcon_core.verb:Building package 'ros2_demo_custommsg_create' with the following arguments: {'ament_cmake_args': None, 'build_base': '/home/kenneth/PycharmProjects/ros2_ws_fix/build/ros2_demo_custommsg_create', 'catkin_cmake_args': None, 'catkin_skip_building_tests': False, 'cmake_args': None, 'cmake_clean_cache': False, 'cmake_clean_first': False, 'cmake_force_configure': False, 'cmake_target': None, 'cmake_target_skip_unavailable': False, 'install_base': '/home/kenneth/PycharmProjects/ros2_ws_fix/install/ros2_demo_custommsg_create', 'merge_install': False, 'path': '/home/kenneth/PycharmProjects/ros2_ws_fix/src/ros2_demo_custommsg_create', 'symlink_install': True, 'test_result_base': None}
[1.293s] Level 5:colcon.colcon_core.verb:set package 'ros2_demo_publisher' build argument 'cmake_args' from command line to 'None'
[1.293s] Level 5:colcon.colcon_core.verb:set package 'ros2_demo_publisher' build argument 'cmake_target' from command line to 'None'
[1.293s] Level 5:colcon.colcon_core.verb:set package 'ros2_demo_publisher' build argument 'cmake_target_skip_unavailable' from command line to 'False'
[1.293s] Level 5:colcon.colcon_core.verb:set package 'ros2_demo_publisher' build argument 'cmake_clean_cache' from command line to 'False'
[1.293s] Level 5:colcon.colcon_core.verb:set package 'ros2_demo_publisher' build argument 'cmake_clean_first' from command line to 'False'
[1.293s] Level 5:colcon.colcon_core.verb:set package 'ros2_demo_publisher' build argument 'cmake_force_configure' from command line to 'False'
[1.293s] Level 5:colcon.colcon_core.verb:set package 'ros2_demo_publisher' build argument 'ament_cmake_args' from command line to 'None'
[1.293s] Level 5:colcon.colcon_core.verb:set package 'ros2_demo_publisher' build argument 'catkin_cmake_args' from command line to 'None'
[1.294s] Level 5:colcon.colcon_core.verb:set package 'ros2_demo_publisher' build argument 'catkin_skip_building_tests' from command line to 'False'
[1.294s] DEBUG:colcon.colcon_core.verb:Building package 'ros2_demo_publisher' with the following arguments: {'ament_cmake_args': None, 'build_base': '/home/kenneth/PycharmProjects/ros2_ws_fix/build/ros2_demo_publisher', 'catkin_cmake_args': None, 'catkin_skip_building_tests': False, 'cmake_args': None, 'cmake_clean_cache': False, 'cmake_clean_first': False, 'cmake_force_configure': False, 'cmake_target': None, 'cmake_target_skip_unavailable': False, 'install_base': '/home/kenneth/PycharmProjects/ros2_ws_fix/install/ros2_demo_publisher', 'merge_install': False, 'path': '/home/kenneth/PycharmProjects/ros2_ws_fix/src/ros2_demo_publisher', 'symlink_install': True, 'test_result_base': None}
[1.307s] Level 5:colcon.colcon_core.verb:set package 'ros2_demo_subscriber' build argument 'cmake_args' from command line to 'None'
[1.307s] Level 5:colcon.colcon_core.verb:set package 'ros2_demo_subscriber' build argument 'cmake_target' from command line to 'None'
[1.307s] Level 5:colcon.colcon_core.verb:set package 'ros2_demo_subscriber' build argument 'cmake_target_skip_unavailable' from command line to 'False'
[1.307s] Level 5:colcon.colcon_core.verb:set package 'ros2_demo_subscriber' build argument 'cmake_clean_cache' from command line to 'False'
[1.307s] Level 5:colcon.colcon_core.verb:set package 'ros2_demo_subscriber' build argument 'cmake_clean_first' from command line to 'False'
[1.307s] Level 5:colcon.colcon_core.verb:set package 'ros2_demo_subscriber' build argument 'cmake_force_configure' from command line to 'False'
[1.307s] Level 5:colcon.colcon_core.verb:set package 'ros2_demo_subscriber' build argument 'ament_cmake_args' from command line to 'None'
[1.307s] Level 5:colcon.colcon_core.verb:set package 'ros2_demo_subscriber' build argument 'catkin_cmake_args' from command line to 'None'
[1.307s] Level 5:colcon.colcon_core.verb:set package 'ros2_demo_subscriber' build argument 'catkin_skip_building_tests' from command line to 'False'
[1.307s] DEBUG:colcon.colcon_core.verb:Building package 'ros2_demo_subscriber' with the following arguments: {'ament_cmake_args': None, 'build_base': '/home/kenneth/PycharmProjects/ros2_ws_fix/build/ros2_demo_subscriber', 'catkin_cmake_args': None, 'catkin_skip_building_tests': False, 'cmake_args': None, 'cmake_clean_cache': False, 'cmake_clean_first': False, 'cmake_force_configure': False, 'cmake_target': None, 'cmake_target_skip_unavailable': False, 'install_base': '/home/kenneth/PycharmProjects/ros2_ws_fix/install/ros2_demo_subscriber', 'merge_install': False, 'path': '/home/kenneth/PycharmProjects/ros2_ws_fix/src/ros2_demo_subscriber', 'symlink_install': True, 'test_result_base': None}
[1.319s] Level 5:colcon.colcon_core.verb:set package 'sensor_fusion_msg_types' build argument 'cmake_args' from command line to 'None'
[1.319s] Level 5:colcon.colcon_core.verb:set package 'sensor_fusion_msg_types' build argument 'cmake_target' from command line to 'None'
[1.320s] Level 5:colcon.colcon_core.verb:set package 'sensor_fusion_msg_types' build argument 'cmake_target_skip_unavailable' from command line to 'False'
[1.320s] Level 5:colcon.colcon_core.verb:set package 'sensor_fusion_msg_types' build argument 'cmake_clean_cache' from command line to 'False'
[1.320s] Level 5:colcon.colcon_core.verb:set package 'sensor_fusion_msg_types' build argument 'cmake_clean_first' from command line to 'False'
[1.320s] Level 5:colcon.colcon_core.verb:set package 'sensor_fusion_msg_types' build argument 'cmake_force_configure' from command line to 'False'
[1.320s] Level 5:colcon.colcon_core.verb:set package 'sensor_fusion_msg_types' build argument 'ament_cmake_args' from command line to 'None'
[1.320s] Level 5:colcon.colcon_core.verb:set package 'sensor_fusion_msg_types' build argument 'catkin_cmake_args' from command line to 'None'
[1.320s] Level 5:colcon.colcon_core.verb:set package 'sensor_fusion_msg_types' build argument 'catkin_skip_building_tests' from command line to 'False'
[1.320s] DEBUG:colcon.colcon_core.verb:Building package 'sensor_fusion_msg_types' with the following arguments: {'ament_cmake_args': None, 'build_base': '/home/kenneth/PycharmProjects/ros2_ws_fix/build/sensor_fusion_msg_types', 'catkin_cmake_args': None, 'catkin_skip_building_tests': False, 'cmake_args': None, 'cmake_clean_cache': False, 'cmake_clean_first': False, 'cmake_force_configure': False, 'cmake_target': None, 'cmake_target_skip_unavailable': False, 'install_base': '/home/kenneth/PycharmProjects/ros2_ws_fix/install/sensor_fusion_msg_types', 'merge_install': False, 'path': '/home/kenneth/PycharmProjects/ros2_ws_fix/src/sensor_fusion_msg_types', 'symlink_install': True, 'test_result_base': None}
[1.332s] Level 5:colcon.colcon_core.verb:set package 'sensor_fusion_msgs' build argument 'cmake_args' from command line to 'None'
[1.332s] Level 5:colcon.colcon_core.verb:set package 'sensor_fusion_msgs' build argument 'cmake_target' from command line to 'None'
[1.332s] Level 5:colcon.colcon_core.verb:set package 'sensor_fusion_msgs' build argument 'cmake_target_skip_unavailable' from command line to 'False'
[1.332s] Level 5:colcon.colcon_core.verb:set package 'sensor_fusion_msgs' build argument 'cmake_clean_cache' from command line to 'False'
[1.332s] Level 5:colcon.colcon_core.verb:set package 'sensor_fusion_msgs' build argument 'cmake_clean_first' from command line to 'False'
[1.332s] Level 5:colcon.colcon_core.verb:set package 'sensor_fusion_msgs' build argument 'cmake_force_configure' from command line to 'False'
[1.332s] Level 5:colcon.colcon_core.verb:set package 'sensor_fusion_msgs' build argument 'ament_cmake_args' from command line to 'None'
[1.332s] Level 5:colcon.colcon_core.verb:set package 'sensor_fusion_msgs' build argument 'catkin_cmake_args' from command line to 'None'
[1.332s] Level 5:colcon.colcon_core.verb:set package 'sensor_fusion_msgs' build argument 'catkin_skip_building_tests' from command line to 'False'
[1.332s] DEBUG:colcon.colcon_core.verb:Building package 'sensor_fusion_msgs' with the following arguments: {'ament_cmake_args': None, 'build_base': '/home/kenneth/PycharmProjects/ros2_ws_fix/build/sensor_fusion_msgs', 'catkin_cmake_args': None, 'catkin_skip_building_tests': False, 'cmake_args': None, 'cmake_clean_cache': False, 'cmake_clean_first': False, 'cmake_force_configure': False, 'cmake_target': None, 'cmake_target_skip_unavailable': False, 'install_base': '/home/kenneth/PycharmProjects/ros2_ws_fix/install/sensor_fusion_msgs', 'merge_install': False, 'path': '/home/kenneth/PycharmProjects/ros2_ws_fix/src/sensor_fusion_msgs', 'symlink_install': True, 'test_result_base': None}
[1.345s] Level 5:colcon.colcon_core.verb:set package 'ros2_demo_custommsg_pub' build argument 'cmake_args' from command line to 'None'
[1.346s] Level 5:colcon.colcon_core.verb:set package 'ros2_demo_custommsg_pub' build argument 'cmake_target' from command line to 'None'
[1.346s] Level 5:colcon.colcon_core.verb:set package 'ros2_demo_custommsg_pub' build argument 'cmake_target_skip_unavailable' from command line to 'False'
[1.346s] Level 5:colcon.colcon_core.verb:set package 'ros2_demo_custommsg_pub' build argument 'cmake_clean_cache' from command line to 'False'
[1.346s] Level 5:colcon.colcon_core.verb:set package 'ros2_demo_custommsg_pub' build argument 'cmake_clean_first' from command line to 'False'
[1.346s] Level 5:colcon.colcon_core.verb:set package 'ros2_demo_custommsg_pub' build argument 'cmake_force_configure' from command line to 'False'
[1.346s] Level 5:colcon.colcon_core.verb:set package 'ros2_demo_custommsg_pub' build argument 'ament_cmake_args' from command line to 'None'
[1.346s] Level 5:colcon.colcon_core.verb:set package 'ros2_demo_custommsg_pub' build argument 'catkin_cmake_args' from command line to 'None'
[1.346s] Level 5:colcon.colcon_core.verb:set package 'ros2_demo_custommsg_pub' build argument 'catkin_skip_building_tests' from command line to 'False'
[1.346s] DEBUG:colcon.colcon_core.verb:Building package 'ros2_demo_custommsg_pub' with the following arguments: {'ament_cmake_args': None, 'build_base': '/home/kenneth/PycharmProjects/ros2_ws_fix/build/ros2_demo_custommsg_pub', 'catkin_cmake_args': None, 'catkin_skip_building_tests': False, 'cmake_args': None, 'cmake_clean_cache': False, 'cmake_clean_first': False, 'cmake_force_configure': False, 'cmake_target': None, 'cmake_target_skip_unavailable': False, 'install_base': '/home/kenneth/PycharmProjects/ros2_ws_fix/install/ros2_demo_custommsg_pub', 'merge_install': False, 'path': '/home/kenneth/PycharmProjects/ros2_ws_fix/src/ros2_demo_custommsg_pub', 'symlink_install': True, 'test_result_base': None}
[1.359s] Level 5:colcon.colcon_core.verb:set package 'sensor_fusion_subscriber' build argument 'cmake_args' from command line to 'None'
[1.359s] Level 5:colcon.colcon_core.verb:set package 'sensor_fusion_subscriber' build argument 'cmake_target' from command line to 'None'
[1.359s] Level 5:colcon.colcon_core.verb:set package 'sensor_fusion_subscriber' build argument 'cmake_target_skip_unavailable' from command line to 'False'
[1.359s] Level 5:colcon.colcon_core.verb:set package 'sensor_fusion_subscriber' build argument 'cmake_clean_cache' from command line to 'False'
[1.359s] Level 5:colcon.colcon_core.verb:set package 'sensor_fusion_subscriber' build argument 'cmake_clean_first' from command line to 'False'
[1.359s] Level 5:colcon.colcon_core.verb:set package 'sensor_fusion_subscriber' build argument 'cmake_force_configure' from command line to 'False'
[1.359s] Level 5:colcon.colcon_core.verb:set package 'sensor_fusion_subscriber' build argument 'ament_cmake_args' from command line to 'None'
[1.359s] Level 5:colcon.colcon_core.verb:set package 'sensor_fusion_subscriber' build argument 'catkin_cmake_args' from command line to 'None'
[1.359s] Level 5:colcon.colcon_core.verb:set package 'sensor_fusion_subscriber' build argument 'catkin_skip_building_tests' from command line to 'False'
[1.359s] DEBUG:colcon.colcon_core.verb:Building package 'sensor_fusion_subscriber' with the following arguments: {'ament_cmake_args': None, 'build_base': '/home/kenneth/PycharmProjects/ros2_ws_fix/build/sensor_fusion_subscriber', 'catkin_cmake_args': None, 'catkin_skip_building_tests': False, 'cmake_args': None, 'cmake_clean_cache': False, 'cmake_clean_first': False, 'cmake_force_configure': False, 'cmake_target': None, 'cmake_target_skip_unavailable': False, 'install_base': '/home/kenneth/PycharmProjects/ros2_ws_fix/install/sensor_fusion_subscriber', 'merge_install': False, 'path': '/home/kenneth/PycharmProjects/ros2_ws_fix/src/sensor_fusion_subscriber', 'symlink_install': True, 'test_result_base': None}
[1.371s] Level 5:colcon.colcon_core.verb:set package 'sf_ros2_vinerow_sub' build argument 'cmake_args' from command line to 'None'
[1.371s] Level 5:colcon.colcon_core.verb:set package 'sf_ros2_vinerow_sub' build argument 'cmake_target' from command line to 'None'
[1.371s] Level 5:colcon.colcon_core.verb:set package 'sf_ros2_vinerow_sub' build argument 'cmake_target_skip_unavailable' from command line to 'False'
[1.371s] Level 5:colcon.colcon_core.verb:set package 'sf_ros2_vinerow_sub' build argument 'cmake_clean_cache' from command line to 'False'
[1.371s] Level 5:colcon.colcon_core.verb:set package 'sf_ros2_vinerow_sub' build argument 'cmake_clean_first' from command line to 'False'
[1.371s] Level 5:colcon.colcon_core.verb:set package 'sf_ros2_vinerow_sub' build argument 'cmake_force_configure' from command line to 'False'
[1.371s] Level 5:colcon.colcon_core.verb:set package 'sf_ros2_vinerow_sub' build argument 'ament_cmake_args' from command line to 'None'
[1.372s] Level 5:colcon.colcon_core.verb:set package 'sf_ros2_vinerow_sub' build argument 'catkin_cmake_args' from command line to 'None'
[1.372s] Level 5:colcon.colcon_core.verb:set package 'sf_ros2_vinerow_sub' build argument 'catkin_skip_building_tests' from command line to 'False'
[1.372s] DEBUG:colcon.colcon_core.verb:Building package 'sf_ros2_vinerow_sub' with the following arguments: {'ament_cmake_args': None, 'build_base': '/home/kenneth/PycharmProjects/ros2_ws_fix/build/sf_ros2_vinerow_sub', 'catkin_cmake_args': None, 'catkin_skip_building_tests': False, 'cmake_args': None, 'cmake_clean_cache': False, 'cmake_clean_first': False, 'cmake_force_configure': False, 'cmake_target': None, 'cmake_target_skip_unavailable': False, 'install_base': '/home/kenneth/PycharmProjects/ros2_ws_fix/install/sf_ros2_vinerow_sub', 'merge_install': False, 'path': '/home/kenneth/PycharmProjects/ros2_ws_fix/src/sf_ros2_vinerow_sub', 'symlink_install': True, 'test_result_base': None}
[1.375s] INFO:colcon.colcon_core.executor:Executing jobs using 'parallel' executor
[1.396s] DEBUG:colcon.colcon_parallel_executor.executor.parallel:run_until_complete
[1.397s] INFO:colcon.colcon_ros.task.ament_cmake.build:Building ROS package in '/home/kenneth/PycharmProjects/ros2_ws_fix/src/sensor_fusion_msgs' with build type 'ament_cmake'
[1.431s] INFO:colcon.colcon_core.plugin_system:Skipping extension 'colcon_core.shell.bat': Not used on non-Windows systems
[1.431s] INFO:colcon.colcon_cmake.task.cmake.build:Building CMake package in '/home/kenneth/PycharmProjects/ros2_ws_fix/src/sensor_fusion_msgs'
[1.447s] INFO:colcon.colcon_core.shell:Skip shell extension 'powershell' for command environment: Not usable outside of PowerShell
[1.447s] DEBUG:colcon.colcon_core.shell:Skip shell extension 'dsv' for command environment
[1.464s] DEBUG:colcon.colcon_core.shell:Ignoring prefix path '/opt/ros/eloquent'
[1.476s] DEBUG:colcon.colcon_core.event_handler.log_command:Invoking command in '/home/kenneth/PycharmProjects/ros2_ws_fix/build/sensor_fusion_msgs': CMAKE_PREFIX_PATH=${CMAKE_PREFIX_PATH}:/home/kenneth/PycharmProjects/ros2_ws_fix/install/sf_ros2_vinerow_sub:/home/kenneth/PycharmProjects/ros2_ws_fix/install/sensor_fusion_subscriber:/home/kenneth/PycharmProjects/ros2_ws_fix/install/ros2_demo_custommsg_pub:/home/kenneth/PycharmProjects/ros2_ws_fix/install/ros2_demo_subscriber:/home/kenneth/PycharmProjects/ros2_ws_fix/install/ros2_demo_publisher:/opt/ros/eloquent /usr/bin/cmake --build /home/kenneth/PycharmProjects/ros2_ws_fix/build/sensor_fusion_msgs -- -j1 -l1
[2.191s] DEBUG:colcon.colcon_core.event_handler.log_command:Invoked command in '/home/kenneth/PycharmProjects/ros2_ws_fix/build/sensor_fusion_msgs' returned '0': CMAKE_PREFIX_PATH=${CMAKE_PREFIX_PATH}:/home/kenneth/PycharmProjects/ros2_ws_fix/install/sf_ros2_vinerow_sub:/home/kenneth/PycharmProjects/ros2_ws_fix/install/sensor_fusion_subscriber:/home/kenneth/PycharmProjects/ros2_ws_fix/install/ros2_demo_custommsg_pub:/home/kenneth/PycharmProjects/ros2_ws_fix/install/ros2_demo_subscriber:/home/kenneth/PycharmProjects/ros2_ws_fix/install/ros2_demo_publisher:/opt/ros/eloquent /usr/bin/cmake --build /home/kenneth/PycharmProjects/ros2_ws_fix/build/sensor_fusion_msgs -- -j1 -l1
[2.280s] DEBUG:colcon.colcon_core.event_handler.log_command:Invoking command in '/home/kenneth/PycharmProjects/ros2_ws_fix/build/sensor_fusion_msgs': CMAKE_PREFIX_PATH=${CMAKE_PREFIX_PATH}:/home/kenneth/PycharmProjects/ros2_ws_fix/install/sf_ros2_vinerow_sub:/home/kenneth/PycharmProjects/ros2_ws_fix/install/sensor_fusion_subscriber:/home/kenneth/PycharmProjects/ros2_ws_fix/install/ros2_demo_custommsg_pub:/home/kenneth/PycharmProjects/ros2_ws_fix/install/ros2_demo_subscriber:/home/kenneth/PycharmProjects/ros2_ws_fix/install/ros2_demo_publisher:/opt/ros/eloquent /usr/bin/cmake --build /home/kenneth/PycharmProjects/ros2_ws_fix/build/sensor_fusion_msgs --target install -- -j1 -l1
[3.073s] Level 1:colcon.colcon_core.environment:create_environment_scripts_only(sensor_fusion_msgs)
[3.077s] DEBUG:colcon.colcon_core.event_handler.log_command:Invoked command in '/home/kenneth/PycharmProjects/ros2_ws_fix/build/sensor_fusion_msgs' returned '0': CMAKE_PREFIX_PATH=${CMAKE_PREFIX_PATH}:/home/kenneth/PycharmProjects/ros2_ws_fix/install/sf_ros2_vinerow_sub:/home/kenneth/PycharmProjects/ros2_ws_fix/install/sensor_fusion_subscriber:/home/kenneth/PycharmProjects/ros2_ws_fix/install/ros2_demo_custommsg_pub:/home/kenneth/PycharmProjects/ros2_ws_fix/install/ros2_demo_subscriber:/home/kenneth/PycharmProjects/ros2_ws_fix/install/ros2_demo_publisher:/opt/ros/eloquent /usr/bin/cmake --build /home/kenneth/PycharmProjects/ros2_ws_fix/build/sensor_fusion_msgs --target install -- -j1 -l1
[3.097s] Level 1:colcon.colcon_core.environment:checking '/home/kenneth/PycharmProjects/ros2_ws_fix/install/sensor_fusion_msgs' for CMake module files
[3.098s] Level 1:colcon.colcon_core.environment:checking '/home/kenneth/PycharmProjects/ros2_ws_fix/install/sensor_fusion_msgs' for CMake config files
[3.099s] Level 1:colcon.colcon_core.shell:create_environment_hook('sensor_fusion_msgs', 'cmake_prefix_path')
[3.108s] INFO:colcon.colcon_core.shell:Creating environment hook '/home/kenneth/PycharmProjects/ros2_ws_fix/install/sensor_fusion_msgs/share/sensor_fusion_msgs/hook/cmake_prefix_path.ps1'
[3.110s] INFO:colcon.colcon_core.shell:Creating environment descriptor '/home/kenneth/PycharmProjects/ros2_ws_fix/install/sensor_fusion_msgs/share/sensor_fusion_msgs/hook/cmake_prefix_path.dsv'
[3.112s] INFO:colcon.colcon_core.shell:Creating environment hook '/home/kenneth/PycharmProjects/ros2_ws_fix/install/sensor_fusion_msgs/share/sensor_fusion_msgs/hook/cmake_prefix_path.sh'
[3.116s] Level 1:colcon.colcon_core.environment:checking '/home/kenneth/PycharmProjects/ros2_ws_fix/install/sensor_fusion_msgs/lib'
[3.116s] Level 1:colcon.colcon_core.shell:create_environment_hook('sensor_fusion_msgs', 'ld_library_path_lib')
[3.133s] INFO:colcon.colcon_core.shell:Creating environment hook '/home/kenneth/PycharmProjects/ros2_ws_fix/install/sensor_fusion_msgs/share/sensor_fusion_msgs/hook/ld_library_path_lib.ps1'
[3.134s] INFO:colcon.colcon_core.shell:Creating environment descriptor '/home/kenneth/PycharmProjects/ros2_ws_fix/install/sensor_fusion_msgs/share/sensor_fusion_msgs/hook/ld_library_path_lib.dsv'
[3.134s] INFO:colcon.colcon_core.shell:Creating environment hook '/home/kenneth/PycharmProjects/ros2_ws_fix/install/sensor_fusion_msgs/share/sensor_fusion_msgs/hook/ld_library_path_lib.sh'
[3.138s] Level 1:colcon.colcon_core.environment:checking '/home/kenneth/PycharmProjects/ros2_ws_fix/install/sensor_fusion_msgs/bin'
[3.138s] Level 1:colcon.colcon_core.environment:checking '/home/kenneth/PycharmProjects/ros2_ws_fix/install/sensor_fusion_msgs/lib/pkgconfig/sensor_fusion_msgs.pc'
[3.138s] Level 1:colcon.colcon_core.environment:checking '/home/kenneth/PycharmProjects/ros2_ws_fix/install/sensor_fusion_msgs/lib/python3.6/site-packages'
[3.138s] Level 1:colcon.colcon_core.shell:create_environment_hook('sensor_fusion_msgs', 'pythonpath')
[3.158s] INFO:colcon.colcon_core.shell:Creating environment hook '/home/kenneth/PycharmProjects/ros2_ws_fix/install/sensor_fusion_msgs/share/sensor_fusion_msgs/hook/pythonpath.ps1'
[3.159s] INFO:colcon.colcon_core.shell:Creating environment descriptor '/home/kenneth/PycharmProjects/ros2_ws_fix/install/sensor_fusion_msgs/share/sensor_fusion_msgs/hook/pythonpath.dsv'
[3.159s] INFO:colcon.colcon_core.shell:Creating environment hook '/home/kenneth/PycharmProjects/ros2_ws_fix/install/sensor_fusion_msgs/share/sensor_fusion_msgs/hook/pythonpath.sh'
[3.171s] INFO:colcon.colcon_core.shell:Creating package script '/home/kenneth/PycharmProjects/ros2_ws_fix/install/sensor_fusion_msgs/share/sensor_fusion_msgs/package.ps1'
[3.176s] INFO:colcon.colcon_core.shell:Creating package descriptor '/home/kenneth/PycharmProjects/ros2_ws_fix/install/sensor_fusion_msgs/share/sensor_fusion_msgs/package.dsv'
[3.178s] INFO:colcon.colcon_core.shell:Creating package script '/home/kenneth/PycharmProjects/ros2_ws_fix/install/sensor_fusion_msgs/share/sensor_fusion_msgs/package.sh'
[3.179s] INFO:colcon.colcon_core.shell:Creating package script '/home/kenneth/PycharmProjects/ros2_ws_fix/install/sensor_fusion_msgs/share/sensor_fusion_msgs/package.bash'
[3.182s] INFO:colcon.colcon_core.shell:Creating package script '/home/kenneth/PycharmProjects/ros2_ws_fix/install/sensor_fusion_msgs/share/sensor_fusion_msgs/package.zsh'
[3.183s] Level 1:colcon.colcon_core.environment:create_file_with_runtime_dependencies(/home/kenneth/PycharmProjects/ros2_ws_fix/install/sensor_fusion_msgs/share/colcon-core/packages/sensor_fusion_msgs)
[3.190s] INFO:colcon.colcon_ros.task.ament_cmake.build:Building ROS package in '/home/kenneth/PycharmProjects/ros2_ws_fix/src/ros2_demo_custommsg_create' with build type 'ament_cmake'
[3.209s] INFO:colcon.colcon_cmake.task.cmake.build:Building CMake package in '/home/kenneth/PycharmProjects/ros2_ws_fix/src/ros2_demo_custommsg_create'
[3.233s] INFO:colcon.colcon_core.shell:Skip shell extension 'powershell' for command environment: Not usable outside of PowerShell
[3.233s] DEBUG:colcon.colcon_core.shell:Skip shell extension 'dsv' for command environment
[3.249s] DEBUG:colcon.colcon_core.shell:Ignoring prefix path '/opt/ros/eloquent'
[3.269s] DEBUG:colcon.colcon_core.event_handler.log_command:Invoking command in '/home/kenneth/PycharmProjects/ros2_ws_fix/build/ros2_demo_custommsg_create': CMAKE_PREFIX_PATH=${CMAKE_PREFIX_PATH}:/home/kenneth/PycharmProjects/ros2_ws_fix/install/sf_ros2_vinerow_sub:/home/kenneth/PycharmProjects/ros2_ws_fix/install/sensor_fusion_subscriber:/home/kenneth/PycharmProjects/ros2_ws_fix/install/ros2_demo_custommsg_pub:/home/kenneth/PycharmProjects/ros2_ws_fix/install/ros2_demo_subscriber:/home/kenneth/PycharmProjects/ros2_ws_fix/install/ros2_demo_publisher:/opt/ros/eloquent /usr/bin/cmake --build /home/kenneth/PycharmProjects/ros2_ws_fix/build/ros2_demo_custommsg_create -- -j1 -l1
[3.866s] DEBUG:colcon.colcon_core.event_handler.log_command:Invoked command in '/home/kenneth/PycharmProjects/ros2_ws_fix/build/ros2_demo_custommsg_create' returned '0': CMAKE_PREFIX_PATH=${CMAKE_PREFIX_PATH}:/home/kenneth/PycharmProjects/ros2_ws_fix/install/sf_ros2_vinerow_sub:/home/kenneth/PycharmProjects/ros2_ws_fix/install/sensor_fusion_subscriber:/home/kenneth/PycharmProjects/ros2_ws_fix/install/ros2_demo_custommsg_pub:/home/kenneth/PycharmProjects/ros2_ws_fix/install/ros2_demo_subscriber:/home/kenneth/PycharmProjects/ros2_ws_fix/install/ros2_demo_publisher:/opt/ros/eloquent /usr/bin/cmake --build /home/kenneth/PycharmProjects/ros2_ws_fix/build/ros2_demo_custommsg_create -- -j1 -l1
[3.926s] DEBUG:colcon.colcon_core.event_handler.log_command:Invoking command in '/home/kenneth/PycharmProjects/ros2_ws_fix/build/ros2_demo_custommsg_create': CMAKE_PREFIX_PATH=${CMAKE_PREFIX_PATH}:/home/kenneth/PycharmProjects/ros2_ws_fix/install/sf_ros2_vinerow_sub:/home/kenneth/PycharmProjects/ros2_ws_fix/install/sensor_fusion_subscriber:/home/kenneth/PycharmProjects/ros2_ws_fix/install/ros2_demo_custommsg_pub:/home/kenneth/PycharmProjects/ros2_ws_fix/install/ros2_demo_subscriber:/home/kenneth/PycharmProjects/ros2_ws_fix/install/ros2_demo_publisher:/opt/ros/eloquent /usr/bin/cmake --build /home/kenneth/PycharmProjects/ros2_ws_fix/build/ros2_demo_custommsg_create --target install -- -j1 -l1
[4.743s] Level 1:colcon.colcon_core.environment:create_environment_scripts_only(ros2_demo_custommsg_create)
[4.751s] DEBUG:colcon.colcon_core.event_handler.log_command:Invoked command in '/home/kenneth/PycharmProjects/ros2_ws_fix/build/ros2_demo_custommsg_create' returned '0': CMAKE_PREFIX_PATH=${CMAKE_PREFIX_PATH}:/home/kenneth/PycharmProjects/ros2_ws_fix/install/sf_ros2_vinerow_sub:/home/kenneth/PycharmProjects/ros2_ws_fix/install/sensor_fusion_subscriber:/home/kenneth/PycharmProjects/ros2_ws_fix/install/ros2_demo_custommsg_pub:/home/kenneth/PycharmProjects/ros2_ws_fix/install/ros2_demo_subscriber:/home/kenneth/PycharmProjects/ros2_ws_fix/install/ros2_demo_publisher:/opt/ros/eloquent /usr/bin/cmake --build /home/kenneth/PycharmProjects/ros2_ws_fix/build/ros2_demo_custommsg_create --target install -- -j1 -l1
[4.763s] Level 1:colcon.colcon_core.environment:checking '/home/kenneth/PycharmProjects/ros2_ws_fix/install/ros2_demo_custommsg_create' for CMake module files
[4.764s] Level 1:colcon.colcon_core.environment:checking '/home/kenneth/PycharmProjects/ros2_ws_fix/install/ros2_demo_custommsg_create' for CMake config files
[4.765s] Level 1:colcon.colcon_core.shell:create_environment_hook('ros2_demo_custommsg_create', 'cmake_prefix_path')
[4.774s] INFO:colcon.colcon_core.shell:Creating environment hook '/home/kenneth/PycharmProjects/ros2_ws_fix/install/ros2_demo_custommsg_create/share/ros2_demo_custommsg_create/hook/cmake_prefix_path.ps1'
[4.775s] INFO:colcon.colcon_core.shell:Creating environment descriptor '/home/kenneth/PycharmProjects/ros2_ws_fix/install/ros2_demo_custommsg_create/share/ros2_demo_custommsg_create/hook/cmake_prefix_path.dsv'
[4.776s] INFO:colcon.colcon_core.shell:Creating environment hook '/home/kenneth/PycharmProjects/ros2_ws_fix/install/ros2_demo_custommsg_create/share/ros2_demo_custommsg_create/hook/cmake_prefix_path.sh'
[4.777s] Level 1:colcon.colcon_core.environment:checking '/home/kenneth/PycharmProjects/ros2_ws_fix/install/ros2_demo_custommsg_create/lib'
[4.777s] Level 1:colcon.colcon_core.shell:create_environment_hook('ros2_demo_custommsg_create', 'ld_library_path_lib')
[4.786s] INFO:colcon.colcon_core.shell:Creating environment hook '/home/kenneth/PycharmProjects/ros2_ws_fix/install/ros2_demo_custommsg_create/share/ros2_demo_custommsg_create/hook/ld_library_path_lib.ps1'
[4.787s] INFO:colcon.colcon_core.shell:Creating environment descriptor '/home/kenneth/PycharmProjects/ros2_ws_fix/install/ros2_demo_custommsg_create/share/ros2_demo_custommsg_create/hook/ld_library_path_lib.dsv'
[4.787s] INFO:colcon.colcon_core.shell:Creating environment hook '/home/kenneth/PycharmProjects/ros2_ws_fix/install/ros2_demo_custommsg_create/share/ros2_demo_custommsg_create/hook/ld_library_path_lib.sh'
[4.788s] Level 1:colcon.colcon_core.environment:checking '/home/kenneth/PycharmProjects/ros2_ws_fix/install/ros2_demo_custommsg_create/bin'
[4.788s] Level 1:colcon.colcon_core.environment:checking '/home/kenneth/PycharmProjects/ros2_ws_fix/install/ros2_demo_custommsg_create/lib/pkgconfig/ros2_demo_custommsg_create.pc'
[4.788s] Level 1:colcon.colcon_core.environment:checking '/home/kenneth/PycharmProjects/ros2_ws_fix/install/ros2_demo_custommsg_create/lib/python3.6/site-packages'
[4.788s] Level 1:colcon.colcon_core.shell:create_environment_hook('ros2_demo_custommsg_create', 'pythonpath')
[4.798s] INFO:colcon.colcon_core.shell:Creating environment hook '/home/kenneth/PycharmProjects/ros2_ws_fix/install/ros2_demo_custommsg_create/share/ros2_demo_custommsg_create/hook/pythonpath.ps1'
[4.799s] INFO:colcon.colcon_core.shell:Creating environment descriptor '/home/kenneth/PycharmProjects/ros2_ws_fix/install/ros2_demo_custommsg_create/share/ros2_demo_custommsg_create/hook/pythonpath.dsv'
[4.799s] INFO:colcon.colcon_core.shell:Creating environment hook '/home/kenneth/PycharmProjects/ros2_ws_fix/install/ros2_demo_custommsg_create/share/ros2_demo_custommsg_create/hook/pythonpath.sh'
[4.809s] INFO:colcon.colcon_core.shell:Creating package script '/home/kenneth/PycharmProjects/ros2_ws_fix/install/ros2_demo_custommsg_create/share/ros2_demo_custommsg_create/package.ps1'
[4.810s] INFO:colcon.colcon_core.shell:Creating package descriptor '/home/kenneth/PycharmProjects/ros2_ws_fix/install/ros2_demo_custommsg_create/share/ros2_demo_custommsg_create/package.dsv'
[4.811s] INFO:colcon.colcon_core.shell:Creating package script '/home/kenneth/PycharmProjects/ros2_ws_fix/install/ros2_demo_custommsg_create/share/ros2_demo_custommsg_create/package.sh'
[4.812s] INFO:colcon.colcon_core.shell:Creating package script '/home/kenneth/PycharmProjects/ros2_ws_fix/install/ros2_demo_custommsg_create/share/ros2_demo_custommsg_create/package.bash'
[4.812s] INFO:colcon.colcon_core.shell:Creating package script '/home/kenneth/PycharmProjects/ros2_ws_fix/install/ros2_demo_custommsg_create/share/ros2_demo_custommsg_create/package.zsh'
[4.813s] Level 1:colcon.colcon_core.environment:create_file_with_runtime_dependencies(/home/kenneth/PycharmProjects/ros2_ws_fix/install/ros2_demo_custommsg_create/share/colcon-core/packages/ros2_demo_custommsg_create)
[4.814s] INFO:colcon.colcon_ros.task.ament_python.build:Building ROS package in '/home/kenneth/PycharmProjects/ros2_ws_fix/src/ros2_demo_publisher' with build type 'ament_python'
[4.815s] Level 1:colcon.colcon_core.shell:create_environment_hook('ros2_demo_publisher', 'ament_prefix_path')
[4.825s] INFO:colcon.colcon_core.shell:Creating environment hook '/home/kenneth/PycharmProjects/ros2_ws_fix/install/ros2_demo_publisher/share/ros2_demo_publisher/hook/ament_prefix_path.ps1'
[4.826s] INFO:colcon.colcon_core.shell:Creating environment descriptor '/home/kenneth/PycharmProjects/ros2_ws_fix/install/ros2_demo_publisher/share/ros2_demo_publisher/hook/ament_prefix_path.dsv'
[4.826s] INFO:colcon.colcon_core.shell:Creating environment hook '/home/kenneth/PycharmProjects/ros2_ws_fix/install/ros2_demo_publisher/share/ros2_demo_publisher/hook/ament_prefix_path.sh'
[4.839s] INFO:colcon.colcon_core.shell:Skip shell extension 'powershell' for command environment: Not usable outside of PowerShell
[4.840s] DEBUG:colcon.colcon_core.shell:Skip shell extension 'dsv' for command environment
[4.860s] DEBUG:colcon.colcon_core.shell:Ignoring prefix path '/opt/ros/eloquent'
[5.243s] INFO:colcon.colcon_core.task.python.build:Building Python package in '/home/kenneth/PycharmProjects/ros2_ws_fix/src/ros2_demo_publisher'
[5.262s] INFO:colcon.colcon_core.shell:Skip shell extension 'powershell' for command environment: Not usable outside of PowerShell
[5.262s] DEBUG:colcon.colcon_core.shell:Skip shell extension 'dsv' for command environment
[5.279s] DEBUG:colcon.colcon_core.shell:Ignoring prefix path '/opt/ros/eloquent'
[5.287s] DEBUG:colcon.colcon_core.event_handler.log_command:Invoking command in '/home/kenneth/PycharmProjects/ros2_ws_fix/build/ros2_demo_publisher': PYTHONPATH=/home/kenneth/PycharmProjects/ros2_ws_fix/install/ros2_demo_publisher/lib/python3.6/site-packages:${PYTHONPATH} /usr/bin/python3 setup.py develop --prefix /home/kenneth/PycharmProjects/ros2_ws_fix/install/ros2_demo_publisher --editable --build-directory /home/kenneth/PycharmProjects/ros2_ws_fix/build/ros2_demo_publisher/build --no-deps install_data --install-dir /home/kenneth/PycharmProjects/ros2_ws_fix/install/ros2_demo_publisher
[6.030s] Level 1:colcon.colcon_core.shell:create_environment_hook('ros2_demo_publisher', 'pythonpath_develop')
[6.039s] DEBUG:colcon.colcon_core.event_handler.log_command:Invoked command in '/home/kenneth/PycharmProjects/ros2_ws_fix/build/ros2_demo_publisher' returned '0': PYTHONPATH=/home/kenneth/PycharmProjects/ros2_ws_fix/install/ros2_demo_publisher/lib/python3.6/site-packages:${PYTHONPATH} /usr/bin/python3 setup.py develop --prefix /home/kenneth/PycharmProjects/ros2_ws_fix/install/ros2_demo_publisher --editable --build-directory /home/kenneth/PycharmProjects/ros2_ws_fix/build/ros2_demo_publisher/build --no-deps install_data --install-dir /home/kenneth/PycharmProjects/ros2_ws_fix/install/ros2_demo_publisher
[6.044s] INFO:colcon.colcon_core.shell:Creating environment hook '/home/kenneth/PycharmProjects/ros2_ws_fix/build/ros2_demo_publisher/share/ros2_demo_publisher/hook/pythonpath_develop.ps1'
[6.045s] INFO:colcon.colcon_core.shell:Creating environment descriptor '/home/kenneth/PycharmProjects/ros2_ws_fix/build/ros2_demo_publisher/share/ros2_demo_publisher/hook/pythonpath_develop.dsv'
[6.045s] INFO:colcon.colcon_core.shell:Creating environment hook '/home/kenneth/PycharmProjects/ros2_ws_fix/build/ros2_demo_publisher/share/ros2_demo_publisher/hook/pythonpath_develop.sh'
[6.069s] Level 1:colcon.colcon_core.environment:checking '/home/kenneth/PycharmProjects/ros2_ws_fix/install/ros2_demo_publisher' for CMake module files
[6.070s] Level 1:colcon.colcon_core.environment:checking '/home/kenneth/PycharmProjects/ros2_ws_fix/install/ros2_demo_publisher' for CMake config files
[6.075s] Level 1:colcon.colcon_core.environment:checking '/home/kenneth/PycharmProjects/ros2_ws_fix/install/ros2_demo_publisher/lib'
[6.075s] Level 1:colcon.colcon_core.environment:checking '/home/kenneth/PycharmProjects/ros2_ws_fix/install/ros2_demo_publisher/bin'
[6.075s] Level 1:colcon.colcon_core.environment:checking '/home/kenneth/PycharmProjects/ros2_ws_fix/install/ros2_demo_publisher/lib/pkgconfig/ros2_demo_publisher.pc'
[6.075s] Level 1:colcon.colcon_core.environment:checking '/home/kenneth/PycharmProjects/ros2_ws_fix/install/ros2_demo_publisher/lib/python3.6/site-packages'
[6.075s] Level 1:colcon.colcon_core.shell:create_environment_hook('ros2_demo_publisher', 'pythonpath')
[6.089s] INFO:colcon.colcon_core.shell:Creating environment hook '/home/kenneth/PycharmProjects/ros2_ws_fix/install/ros2_demo_publisher/share/ros2_demo_publisher/hook/pythonpath.ps1'
[6.090s] INFO:colcon.colcon_core.shell:Creating environment descriptor '/home/kenneth/PycharmProjects/ros2_ws_fix/install/ros2_demo_publisher/share/ros2_demo_publisher/hook/pythonpath.dsv'
[6.093s] INFO:colcon.colcon_core.shell:Creating environment hook '/home/kenneth/PycharmProjects/ros2_ws_fix/install/ros2_demo_publisher/share/ros2_demo_publisher/hook/pythonpath.sh'
[6.094s] Level 1:colcon.colcon_core.environment:create_environment_scripts_only(ros2_demo_publisher)
[6.104s] INFO:colcon.colcon_core.shell:Creating package script '/home/kenneth/PycharmProjects/ros2_ws_fix/install/ros2_demo_publisher/share/ros2_demo_publisher/package.ps1'
[6.105s] INFO:colcon.colcon_core.shell:Creating package descriptor '/home/kenneth/PycharmProjects/ros2_ws_fix/install/ros2_demo_publisher/share/ros2_demo_publisher/package.dsv'
[6.105s] INFO:colcon.colcon_core.shell:Creating package script '/home/kenneth/PycharmProjects/ros2_ws_fix/install/ros2_demo_publisher/share/ros2_demo_publisher/package.sh'
[6.106s] INFO:colcon.colcon_core.shell:Creating package script '/home/kenneth/PycharmProjects/ros2_ws_fix/install/ros2_demo_publisher/share/ros2_demo_publisher/package.bash'
[6.106s] INFO:colcon.colcon_core.shell:Creating package script '/home/kenneth/PycharmProjects/ros2_ws_fix/install/ros2_demo_publisher/share/ros2_demo_publisher/package.zsh'
[6.107s] Level 1:colcon.colcon_core.environment:create_file_with_runtime_dependencies(/home/kenneth/PycharmProjects/ros2_ws_fix/install/ros2_demo_publisher/share/colcon-core/packages/ros2_demo_publisher)
[6.113s] INFO:colcon.colcon_ros.task.ament_python.build:Building ROS package in '/home/kenneth/PycharmProjects/ros2_ws_fix/src/ros2_demo_subscriber' with build type 'ament_python'
[6.114s] Level 1:colcon.colcon_core.shell:create_environment_hook('ros2_demo_subscriber', 'ament_prefix_path')
[6.132s] INFO:colcon.colcon_core.shell:Creating environment hook '/home/kenneth/PycharmProjects/ros2_ws_fix/install/ros2_demo_subscriber/share/ros2_demo_subscriber/hook/ament_prefix_path.ps1'
[6.133s] INFO:colcon.colcon_core.shell:Creating environment descriptor '/home/kenneth/PycharmProjects/ros2_ws_fix/install/ros2_demo_subscriber/share/ros2_demo_subscriber/hook/ament_prefix_path.dsv'
[6.133s] INFO:colcon.colcon_core.shell:Creating environment hook '/home/kenneth/PycharmProjects/ros2_ws_fix/install/ros2_demo_subscriber/share/ros2_demo_subscriber/hook/ament_prefix_path.sh'
[6.157s] INFO:colcon.colcon_core.shell:Skip shell extension 'powershell' for command environment: Not usable outside of PowerShell
[6.157s] DEBUG:colcon.colcon_core.shell:Skip shell extension 'dsv' for command environment
[6.174s] DEBUG:colcon.colcon_core.shell:Ignoring prefix path '/opt/ros/eloquent'
[6.670s] INFO:colcon.colcon_core.task.python.build:Building Python package in '/home/kenneth/PycharmProjects/ros2_ws_fix/src/ros2_demo_subscriber'
[6.691s] INFO:colcon.colcon_core.shell:Skip shell extension 'powershell' for command environment: Not usable outside of PowerShell
[6.691s] DEBUG:colcon.colcon_core.shell:Skip shell extension 'dsv' for command environment
[6.701s] DEBUG:colcon.colcon_core.shell:Ignoring prefix path '/opt/ros/eloquent'
[6.714s] DEBUG:colcon.colcon_core.event_handler.log_command:Invoking command in '/home/kenneth/PycharmProjects/ros2_ws_fix/build/ros2_demo_subscriber': PYTHONPATH=/home/kenneth/PycharmProjects/ros2_ws_fix/install/ros2_demo_subscriber/lib/python3.6/site-packages:${PYTHONPATH} /usr/bin/python3 setup.py develop --prefix /home/kenneth/PycharmProjects/ros2_ws_fix/install/ros2_demo_subscriber --editable --build-directory /home/kenneth/PycharmProjects/ros2_ws_fix/build/ros2_demo_subscriber/build --no-deps install_data --install-dir /home/kenneth/PycharmProjects/ros2_ws_fix/install/ros2_demo_subscriber
[7.434s] Level 1:colcon.colcon_core.shell:create_environment_hook('ros2_demo_subscriber', 'pythonpath_develop')
[7.440s] DEBUG:colcon.colcon_core.event_handler.log_command:Invoked command in '/home/kenneth/PycharmProjects/ros2_ws_fix/build/ros2_demo_subscriber' returned '0': PYTHONPATH=/home/kenneth/PycharmProjects/ros2_ws_fix/install/ros2_demo_subscriber/lib/python3.6/site-packages:${PYTHONPATH} /usr/bin/python3 setup.py develop --prefix /home/kenneth/PycharmProjects/ros2_ws_fix/install/ros2_demo_subscriber --editable --build-directory /home/kenneth/PycharmProjects/ros2_ws_fix/build/ros2_demo_subscriber/build --no-deps install_data --install-dir /home/kenneth/PycharmProjects/ros2_ws_fix/install/ros2_demo_subscriber
[7.445s] INFO:colcon.colcon_core.shell:Creating environment hook '/home/kenneth/PycharmProjects/ros2_ws_fix/build/ros2_demo_subscriber/share/ros2_demo_subscriber/hook/pythonpath_develop.ps1'
[7.446s] INFO:colcon.colcon_core.shell:Creating environment descriptor '/home/kenneth/PycharmProjects/ros2_ws_fix/build/ros2_demo_subscriber/share/ros2_demo_subscriber/hook/pythonpath_develop.dsv'
[7.448s] INFO:colcon.colcon_core.shell:Creating environment hook '/home/kenneth/PycharmProjects/ros2_ws_fix/build/ros2_demo_subscriber/share/ros2_demo_subscriber/hook/pythonpath_develop.sh'
[7.458s] Level 1:colcon.colcon_core.environment:checking '/home/kenneth/PycharmProjects/ros2_ws_fix/install/ros2_demo_subscriber' for CMake module files
[7.459s] Level 1:colcon.colcon_core.environment:checking '/home/kenneth/PycharmProjects/ros2_ws_fix/install/ros2_demo_subscriber' for CMake config files
[7.460s] Level 1:colcon.colcon_core.environment:checking '/home/kenneth/PycharmProjects/ros2_ws_fix/install/ros2_demo_subscriber/lib'
[7.460s] Level 1:colcon.colcon_core.environment:checking '/home/kenneth/PycharmProjects/ros2_ws_fix/install/ros2_demo_subscriber/bin'
[7.460s] Level 1:colcon.colcon_core.environment:checking '/home/kenneth/PycharmProjects/ros2_ws_fix/install/ros2_demo_subscriber/lib/pkgconfig/ros2_demo_subscriber.pc'
[7.460s] Level 1:colcon.colcon_core.environment:checking '/home/kenneth/PycharmProjects/ros2_ws_fix/install/ros2_demo_subscriber/lib/python3.6/site-packages'
[7.460s] Level 1:colcon.colcon_core.shell:create_environment_hook('ros2_demo_subscriber', 'pythonpath')
[7.471s] INFO:colcon.colcon_core.shell:Creating environment hook '/home/kenneth/PycharmProjects/ros2_ws_fix/install/ros2_demo_subscriber/share/ros2_demo_subscriber/hook/pythonpath.ps1'
[7.472s] INFO:colcon.colcon_core.shell:Creating environment descriptor '/home/kenneth/PycharmProjects/ros2_ws_fix/install/ros2_demo_subscriber/share/ros2_demo_subscriber/hook/pythonpath.dsv'
[7.472s] INFO:colcon.colcon_core.shell:Creating environment hook '/home/kenneth/PycharmProjects/ros2_ws_fix/install/ros2_demo_subscriber/share/ros2_demo_subscriber/hook/pythonpath.sh'
[7.473s] Level 1:colcon.colcon_core.environment:create_environment_scripts_only(ros2_demo_subscriber)
[7.491s] INFO:colcon.colcon_core.shell:Creating package script '/home/kenneth/PycharmProjects/ros2_ws_fix/install/ros2_demo_subscriber/share/ros2_demo_subscriber/package.ps1'
[7.492s] INFO:colcon.colcon_core.shell:Creating package descriptor '/home/kenneth/PycharmProjects/ros2_ws_fix/install/ros2_demo_subscriber/share/ros2_demo_subscriber/package.dsv'
[7.493s] INFO:colcon.colcon_core.shell:Creating package script '/home/kenneth/PycharmProjects/ros2_ws_fix/install/ros2_demo_subscriber/share/ros2_demo_subscriber/package.sh'
[7.494s] INFO:colcon.colcon_core.shell:Creating package script '/home/kenneth/PycharmProjects/ros2_ws_fix/install/ros2_demo_subscriber/share/ros2_demo_subscriber/package.bash'
[7.494s] INFO:colcon.colcon_core.shell:Creating package script '/home/kenneth/PycharmProjects/ros2_ws_fix/install/ros2_demo_subscriber/share/ros2_demo_subscriber/package.zsh'
[7.498s] Level 1:colcon.colcon_core.environment:create_file_with_runtime_dependencies(/home/kenneth/PycharmProjects/ros2_ws_fix/install/ros2_demo_subscriber/share/colcon-core/packages/ros2_demo_subscriber)
[7.499s] INFO:colcon.colcon_ros.task.ament_cmake.build:Building ROS package in '/home/kenneth/PycharmProjects/ros2_ws_fix/src/sensor_fusion_msg_types' with build type 'ament_cmake'
[7.516s] INFO:colcon.colcon_cmake.task.cmake.build:Building CMake package in '/home/kenneth/PycharmProjects/ros2_ws_fix/src/sensor_fusion_msg_types'
[7.547s] INFO:colcon.colcon_core.shell:Skip shell extension 'powershell' for command environment: Not usable outside of PowerShell
[7.551s] DEBUG:colcon.colcon_core.shell:Skip shell extension 'dsv' for command environment
[7.567s] DEBUG:colcon.colcon_core.shell:Ignoring prefix path '/opt/ros/eloquent'
[7.576s] DEBUG:colcon.colcon_core.event_handler.log_command:Invoking command in '/home/kenneth/PycharmProjects/ros2_ws_fix/build/sensor_fusion_msg_types': CMAKE_PREFIX_PATH=${CMAKE_PREFIX_PATH}:/home/kenneth/PycharmProjects/ros2_ws_fix/install/sf_ros2_vinerow_sub:/home/kenneth/PycharmProjects/ros2_ws_fix/install/sensor_fusion_subscriber:/home/kenneth/PycharmProjects/ros2_ws_fix/install/ros2_demo_custommsg_pub:/home/kenneth/PycharmProjects/ros2_ws_fix/install/ros2_demo_subscriber:/home/kenneth/PycharmProjects/ros2_ws_fix/install/ros2_demo_publisher:/opt/ros/eloquent /usr/bin/cmake --build /home/kenneth/PycharmProjects/ros2_ws_fix/build/sensor_fusion_msg_types -- -j1 -l1
[8.242s] DEBUG:colcon.colcon_core.event_handler.log_command:Invoked command in '/home/kenneth/PycharmProjects/ros2_ws_fix/build/sensor_fusion_msg_types' returned '0': CMAKE_PREFIX_PATH=${CMAKE_PREFIX_PATH}:/home/kenneth/PycharmProjects/ros2_ws_fix/install/sf_ros2_vinerow_sub:/home/kenneth/PycharmProjects/ros2_ws_fix/install/sensor_fusion_subscriber:/home/kenneth/PycharmProjects/ros2_ws_fix/install/ros2_demo_custommsg_pub:/home/kenneth/PycharmProjects/ros2_ws_fix/install/ros2_demo_subscriber:/home/kenneth/PycharmProjects/ros2_ws_fix/install/ros2_demo_publisher:/opt/ros/eloquent /usr/bin/cmake --build /home/kenneth/PycharmProjects/ros2_ws_fix/build/sensor_fusion_msg_types -- -j1 -l1
[8.326s] DEBUG:colcon.colcon_core.event_handler.log_command:Invoking command in '/home/kenneth/PycharmProjects/ros2_ws_fix/build/sensor_fusion_msg_types': CMAKE_PREFIX_PATH=${CMAKE_PREFIX_PATH}:/home/kenneth/PycharmProjects/ros2_ws_fix/install/sf_ros2_vinerow_sub:/home/kenneth/PycharmProjects/ros2_ws_fix/install/sensor_fusion_subscriber:/home/kenneth/PycharmProjects/ros2_ws_fix/install/ros2_demo_custommsg_pub:/home/kenneth/PycharmProjects/ros2_ws_fix/install/ros2_demo_subscriber:/home/kenneth/PycharmProjects/ros2_ws_fix/install/ros2_demo_publisher:/opt/ros/eloquent /usr/bin/cmake --build /home/kenneth/PycharmProjects/ros2_ws_fix/build/sensor_fusion_msg_types --target install -- -j1 -l1
[9.067s] Level 1:colcon.colcon_core.environment:create_environment_scripts_only(sensor_fusion_msg_types)
[9.083s] DEBUG:colcon.colcon_core.event_handler.log_command:Invoked command in '/home/kenneth/PycharmProjects/ros2_ws_fix/build/sensor_fusion_msg_types' returned '0': CMAKE_PREFIX_PATH=${CMAKE_PREFIX_PATH}:/home/kenneth/PycharmProjects/ros2_ws_fix/install/sf_ros2_vinerow_sub:/home/kenneth/PycharmProjects/ros2_ws_fix/install/sensor_fusion_subscriber:/home/kenneth/PycharmProjects/ros2_ws_fix/install/ros2_demo_custommsg_pub:/home/kenneth/PycharmProjects/ros2_ws_fix/install/ros2_demo_subscriber:/home/kenneth/PycharmProjects/ros2_ws_fix/install/ros2_demo_publisher:/opt/ros/eloquent /usr/bin/cmake --build /home/kenneth/PycharmProjects/ros2_ws_fix/build/sensor_fusion_msg_types --target install -- -j1 -l1
[9.086s] Level 1:colcon.colcon_core.environment:checking '/home/kenneth/PycharmProjects/ros2_ws_fix/install/sensor_fusion_msg_types' for CMake module files
[9.087s] Level 1:colcon.colcon_core.environment:checking '/home/kenneth/PycharmProjects/ros2_ws_fix/install/sensor_fusion_msg_types' for CMake config files
[9.092s] Level 1:colcon.colcon_core.shell:create_environment_hook('sensor_fusion_msg_types', 'cmake_prefix_path')
[9.108s] INFO:colcon.colcon_core.shell:Creating environment hook '/home/kenneth/PycharmProjects/ros2_ws_fix/install/sensor_fusion_msg_types/share/sensor_fusion_msg_types/hook/cmake_prefix_path.ps1'
[9.109s] INFO:colcon.colcon_core.shell:Creating environment descriptor '/home/kenneth/PycharmProjects/ros2_ws_fix/install/sensor_fusion_msg_types/share/sensor_fusion_msg_types/hook/cmake_prefix_path.dsv'
[9.114s] INFO:colcon.colcon_core.shell:Creating environment hook '/home/kenneth/PycharmProjects/ros2_ws_fix/install/sensor_fusion_msg_types/share/sensor_fusion_msg_types/hook/cmake_prefix_path.sh'
[9.116s] Level 1:colcon.colcon_core.environment:checking '/home/kenneth/PycharmProjects/ros2_ws_fix/install/sensor_fusion_msg_types/lib'
[9.116s] Level 1:colcon.colcon_core.shell:create_environment_hook('sensor_fusion_msg_types', 'ld_library_path_lib')
[9.133s] INFO:colcon.colcon_core.shell:Creating environment hook '/home/kenneth/PycharmProjects/ros2_ws_fix/install/sensor_fusion_msg_types/share/sensor_fusion_msg_types/hook/ld_library_path_lib.ps1'
[9.133s] INFO:colcon.colcon_core.shell:Creating environment descriptor '/home/kenneth/PycharmProjects/ros2_ws_fix/install/sensor_fusion_msg_types/share/sensor_fusion_msg_types/hook/ld_library_path_lib.dsv'
[9.138s] INFO:colcon.colcon_core.shell:Creating environment hook '/home/kenneth/PycharmProjects/ros2_ws_fix/install/sensor_fusion_msg_types/share/sensor_fusion_msg_types/hook/ld_library_path_lib.sh'
[9.139s] Level 1:colcon.colcon_core.environment:checking '/home/kenneth/PycharmProjects/ros2_ws_fix/install/sensor_fusion_msg_types/bin'
[9.139s] Level 1:colcon.colcon_core.environment:checking '/home/kenneth/PycharmProjects/ros2_ws_fix/install/sensor_fusion_msg_types/lib/pkgconfig/sensor_fusion_msg_types.pc'
[9.139s] Level 1:colcon.colcon_core.environment:checking '/home/kenneth/PycharmProjects/ros2_ws_fix/install/sensor_fusion_msg_types/lib/python3.6/site-packages'
[9.139s] Level 1:colcon.colcon_core.shell:create_environment_hook('sensor_fusion_msg_types', 'pythonpath')
[9.156s] INFO:colcon.colcon_core.shell:Creating environment hook '/home/kenneth/PycharmProjects/ros2_ws_fix/install/sensor_fusion_msg_types/share/sensor_fusion_msg_types/hook/pythonpath.ps1'
[9.156s] INFO:colcon.colcon_core.shell:Creating environment descriptor '/home/kenneth/PycharmProjects/ros2_ws_fix/install/sensor_fusion_msg_types/share/sensor_fusion_msg_types/hook/pythonpath.dsv'
[9.157s] INFO:colcon.colcon_core.shell:Creating environment hook '/home/kenneth/PycharmProjects/ros2_ws_fix/install/sensor_fusion_msg_types/share/sensor_fusion_msg_types/hook/pythonpath.sh'
[9.179s] INFO:colcon.colcon_core.shell:Creating package script '/home/kenneth/PycharmProjects/ros2_ws_fix/install/sensor_fusion_msg_types/share/sensor_fusion_msg_types/package.ps1'
[9.180s] INFO:colcon.colcon_core.shell:Creating package descriptor '/home/kenneth/PycharmProjects/ros2_ws_fix/install/sensor_fusion_msg_types/share/sensor_fusion_msg_types/package.dsv'
[9.180s] INFO:colcon.colcon_core.shell:Creating package script '/home/kenneth/PycharmProjects/ros2_ws_fix/install/sensor_fusion_msg_types/share/sensor_fusion_msg_types/package.sh'
[9.181s] INFO:colcon.colcon_core.shell:Creating package script '/home/kenneth/PycharmProjects/ros2_ws_fix/install/sensor_fusion_msg_types/share/sensor_fusion_msg_types/package.bash'
[9.181s] INFO:colcon.colcon_core.shell:Creating package script '/home/kenneth/PycharmProjects/ros2_ws_fix/install/sensor_fusion_msg_types/share/sensor_fusion_msg_types/package.zsh'
[9.182s] Level 1:colcon.colcon_core.environment:create_file_with_runtime_dependencies(/home/kenneth/PycharmProjects/ros2_ws_fix/install/sensor_fusion_msg_types/share/colcon-core/packages/sensor_fusion_msg_types)
[9.187s] INFO:colcon.colcon_ros.task.ament_python.build:Building ROS package in '/home/kenneth/PycharmProjects/ros2_ws_fix/src/ros2_demo_custommsg_pub' with build type 'ament_python'
[9.188s] Level 1:colcon.colcon_core.shell:create_environment_hook('ros2_demo_custommsg_pub', 'ament_prefix_path')
[9.205s] INFO:colcon.colcon_core.shell:Creating environment hook '/home/kenneth/PycharmProjects/ros2_ws_fix/install/ros2_demo_custommsg_pub/share/ros2_demo_custommsg_pub/hook/ament_prefix_path.ps1'
[9.206s] INFO:colcon.colcon_core.shell:Creating environment descriptor '/home/kenneth/PycharmProjects/ros2_ws_fix/install/ros2_demo_custommsg_pub/share/ros2_demo_custommsg_pub/hook/ament_prefix_path.dsv'
[9.210s] INFO:colcon.colcon_core.shell:Creating environment hook '/home/kenneth/PycharmProjects/ros2_ws_fix/install/ros2_demo_custommsg_pub/share/ros2_demo_custommsg_pub/hook/ament_prefix_path.sh'
[9.229s] INFO:colcon.colcon_core.shell:Skip shell extension 'powershell' for command environment: Not usable outside of PowerShell
[9.229s] DEBUG:colcon.colcon_core.shell:Skip shell extension 'dsv' for command environment
[9.248s] DEBUG:colcon.colcon_core.shell:Ignoring prefix path '/opt/ros/eloquent'
[9.883s] INFO:colcon.colcon_core.task.python.build:Building Python package in '/home/kenneth/PycharmProjects/ros2_ws_fix/src/ros2_demo_custommsg_pub'
[9.893s] INFO:colcon.colcon_core.shell:Skip shell extension 'powershell' for command environment: Not usable outside of PowerShell
[9.893s] DEBUG:colcon.colcon_core.shell:Skip shell extension 'dsv' for command environment
[9.903s] DEBUG:colcon.colcon_core.shell:Ignoring prefix path '/opt/ros/eloquent'
[9.914s] DEBUG:colcon.colcon_core.event_handler.log_command:Invoking command in '/home/kenneth/PycharmProjects/ros2_ws_fix/build/ros2_demo_custommsg_pub': PYTHONPATH=/home/kenneth/PycharmProjects/ros2_ws_fix/install/ros2_demo_custommsg_pub/lib/python3.6/site-packages:/home/kenneth/PycharmProjects/ros2_ws_fix/install/sensor_fusion_msgs/lib/python3.6/site-packages:/home/kenneth/PycharmProjects/ros2_ws_fix/build/sf_ros2_vinerow_sub:/home/kenneth/PycharmProjects/ros2_ws_fix/install/sf_ros2_vinerow_sub/lib/python3.6/site-packages:/home/kenneth/PycharmProjects/ros2_ws_fix/build/sensor_fusion_subscriber:/home/kenneth/PycharmProjects/ros2_ws_fix/install/sensor_fusion_subscriber/lib/python3.6/site-packages:/home/kenneth/PycharmProjects/ros2_ws_fix/build/ros2_demo_custommsg_pub:/home/kenneth/PycharmProjects/ros2_ws_fix/install/ros2_demo_custommsg_pub/lib/python3.6/site-packages:/home/kenneth/PycharmProjects/ros2_ws_fix/install/sensor_fusion_msg_types/lib/python3.6/site-packages:/home/kenneth/PycharmProjects/ros2_ws_fix/build/ros2_demo_subscriber:/home/kenneth/PycharmProjects/ros2_ws_fix/install/ros2_demo_subscriber/lib/python3.6/site-packages:/home/kenneth/PycharmProjects/ros2_ws_fix/build/ros2_demo_publisher:/home/kenneth/PycharmProjects/ros2_ws_fix/install/ros2_demo_publisher/lib/python3.6/site-packages:/home/kenneth/PycharmProjects/ros2_ws_fix/install/ros2_demo_custommsg_create/lib/python3.6/site-packages:/opt/ros/eloquent/lib/python3.6/site-packages /usr/bin/python3 setup.py develop --prefix /home/kenneth/PycharmProjects/ros2_ws_fix/install/ros2_demo_custommsg_pub --editable --build-directory /home/kenneth/PycharmProjects/ros2_ws_fix/build/ros2_demo_custommsg_pub/build --no-deps install_data --install-dir /home/kenneth/PycharmProjects/ros2_ws_fix/install/ros2_demo_custommsg_pub
[10.596s] Level 1:colcon.colcon_core.shell:create_environment_hook('ros2_demo_custommsg_pub', 'pythonpath_develop')
[10.604s] DEBUG:colcon.colcon_core.event_handler.log_command:Invoked command in '/home/kenneth/PycharmProjects/ros2_ws_fix/build/ros2_demo_custommsg_pub' returned '0': PYTHONPATH=/home/kenneth/PycharmProjects/ros2_ws_fix/install/ros2_demo_custommsg_pub/lib/python3.6/site-packages:/home/kenneth/PycharmProjects/ros2_ws_fix/install/sensor_fusion_msgs/lib/python3.6/site-packages:/home/kenneth/PycharmProjects/ros2_ws_fix/build/sf_ros2_vinerow_sub:/home/kenneth/PycharmProjects/ros2_ws_fix/install/sf_ros2_vinerow_sub/lib/python3.6/site-packages:/home/kenneth/PycharmProjects/ros2_ws_fix/build/sensor_fusion_subscriber:/home/kenneth/PycharmProjects/ros2_ws_fix/install/sensor_fusion_subscriber/lib/python3.6/site-packages:/home/kenneth/PycharmProjects/ros2_ws_fix/build/ros2_demo_custommsg_pub:/home/kenneth/PycharmProjects/ros2_ws_fix/install/ros2_demo_custommsg_pub/lib/python3.6/site-packages:/home/kenneth/PycharmProjects/ros2_ws_fix/install/sensor_fusion_msg_types/lib/python3.6/site-packages:/home/kenneth/PycharmProjects/ros2_ws_fix/build/ros2_demo_subscriber:/home/kenneth/PycharmProjects/ros2_ws_fix/install/ros2_demo_subscriber/lib/python3.6/site-packages:/home/kenneth/PycharmProjects/ros2_ws_fix/build/ros2_demo_publisher:/home/kenneth/PycharmProjects/ros2_ws_fix/install/ros2_demo_publisher/lib/python3.6/site-packages:/home/kenneth/PycharmProjects/ros2_ws_fix/install/ros2_demo_custommsg_create/lib/python3.6/site-packages:/opt/ros/eloquent/lib/python3.6/site-packages /usr/bin/python3 setup.py develop --prefix /home/kenneth/PycharmProjects/ros2_ws_fix/install/ros2_demo_custommsg_pub --editable --build-directory /home/kenneth/PycharmProjects/ros2_ws_fix/build/ros2_demo_custommsg_pub/build --no-deps install_data --install-dir /home/kenneth/PycharmProjects/ros2_ws_fix/install/ros2_demo_custommsg_pub
[10.608s] INFO:colcon.colcon_core.shell:Creating environment hook '/home/kenneth/PycharmProjects/ros2_ws_fix/build/ros2_demo_custommsg_pub/share/ros2_demo_custommsg_pub/hook/pythonpath_develop.ps1'
[10.609s] INFO:colcon.colcon_core.shell:Creating environment descriptor '/home/kenneth/PycharmProjects/ros2_ws_fix/build/ros2_demo_custommsg_pub/share/ros2_demo_custommsg_pub/hook/pythonpath_develop.dsv'
[10.610s] INFO:colcon.colcon_core.shell:Creating environment hook '/home/kenneth/PycharmProjects/ros2_ws_fix/build/ros2_demo_custommsg_pub/share/ros2_demo_custommsg_pub/hook/pythonpath_develop.sh'
[10.620s] Level 1:colcon.colcon_core.environment:checking '/home/kenneth/PycharmProjects/ros2_ws_fix/install/ros2_demo_custommsg_pub' for CMake module files
[10.621s] Level 1:colcon.colcon_core.environment:checking '/home/kenneth/PycharmProjects/ros2_ws_fix/install/ros2_demo_custommsg_pub' for CMake config files
[10.622s] Level 1:colcon.colcon_core.environment:checking '/home/kenneth/PycharmProjects/ros2_ws_fix/install/ros2_demo_custommsg_pub/lib'
[10.623s] Level 1:colcon.colcon_core.environment:checking '/home/kenneth/PycharmProjects/ros2_ws_fix/install/ros2_demo_custommsg_pub/bin'
[10.623s] Level 1:colcon.colcon_core.environment:checking '/home/kenneth/PycharmProjects/ros2_ws_fix/install/ros2_demo_custommsg_pub/lib/pkgconfig/ros2_demo_custommsg_pub.pc'
[10.623s] Level 1:colcon.colcon_core.environment:checking '/home/kenneth/PycharmProjects/ros2_ws_fix/install/ros2_demo_custommsg_pub/lib/python3.6/site-packages'
[10.623s] Level 1:colcon.colcon_core.shell:create_environment_hook('ros2_demo_custommsg_pub', 'pythonpath')
[10.642s] INFO:colcon.colcon_core.shell:Creating environment hook '/home/kenneth/PycharmProjects/ros2_ws_fix/install/ros2_demo_custommsg_pub/share/ros2_demo_custommsg_pub/hook/pythonpath.ps1'
[10.643s] INFO:colcon.colcon_core.shell:Creating environment descriptor '/home/kenneth/PycharmProjects/ros2_ws_fix/install/ros2_demo_custommsg_pub/share/ros2_demo_custommsg_pub/hook/pythonpath.dsv'
[10.644s] INFO:colcon.colcon_core.shell:Creating environment hook '/home/kenneth/PycharmProjects/ros2_ws_fix/install/ros2_demo_custommsg_pub/share/ros2_demo_custommsg_pub/hook/pythonpath.sh'
[10.644s] Level 1:colcon.colcon_core.environment:create_environment_scripts_only(ros2_demo_custommsg_pub)
[10.662s] INFO:colcon.colcon_core.shell:Creating package script '/home/kenneth/PycharmProjects/ros2_ws_fix/install/ros2_demo_custommsg_pub/share/ros2_demo_custommsg_pub/package.ps1'
[10.663s] INFO:colcon.colcon_core.shell:Creating package descriptor '/home/kenneth/PycharmProjects/ros2_ws_fix/install/ros2_demo_custommsg_pub/share/ros2_demo_custommsg_pub/package.dsv'
[10.665s] INFO:colcon.colcon_core.shell:Creating package script '/home/kenneth/PycharmProjects/ros2_ws_fix/install/ros2_demo_custommsg_pub/share/ros2_demo_custommsg_pub/package.sh'
[10.666s] INFO:colcon.colcon_core.shell:Creating package script '/home/kenneth/PycharmProjects/ros2_ws_fix/install/ros2_demo_custommsg_pub/share/ros2_demo_custommsg_pub/package.bash'
[10.666s] INFO:colcon.colcon_core.shell:Creating package script '/home/kenneth/PycharmProjects/ros2_ws_fix/install/ros2_demo_custommsg_pub/share/ros2_demo_custommsg_pub/package.zsh'
[10.667s] Level 1:colcon.colcon_core.environment:create_file_with_runtime_dependencies(/home/kenneth/PycharmProjects/ros2_ws_fix/install/ros2_demo_custommsg_pub/share/colcon-core/packages/ros2_demo_custommsg_pub)
[10.668s] INFO:colcon.colcon_ros.task.ament_python.build:Building ROS package in '/home/kenneth/PycharmProjects/ros2_ws_fix/src/sensor_fusion_subscriber' with build type 'ament_python'
[10.668s] Level 1:colcon.colcon_core.shell:create_environment_hook('sensor_fusion_subscriber', 'ament_prefix_path')
[10.688s] INFO:colcon.colcon_core.shell:Creating environment hook '/home/kenneth/PycharmProjects/ros2_ws_fix/install/sensor_fusion_subscriber/share/sensor_fusion_subscriber/hook/ament_prefix_path.ps1'
[10.689s] INFO:colcon.colcon_core.shell:Creating environment descriptor '/home/kenneth/PycharmProjects/ros2_ws_fix/install/sensor_fusion_subscriber/share/sensor_fusion_subscriber/hook/ament_prefix_path.dsv'
[10.689s] INFO:colcon.colcon_core.shell:Creating environment hook '/home/kenneth/PycharmProjects/ros2_ws_fix/install/sensor_fusion_subscriber/share/sensor_fusion_subscriber/hook/ament_prefix_path.sh'
[10.712s] INFO:colcon.colcon_core.shell:Skip shell extension 'powershell' for command environment: Not usable outside of PowerShell
[10.712s] DEBUG:colcon.colcon_core.shell:Skip shell extension 'dsv' for command environment
[10.729s] DEBUG:colcon.colcon_core.shell:Ignoring prefix path '/opt/ros/eloquent'
[11.122s] WARNING:colcon.colcon_ros.task.ament_python.build:Package 'sensor_fusion_subscriber' doesn't explicitly install a marker in the package index (colcon-ros currently does it implicitly but that fallback will be removed in the future)
[11.123s] WARNING:colcon.colcon_ros.task.ament_python.build:Package 'sensor_fusion_subscriber' doesn't explicitly install the 'package.xml' file (colcon-ros currently does it implicitly but that fallback will be removed in the future)
[11.123s] INFO:colcon.colcon_core.task.python.build:Building Python package in '/home/kenneth/PycharmProjects/ros2_ws_fix/src/sensor_fusion_subscriber'
[11.144s] INFO:colcon.colcon_core.shell:Skip shell extension 'powershell' for command environment: Not usable outside of PowerShell
[11.146s] DEBUG:colcon.colcon_core.shell:Skip shell extension 'dsv' for command environment
[11.158s] DEBUG:colcon.colcon_core.shell:Ignoring prefix path '/opt/ros/eloquent'
[11.183s] DEBUG:colcon.colcon_core.event_handler.log_command:Invoking command in '/home/kenneth/PycharmProjects/ros2_ws_fix/build/sensor_fusion_subscriber': PYTHONPATH=/home/kenneth/PycharmProjects/ros2_ws_fix/install/sensor_fusion_subscriber/lib/python3.6/site-packages:/home/kenneth/PycharmProjects/ros2_ws_fix/install/sensor_fusion_msgs/lib/python3.6/site-packages:/home/kenneth/PycharmProjects/ros2_ws_fix/build/sf_ros2_vinerow_sub:/home/kenneth/PycharmProjects/ros2_ws_fix/install/sf_ros2_vinerow_sub/lib/python3.6/site-packages:/home/kenneth/PycharmProjects/ros2_ws_fix/build/sensor_fusion_subscriber:/home/kenneth/PycharmProjects/ros2_ws_fix/install/sensor_fusion_subscriber/lib/python3.6/site-packages:/home/kenneth/PycharmProjects/ros2_ws_fix/build/ros2_demo_custommsg_pub:/home/kenneth/PycharmProjects/ros2_ws_fix/install/ros2_demo_custommsg_pub/lib/python3.6/site-packages:/home/kenneth/PycharmProjects/ros2_ws_fix/install/sensor_fusion_msg_types/lib/python3.6/site-packages:/home/kenneth/PycharmProjects/ros2_ws_fix/build/ros2_demo_subscriber:/home/kenneth/PycharmProjects/ros2_ws_fix/install/ros2_demo_subscriber/lib/python3.6/site-packages:/home/kenneth/PycharmProjects/ros2_ws_fix/build/ros2_demo_publisher:/home/kenneth/PycharmProjects/ros2_ws_fix/install/ros2_demo_publisher/lib/python3.6/site-packages:/home/kenneth/PycharmProjects/ros2_ws_fix/install/ros2_demo_custommsg_create/lib/python3.6/site-packages:/opt/ros/eloquent/lib/python3.6/site-packages /usr/bin/python3 setup.py develop --prefix /home/kenneth/PycharmProjects/ros2_ws_fix/install/sensor_fusion_subscriber --editable --build-directory /home/kenneth/PycharmProjects/ros2_ws_fix/build/sensor_fusion_subscriber/build --no-deps install_data --install-dir /home/kenneth/PycharmProjects/ros2_ws_fix/install/sensor_fusion_subscriber
[11.940s] DEBUG:colcon.colcon_core.event_handler.log_command:Invoked command in '/home/kenneth/PycharmProjects/ros2_ws_fix/build/sensor_fusion_subscriber' returned '1': PYTHONPATH=/home/kenneth/PycharmProjects/ros2_ws_fix/install/sensor_fusion_subscriber/lib/python3.6/site-packages:/home/kenneth/PycharmProjects/ros2_ws_fix/install/sensor_fusion_msgs/lib/python3.6/site-packages:/home/kenneth/PycharmProjects/ros2_ws_fix/build/sf_ros2_vinerow_sub:/home/kenneth/PycharmProjects/ros2_ws_fix/install/sf_ros2_vinerow_sub/lib/python3.6/site-packages:/home/kenneth/PycharmProjects/ros2_ws_fix/build/sensor_fusion_subscriber:/home/kenneth/PycharmProjects/ros2_ws_fix/install/sensor_fusion_subscriber/lib/python3.6/site-packages:/home/kenneth/PycharmProjects/ros2_ws_fix/build/ros2_demo_custommsg_pub:/home/kenneth/PycharmProjects/ros2_ws_fix/install/ros2_demo_custommsg_pub/lib/python3.6/site-packages:/home/kenneth/PycharmProjects/ros2_ws_fix/install/sensor_fusion_msg_types/lib/python3.6/site-packages:/home/kenneth/PycharmProjects/ros2_ws_fix/build/ros2_demo_subscriber:/home/kenneth/PycharmProjects/ros2_ws_fix/install/ros2_demo_subscriber/lib/python3.6/site-packages:/home/kenneth/PycharmProjects/ros2_ws_fix/build/ros2_demo_publisher:/home/kenneth/PycharmProjects/ros2_ws_fix/install/ros2_demo_publisher/lib/python3.6/site-packages:/home/kenneth/PycharmProjects/ros2_ws_fix/install/ros2_demo_custommsg_create/lib/python3.6/site-packages:/opt/ros/eloquent/lib/python3.6/site-packages /usr/bin/python3 setup.py develop --prefix /home/kenneth/PycharmProjects/ros2_ws_fix/install/sensor_fusion_subscriber --editable --build-directory /home/kenneth/PycharmProjects/ros2_ws_fix/build/sensor_fusion_subscriber/build --no-deps install_data --install-dir /home/kenneth/PycharmProjects/ros2_ws_fix/install/sensor_fusion_subscriber
[11.950s] DEBUG:colcon.colcon_parallel_executor.executor.parallel:closing loop
[11.951s] DEBUG:colcon.colcon_parallel_executor.executor.parallel:loop closed
[11.951s] DEBUG:colcon.colcon_parallel_executor.executor.parallel:run_until_complete finished with '1'
[11.951s] DEBUG:colcon.colcon_core.event_reactor:joining thread
[11.982s] INFO:colcon.colcon_core.plugin_system:Skipping extension 'colcon_notification.desktop_notification.terminal_notifier': Not used on non-Darwin systems
[11.982s] INFO:colcon.colcon_core.plugin_system:Skipping extension 'colcon_notification.desktop_notification.win32': Not used on non-Windows systems
[11.982s] INFO:colcon.colcon_notification.desktop_notification:Sending desktop notification using 'notify2'
[11.988s] DEBUG:colcon.colcon_core.event_reactor:joined thread
[12.005s] INFO:colcon.colcon_core.shell:Creating prefix script '/home/kenneth/PycharmProjects/ros2_ws_fix/install/local_setup.ps1'
[12.007s] INFO:colcon.colcon_core.shell:Creating prefix util module '/home/kenneth/PycharmProjects/ros2_ws_fix/install/_local_setup_util_ps1.py'
[12.012s] INFO:colcon.colcon_core.shell:Creating prefix chain script '/home/kenneth/PycharmProjects/ros2_ws_fix/install/setup.ps1'
[12.030s] INFO:colcon.colcon_core.shell:Creating prefix script '/home/kenneth/PycharmProjects/ros2_ws_fix/install/local_setup.sh'
[12.032s] INFO:colcon.colcon_core.shell:Creating prefix util module '/home/kenneth/PycharmProjects/ros2_ws_fix/install/_local_setup_util_sh.py'
[12.033s] INFO:colcon.colcon_core.shell:Creating prefix chain script '/home/kenneth/PycharmProjects/ros2_ws_fix/install/setup.sh'
[12.051s] INFO:colcon.colcon_core.shell:Creating prefix script '/home/kenneth/PycharmProjects/ros2_ws_fix/install/local_setup.bash'
[12.055s] INFO:colcon.colcon_core.shell:Creating prefix chain script '/home/kenneth/PycharmProjects/ros2_ws_fix/install/setup.bash'
[12.073s] INFO:colcon.colcon_core.shell:Creating prefix script '/home/kenneth/PycharmProjects/ros2_ws_fix/install/local_setup.zsh'
[12.074s] INFO:colcon.colcon_core.shell:Creating prefix chain script '/home/kenneth/PycharmProjects/ros2_ws_fix/install/setup.zsh'
