[0.049s] Invoking command in '/home/kenneth/PycharmProjects/ros2_ws_fix/build/ros2_demo_custommsg_create': CMAKE_PREFIX_PATH=${CMAKE_PREFIX_PATH}:/home/kenneth/PycharmProjects/ros2_ws_fix/install/sensor_fusion_subscriber:/home/kenneth/PycharmProjects/ros2_ws_fix/install/ros2_demo_custommsg_pub:/home/kenneth/PycharmProjects/ros2_ws_fix/install/ros2_demo_subscriber:/home/kenneth/PycharmProjects/ros2_ws_fix/install/ros2_demo_publisher:/opt/ros/eloquent /usr/bin/cmake --build /home/kenneth/PycharmProjects/ros2_ws_fix/build/ros2_demo_custommsg_create -- -j1 -l1
[0.134s] [  3%] Built target new_msg__cpp
[0.188s] [ 13%] Built target new_msg__rosidl_typesupport_fastrtps_cpp
[0.219s] [ 24%] Built target new_msg__rosidl_generator_c
[0.271s] [ 34%] Built target new_msg__rosidl_typesupport_fastrtps_c
[0.319s] [ 44%] Built target new_msg__rosidl_typesupport_c
[0.363s] [ 55%] Built target new_msg__rosidl_typesupport_introspection_cpp
[0.398s] [ 65%] Built target new_msg__rosidl_typesupport_cpp
[0.435s] [ 75%] Built target new_msg__rosidl_typesupport_introspection_c
[0.483s] [ 75%] Built target new_msg
[0.508s] [ 79%] Built target new_msg__py
[0.540s] [ 86%] Built target new_msg__python
[0.592s] [ 93%] Built target ros2_demo_custommsg_create__rosidl_typesupport_fastrtps_c__pyext
[0.635s] [100%] Built target ros2_demo_custommsg_create__rosidl_typesupport_c__pyext
[0.654s] Invoked command in '/home/kenneth/PycharmProjects/ros2_ws_fix/build/ros2_demo_custommsg_create' returned '0': CMAKE_PREFIX_PATH=${CMAKE_PREFIX_PATH}:/home/kenneth/PycharmProjects/ros2_ws_fix/install/sensor_fusion_subscriber:/home/kenneth/PycharmProjects/ros2_ws_fix/install/ros2_demo_custommsg_pub:/home/kenneth/PycharmProjects/ros2_ws_fix/install/ros2_demo_subscriber:/home/kenneth/PycharmProjects/ros2_ws_fix/install/ros2_demo_publisher:/opt/ros/eloquent /usr/bin/cmake --build /home/kenneth/PycharmProjects/ros2_ws_fix/build/ros2_demo_custommsg_create -- -j1 -l1
[0.743s] Invoking command in '/home/kenneth/PycharmProjects/ros2_ws_fix/build/ros2_demo_custommsg_create': CMAKE_PREFIX_PATH=${CMAKE_PREFIX_PATH}:/home/kenneth/PycharmProjects/ros2_ws_fix/install/sensor_fusion_subscriber:/home/kenneth/PycharmProjects/ros2_ws_fix/install/ros2_demo_custommsg_pub:/home/kenneth/PycharmProjects/ros2_ws_fix/install/ros2_demo_subscriber:/home/kenneth/PycharmProjects/ros2_ws_fix/install/ros2_demo_publisher:/opt/ros/eloquent /usr/bin/cmake --build /home/kenneth/PycharmProjects/ros2_ws_fix/build/ros2_demo_custommsg_create --target install -- -j1 -l1
[0.827s] [  3%] Built target new_msg__cpp
[0.866s] [ 13%] Built target new_msg__rosidl_typesupport_fastrtps_cpp
[0.899s] [ 24%] Built target new_msg__rosidl_generator_c
[0.942s] [ 34%] Built target new_msg__rosidl_typesupport_fastrtps_c
[0.995s] [ 44%] Built target new_msg__rosidl_typesupport_c
[1.026s] [ 55%] Built target new_msg__rosidl_typesupport_introspection_cpp
[1.082s] [ 65%] Built target new_msg__rosidl_typesupport_cpp
[1.126s] [ 75%] Built target new_msg__rosidl_typesupport_introspection_c
[1.181s] [ 75%] Built target new_msg
[1.218s] [ 79%] Built target new_msg__py
[1.258s] [ 86%] Built target new_msg__python
[1.318s] [ 93%] Built target ros2_demo_custommsg_create__rosidl_typesupport_fastrtps_c__pyext
[1.362s] [100%] Built target ros2_demo_custommsg_create__rosidl_typesupport_c__pyext
[1.385s] [36mInstall the project...[0m
[1.396s] -- Install configuration: ""
[1.397s] -- Execute custom install script
[1.398s] -- Up-to-date symlink: /home/kenneth/PycharmProjects/ros2_ws_fix/install/ros2_demo_custommsg_create/share/ament_index/resource_index/rosidl_interfaces/ros2_demo_custommsg_create
[1.399s] -- Up-to-date symlink: /home/kenneth/PycharmProjects/ros2_ws_fix/install/ros2_demo_custommsg_create/include/ros2_demo_custommsg_create/msg/custom.hpp
[1.399s] -- Up-to-date symlink: /home/kenneth/PycharmProjects/ros2_ws_fix/install/ros2_demo_custommsg_create/include/ros2_demo_custommsg_create/msg/custom__struct.hpp
[1.400s] -- Up-to-date symlink: /home/kenneth/PycharmProjects/ros2_ws_fix/install/ros2_demo_custommsg_create/include/ros2_demo_custommsg_create/msg/custom__traits.hpp
[1.400s] -- Up-to-date symlink: /home/kenneth/PycharmProjects/ros2_ws_fix/install/ros2_demo_custommsg_create/include/ros2_demo_custommsg_create/msg/custom.h
[1.401s] -- Up-to-date symlink: /home/kenneth/PycharmProjects/ros2_ws_fix/install/ros2_demo_custommsg_create/include/ros2_demo_custommsg_create/msg/custom__functions.h
[1.401s] -- Up-to-date symlink: /home/kenneth/PycharmProjects/ros2_ws_fix/install/ros2_demo_custommsg_create/include/ros2_demo_custommsg_create/msg/custom__struct.h
[1.402s] -- Up-to-date symlink: /home/kenneth/PycharmProjects/ros2_ws_fix/install/ros2_demo_custommsg_create/include/ros2_demo_custommsg_create/msg/custom__type_support.h
[1.403s] -- Up-to-date symlink: /home/kenneth/PycharmProjects/ros2_ws_fix/install/ros2_demo_custommsg_create/include/ros2_demo_custommsg_create/msg/rosidl_generator_c__visibility_control.h
[1.403s] -- Up-to-date symlink: /home/kenneth/PycharmProjects/ros2_ws_fix/install/ros2_demo_custommsg_create/share/ros2_demo_custommsg_create/environment/library_path.sh
[1.404s] -- Up-to-date symlink: /home/kenneth/PycharmProjects/ros2_ws_fix/install/ros2_demo_custommsg_create/share/ros2_demo_custommsg_create/environment/library_path.dsv
[1.404s] -- Up-to-date symlink: /home/kenneth/PycharmProjects/ros2_ws_fix/install/ros2_demo_custommsg_create/lib/libnew_msg__rosidl_generator_c.so
[1.405s] -- Up-to-date symlink: /home/kenneth/PycharmProjects/ros2_ws_fix/install/ros2_demo_custommsg_create/lib/libnew_msg__rosidl_typesupport_c.so
[1.406s] -- Up-to-date symlink: /home/kenneth/PycharmProjects/ros2_ws_fix/install/ros2_demo_custommsg_create/lib/libnew_msg__rosidl_typesupport_cpp.so
[1.406s] -- Up-to-date symlink: /home/kenneth/PycharmProjects/ros2_ws_fix/install/ros2_demo_custommsg_create/include/ros2_demo_custommsg_create/msg/custom__rosidl_typesupport_introspection_c.h
[1.407s] -- Up-to-date symlink: /home/kenneth/PycharmProjects/ros2_ws_fix/install/ros2_demo_custommsg_create/include/ros2_demo_custommsg_create/msg/rosidl_typesupport_introspection_c__visibility_control.h
[1.408s] -- Up-to-date symlink: /home/kenneth/PycharmProjects/ros2_ws_fix/install/ros2_demo_custommsg_create/lib/libnew_msg__rosidl_typesupport_introspection_c.so
[1.409s] -- Up-to-date symlink: /home/kenneth/PycharmProjects/ros2_ws_fix/install/ros2_demo_custommsg_create/include/ros2_demo_custommsg_create/msg/custom__rosidl_typesupport_introspection_cpp.hpp
[1.410s] -- Up-to-date symlink: /home/kenneth/PycharmProjects/ros2_ws_fix/install/ros2_demo_custommsg_create/lib/libnew_msg__rosidl_typesupport_introspection_cpp.so
[1.411s] -- Up-to-date symlink: /home/kenneth/PycharmProjects/ros2_ws_fix/install/ros2_demo_custommsg_create/include/ros2_demo_custommsg_create/msg/custom__rosidl_typesupport_fastrtps_c.h
[1.411s] -- Up-to-date symlink: /home/kenneth/PycharmProjects/ros2_ws_fix/install/ros2_demo_custommsg_create/include/ros2_demo_custommsg_create/msg/rosidl_typesupport_fastrtps_c__visibility_control.h
[1.412s] -- Up-to-date symlink: /home/kenneth/PycharmProjects/ros2_ws_fix/install/ros2_demo_custommsg_create/lib/libnew_msg__rosidl_typesupport_fastrtps_c.so
[1.413s] -- Up-to-date symlink: /home/kenneth/PycharmProjects/ros2_ws_fix/install/ros2_demo_custommsg_create/include/ros2_demo_custommsg_create/msg/custom__rosidl_typesupport_fastrtps_cpp.hpp
[1.414s] -- Up-to-date symlink: /home/kenneth/PycharmProjects/ros2_ws_fix/install/ros2_demo_custommsg_create/include/ros2_demo_custommsg_create/msg/rosidl_typesupport_fastrtps_cpp__visibility_control.h
[1.415s] -- Up-to-date symlink: /home/kenneth/PycharmProjects/ros2_ws_fix/install/ros2_demo_custommsg_create/lib/libnew_msg__rosidl_typesupport_fastrtps_cpp.so
[1.415s] -- Up-to-date symlink: /home/kenneth/PycharmProjects/ros2_ws_fix/install/ros2_demo_custommsg_create/share/ros2_demo_custommsg_create/environment/pythonpath.sh
[1.416s] -- Up-to-date symlink: /home/kenneth/PycharmProjects/ros2_ws_fix/install/ros2_demo_custommsg_create/share/ros2_demo_custommsg_create/environment/pythonpath.dsv
[1.416s] -- Up-to-date symlink: /home/kenneth/PycharmProjects/ros2_ws_fix/install/ros2_demo_custommsg_create/lib/python3.6/site-packages/ros2_demo_custommsg_create/__init__.py
[1.417s] -- Up-to-date symlink: /home/kenneth/PycharmProjects/ros2_ws_fix/install/ros2_demo_custommsg_create/lib/python3.6/site-packages/ros2_demo_custommsg_create/msg/__init__.py
[1.418s] -- Up-to-date symlink: /home/kenneth/PycharmProjects/ros2_ws_fix/install/ros2_demo_custommsg_create/lib/python3.6/site-packages/ros2_demo_custommsg_create/msg/_custom.py
[1.418s] -- Up-to-date symlink: /home/kenneth/PycharmProjects/ros2_ws_fix/install/ros2_demo_custommsg_create/lib/python3.6/site-packages/ros2_demo_custommsg_create/ros2_demo_custommsg_create_s__rosidl_typesupport_c.cpython-36m-x86_64-linux-gnu.so
[1.419s] -- Up-to-date symlink: /home/kenneth/PycharmProjects/ros2_ws_fix/install/ros2_demo_custommsg_create/lib/python3.6/site-packages/ros2_demo_custommsg_create/ros2_demo_custommsg_create_s__rosidl_typesupport_fastrtps_c.cpython-36m-x86_64-linux-gnu.so
[1.420s] -- Up-to-date symlink: /home/kenneth/PycharmProjects/ros2_ws_fix/install/ros2_demo_custommsg_create/lib/libnew_msg__python.so
[1.421s] -- Up-to-date symlink: /home/kenneth/PycharmProjects/ros2_ws_fix/install/ros2_demo_custommsg_create/share/ros2_demo_custommsg_create/msg/Custom.idl
[1.421s] -- Up-to-date symlink: /home/kenneth/PycharmProjects/ros2_ws_fix/install/ros2_demo_custommsg_create/share/ros2_demo_custommsg_create/msg/Custom.msg
[1.422s] -- Up-to-date symlink: /home/kenneth/PycharmProjects/ros2_ws_fix/install/ros2_demo_custommsg_create/share/ament_index/resource_index/package_run_dependencies/ros2_demo_custommsg_create
[1.423s] -- Up-to-date symlink: /home/kenneth/PycharmProjects/ros2_ws_fix/install/ros2_demo_custommsg_create/share/ament_index/resource_index/parent_prefix_path/ros2_demo_custommsg_create
[1.424s] -- Up-to-date symlink: /home/kenneth/PycharmProjects/ros2_ws_fix/install/ros2_demo_custommsg_create/share/ros2_demo_custommsg_create/environment/ament_prefix_path.sh
[1.425s] -- Up-to-date symlink: /home/kenneth/PycharmProjects/ros2_ws_fix/install/ros2_demo_custommsg_create/share/ros2_demo_custommsg_create/environment/ament_prefix_path.dsv
[1.425s] -- Up-to-date symlink: /home/kenneth/PycharmProjects/ros2_ws_fix/install/ros2_demo_custommsg_create/share/ros2_demo_custommsg_create/environment/path.sh
[1.426s] -- Up-to-date symlink: /home/kenneth/PycharmProjects/ros2_ws_fix/install/ros2_demo_custommsg_create/share/ros2_demo_custommsg_create/environment/path.dsv
[1.427s] -- Up-to-date symlink: /home/kenneth/PycharmProjects/ros2_ws_fix/install/ros2_demo_custommsg_create/share/ros2_demo_custommsg_create/local_setup.bash
[1.427s] -- Up-to-date symlink: /home/kenneth/PycharmProjects/ros2_ws_fix/install/ros2_demo_custommsg_create/share/ros2_demo_custommsg_create/local_setup.sh
[1.428s] -- Up-to-date symlink: /home/kenneth/PycharmProjects/ros2_ws_fix/install/ros2_demo_custommsg_create/share/ros2_demo_custommsg_create/local_setup.zsh
[1.429s] -- Up-to-date symlink: /home/kenneth/PycharmProjects/ros2_ws_fix/install/ros2_demo_custommsg_create/share/ros2_demo_custommsg_create/local_setup.dsv
[1.429s] -- Symlinking: /home/kenneth/PycharmProjects/ros2_ws_fix/install/ros2_demo_custommsg_create/share/ros2_demo_custommsg_create/package.dsv
[1.444s] -- Up-to-date symlink: /home/kenneth/PycharmProjects/ros2_ws_fix/install/ros2_demo_custommsg_create/share/ament_index/resource_index/packages/ros2_demo_custommsg_create
[1.445s] -- Up-to-date symlink: /home/kenneth/PycharmProjects/ros2_ws_fix/install/ros2_demo_custommsg_create/share/ros2_demo_custommsg_create/cmake/rosidl_cmake-extras.cmake
[1.447s] -- Up-to-date symlink: /home/kenneth/PycharmProjects/ros2_ws_fix/install/ros2_demo_custommsg_create/share/ros2_demo_custommsg_create/cmake/ament_cmake_export_dependencies-extras.cmake
[1.448s] -- Up-to-date symlink: /home/kenneth/PycharmProjects/ros2_ws_fix/install/ros2_demo_custommsg_create/share/ros2_demo_custommsg_create/cmake/ament_cmake_export_include_directories-extras.cmake
[1.449s] -- Up-to-date symlink: /home/kenneth/PycharmProjects/ros2_ws_fix/install/ros2_demo_custommsg_create/share/ros2_demo_custommsg_create/cmake/ament_cmake_export_libraries-extras.cmake
[1.450s] -- Up-to-date symlink: /home/kenneth/PycharmProjects/ros2_ws_fix/install/ros2_demo_custommsg_create/share/ros2_demo_custommsg_create/cmake/ros2_demo_custommsg_createConfig.cmake
[1.450s] -- Up-to-date symlink: /home/kenneth/PycharmProjects/ros2_ws_fix/install/ros2_demo_custommsg_create/share/ros2_demo_custommsg_create/cmake/ros2_demo_custommsg_createConfig-version.cmake
[1.451s] -- Up-to-date symlink: /home/kenneth/PycharmProjects/ros2_ws_fix/install/ros2_demo_custommsg_create/share/ros2_demo_custommsg_create/package.xml
[1.518s] Invoked command in '/home/kenneth/PycharmProjects/ros2_ws_fix/build/ros2_demo_custommsg_create' returned '0': CMAKE_PREFIX_PATH=${CMAKE_PREFIX_PATH}:/home/kenneth/PycharmProjects/ros2_ws_fix/install/sensor_fusion_subscriber:/home/kenneth/PycharmProjects/ros2_ws_fix/install/ros2_demo_custommsg_pub:/home/kenneth/PycharmProjects/ros2_ws_fix/install/ros2_demo_subscriber:/home/kenneth/PycharmProjects/ros2_ws_fix/install/ros2_demo_publisher:/opt/ros/eloquent /usr/bin/cmake --build /home/kenneth/PycharmProjects/ros2_ws_fix/build/ros2_demo_custommsg_create --target install -- -j1 -l1
