[  3%] Built target sensor_fusion_msg_types__cpp
[ 13%] Built target sensor_fusion_msg_types__rosidl_typesupport_fastrtps_cpp
[ 24%] Built target sensor_fusion_msg_types__rosidl_typesupport_cpp
[ 34%] Built target sensor_fusion_msg_types__rosidl_generator_c
[ 44%] Built target sensor_fusion_msg_types__rosidl_typesupport_fastrtps_c
[ 55%] Built target sensor_fusion_msg_types__rosidl_typesupport_c
[ 65%] Built target sensor_fusion_msg_types__rosidl_typesupport_introspection_cpp
[ 75%] Built target sensor_fusion_msg_types__rosidl_typesupport_introspection_c
[ 75%] Built target sensor_fusion_msg_types
[ 79%] Built target sensor_fusion_msg_types__py
[ 86%] Built target sensor_fusion_msg_types__python
[ 93%] Built target sensor_fusion_msg_types__rosidl_typesupport_c__pyext
[100%] Built target sensor_fusion_msg_types__rosidl_typesupport_fastrtps_c__pyext
[  3%] Built target sensor_fusion_msg_types__cpp
[ 13%] Built target sensor_fusion_msg_types__rosidl_typesupport_fastrtps_cpp
[ 24%] Built target sensor_fusion_msg_types__rosidl_typesupport_cpp
[ 34%] Built target sensor_fusion_msg_types__rosidl_generator_c
[ 44%] Built target sensor_fusion_msg_types__rosidl_typesupport_fastrtps_c
[ 55%] Built target sensor_fusion_msg_types__rosidl_typesupport_c
[ 65%] Built target sensor_fusion_msg_types__rosidl_typesupport_introspection_cpp
[ 75%] Built target sensor_fusion_msg_types__rosidl_typesupport_introspection_c
[ 75%] Built target sensor_fusion_msg_types
[ 79%] Built target sensor_fusion_msg_types__py
[ 86%] Built target sensor_fusion_msg_types__python
[ 93%] Built target sensor_fusion_msg_types__rosidl_typesupport_c__pyext
[100%] Built target sensor_fusion_msg_types__rosidl_typesupport_fastrtps_c__pyext
[36mInstall the project...[0m
-- Install configuration: ""
-- Execute custom install script
-- Up-to-date symlink: /home/kenneth/PycharmProjects/ros2_ws_fix/install/sensor_fusion_msg_types/share/ament_index/resource_index/rosidl_interfaces/sensor_fusion_msg_types
-- Up-to-date symlink: /home/kenneth/PycharmProjects/ros2_ws_fix/install/sensor_fusion_msg_types/lib/libsensor_fusion_msg_types__rosidl_typesupport_c.so
-- Up-to-date symlink: /home/kenneth/PycharmProjects/ros2_ws_fix/install/sensor_fusion_msg_types/share/sensor_fusion_msg_types/environment/library_path.sh
-- Up-to-date symlink: /home/kenneth/PycharmProjects/ros2_ws_fix/install/sensor_fusion_msg_types/share/sensor_fusion_msg_types/environment/library_path.dsv
-- Up-to-date symlink: /home/kenneth/PycharmProjects/ros2_ws_fix/install/sensor_fusion_msg_types/lib/libsensor_fusion_msg_types__rosidl_typesupport_cpp.so
-- Up-to-date symlink: /home/kenneth/PycharmProjects/ros2_ws_fix/install/sensor_fusion_msg_types/include/sensor_fusion_msg_types/msg/rosidl_typesupport_fastrtps_c__visibility_control.h
-- Up-to-date symlink: /home/kenneth/PycharmProjects/ros2_ws_fix/install/sensor_fusion_msg_types/include/sensor_fusion_msg_types/msg/vinerow__rosidl_typesupport_fastrtps_c.h
-- Up-to-date symlink: /home/kenneth/PycharmProjects/ros2_ws_fix/install/sensor_fusion_msg_types/lib/libsensor_fusion_msg_types__rosidl_typesupport_fastrtps_c.so
-- Up-to-date symlink: /home/kenneth/PycharmProjects/ros2_ws_fix/install/sensor_fusion_msg_types/include/sensor_fusion_msg_types/msg/rosidl_generator_c__visibility_control.h
-- Up-to-date symlink: /home/kenneth/PycharmProjects/ros2_ws_fix/install/sensor_fusion_msg_types/include/sensor_fusion_msg_types/msg/vinerow.h
-- Up-to-date symlink: /home/kenneth/PycharmProjects/ros2_ws_fix/install/sensor_fusion_msg_types/include/sensor_fusion_msg_types/msg/vinerow__functions.h
-- Up-to-date symlink: /home/kenneth/PycharmProjects/ros2_ws_fix/install/sensor_fusion_msg_types/include/sensor_fusion_msg_types/msg/vinerow__struct.h
-- Up-to-date symlink: /home/kenneth/PycharmProjects/ros2_ws_fix/install/sensor_fusion_msg_types/include/sensor_fusion_msg_types/msg/vinerow__type_support.h
-- Up-to-date symlink: /home/kenneth/PycharmProjects/ros2_ws_fix/install/sensor_fusion_msg_types/lib/libsensor_fusion_msg_types__rosidl_generator_c.so
-- Up-to-date symlink: /home/kenneth/PycharmProjects/ros2_ws_fix/install/sensor_fusion_msg_types/include/sensor_fusion_msg_types/msg/rosidl_typesupport_fastrtps_cpp__visibility_control.h
-- Up-to-date symlink: /home/kenneth/PycharmProjects/ros2_ws_fix/install/sensor_fusion_msg_types/include/sensor_fusion_msg_types/msg/vinerow__rosidl_typesupport_fastrtps_cpp.hpp
-- Up-to-date symlink: /home/kenneth/PycharmProjects/ros2_ws_fix/install/sensor_fusion_msg_types/lib/libsensor_fusion_msg_types__rosidl_typesupport_fastrtps_cpp.so
-- Up-to-date symlink: /home/kenneth/PycharmProjects/ros2_ws_fix/install/sensor_fusion_msg_types/include/sensor_fusion_msg_types/msg/vinerow.hpp
-- Up-to-date symlink: /home/kenneth/PycharmProjects/ros2_ws_fix/install/sensor_fusion_msg_types/include/sensor_fusion_msg_types/msg/vinerow__struct.hpp
-- Up-to-date symlink: /home/kenneth/PycharmProjects/ros2_ws_fix/install/sensor_fusion_msg_types/include/sensor_fusion_msg_types/msg/vinerow__traits.hpp
-- Up-to-date symlink: /home/kenneth/PycharmProjects/ros2_ws_fix/install/sensor_fusion_msg_types/include/sensor_fusion_msg_types/msg/rosidl_typesupport_introspection_c__visibility_control.h
-- Up-to-date symlink: /home/kenneth/PycharmProjects/ros2_ws_fix/install/sensor_fusion_msg_types/include/sensor_fusion_msg_types/msg/vinerow__rosidl_typesupport_introspection_c.h
-- Up-to-date symlink: /home/kenneth/PycharmProjects/ros2_ws_fix/install/sensor_fusion_msg_types/lib/libsensor_fusion_msg_types__rosidl_typesupport_introspection_c.so
-- Up-to-date symlink: /home/kenneth/PycharmProjects/ros2_ws_fix/install/sensor_fusion_msg_types/include/sensor_fusion_msg_types/msg/vinerow__rosidl_typesupport_introspection_cpp.hpp
-- Up-to-date symlink: /home/kenneth/PycharmProjects/ros2_ws_fix/install/sensor_fusion_msg_types/lib/libsensor_fusion_msg_types__rosidl_typesupport_introspection_cpp.so
-- Up-to-date symlink: /home/kenneth/PycharmProjects/ros2_ws_fix/install/sensor_fusion_msg_types/share/sensor_fusion_msg_types/environment/pythonpath.sh
-- Up-to-date symlink: /home/kenneth/PycharmProjects/ros2_ws_fix/install/sensor_fusion_msg_types/share/sensor_fusion_msg_types/environment/pythonpath.dsv
-- Up-to-date symlink: /home/kenneth/PycharmProjects/ros2_ws_fix/install/sensor_fusion_msg_types/lib/python3.6/site-packages/sensor_fusion_msg_types/__init__.py
-- Up-to-date symlink: /home/kenneth/PycharmProjects/ros2_ws_fix/install/sensor_fusion_msg_types/lib/python3.6/site-packages/sensor_fusion_msg_types/msg/__init__.py
-- Up-to-date symlink: /home/kenneth/PycharmProjects/ros2_ws_fix/install/sensor_fusion_msg_types/lib/python3.6/site-packages/sensor_fusion_msg_types/msg/_vinerow.py
-- Up-to-date symlink: /home/kenneth/PycharmProjects/ros2_ws_fix/install/sensor_fusion_msg_types/lib/python3.6/site-packages/sensor_fusion_msg_types/sensor_fusion_msg_types_s__rosidl_typesupport_c.cpython-36m-x86_64-linux-gnu.so
-- Up-to-date symlink: /home/kenneth/PycharmProjects/ros2_ws_fix/install/sensor_fusion_msg_types/lib/python3.6/site-packages/sensor_fusion_msg_types/sensor_fusion_msg_types_s__rosidl_typesupport_fastrtps_c.cpython-36m-x86_64-linux-gnu.so
-- Up-to-date symlink: /home/kenneth/PycharmProjects/ros2_ws_fix/install/sensor_fusion_msg_types/lib/libsensor_fusion_msg_types__python.so
-- Up-to-date symlink: /home/kenneth/PycharmProjects/ros2_ws_fix/install/sensor_fusion_msg_types/share/sensor_fusion_msg_types/msg/Vinerow.idl
-- Up-to-date symlink: /home/kenneth/PycharmProjects/ros2_ws_fix/install/sensor_fusion_msg_types/share/sensor_fusion_msg_types/msg/Vinerow.msg
-- Up-to-date symlink: /home/kenneth/PycharmProjects/ros2_ws_fix/install/sensor_fusion_msg_types/share/ament_index/resource_index/package_run_dependencies/sensor_fusion_msg_types
-- Up-to-date symlink: /home/kenneth/PycharmProjects/ros2_ws_fix/install/sensor_fusion_msg_types/share/ament_index/resource_index/parent_prefix_path/sensor_fusion_msg_types
-- Up-to-date symlink: /home/kenneth/PycharmProjects/ros2_ws_fix/install/sensor_fusion_msg_types/share/sensor_fusion_msg_types/environment/ament_prefix_path.sh
-- Up-to-date symlink: /home/kenneth/PycharmProjects/ros2_ws_fix/install/sensor_fusion_msg_types/share/sensor_fusion_msg_types/environment/ament_prefix_path.dsv
-- Up-to-date symlink: /home/kenneth/PycharmProjects/ros2_ws_fix/install/sensor_fusion_msg_types/share/sensor_fusion_msg_types/environment/path.sh
-- Up-to-date symlink: /home/kenneth/PycharmProjects/ros2_ws_fix/install/sensor_fusion_msg_types/share/sensor_fusion_msg_types/environment/path.dsv
-- Up-to-date symlink: /home/kenneth/PycharmProjects/ros2_ws_fix/install/sensor_fusion_msg_types/share/sensor_fusion_msg_types/local_setup.bash
-- Up-to-date symlink: /home/kenneth/PycharmProjects/ros2_ws_fix/install/sensor_fusion_msg_types/share/sensor_fusion_msg_types/local_setup.sh
-- Up-to-date symlink: /home/kenneth/PycharmProjects/ros2_ws_fix/install/sensor_fusion_msg_types/share/sensor_fusion_msg_types/local_setup.zsh
-- Up-to-date symlink: /home/kenneth/PycharmProjects/ros2_ws_fix/install/sensor_fusion_msg_types/share/sensor_fusion_msg_types/local_setup.dsv
-- Symlinking: /home/kenneth/PycharmProjects/ros2_ws_fix/install/sensor_fusion_msg_types/share/sensor_fusion_msg_types/package.dsv
-- Up-to-date symlink: /home/kenneth/PycharmProjects/ros2_ws_fix/install/sensor_fusion_msg_types/share/ament_index/resource_index/packages/sensor_fusion_msg_types
-- Up-to-date symlink: /home/kenneth/PycharmProjects/ros2_ws_fix/install/sensor_fusion_msg_types/share/sensor_fusion_msg_types/cmake/rosidl_cmake-extras.cmake
-- Up-to-date symlink: /home/kenneth/PycharmProjects/ros2_ws_fix/install/sensor_fusion_msg_types/share/sensor_fusion_msg_types/cmake/ament_cmake_export_dependencies-extras.cmake
-- Up-to-date symlink: /home/kenneth/PycharmProjects/ros2_ws_fix/install/sensor_fusion_msg_types/share/sensor_fusion_msg_types/cmake/ament_cmake_export_libraries-extras.cmake
-- Up-to-date symlink: /home/kenneth/PycharmProjects/ros2_ws_fix/install/sensor_fusion_msg_types/share/sensor_fusion_msg_types/cmake/ament_cmake_export_include_directories-extras.cmake
-- Up-to-date symlink: /home/kenneth/PycharmProjects/ros2_ws_fix/install/sensor_fusion_msg_types/share/sensor_fusion_msg_types/cmake/sensor_fusion_msg_typesConfig.cmake
-- Up-to-date symlink: /home/kenneth/PycharmProjects/ros2_ws_fix/install/sensor_fusion_msg_types/share/sensor_fusion_msg_types/cmake/sensor_fusion_msg_typesConfig-version.cmake
-- Up-to-date symlink: /home/kenneth/PycharmProjects/ros2_ws_fix/install/sensor_fusion_msg_types/share/sensor_fusion_msg_types/package.xml
