[0.047s] Invoking command in '/home/kenneth/PycharmProjects/ros2_ws_fix/build/sensor_fusion_msg_types': CMAKE_PREFIX_PATH=/opt/ros/eloquent /usr/bin/cmake /home/kenneth/PycharmProjects/ros2_ws_fix/src/sensor_fusion_msg_types -DAMENT_CMAKE_SYMLINK_INSTALL=1 -DCMAKE_INSTALL_PREFIX=/home/kenneth/PycharmProjects/ros2_ws_fix/install/sensor_fusion_msg_types
[0.123s] -- The C compiler identification is GNU 7.5.0
[0.184s] -- The CXX compiler identification is GNU 7.5.0
[0.188s] -- Check for working C compiler: /usr/bin/cc
[0.285s] -- Check for working C compiler: /usr/bin/cc -- works
[0.286s] -- Detecting C compiler ABI info
[0.365s] -- Detecting C compiler ABI info - done
[0.372s] -- Detecting C compile features
[0.657s] -- Detecting C compile features - done
[0.661s] -- Check for working CXX compiler: /usr/bin/c++
[0.767s] -- Check for working CXX compiler: /usr/bin/c++ -- works
[0.769s] -- Detecting CXX compiler ABI info
[0.890s] -- Detecting CXX compiler ABI info - done
[0.896s] -- Detecting CXX compile features
[1.376s] -- Detecting CXX compile features - done
[1.380s] -- Found ament_cmake: 0.8.2 (/opt/ros/eloquent/share/ament_cmake/cmake)
[1.416s] -- Found PythonInterp: /usr/bin/python3 (found suitable version "3.6.9", minimum required is "3") 
[1.417s] -- Using PYTHON_EXECUTABLE: /usr/bin/python3
[1.683s] -- Override CMake install command with custom implementation using symlinks instead of copying resources
[1.705s] -- Found rosidl_default_generators: 0.8.0 (/opt/ros/eloquent/share/rosidl_default_generators/cmake)
[1.827s] -- Found OpenSSL: /usr/lib/x86_64-linux-gnu/libcrypto.so (found version "1.1.1") 
[1.851s] -- Found FastRTPS: /opt/ros/eloquent/include  
[1.876s] -- Found rosidl_adapter: 0.8.2 (/opt/ros/eloquent/share/rosidl_adapter/cmake)
[1.959s] -- Found rclcpp: 0.8.4 (/opt/ros/eloquent/share/rclcpp/cmake)
[1.988s] -- Found rmw_implementation_cmake: 0.8.1 (/opt/ros/eloquent/share/rmw_implementation_cmake/cmake)
[1.990s] -- Using RMW implementation 'rmw_fastrtps_cpp' as default
[1.991s] -- Looking for pthread.h
[2.090s] -- Looking for pthread.h - found
[2.091s] -- Looking for pthread_create
[2.192s] -- Looking for pthread_create - not found
[2.193s] -- Looking for pthread_create in pthreads
[2.269s] -- Looking for pthread_create in pthreads - not found
[2.269s] -- Looking for pthread_create in pthread
[2.373s] -- Looking for pthread_create in pthread - found
[2.374s] -- Found Threads: TRUE  
[2.416s] -- Found geometry_msgs: 0.8.1 (/opt/ros/eloquent/share/geometry_msgs/cmake)
[2.461s] -- Found PythonInterp: /usr/bin/python3 (found version "3.6.9") 
[2.711s] -- Using single matching rosidl_typesupport_c: rosidl_typesupport_fastrtps_c
[2.777s] -- Using single matching rosidl_typesupport_cpp: rosidl_typesupport_fastrtps_cpp
[3.356s] -- Found PythonInterp: /usr/bin/python3 (found suitable version "3.6.9", minimum required is "3.5") 
[3.358s] -- Found python_cmake_module: 0.8.0 (/opt/ros/eloquent/share/python_cmake_module/cmake)
[3.402s] -- Found PythonLibs: /usr/lib/x86_64-linux-gnu/libpython3.6m.so (found suitable version "3.6.9", minimum required is "3.5") 
[3.402s] -- Using PYTHON_EXECUTABLE: /usr/bin/python3
[3.402s] -- Using PYTHON_INCLUDE_DIRS: /usr/include/python3.6m
[3.402s] -- Using PYTHON_LIBRARIES: /usr/lib/x86_64-linux-gnu/libpython3.6m.so
[3.435s] -- Found PythonExtra: .so  
[3.644s] -- Found ament_lint_auto: 0.8.1 (/opt/ros/eloquent/share/ament_lint_auto/cmake)
[3.672s] -- Added test 'lint_cmake' to check CMake code style
[3.673s] -- Added test 'xmllint' to check XML markup files
[3.679s] -- Configuring done
[3.860s] -- Generating done
[3.872s] -- Build files have been written to: /home/kenneth/PycharmProjects/ros2_ws_fix/build/sensor_fusion_msg_types
[3.885s] Invoked command in '/home/kenneth/PycharmProjects/ros2_ws_fix/build/sensor_fusion_msg_types' returned '0': CMAKE_PREFIX_PATH=/opt/ros/eloquent /usr/bin/cmake /home/kenneth/PycharmProjects/ros2_ws_fix/src/sensor_fusion_msg_types -DAMENT_CMAKE_SYMLINK_INSTALL=1 -DCMAKE_INSTALL_PREFIX=/home/kenneth/PycharmProjects/ros2_ws_fix/install/sensor_fusion_msg_types
[3.886s] Invoking command in '/home/kenneth/PycharmProjects/ros2_ws_fix/build/sensor_fusion_msg_types': CMAKE_PREFIX_PATH=/opt/ros/eloquent /usr/bin/cmake --build /home/kenneth/PycharmProjects/ros2_ws_fix/build/sensor_fusion_msg_types -- -j1 -l1
[3.940s] [35m[1mScanning dependencies of target sensor_fusion_msg_types__cpp[0m
[3.958s] [  3%] [34m[1mGenerating C++ code for ROS interfaces[0m
[4.295s] [  3%] Built target sensor_fusion_msg_types__cpp
[4.308s] [  6%] [34m[1mGenerating C++ type support for eProsima Fast-RTPS[0m
[4.670s] [35m[1mScanning dependencies of target sensor_fusion_msg_types__rosidl_typesupport_fastrtps_cpp[0m
[4.690s] [ 10%] [32mBuilding CXX object CMakeFiles/sensor_fusion_msg_types__rosidl_typesupport_fastrtps_cpp.dir/rosidl_typesupport_fastrtps_cpp/sensor_fusion_msg_types/msg/dds_fastrtps/vinerow__type_support.cpp.o[0m
[5.203s] [ 13%] [32m[1mLinking CXX shared library libsensor_fusion_msg_types__rosidl_typesupport_fastrtps_cpp.so[0m
[5.329s] [ 13%] Built target sensor_fusion_msg_types__rosidl_typesupport_fastrtps_cpp
[5.353s] [ 17%] [34m[1mGenerating C++ type support dispatch for ROS interfaces[0m
[5.696s] [35m[1mScanning dependencies of target sensor_fusion_msg_types__rosidl_typesupport_cpp[0m
[5.715s] [ 20%] [32mBuilding CXX object CMakeFiles/sensor_fusion_msg_types__rosidl_typesupport_cpp.dir/rosidl_typesupport_cpp/sensor_fusion_msg_types/msg/vinerow__type_support.cpp.o[0m
[6.185s] [ 24%] [32m[1mLinking CXX shared library libsensor_fusion_msg_types__rosidl_typesupport_cpp.so[0m
[6.319s] [ 24%] Built target sensor_fusion_msg_types__rosidl_typesupport_cpp
[6.333s] [ 27%] [34m[1mGenerating C code for ROS interfaces[0m
[6.733s] [35m[1mScanning dependencies of target sensor_fusion_msg_types__rosidl_generator_c[0m
[6.755s] [ 31%] [32mBuilding C object CMakeFiles/sensor_fusion_msg_types__rosidl_generator_c.dir/rosidl_generator_c/sensor_fusion_msg_types/msg/vinerow__functions.c.o[0m
[6.812s] [ 34%] [32m[1mLinking C shared library libsensor_fusion_msg_types__rosidl_generator_c.so[0m
[6.872s] [ 34%] Built target sensor_fusion_msg_types__rosidl_generator_c
[6.899s] [ 37%] [34m[1mGenerating C type support for eProsima Fast-RTPS[0m
[7.258s] [35m[1mScanning dependencies of target sensor_fusion_msg_types__rosidl_typesupport_fastrtps_c[0m
[7.281s] [ 41%] [32mBuilding CXX object CMakeFiles/sensor_fusion_msg_types__rosidl_typesupport_fastrtps_c.dir/rosidl_typesupport_fastrtps_c/sensor_fusion_msg_types/msg/vinerow__type_support_c.cpp.o[0m
[7.689s] [ 44%] [32m[1mLinking CXX shared library libsensor_fusion_msg_types__rosidl_typesupport_fastrtps_c.so[0m
[7.822s] [ 44%] Built target sensor_fusion_msg_types__rosidl_typesupport_fastrtps_c
[7.841s] [ 48%] [34m[1mGenerating C type support dispatch for ROS interfaces[0m
[8.150s] [35m[1mScanning dependencies of target sensor_fusion_msg_types__rosidl_typesupport_c[0m
[8.177s] [ 51%] [32mBuilding CXX object CMakeFiles/sensor_fusion_msg_types__rosidl_typesupport_c.dir/rosidl_typesupport_c/sensor_fusion_msg_types/msg/vinerow__type_support.cpp.o[0m
[8.215s] [ 55%] [32m[1mLinking CXX shared library libsensor_fusion_msg_types__rosidl_typesupport_c.so[0m
[8.319s] [ 55%] Built target sensor_fusion_msg_types__rosidl_typesupport_c
[8.338s] [ 58%] [34m[1mGenerating C++ introspection for ROS interfaces[0m
[8.724s] [35m[1mScanning dependencies of target sensor_fusion_msg_types__rosidl_typesupport_introspection_cpp[0m
[8.740s] [ 62%] [32mBuilding CXX object CMakeFiles/sensor_fusion_msg_types__rosidl_typesupport_introspection_cpp.dir/rosidl_typesupport_introspection_cpp/sensor_fusion_msg_types/msg/vinerow__type_support.cpp.o[0m
[9.069s] [ 65%] [32m[1mLinking CXX shared library libsensor_fusion_msg_types__rosidl_typesupport_introspection_cpp.so[0m
[9.189s] [ 65%] Built target sensor_fusion_msg_types__rosidl_typesupport_introspection_cpp
[9.206s] [ 68%] [34m[1mGenerating C introspection for ROS interfaces[0m
[9.550s] [35m[1mScanning dependencies of target sensor_fusion_msg_types__rosidl_typesupport_introspection_c[0m
[9.571s] [ 72%] [32mBuilding C object CMakeFiles/sensor_fusion_msg_types__rosidl_typesupport_introspection_c.dir/rosidl_typesupport_introspection_c/sensor_fusion_msg_types/msg/vinerow__type_support.c.o[0m
[9.616s] [ 75%] [32m[1mLinking C shared library libsensor_fusion_msg_types__rosidl_typesupport_introspection_c.so[0m
[9.661s] [ 75%] Built target sensor_fusion_msg_types__rosidl_typesupport_introspection_c
[9.689s] [35m[1mScanning dependencies of target sensor_fusion_msg_types[0m
[9.711s] [ 75%] Built target sensor_fusion_msg_types
[9.729s] [35m[1mScanning dependencies of target sensor_fusion_msg_types__py[0m
[9.749s] [ 79%] [34m[1mGenerating Python code for ROS interfaces[0m
[10.385s] [ 79%] Built target sensor_fusion_msg_types__py
[10.399s] [35m[1mScanning dependencies of target sensor_fusion_msg_types__python[0m
[10.427s] [ 82%] [32mBuilding C object CMakeFiles/sensor_fusion_msg_types__python.dir/rosidl_generator_py/sensor_fusion_msg_types/msg/_vinerow_s.c.o[0m
[10.556s] [ 86%] [32m[1mLinking CXX shared library rosidl_generator_py/sensor_fusion_msg_types/libsensor_fusion_msg_types__python.so[0m
[10.664s] [ 86%] Built target sensor_fusion_msg_types__python
[10.692s] [35m[1mScanning dependencies of target sensor_fusion_msg_types__rosidl_typesupport_c__pyext[0m
[10.727s] [ 89%] [32mBuilding C object CMakeFiles/sensor_fusion_msg_types__rosidl_typesupport_c__pyext.dir/rosidl_generator_py/sensor_fusion_msg_types/_sensor_fusion_msg_types_s.ep.rosidl_typesupport_c.c.o[0m
[10.857s] [ 93%] [32m[1mLinking CXX shared library rosidl_generator_py/sensor_fusion_msg_types/sensor_fusion_msg_types_s__rosidl_typesupport_c.cpython-36m-x86_64-linux-gnu.so[0m
[10.960s] [ 93%] Built target sensor_fusion_msg_types__rosidl_typesupport_c__pyext
[10.984s] [35m[1mScanning dependencies of target sensor_fusion_msg_types__rosidl_typesupport_fastrtps_c__pyext[0m
[11.013s] [ 96%] [32mBuilding C object CMakeFiles/sensor_fusion_msg_types__rosidl_typesupport_fastrtps_c__pyext.dir/rosidl_generator_py/sensor_fusion_msg_types/_sensor_fusion_msg_types_s.ep.rosidl_typesupport_fastrtps_c.c.o[0m
[11.109s] [100%] [32m[1mLinking CXX shared library rosidl_generator_py/sensor_fusion_msg_types/sensor_fusion_msg_types_s__rosidl_typesupport_fastrtps_c.cpython-36m-x86_64-linux-gnu.so[0m
[11.232s] [100%] Built target sensor_fusion_msg_types__rosidl_typesupport_fastrtps_c__pyext
[11.249s] Invoked command in '/home/kenneth/PycharmProjects/ros2_ws_fix/build/sensor_fusion_msg_types' returned '0': CMAKE_PREFIX_PATH=/opt/ros/eloquent /usr/bin/cmake --build /home/kenneth/PycharmProjects/ros2_ws_fix/build/sensor_fusion_msg_types -- -j1 -l1
[11.346s] Invoking command in '/home/kenneth/PycharmProjects/ros2_ws_fix/build/sensor_fusion_msg_types': CMAKE_PREFIX_PATH=/opt/ros/eloquent /usr/bin/cmake --build /home/kenneth/PycharmProjects/ros2_ws_fix/build/sensor_fusion_msg_types --target install -- -j1 -l1
[11.422s] [  3%] Built target sensor_fusion_msg_types__cpp
[11.456s] [ 13%] Built target sensor_fusion_msg_types__rosidl_typesupport_fastrtps_cpp
[11.505s] [ 24%] Built target sensor_fusion_msg_types__rosidl_typesupport_cpp
[11.533s] [ 34%] Built target sensor_fusion_msg_types__rosidl_generator_c
[11.565s] [ 44%] Built target sensor_fusion_msg_types__rosidl_typesupport_fastrtps_c
[11.613s] [ 55%] Built target sensor_fusion_msg_types__rosidl_typesupport_c
[11.656s] [ 65%] Built target sensor_fusion_msg_types__rosidl_typesupport_introspection_cpp
[11.705s] [ 75%] Built target sensor_fusion_msg_types__rosidl_typesupport_introspection_c
[11.734s] [ 75%] Built target sensor_fusion_msg_types
[11.760s] [ 79%] Built target sensor_fusion_msg_types__py
[11.806s] [ 86%] Built target sensor_fusion_msg_types__python
[11.856s] [ 93%] Built target sensor_fusion_msg_types__rosidl_typesupport_c__pyext
[11.891s] [100%] Built target sensor_fusion_msg_types__rosidl_typesupport_fastrtps_c__pyext
[11.914s] [36mInstall the project...[0m
[11.925s] -- Install configuration: ""
[11.926s] -- Execute custom install script
[11.927s] -- Symlinking: /home/kenneth/PycharmProjects/ros2_ws_fix/install/sensor_fusion_msg_types/share/ament_index/resource_index/rosidl_interfaces/sensor_fusion_msg_types
[11.939s] -- Symlinking: /home/kenneth/PycharmProjects/ros2_ws_fix/install/sensor_fusion_msg_types/lib/libsensor_fusion_msg_types__rosidl_typesupport_c.so
[11.951s] -- Symlinking: /home/kenneth/PycharmProjects/ros2_ws_fix/install/sensor_fusion_msg_types/share/sensor_fusion_msg_types/environment/library_path.sh
[11.964s] -- Symlinking: /home/kenneth/PycharmProjects/ros2_ws_fix/install/sensor_fusion_msg_types/share/sensor_fusion_msg_types/environment/library_path.dsv
[11.981s] -- Symlinking: /home/kenneth/PycharmProjects/ros2_ws_fix/install/sensor_fusion_msg_types/lib/libsensor_fusion_msg_types__rosidl_typesupport_cpp.so
[12.000s] -- Symlinking: /home/kenneth/PycharmProjects/ros2_ws_fix/install/sensor_fusion_msg_types/include/sensor_fusion_msg_types/msg/rosidl_typesupport_fastrtps_c__visibility_control.h
[12.013s] -- Symlinking: /home/kenneth/PycharmProjects/ros2_ws_fix/install/sensor_fusion_msg_types/include/sensor_fusion_msg_types/msg/vinerow__rosidl_typesupport_fastrtps_c.h
[12.026s] -- Symlinking: /home/kenneth/PycharmProjects/ros2_ws_fix/install/sensor_fusion_msg_types/lib/libsensor_fusion_msg_types__rosidl_typesupport_fastrtps_c.so
[12.037s] -- Symlinking: /home/kenneth/PycharmProjects/ros2_ws_fix/install/sensor_fusion_msg_types/include/sensor_fusion_msg_types/msg/rosidl_generator_c__visibility_control.h
[12.049s] -- Symlinking: /home/kenneth/PycharmProjects/ros2_ws_fix/install/sensor_fusion_msg_types/include/sensor_fusion_msg_types/msg/vinerow.h
[12.060s] -- Symlinking: /home/kenneth/PycharmProjects/ros2_ws_fix/install/sensor_fusion_msg_types/include/sensor_fusion_msg_types/msg/vinerow__functions.h
[12.072s] -- Symlinking: /home/kenneth/PycharmProjects/ros2_ws_fix/install/sensor_fusion_msg_types/include/sensor_fusion_msg_types/msg/vinerow__struct.h
[12.089s] -- Symlinking: /home/kenneth/PycharmProjects/ros2_ws_fix/install/sensor_fusion_msg_types/include/sensor_fusion_msg_types/msg/vinerow__type_support.h
[12.110s] -- Symlinking: /home/kenneth/PycharmProjects/ros2_ws_fix/install/sensor_fusion_msg_types/lib/libsensor_fusion_msg_types__rosidl_generator_c.so
[12.123s] -- Symlinking: /home/kenneth/PycharmProjects/ros2_ws_fix/install/sensor_fusion_msg_types/include/sensor_fusion_msg_types/msg/rosidl_typesupport_fastrtps_cpp__visibility_control.h
[12.133s] -- Symlinking: /home/kenneth/PycharmProjects/ros2_ws_fix/install/sensor_fusion_msg_types/include/sensor_fusion_msg_types/msg/vinerow__rosidl_typesupport_fastrtps_cpp.hpp
[12.146s] -- Symlinking: /home/kenneth/PycharmProjects/ros2_ws_fix/install/sensor_fusion_msg_types/lib/libsensor_fusion_msg_types__rosidl_typesupport_fastrtps_cpp.so
[12.158s] -- Symlinking: /home/kenneth/PycharmProjects/ros2_ws_fix/install/sensor_fusion_msg_types/include/sensor_fusion_msg_types/msg/vinerow.hpp
[12.170s] -- Symlinking: /home/kenneth/PycharmProjects/ros2_ws_fix/install/sensor_fusion_msg_types/include/sensor_fusion_msg_types/msg/vinerow__struct.hpp
[12.180s] -- Symlinking: /home/kenneth/PycharmProjects/ros2_ws_fix/install/sensor_fusion_msg_types/include/sensor_fusion_msg_types/msg/vinerow__traits.hpp
[12.204s] -- Symlinking: /home/kenneth/PycharmProjects/ros2_ws_fix/install/sensor_fusion_msg_types/include/sensor_fusion_msg_types/msg/rosidl_typesupport_introspection_c__visibility_control.h
[12.217s] -- Symlinking: /home/kenneth/PycharmProjects/ros2_ws_fix/install/sensor_fusion_msg_types/include/sensor_fusion_msg_types/msg/vinerow__rosidl_typesupport_introspection_c.h
[12.230s] -- Symlinking: /home/kenneth/PycharmProjects/ros2_ws_fix/install/sensor_fusion_msg_types/lib/libsensor_fusion_msg_types__rosidl_typesupport_introspection_c.so
[12.242s] -- Symlinking: /home/kenneth/PycharmProjects/ros2_ws_fix/install/sensor_fusion_msg_types/include/sensor_fusion_msg_types/msg/vinerow__rosidl_typesupport_introspection_cpp.hpp
[12.253s] -- Symlinking: /home/kenneth/PycharmProjects/ros2_ws_fix/install/sensor_fusion_msg_types/lib/libsensor_fusion_msg_types__rosidl_typesupport_introspection_cpp.so
[12.264s] -- Symlinking: /home/kenneth/PycharmProjects/ros2_ws_fix/install/sensor_fusion_msg_types/share/sensor_fusion_msg_types/environment/pythonpath.sh
[12.276s] -- Symlinking: /home/kenneth/PycharmProjects/ros2_ws_fix/install/sensor_fusion_msg_types/share/sensor_fusion_msg_types/environment/pythonpath.dsv
[12.293s] -- Symlinking: /home/kenneth/PycharmProjects/ros2_ws_fix/install/sensor_fusion_msg_types/lib/python3.6/site-packages/sensor_fusion_msg_types/__init__.py
[12.319s] -- Symlinking: /home/kenneth/PycharmProjects/ros2_ws_fix/install/sensor_fusion_msg_types/lib/python3.6/site-packages/sensor_fusion_msg_types/msg/__init__.py
[12.333s] -- Symlinking: /home/kenneth/PycharmProjects/ros2_ws_fix/install/sensor_fusion_msg_types/lib/python3.6/site-packages/sensor_fusion_msg_types/msg/_vinerow.py
[12.346s] -- Symlinking: /home/kenneth/PycharmProjects/ros2_ws_fix/install/sensor_fusion_msg_types/lib/python3.6/site-packages/sensor_fusion_msg_types/sensor_fusion_msg_types_s__rosidl_typesupport_c.cpython-36m-x86_64-linux-gnu.so
[12.358s] -- Symlinking: /home/kenneth/PycharmProjects/ros2_ws_fix/install/sensor_fusion_msg_types/lib/python3.6/site-packages/sensor_fusion_msg_types/sensor_fusion_msg_types_s__rosidl_typesupport_fastrtps_c.cpython-36m-x86_64-linux-gnu.so
[12.370s] -- Symlinking: /home/kenneth/PycharmProjects/ros2_ws_fix/install/sensor_fusion_msg_types/lib/libsensor_fusion_msg_types__python.so
[12.381s] -- Symlinking: /home/kenneth/PycharmProjects/ros2_ws_fix/install/sensor_fusion_msg_types/share/sensor_fusion_msg_types/msg/Vinerow.idl
[12.397s] -- Symlinking: /home/kenneth/PycharmProjects/ros2_ws_fix/install/sensor_fusion_msg_types/share/sensor_fusion_msg_types/msg/Vinerow.msg
[12.408s] -- Symlinking: /home/kenneth/PycharmProjects/ros2_ws_fix/install/sensor_fusion_msg_types/share/ament_index/resource_index/package_run_dependencies/sensor_fusion_msg_types
[12.420s] -- Symlinking: /home/kenneth/PycharmProjects/ros2_ws_fix/install/sensor_fusion_msg_types/share/ament_index/resource_index/parent_prefix_path/sensor_fusion_msg_types
[12.432s] -- Symlinking: /home/kenneth/PycharmProjects/ros2_ws_fix/install/sensor_fusion_msg_types/share/sensor_fusion_msg_types/environment/ament_prefix_path.sh
[12.444s] -- Symlinking: /home/kenneth/PycharmProjects/ros2_ws_fix/install/sensor_fusion_msg_types/share/sensor_fusion_msg_types/environment/ament_prefix_path.dsv
[12.455s] -- Symlinking: /home/kenneth/PycharmProjects/ros2_ws_fix/install/sensor_fusion_msg_types/share/sensor_fusion_msg_types/environment/path.sh
[12.468s] -- Symlinking: /home/kenneth/PycharmProjects/ros2_ws_fix/install/sensor_fusion_msg_types/share/sensor_fusion_msg_types/environment/path.dsv
[12.494s] -- Symlinking: /home/kenneth/PycharmProjects/ros2_ws_fix/install/sensor_fusion_msg_types/share/sensor_fusion_msg_types/local_setup.bash
[12.505s] -- Symlinking: /home/kenneth/PycharmProjects/ros2_ws_fix/install/sensor_fusion_msg_types/share/sensor_fusion_msg_types/local_setup.sh
[12.516s] -- Symlinking: /home/kenneth/PycharmProjects/ros2_ws_fix/install/sensor_fusion_msg_types/share/sensor_fusion_msg_types/local_setup.zsh
[12.527s] -- Symlinking: /home/kenneth/PycharmProjects/ros2_ws_fix/install/sensor_fusion_msg_types/share/sensor_fusion_msg_types/local_setup.dsv
[12.538s] -- Symlinking: /home/kenneth/PycharmProjects/ros2_ws_fix/install/sensor_fusion_msg_types/share/sensor_fusion_msg_types/package.dsv
[12.549s] -- Symlinking: /home/kenneth/PycharmProjects/ros2_ws_fix/install/sensor_fusion_msg_types/share/ament_index/resource_index/packages/sensor_fusion_msg_types
[12.561s] -- Symlinking: /home/kenneth/PycharmProjects/ros2_ws_fix/install/sensor_fusion_msg_types/share/sensor_fusion_msg_types/cmake/rosidl_cmake-extras.cmake
[12.586s] -- Symlinking: /home/kenneth/PycharmProjects/ros2_ws_fix/install/sensor_fusion_msg_types/share/sensor_fusion_msg_types/cmake/ament_cmake_export_dependencies-extras.cmake
[12.601s] -- Symlinking: /home/kenneth/PycharmProjects/ros2_ws_fix/install/sensor_fusion_msg_types/share/sensor_fusion_msg_types/cmake/ament_cmake_export_libraries-extras.cmake
[12.612s] -- Symlinking: /home/kenneth/PycharmProjects/ros2_ws_fix/install/sensor_fusion_msg_types/share/sensor_fusion_msg_types/cmake/ament_cmake_export_include_directories-extras.cmake
[12.624s] -- Symlinking: /home/kenneth/PycharmProjects/ros2_ws_fix/install/sensor_fusion_msg_types/share/sensor_fusion_msg_types/cmake/sensor_fusion_msg_typesConfig.cmake
[12.635s] -- Symlinking: /home/kenneth/PycharmProjects/ros2_ws_fix/install/sensor_fusion_msg_types/share/sensor_fusion_msg_types/cmake/sensor_fusion_msg_typesConfig-version.cmake
[12.648s] -- Symlinking: /home/kenneth/PycharmProjects/ros2_ws_fix/install/sensor_fusion_msg_types/share/sensor_fusion_msg_types/package.xml
[12.716s] Compiling '/home/kenneth/PycharmProjects/ros2_ws_fix/install/sensor_fusion_msg_types/lib/python3.6/site-packages/sensor_fusion_msg_types/__init__.py'...
[12.727s] Invoked command in '/home/kenneth/PycharmProjects/ros2_ws_fix/build/sensor_fusion_msg_types' returned '0': CMAKE_PREFIX_PATH=/opt/ros/eloquent /usr/bin/cmake --build /home/kenneth/PycharmProjects/ros2_ws_fix/build/sensor_fusion_msg_types --target install -- -j1 -l1
