[0.042s] Invoking command in '/home/kenneth/PycharmProjects/ros2_ws_fix/build/sensor_fusion_msgs': CMAKE_PREFIX_PATH=/opt/ros/eloquent /usr/bin/cmake /home/kenneth/PycharmProjects/ros2_ws_fix/src/sensor_fusion_msgs -DCMAKE_INSTALL_PREFIX=/home/kenneth/PycharmProjects/ros2_ws_fix/install/sensor_fusion_msgs
[0.064s] -- Found ament_cmake: 0.8.2 (/opt/ros/eloquent/share/ament_cmake/cmake)
[0.092s] -- Found PythonInterp: /usr/bin/python3 (found suitable version "3.6.9", minimum required is "3") 
[0.092s] -- Using PYTHON_EXECUTABLE: /usr/bin/python3
[0.350s] -- Found rosidl_default_generators: 0.8.0 (/opt/ros/eloquent/share/rosidl_default_generators/cmake)
[0.444s] -- Found OpenSSL: /usr/lib/x86_64-linux-gnu/libcrypto.so (found version "1.1.1") 
[0.467s] -- Found FastRTPS: /opt/ros/eloquent/include  
[0.481s] -- Found rosidl_adapter: 0.8.2 (/opt/ros/eloquent/share/rosidl_adapter/cmake)
[0.568s] -- Found rclcpp: 0.8.4 (/opt/ros/eloquent/share/rclcpp/cmake)
[0.594s] -- Found rmw_implementation_cmake: 0.8.1 (/opt/ros/eloquent/share/rmw_implementation_cmake/cmake)
[0.596s] -- Using RMW implementation 'rmw_fastrtps_cpp' as default
[0.597s] -- Looking for pthread.h
[0.678s] -- Looking for pthread.h - found
[0.679s] -- Looking for pthread_create
[0.762s] -- Looking for pthread_create - not found
[0.762s] -- Looking for pthread_create in pthreads
[0.833s] -- Looking for pthread_create in pthreads - not found
[0.833s] -- Looking for pthread_create in pthread
[0.908s] -- Looking for pthread_create in pthread - found
[0.909s] -- Found Threads: TRUE  
[0.975s] CMake Error at CMakeLists.txt:27 (find_package):
[0.975s]   By not providing "Findsensor_fusion_msg_types.cmake" in CMAKE_MODULE_PATH
[0.975s]   this project has asked CMake to find a package configuration file provided
[0.975s]   by "sensor_fusion_msg_types", but CMake did not find one.
[0.975s] 
[0.975s]   Could not find a package configuration file provided by
[0.976s]   "sensor_fusion_msg_types" with any of the following names:
[0.976s] 
[0.976s]     sensor_fusion_msg_typesConfig.cmake
[0.976s]     sensor_fusion_msg_types-config.cmake
[0.976s] 
[0.976s]   Add the installation prefix of "sensor_fusion_msg_types" to
[0.976s]   CMAKE_PREFIX_PATH or set "sensor_fusion_msg_types_DIR" to a directory
[0.977s]   containing one of the above files.  If "sensor_fusion_msg_types" provides a
[0.977s]   separate development package or SDK, be sure it has been installed.
[0.977s] 
[0.977s] 
[0.978s] -- Configuring incomplete, errors occurred!
[0.979s] See also "/home/kenneth/PycharmProjects/ros2_ws_fix/build/sensor_fusion_msgs/CMakeFiles/CMakeOutput.log".
[0.979s] See also "/home/kenneth/PycharmProjects/ros2_ws_fix/build/sensor_fusion_msgs/CMakeFiles/CMakeError.log".
[0.983s] Invoked command in '/home/kenneth/PycharmProjects/ros2_ws_fix/build/sensor_fusion_msgs' returned '1': CMAKE_PREFIX_PATH=/opt/ros/eloquent /usr/bin/cmake /home/kenneth/PycharmProjects/ros2_ws_fix/src/sensor_fusion_msgs -DCMAKE_INSTALL_PREFIX=/home/kenneth/PycharmProjects/ros2_ws_fix/install/sensor_fusion_msgs
