Determining if the pthread_create exist failed with the following output:
Change Dir: /home/kenneth/PycharmProjects/ros2_ws_fix/build/sensor_fusion_msgs/CMakeFiles/CMakeTmp

Run Build Command:"/usr/bin/make" "cmTC_1a261/fast"
/usr/bin/make -f CMakeFiles/cmTC_1a261.dir/build.make CMakeFiles/cmTC_1a261.dir/build
make[1]: Entering directory '/home/kenneth/PycharmProjects/ros2_ws_fix/build/sensor_fusion_msgs/CMakeFiles/CMakeTmp'
Building C object CMakeFiles/cmTC_1a261.dir/CheckSymbolExists.c.o
/usr/bin/cc    -o CMakeFiles/cmTC_1a261.dir/CheckSymbolExists.c.o   -c /home/kenneth/PycharmProjects/ros2_ws_fix/build/sensor_fusion_msgs/CMakeFiles/CMakeTmp/CheckSymbolExists.c
Linking C executable cmTC_1a261
/usr/bin/cmake -E cmake_link_script CMakeFiles/cmTC_1a261.dir/link.txt --verbose=1
/usr/bin/cc      CMakeFiles/cmTC_1a261.dir/CheckSymbolExists.c.o  -o cmTC_1a261 
CMakeFiles/cmTC_1a261.dir/CheckSymbolExists.c.o: In function `main':
CheckSymbolExists.c:(.text+0x1b): undefined reference to `pthread_create'
collect2: error: ld returned 1 exit status
CMakeFiles/cmTC_1a261.dir/build.make:97: recipe for target 'cmTC_1a261' failed
make[1]: *** [cmTC_1a261] Error 1
make[1]: Leaving directory '/home/kenneth/PycharmProjects/ros2_ws_fix/build/sensor_fusion_msgs/CMakeFiles/CMakeTmp'
Makefile:126: recipe for target 'cmTC_1a261/fast' failed
make: *** [cmTC_1a261/fast] Error 2

File /home/kenneth/PycharmProjects/ros2_ws_fix/build/sensor_fusion_msgs/CMakeFiles/CMakeTmp/CheckSymbolExists.c:
/* */
#include <pthread.h>

int main(int argc, char** argv)
{
  (void)argv;
#ifndef pthread_create
  return ((int*)(&pthread_create))[argc];
#else
  (void)argc;
  return 0;
#endif
}

Determining if the function pthread_create exists in the pthreads failed with the following output:
Change Dir: /home/kenneth/PycharmProjects/ros2_ws_fix/build/sensor_fusion_msgs/CMakeFiles/CMakeTmp

Run Build Command:"/usr/bin/make" "cmTC_bae12/fast"
/usr/bin/make -f CMakeFiles/cmTC_bae12.dir/build.make CMakeFiles/cmTC_bae12.dir/build
make[1]: Entering directory '/home/kenneth/PycharmProjects/ros2_ws_fix/build/sensor_fusion_msgs/CMakeFiles/CMakeTmp'
Building C object CMakeFiles/cmTC_bae12.dir/CheckFunctionExists.c.o
/usr/bin/cc   -DCHECK_FUNCTION_EXISTS=pthread_create   -o CMakeFiles/cmTC_bae12.dir/CheckFunctionExists.c.o   -c /usr/share/cmake-3.10/Modules/CheckFunctionExists.c
Linking C executable cmTC_bae12
/usr/bin/cmake -E cmake_link_script CMakeFiles/cmTC_bae12.dir/link.txt --verbose=1
/usr/bin/cc  -DCHECK_FUNCTION_EXISTS=pthread_create    CMakeFiles/cmTC_bae12.dir/CheckFunctionExists.c.o  -o cmTC_bae12 -lpthreads 
/usr/bin/ld: cannot find -lpthreads
collect2: error: ld returned 1 exit status
CMakeFiles/cmTC_bae12.dir/build.make:97: recipe for target 'cmTC_bae12' failed
make[1]: *** [cmTC_bae12] Error 1
make[1]: Leaving directory '/home/kenneth/PycharmProjects/ros2_ws_fix/build/sensor_fusion_msgs/CMakeFiles/CMakeTmp'
Makefile:126: recipe for target 'cmTC_bae12/fast' failed
make: *** [cmTC_bae12/fast] Error 2


