[0.050s] Invoking command in '/home/kenneth/PycharmProjects/ros2_ws_fix/build/sensor_fusion_msg_types': CMAKE_PREFIX_PATH=${CMAKE_PREFIX_PATH}:/home/kenneth/PycharmProjects/ros2_ws_fix/install/sf_ros2_vinerow_sub:/home/kenneth/PycharmProjects/ros2_ws_fix/install/sensor_fusion_subscriber:/home/kenneth/PycharmProjects/ros2_ws_fix/install/ros2_demo_custommsg_pub:/home/kenneth/PycharmProjects/ros2_ws_fix/install/ros2_demo_subscriber:/home/kenneth/PycharmProjects/ros2_ws_fix/install/ros2_demo_publisher:/opt/ros/eloquent /usr/bin/cmake --build /home/kenneth/PycharmProjects/ros2_ws_fix/build/sensor_fusion_msg_types -- -j1 -l1
[0.082s] -- Found ament_cmake: 0.8.2 (/opt/ros/eloquent/share/ament_cmake/cmake)
[0.135s] -- Found PythonInterp: /usr/bin/python3 (found suitable version "3.6.9", minimum required is "3") 
[0.136s] -- Using PYTHON_EXECUTABLE: /usr/bin/python3
[0.377s] -- Override CMake install command with custom implementation using symlinks instead of copying resources
[0.385s] -- Found rosidl_default_generators: 0.8.0 (/opt/ros/eloquent/share/rosidl_default_generators/cmake)
[0.452s] -- Found rosidl_adapter: 0.8.2 (/opt/ros/eloquent/share/rosidl_adapter/cmake)
[0.524s] -- Found rclcpp: 0.8.4 (/opt/ros/eloquent/share/rclcpp/cmake)
[0.546s] -- Found rmw_implementation_cmake: 0.8.1 (/opt/ros/eloquent/share/rmw_implementation_cmake/cmake)
[0.548s] -- Using RMW implementation 'rmw_fastrtps_cpp' as default
[0.582s] -- Found geometry_msgs: 0.8.1 (/opt/ros/eloquent/share/geometry_msgs/cmake)
[0.630s] -- Found PythonInterp: /usr/bin/python3 (found version "3.6.9") 
[0.847s] -- Using single matching rosidl_typesupport_c: rosidl_typesupport_fastrtps_c
[0.901s] -- Using single matching rosidl_typesupport_cpp: rosidl_typesupport_fastrtps_cpp
[1.344s] -- Found PythonInterp: /usr/bin/python3 (found suitable version "3.6.9", minimum required is "3.5") 
[1.345s] -- Found python_cmake_module: 0.8.0 (/opt/ros/eloquent/share/python_cmake_module/cmake)
[1.381s] -- Using PYTHON_EXECUTABLE: /usr/bin/python3
[1.381s] -- Using PYTHON_INCLUDE_DIRS: /usr/include/python3.6m
[1.381s] -- Using PYTHON_LIBRARIES: /usr/lib/x86_64-linux-gnu/libpython3.6m.so
[1.553s] -- Found ament_lint_auto: 0.8.1 (/opt/ros/eloquent/share/ament_lint_auto/cmake)
[1.587s] -- Added test 'lint_cmake' to check CMake code style
[1.590s] -- Added test 'xmllint' to check XML markup files
[1.600s] -- Configuring done
[1.827s] -- Generating done
[1.836s] -- Build files have been written to: /home/kenneth/PycharmProjects/ros2_ws_fix/build/sensor_fusion_msg_types
[1.876s] [  3%] [34m[1mGenerating C++ code for ROS interfaces[0m
[2.192s] [  3%] Built target sensor_fusion_msg_types__cpp
[2.205s] [  6%] [34m[1mGenerating C++ type support for eProsima Fast-RTPS[0m
[2.541s] [35m[1mScanning dependencies of target sensor_fusion_msg_types__rosidl_typesupport_fastrtps_cpp[0m
[2.558s] [ 10%] [32mBuilding CXX object CMakeFiles/sensor_fusion_msg_types__rosidl_typesupport_fastrtps_cpp.dir/rosidl_typesupport_fastrtps_cpp/sensor_fusion_msg_types/msg/dds_fastrtps/vinerow__type_support.cpp.o[0m
[2.944s] [ 13%] [32m[1mLinking CXX shared library libsensor_fusion_msg_types__rosidl_typesupport_fastrtps_cpp.so[0m
[3.036s] [ 13%] Built target sensor_fusion_msg_types__rosidl_typesupport_fastrtps_cpp
[3.051s] [ 17%] [34m[1mGenerating C++ type support dispatch for ROS interfaces[0m
[3.325s] [35m[1mScanning dependencies of target sensor_fusion_msg_types__rosidl_typesupport_cpp[0m
[3.341s] [ 20%] [32mBuilding CXX object CMakeFiles/sensor_fusion_msg_types__rosidl_typesupport_cpp.dir/rosidl_typesupport_cpp/sensor_fusion_msg_types/msg/vinerow__type_support.cpp.o[0m
[3.735s] [ 24%] [32m[1mLinking CXX shared library libsensor_fusion_msg_types__rosidl_typesupport_cpp.so[0m
[3.833s] [ 24%] Built target sensor_fusion_msg_types__rosidl_typesupport_cpp
[3.847s] [ 27%] [34m[1mGenerating C code for ROS interfaces[0m
[4.171s] [35m[1mScanning dependencies of target sensor_fusion_msg_types__rosidl_generator_c[0m
[4.186s] [ 31%] [32mBuilding C object CMakeFiles/sensor_fusion_msg_types__rosidl_generator_c.dir/rosidl_generator_c/sensor_fusion_msg_types/msg/vinerow__functions.c.o[0m
[4.227s] [ 34%] [32m[1mLinking C shared library libsensor_fusion_msg_types__rosidl_generator_c.so[0m
[4.275s] [ 34%] Built target sensor_fusion_msg_types__rosidl_generator_c
[4.288s] [ 37%] [34m[1mGenerating C type support for eProsima Fast-RTPS[0m
[4.604s] [35m[1mScanning dependencies of target sensor_fusion_msg_types__rosidl_typesupport_fastrtps_c[0m
[4.626s] [ 41%] [32mBuilding CXX object CMakeFiles/sensor_fusion_msg_types__rosidl_typesupport_fastrtps_c.dir/rosidl_typesupport_fastrtps_c/sensor_fusion_msg_types/msg/vinerow__type_support_c.cpp.o[0m
[4.956s] [ 44%] [32m[1mLinking CXX shared library libsensor_fusion_msg_types__rosidl_typesupport_fastrtps_c.so[0m
[5.059s] [ 44%] Built target sensor_fusion_msg_types__rosidl_typesupport_fastrtps_c
[5.071s] [ 48%] [34m[1mGenerating C type support dispatch for ROS interfaces[0m
[5.342s] [35m[1mScanning dependencies of target sensor_fusion_msg_types__rosidl_typesupport_c[0m
[5.359s] [ 51%] [32mBuilding CXX object CMakeFiles/sensor_fusion_msg_types__rosidl_typesupport_c.dir/rosidl_typesupport_c/sensor_fusion_msg_types/msg/vinerow__type_support.cpp.o[0m
[5.393s] [ 55%] [32m[1mLinking CXX shared library libsensor_fusion_msg_types__rosidl_typesupport_c.so[0m
[5.465s] [ 55%] Built target sensor_fusion_msg_types__rosidl_typesupport_c
[5.478s] [ 58%] [34m[1mGenerating C++ introspection for ROS interfaces[0m
[5.777s] [35m[1mScanning dependencies of target sensor_fusion_msg_types__rosidl_typesupport_introspection_cpp[0m
[5.795s] [ 62%] [32mBuilding CXX object CMakeFiles/sensor_fusion_msg_types__rosidl_typesupport_introspection_cpp.dir/rosidl_typesupport_introspection_cpp/sensor_fusion_msg_types/msg/vinerow__type_support.cpp.o[0m
[6.062s] [ 65%] [32m[1mLinking CXX shared library libsensor_fusion_msg_types__rosidl_typesupport_introspection_cpp.so[0m
[6.144s] [ 65%] Built target sensor_fusion_msg_types__rosidl_typesupport_introspection_cpp
[6.158s] [ 68%] [34m[1mGenerating C introspection for ROS interfaces[0m
[6.469s] [35m[1mScanning dependencies of target sensor_fusion_msg_types__rosidl_typesupport_introspection_c[0m
[6.485s] [ 72%] [32mBuilding C object CMakeFiles/sensor_fusion_msg_types__rosidl_typesupport_introspection_c.dir/rosidl_typesupport_introspection_c/sensor_fusion_msg_types/msg/vinerow__type_support.c.o[0m
[6.525s] [ 75%] [32m[1mLinking C shared library libsensor_fusion_msg_types__rosidl_typesupport_introspection_c.so[0m
[6.580s] [ 75%] Built target sensor_fusion_msg_types__rosidl_typesupport_introspection_c
[6.604s] [ 75%] Built target sensor_fusion_msg_types
[6.628s] [ 79%] [34m[1mGenerating Python code for ROS interfaces[0m
[7.164s] [ 79%] Built target sensor_fusion_msg_types__py
[7.177s] [35m[1mScanning dependencies of target sensor_fusion_msg_types__python[0m
[7.197s] [ 82%] [32mBuilding C object CMakeFiles/sensor_fusion_msg_types__python.dir/rosidl_generator_py/sensor_fusion_msg_types/msg/_vinerow_s.c.o[0m
[7.295s] [ 86%] [32m[1mLinking CXX shared library rosidl_generator_py/sensor_fusion_msg_types/libsensor_fusion_msg_types__python.so[0m
[7.381s] [ 86%] Built target sensor_fusion_msg_types__python
[7.395s] [35m[1mScanning dependencies of target sensor_fusion_msg_types__rosidl_typesupport_c__pyext[0m
[7.414s] [ 89%] [32mBuilding C object CMakeFiles/sensor_fusion_msg_types__rosidl_typesupport_c__pyext.dir/rosidl_generator_py/sensor_fusion_msg_types/_sensor_fusion_msg_types_s.ep.rosidl_typesupport_c.c.o[0m
[7.503s] [ 93%] [32m[1mLinking CXX shared library rosidl_generator_py/sensor_fusion_msg_types/sensor_fusion_msg_types_s__rosidl_typesupport_c.cpython-36m-x86_64-linux-gnu.so[0m
[7.597s] [ 93%] Built target sensor_fusion_msg_types__rosidl_typesupport_c__pyext
[7.616s] [35m[1mScanning dependencies of target sensor_fusion_msg_types__rosidl_typesupport_fastrtps_c__pyext[0m
[7.637s] [ 96%] [32mBuilding C object CMakeFiles/sensor_fusion_msg_types__rosidl_typesupport_fastrtps_c__pyext.dir/rosidl_generator_py/sensor_fusion_msg_types/_sensor_fusion_msg_types_s.ep.rosidl_typesupport_fastrtps_c.c.o[0m
[7.737s] [100%] [32m[1mLinking CXX shared library rosidl_generator_py/sensor_fusion_msg_types/sensor_fusion_msg_types_s__rosidl_typesupport_fastrtps_c.cpython-36m-x86_64-linux-gnu.so[0m
[7.832s] [100%] Built target sensor_fusion_msg_types__rosidl_typesupport_fastrtps_c__pyext
[7.846s] Invoked command in '/home/kenneth/PycharmProjects/ros2_ws_fix/build/sensor_fusion_msg_types' returned '0': CMAKE_PREFIX_PATH=${CMAKE_PREFIX_PATH}:/home/kenneth/PycharmProjects/ros2_ws_fix/install/sf_ros2_vinerow_sub:/home/kenneth/PycharmProjects/ros2_ws_fix/install/sensor_fusion_subscriber:/home/kenneth/PycharmProjects/ros2_ws_fix/install/ros2_demo_custommsg_pub:/home/kenneth/PycharmProjects/ros2_ws_fix/install/ros2_demo_subscriber:/home/kenneth/PycharmProjects/ros2_ws_fix/install/ros2_demo_publisher:/opt/ros/eloquent /usr/bin/cmake --build /home/kenneth/PycharmProjects/ros2_ws_fix/build/sensor_fusion_msg_types -- -j1 -l1
[7.915s] Invoking command in '/home/kenneth/PycharmProjects/ros2_ws_fix/build/sensor_fusion_msg_types': CMAKE_PREFIX_PATH=${CMAKE_PREFIX_PATH}:/home/kenneth/PycharmProjects/ros2_ws_fix/install/sf_ros2_vinerow_sub:/home/kenneth/PycharmProjects/ros2_ws_fix/install/sensor_fusion_subscriber:/home/kenneth/PycharmProjects/ros2_ws_fix/install/ros2_demo_custommsg_pub:/home/kenneth/PycharmProjects/ros2_ws_fix/install/ros2_demo_subscriber:/home/kenneth/PycharmProjects/ros2_ws_fix/install/ros2_demo_publisher:/opt/ros/eloquent /usr/bin/cmake --build /home/kenneth/PycharmProjects/ros2_ws_fix/build/sensor_fusion_msg_types --target install -- -j1 -l1
[7.976s] [  3%] Built target sensor_fusion_msg_types__cpp
[8.007s] [ 13%] Built target sensor_fusion_msg_types__rosidl_typesupport_fastrtps_cpp
[8.037s] [ 24%] Built target sensor_fusion_msg_types__rosidl_typesupport_cpp
[8.064s] [ 34%] Built target sensor_fusion_msg_types__rosidl_generator_c
[8.098s] [ 44%] Built target sensor_fusion_msg_types__rosidl_typesupport_fastrtps_c
[8.128s] [ 55%] Built target sensor_fusion_msg_types__rosidl_typesupport_c
[8.156s] [ 65%] Built target sensor_fusion_msg_types__rosidl_typesupport_introspection_cpp
[8.186s] [ 75%] Built target sensor_fusion_msg_types__rosidl_typesupport_introspection_c
[8.209s] [ 75%] Built target sensor_fusion_msg_types
[8.232s] [ 79%] Built target sensor_fusion_msg_types__py
[8.263s] [ 86%] Built target sensor_fusion_msg_types__python
[8.295s] [ 93%] Built target sensor_fusion_msg_types__rosidl_typesupport_c__pyext
[8.325s] [100%] Built target sensor_fusion_msg_types__rosidl_typesupport_fastrtps_c__pyext
[8.347s] [36mInstall the project...[0m
[8.357s] -- Install configuration: ""
[8.358s] -- Execute custom install script
[8.358s] -- Up-to-date symlink: /home/kenneth/PycharmProjects/ros2_ws_fix/install/sensor_fusion_msg_types/share/ament_index/resource_index/rosidl_interfaces/sensor_fusion_msg_types
[8.359s] -- Up-to-date symlink: /home/kenneth/PycharmProjects/ros2_ws_fix/install/sensor_fusion_msg_types/lib/libsensor_fusion_msg_types__rosidl_typesupport_c.so
[8.360s] -- Up-to-date symlink: /home/kenneth/PycharmProjects/ros2_ws_fix/install/sensor_fusion_msg_types/share/sensor_fusion_msg_types/environment/library_path.sh
[8.360s] -- Up-to-date symlink: /home/kenneth/PycharmProjects/ros2_ws_fix/install/sensor_fusion_msg_types/share/sensor_fusion_msg_types/environment/library_path.dsv
[8.361s] -- Up-to-date symlink: /home/kenneth/PycharmProjects/ros2_ws_fix/install/sensor_fusion_msg_types/lib/libsensor_fusion_msg_types__rosidl_typesupport_cpp.so
[8.362s] -- Up-to-date symlink: /home/kenneth/PycharmProjects/ros2_ws_fix/install/sensor_fusion_msg_types/include/sensor_fusion_msg_types/msg/rosidl_typesupport_fastrtps_c__visibility_control.h
[8.362s] -- Up-to-date symlink: /home/kenneth/PycharmProjects/ros2_ws_fix/install/sensor_fusion_msg_types/include/sensor_fusion_msg_types/msg/vinerow__rosidl_typesupport_fastrtps_c.h
[8.363s] -- Up-to-date symlink: /home/kenneth/PycharmProjects/ros2_ws_fix/install/sensor_fusion_msg_types/lib/libsensor_fusion_msg_types__rosidl_typesupport_fastrtps_c.so
[8.364s] -- Up-to-date symlink: /home/kenneth/PycharmProjects/ros2_ws_fix/install/sensor_fusion_msg_types/include/sensor_fusion_msg_types/msg/rosidl_generator_c__visibility_control.h
[8.364s] -- Up-to-date symlink: /home/kenneth/PycharmProjects/ros2_ws_fix/install/sensor_fusion_msg_types/include/sensor_fusion_msg_types/msg/vinerow.h
[8.365s] -- Up-to-date symlink: /home/kenneth/PycharmProjects/ros2_ws_fix/install/sensor_fusion_msg_types/include/sensor_fusion_msg_types/msg/vinerow__functions.h
[8.365s] -- Up-to-date symlink: /home/kenneth/PycharmProjects/ros2_ws_fix/install/sensor_fusion_msg_types/include/sensor_fusion_msg_types/msg/vinerow__struct.h
[8.366s] -- Up-to-date symlink: /home/kenneth/PycharmProjects/ros2_ws_fix/install/sensor_fusion_msg_types/include/sensor_fusion_msg_types/msg/vinerow__type_support.h
[8.366s] -- Up-to-date symlink: /home/kenneth/PycharmProjects/ros2_ws_fix/install/sensor_fusion_msg_types/lib/libsensor_fusion_msg_types__rosidl_generator_c.so
[8.369s] -- Up-to-date symlink: /home/kenneth/PycharmProjects/ros2_ws_fix/install/sensor_fusion_msg_types/include/sensor_fusion_msg_types/msg/rosidl_typesupport_fastrtps_cpp__visibility_control.h
[8.369s] -- Up-to-date symlink: /home/kenneth/PycharmProjects/ros2_ws_fix/install/sensor_fusion_msg_types/include/sensor_fusion_msg_types/msg/vinerow__rosidl_typesupport_fastrtps_cpp.hpp
[8.370s] -- Up-to-date symlink: /home/kenneth/PycharmProjects/ros2_ws_fix/install/sensor_fusion_msg_types/lib/libsensor_fusion_msg_types__rosidl_typesupport_fastrtps_cpp.so
[8.371s] -- Up-to-date symlink: /home/kenneth/PycharmProjects/ros2_ws_fix/install/sensor_fusion_msg_types/include/sensor_fusion_msg_types/msg/vinerow.hpp
[8.371s] -- Up-to-date symlink: /home/kenneth/PycharmProjects/ros2_ws_fix/install/sensor_fusion_msg_types/include/sensor_fusion_msg_types/msg/vinerow__struct.hpp
[8.372s] -- Up-to-date symlink: /home/kenneth/PycharmProjects/ros2_ws_fix/install/sensor_fusion_msg_types/include/sensor_fusion_msg_types/msg/vinerow__traits.hpp
[8.373s] -- Up-to-date symlink: /home/kenneth/PycharmProjects/ros2_ws_fix/install/sensor_fusion_msg_types/include/sensor_fusion_msg_types/msg/rosidl_typesupport_introspection_c__visibility_control.h
[8.373s] -- Up-to-date symlink: /home/kenneth/PycharmProjects/ros2_ws_fix/install/sensor_fusion_msg_types/include/sensor_fusion_msg_types/msg/vinerow__rosidl_typesupport_introspection_c.h
[8.374s] -- Up-to-date symlink: /home/kenneth/PycharmProjects/ros2_ws_fix/install/sensor_fusion_msg_types/lib/libsensor_fusion_msg_types__rosidl_typesupport_introspection_c.so
[8.374s] -- Up-to-date symlink: /home/kenneth/PycharmProjects/ros2_ws_fix/install/sensor_fusion_msg_types/include/sensor_fusion_msg_types/msg/vinerow__rosidl_typesupport_introspection_cpp.hpp
[8.375s] -- Up-to-date symlink: /home/kenneth/PycharmProjects/ros2_ws_fix/install/sensor_fusion_msg_types/lib/libsensor_fusion_msg_types__rosidl_typesupport_introspection_cpp.so
[8.376s] -- Up-to-date symlink: /home/kenneth/PycharmProjects/ros2_ws_fix/install/sensor_fusion_msg_types/share/sensor_fusion_msg_types/environment/pythonpath.sh
[8.376s] -- Up-to-date symlink: /home/kenneth/PycharmProjects/ros2_ws_fix/install/sensor_fusion_msg_types/share/sensor_fusion_msg_types/environment/pythonpath.dsv
[8.377s] -- Up-to-date symlink: /home/kenneth/PycharmProjects/ros2_ws_fix/install/sensor_fusion_msg_types/lib/python3.6/site-packages/sensor_fusion_msg_types/__init__.py
[8.377s] -- Up-to-date symlink: /home/kenneth/PycharmProjects/ros2_ws_fix/install/sensor_fusion_msg_types/lib/python3.6/site-packages/sensor_fusion_msg_types/msg/__init__.py
[8.378s] -- Up-to-date symlink: /home/kenneth/PycharmProjects/ros2_ws_fix/install/sensor_fusion_msg_types/lib/python3.6/site-packages/sensor_fusion_msg_types/msg/_vinerow.py
[8.379s] -- Up-to-date symlink: /home/kenneth/PycharmProjects/ros2_ws_fix/install/sensor_fusion_msg_types/lib/python3.6/site-packages/sensor_fusion_msg_types/sensor_fusion_msg_types_s__rosidl_typesupport_c.cpython-36m-x86_64-linux-gnu.so
[8.380s] -- Up-to-date symlink: /home/kenneth/PycharmProjects/ros2_ws_fix/install/sensor_fusion_msg_types/lib/python3.6/site-packages/sensor_fusion_msg_types/sensor_fusion_msg_types_s__rosidl_typesupport_fastrtps_c.cpython-36m-x86_64-linux-gnu.so
[8.381s] -- Up-to-date symlink: /home/kenneth/PycharmProjects/ros2_ws_fix/install/sensor_fusion_msg_types/lib/libsensor_fusion_msg_types__python.so
[8.381s] -- Up-to-date symlink: /home/kenneth/PycharmProjects/ros2_ws_fix/install/sensor_fusion_msg_types/share/sensor_fusion_msg_types/msg/Vinerow.idl
[8.382s] -- Up-to-date symlink: /home/kenneth/PycharmProjects/ros2_ws_fix/install/sensor_fusion_msg_types/share/sensor_fusion_msg_types/msg/Vinerow.msg
[8.383s] -- Up-to-date symlink: /home/kenneth/PycharmProjects/ros2_ws_fix/install/sensor_fusion_msg_types/share/ament_index/resource_index/package_run_dependencies/sensor_fusion_msg_types
[8.383s] -- Up-to-date symlink: /home/kenneth/PycharmProjects/ros2_ws_fix/install/sensor_fusion_msg_types/share/ament_index/resource_index/parent_prefix_path/sensor_fusion_msg_types
[8.384s] -- Up-to-date symlink: /home/kenneth/PycharmProjects/ros2_ws_fix/install/sensor_fusion_msg_types/share/sensor_fusion_msg_types/environment/ament_prefix_path.sh
[8.384s] -- Up-to-date symlink: /home/kenneth/PycharmProjects/ros2_ws_fix/install/sensor_fusion_msg_types/share/sensor_fusion_msg_types/environment/ament_prefix_path.dsv
[8.385s] -- Up-to-date symlink: /home/kenneth/PycharmProjects/ros2_ws_fix/install/sensor_fusion_msg_types/share/sensor_fusion_msg_types/environment/path.sh
[8.385s] -- Up-to-date symlink: /home/kenneth/PycharmProjects/ros2_ws_fix/install/sensor_fusion_msg_types/share/sensor_fusion_msg_types/environment/path.dsv
[8.386s] -- Up-to-date symlink: /home/kenneth/PycharmProjects/ros2_ws_fix/install/sensor_fusion_msg_types/share/sensor_fusion_msg_types/local_setup.bash
[8.386s] -- Up-to-date symlink: /home/kenneth/PycharmProjects/ros2_ws_fix/install/sensor_fusion_msg_types/share/sensor_fusion_msg_types/local_setup.sh
[8.387s] -- Up-to-date symlink: /home/kenneth/PycharmProjects/ros2_ws_fix/install/sensor_fusion_msg_types/share/sensor_fusion_msg_types/local_setup.zsh
[8.387s] -- Up-to-date symlink: /home/kenneth/PycharmProjects/ros2_ws_fix/install/sensor_fusion_msg_types/share/sensor_fusion_msg_types/local_setup.dsv
[8.388s] -- Symlinking: /home/kenneth/PycharmProjects/ros2_ws_fix/install/sensor_fusion_msg_types/share/sensor_fusion_msg_types/package.dsv
[8.399s] -- Up-to-date symlink: /home/kenneth/PycharmProjects/ros2_ws_fix/install/sensor_fusion_msg_types/share/ament_index/resource_index/packages/sensor_fusion_msg_types
[8.399s] -- Up-to-date symlink: /home/kenneth/PycharmProjects/ros2_ws_fix/install/sensor_fusion_msg_types/share/sensor_fusion_msg_types/cmake/rosidl_cmake-extras.cmake
[8.400s] -- Up-to-date symlink: /home/kenneth/PycharmProjects/ros2_ws_fix/install/sensor_fusion_msg_types/share/sensor_fusion_msg_types/cmake/ament_cmake_export_dependencies-extras.cmake
[8.400s] -- Up-to-date symlink: /home/kenneth/PycharmProjects/ros2_ws_fix/install/sensor_fusion_msg_types/share/sensor_fusion_msg_types/cmake/ament_cmake_export_libraries-extras.cmake
[8.401s] -- Up-to-date symlink: /home/kenneth/PycharmProjects/ros2_ws_fix/install/sensor_fusion_msg_types/share/sensor_fusion_msg_types/cmake/ament_cmake_export_include_directories-extras.cmake
[8.401s] -- Up-to-date symlink: /home/kenneth/PycharmProjects/ros2_ws_fix/install/sensor_fusion_msg_types/share/sensor_fusion_msg_types/cmake/sensor_fusion_msg_typesConfig.cmake
[8.402s] -- Up-to-date symlink: /home/kenneth/PycharmProjects/ros2_ws_fix/install/sensor_fusion_msg_types/share/sensor_fusion_msg_types/cmake/sensor_fusion_msg_typesConfig-version.cmake
[8.402s] -- Up-to-date symlink: /home/kenneth/PycharmProjects/ros2_ws_fix/install/sensor_fusion_msg_types/share/sensor_fusion_msg_types/package.xml
[8.445s] Compiling '/home/kenneth/PycharmProjects/ros2_ws_fix/install/sensor_fusion_msg_types/lib/python3.6/site-packages/sensor_fusion_msg_types/__init__.py'...
[8.454s] Invoked command in '/home/kenneth/PycharmProjects/ros2_ws_fix/build/sensor_fusion_msg_types' returned '0': CMAKE_PREFIX_PATH=${CMAKE_PREFIX_PATH}:/home/kenneth/PycharmProjects/ros2_ws_fix/install/sf_ros2_vinerow_sub:/home/kenneth/PycharmProjects/ros2_ws_fix/install/sensor_fusion_subscriber:/home/kenneth/PycharmProjects/ros2_ws_fix/install/ros2_demo_custommsg_pub:/home/kenneth/PycharmProjects/ros2_ws_fix/install/ros2_demo_subscriber:/home/kenneth/PycharmProjects/ros2_ws_fix/install/ros2_demo_publisher:/opt/ros/eloquent /usr/bin/cmake --build /home/kenneth/PycharmProjects/ros2_ws_fix/build/sensor_fusion_msg_types --target install -- -j1 -l1
