[0.048s] Invoking command in '/home/kenneth/PycharmProjects/ros2_ws_fix/build/sensor_fusion_msg_types': CMAKE_PREFIX_PATH=${CMAKE_PREFIX_PATH}:/home/kenneth/PycharmProjects/ros2_ws_fix/install/sf_ros2_vinerow_sub:/home/kenneth/PycharmProjects/ros2_ws_fix/install/sensor_fusion_subscriber:/home/kenneth/PycharmProjects/ros2_ws_fix/install/ros2_demo_custommsg_pub:/home/kenneth/PycharmProjects/ros2_ws_fix/install/ros2_demo_subscriber:/home/kenneth/PycharmProjects/ros2_ws_fix/install/ros2_demo_publisher:/opt/ros/eloquent /usr/bin/cmake --build /home/kenneth/PycharmProjects/ros2_ws_fix/build/sensor_fusion_msg_types -- -j1 -l1
[0.090s] -- Found ament_cmake: 0.8.2 (/opt/ros/eloquent/share/ament_cmake/cmake)
[0.123s] -- Found PythonInterp: /usr/bin/python3 (found suitable version "3.6.9", minimum required is "3") 
[0.123s] -- Using PYTHON_EXECUTABLE: /usr/bin/python3
[0.383s] -- Override CMake install command with custom implementation using symlinks instead of copying resources
[0.399s] -- Found rosidl_default_generators: 0.8.0 (/opt/ros/eloquent/share/rosidl_default_generators/cmake)
[0.465s] -- Found rosidl_adapter: 0.8.2 (/opt/ros/eloquent/share/rosidl_adapter/cmake)
[0.530s] -- Found rclcpp: 0.8.4 (/opt/ros/eloquent/share/rclcpp/cmake)
[0.557s] -- Found rmw_implementation_cmake: 0.8.1 (/opt/ros/eloquent/share/rmw_implementation_cmake/cmake)
[0.562s] -- Using RMW implementation 'rmw_fastrtps_cpp' as default
[0.592s] -- Found geometry_msgs: 0.8.1 (/opt/ros/eloquent/share/geometry_msgs/cmake)
[0.637s] -- Found PythonInterp: /usr/bin/python3 (found version "3.6.9") 
[0.903s] -- Using single matching rosidl_typesupport_c: rosidl_typesupport_fastrtps_c
[0.956s] -- Using single matching rosidl_typesupport_cpp: rosidl_typesupport_fastrtps_cpp
[1.427s] -- Found PythonInterp: /usr/bin/python3 (found suitable version "3.6.9", minimum required is "3.5") 
[1.428s] -- Found python_cmake_module: 0.8.0 (/opt/ros/eloquent/share/python_cmake_module/cmake)
[1.468s] -- Using PYTHON_EXECUTABLE: /usr/bin/python3
[1.468s] -- Using PYTHON_INCLUDE_DIRS: /usr/include/python3.6m
[1.468s] -- Using PYTHON_LIBRARIES: /usr/lib/x86_64-linux-gnu/libpython3.6m.so
[1.621s] -- Found ament_lint_auto: 0.8.1 (/opt/ros/eloquent/share/ament_lint_auto/cmake)
[1.637s] -- Added test 'lint_cmake' to check CMake code style
[1.638s] -- Added test 'xmllint' to check XML markup files
[1.643s] -- Configuring done
[1.815s] -- Generating done
[1.822s] -- Build files have been written to: /home/kenneth/PycharmProjects/ros2_ws_fix/build/sensor_fusion_msg_types
[1.875s] [  3%] [34m[1mGenerating C++ code for ROS interfaces[0m
[2.211s] [  3%] Built target sensor_fusion_msg_types__cpp
[2.224s] [  6%] [34m[1mGenerating C++ type support for eProsima Fast-RTPS[0m
[2.558s] [35m[1mScanning dependencies of target sensor_fusion_msg_types__rosidl_typesupport_fastrtps_cpp[0m
[2.574s] [ 10%] [32mBuilding CXX object CMakeFiles/sensor_fusion_msg_types__rosidl_typesupport_fastrtps_cpp.dir/rosidl_typesupport_fastrtps_cpp/sensor_fusion_msg_types/msg/dds_fastrtps/vinerow__type_support.cpp.o[0m
[3.036s] [ 13%] [32m[1mLinking CXX shared library libsensor_fusion_msg_types__rosidl_typesupport_fastrtps_cpp.so[0m
[3.141s] [ 13%] Built target sensor_fusion_msg_types__rosidl_typesupport_fastrtps_cpp
[3.155s] [ 17%] [34m[1mGenerating C++ type support dispatch for ROS interfaces[0m
[3.475s] [35m[1mScanning dependencies of target sensor_fusion_msg_types__rosidl_typesupport_cpp[0m
[3.493s] [ 20%] [32mBuilding CXX object CMakeFiles/sensor_fusion_msg_types__rosidl_typesupport_cpp.dir/rosidl_typesupport_cpp/sensor_fusion_msg_types/msg/vinerow__type_support.cpp.o[0m
[3.920s] [ 24%] [32m[1mLinking CXX shared library libsensor_fusion_msg_types__rosidl_typesupport_cpp.so[0m
[4.032s] [ 24%] Built target sensor_fusion_msg_types__rosidl_typesupport_cpp
[4.044s] [ 27%] [34m[1mGenerating C code for ROS interfaces[0m
[4.422s] [35m[1mScanning dependencies of target sensor_fusion_msg_types__rosidl_generator_c[0m
[4.436s] [ 31%] [32mBuilding C object CMakeFiles/sensor_fusion_msg_types__rosidl_generator_c.dir/rosidl_generator_c/sensor_fusion_msg_types/msg/vinerow__functions.c.o[0m
[4.477s] [ 34%] [32m[1mLinking C shared library libsensor_fusion_msg_types__rosidl_generator_c.so[0m
[4.533s] [ 34%] Built target sensor_fusion_msg_types__rosidl_generator_c
[4.546s] [ 37%] [34m[1mGenerating C type support for eProsima Fast-RTPS[0m
[4.896s] [35m[1mScanning dependencies of target sensor_fusion_msg_types__rosidl_typesupport_fastrtps_c[0m
[4.912s] [ 41%] [32mBuilding CXX object CMakeFiles/sensor_fusion_msg_types__rosidl_typesupport_fastrtps_c.dir/rosidl_typesupport_fastrtps_c/sensor_fusion_msg_types/msg/vinerow__type_support_c.cpp.o[0m
[5.278s] [ 44%] [32m[1mLinking CXX shared library libsensor_fusion_msg_types__rosidl_typesupport_fastrtps_c.so[0m
[5.403s] [ 44%] Built target sensor_fusion_msg_types__rosidl_typesupport_fastrtps_c
[5.415s] [ 48%] [34m[1mGenerating C type support dispatch for ROS interfaces[0m
[5.720s] [35m[1mScanning dependencies of target sensor_fusion_msg_types__rosidl_typesupport_c[0m
[5.735s] [ 51%] [32mBuilding CXX object CMakeFiles/sensor_fusion_msg_types__rosidl_typesupport_c.dir/rosidl_typesupport_c/sensor_fusion_msg_types/msg/vinerow__type_support.cpp.o[0m
[5.768s] [ 55%] [32m[1mLinking CXX shared library libsensor_fusion_msg_types__rosidl_typesupport_c.so[0m
[5.860s] [ 55%] Built target sensor_fusion_msg_types__rosidl_typesupport_c
[5.873s] [ 58%] [34m[1mGenerating C++ introspection for ROS interfaces[0m
[6.247s] [35m[1mScanning dependencies of target sensor_fusion_msg_types__rosidl_typesupport_introspection_cpp[0m
[6.264s] [ 62%] [32mBuilding CXX object CMakeFiles/sensor_fusion_msg_types__rosidl_typesupport_introspection_cpp.dir/rosidl_typesupport_introspection_cpp/sensor_fusion_msg_types/msg/vinerow__type_support.cpp.o[0m
[6.564s] [ 65%] [32m[1mLinking CXX shared library libsensor_fusion_msg_types__rosidl_typesupport_introspection_cpp.so[0m
[6.655s] [ 65%] Built target sensor_fusion_msg_types__rosidl_typesupport_introspection_cpp
[6.667s] [ 68%] [34m[1mGenerating C introspection for ROS interfaces[0m
[7.018s] [35m[1mScanning dependencies of target sensor_fusion_msg_types__rosidl_typesupport_introspection_c[0m
[7.033s] [ 72%] [32mBuilding C object CMakeFiles/sensor_fusion_msg_types__rosidl_typesupport_introspection_c.dir/rosidl_typesupport_introspection_c/sensor_fusion_msg_types/msg/vinerow__type_support.c.o[0m
[7.071s] [ 75%] [32m[1mLinking C shared library libsensor_fusion_msg_types__rosidl_typesupport_introspection_c.so[0m
[7.123s] [ 75%] Built target sensor_fusion_msg_types__rosidl_typesupport_introspection_c
[7.147s] [ 75%] Built target sensor_fusion_msg_types
[7.171s] [ 79%] [34m[1mGenerating Python code for ROS interfaces[0m
[7.748s] [ 79%] Built target sensor_fusion_msg_types__py
[7.761s] [35m[1mScanning dependencies of target sensor_fusion_msg_types__python[0m
[7.781s] [ 82%] [32mBuilding C object CMakeFiles/sensor_fusion_msg_types__python.dir/rosidl_generator_py/sensor_fusion_msg_types/msg/_vinerow_s.c.o[0m
[7.908s] [ 86%] [32m[1mLinking CXX shared library rosidl_generator_py/sensor_fusion_msg_types/libsensor_fusion_msg_types__python.so[0m
[7.992s] [ 86%] Built target sensor_fusion_msg_types__python
[8.013s] [35m[1mScanning dependencies of target sensor_fusion_msg_types__rosidl_typesupport_c__pyext[0m
[8.035s] [ 89%] [32mBuilding C object CMakeFiles/sensor_fusion_msg_types__rosidl_typesupport_c__pyext.dir/rosidl_generator_py/sensor_fusion_msg_types/_sensor_fusion_msg_types_s.ep.rosidl_typesupport_c.c.o[0m
[8.122s] [ 93%] [32m[1mLinking CXX shared library rosidl_generator_py/sensor_fusion_msg_types/sensor_fusion_msg_types_s__rosidl_typesupport_c.cpython-36m-x86_64-linux-gnu.so[0m
[8.228s] [ 93%] Built target sensor_fusion_msg_types__rosidl_typesupport_c__pyext
[8.242s] [35m[1mScanning dependencies of target sensor_fusion_msg_types__rosidl_typesupport_fastrtps_c__pyext[0m
[8.264s] [ 96%] [32mBuilding C object CMakeFiles/sensor_fusion_msg_types__rosidl_typesupport_fastrtps_c__pyext.dir/rosidl_generator_py/sensor_fusion_msg_types/_sensor_fusion_msg_types_s.ep.rosidl_typesupport_fastrtps_c.c.o[0m
[8.363s] [100%] [32m[1mLinking CXX shared library rosidl_generator_py/sensor_fusion_msg_types/sensor_fusion_msg_types_s__rosidl_typesupport_fastrtps_c.cpython-36m-x86_64-linux-gnu.so[0m
[8.458s] [100%] Built target sensor_fusion_msg_types__rosidl_typesupport_fastrtps_c__pyext
[8.473s] Invoked command in '/home/kenneth/PycharmProjects/ros2_ws_fix/build/sensor_fusion_msg_types' returned '0': CMAKE_PREFIX_PATH=${CMAKE_PREFIX_PATH}:/home/kenneth/PycharmProjects/ros2_ws_fix/install/sf_ros2_vinerow_sub:/home/kenneth/PycharmProjects/ros2_ws_fix/install/sensor_fusion_subscriber:/home/kenneth/PycharmProjects/ros2_ws_fix/install/ros2_demo_custommsg_pub:/home/kenneth/PycharmProjects/ros2_ws_fix/install/ros2_demo_subscriber:/home/kenneth/PycharmProjects/ros2_ws_fix/install/ros2_demo_publisher:/opt/ros/eloquent /usr/bin/cmake --build /home/kenneth/PycharmProjects/ros2_ws_fix/build/sensor_fusion_msg_types -- -j1 -l1
[8.540s] Invoking command in '/home/kenneth/PycharmProjects/ros2_ws_fix/build/sensor_fusion_msg_types': CMAKE_PREFIX_PATH=${CMAKE_PREFIX_PATH}:/home/kenneth/PycharmProjects/ros2_ws_fix/install/sf_ros2_vinerow_sub:/home/kenneth/PycharmProjects/ros2_ws_fix/install/sensor_fusion_subscriber:/home/kenneth/PycharmProjects/ros2_ws_fix/install/ros2_demo_custommsg_pub:/home/kenneth/PycharmProjects/ros2_ws_fix/install/ros2_demo_subscriber:/home/kenneth/PycharmProjects/ros2_ws_fix/install/ros2_demo_publisher:/opt/ros/eloquent /usr/bin/cmake --build /home/kenneth/PycharmProjects/ros2_ws_fix/build/sensor_fusion_msg_types --target install -- -j1 -l1
[8.608s] [  3%] Built target sensor_fusion_msg_types__cpp
[8.644s] [ 13%] Built target sensor_fusion_msg_types__rosidl_typesupport_fastrtps_cpp
[8.674s] [ 24%] Built target sensor_fusion_msg_types__rosidl_typesupport_cpp
[8.702s] [ 34%] Built target sensor_fusion_msg_types__rosidl_generator_c
[8.743s] [ 44%] Built target sensor_fusion_msg_types__rosidl_typesupport_fastrtps_c
[8.773s] [ 55%] Built target sensor_fusion_msg_types__rosidl_typesupport_c
[8.801s] [ 65%] Built target sensor_fusion_msg_types__rosidl_typesupport_introspection_cpp
[8.849s] [ 75%] Built target sensor_fusion_msg_types__rosidl_typesupport_introspection_c
[8.874s] [ 75%] Built target sensor_fusion_msg_types
[8.898s] [ 79%] Built target sensor_fusion_msg_types__py
[8.929s] [ 86%] Built target sensor_fusion_msg_types__python
[8.961s] [ 93%] Built target sensor_fusion_msg_types__rosidl_typesupport_c__pyext
[8.992s] [100%] Built target sensor_fusion_msg_types__rosidl_typesupport_fastrtps_c__pyext
[9.026s] [36mInstall the project...[0m
[9.036s] -- Install configuration: ""
[9.037s] -- Execute custom install script
[9.038s] -- Up-to-date symlink: /home/kenneth/PycharmProjects/ros2_ws_fix/install/sensor_fusion_msg_types/share/ament_index/resource_index/rosidl_interfaces/sensor_fusion_msg_types
[9.038s] -- Up-to-date symlink: /home/kenneth/PycharmProjects/ros2_ws_fix/install/sensor_fusion_msg_types/lib/libsensor_fusion_msg_types__rosidl_typesupport_c.so
[9.039s] -- Up-to-date symlink: /home/kenneth/PycharmProjects/ros2_ws_fix/install/sensor_fusion_msg_types/share/sensor_fusion_msg_types/environment/library_path.sh
[9.040s] -- Up-to-date symlink: /home/kenneth/PycharmProjects/ros2_ws_fix/install/sensor_fusion_msg_types/share/sensor_fusion_msg_types/environment/library_path.dsv
[9.040s] -- Up-to-date symlink: /home/kenneth/PycharmProjects/ros2_ws_fix/install/sensor_fusion_msg_types/lib/libsensor_fusion_msg_types__rosidl_typesupport_cpp.so
[9.041s] -- Up-to-date symlink: /home/kenneth/PycharmProjects/ros2_ws_fix/install/sensor_fusion_msg_types/include/sensor_fusion_msg_types/msg/rosidl_typesupport_fastrtps_c__visibility_control.h
[9.041s] -- Up-to-date symlink: /home/kenneth/PycharmProjects/ros2_ws_fix/install/sensor_fusion_msg_types/include/sensor_fusion_msg_types/msg/vinerow__rosidl_typesupport_fastrtps_c.h
[9.042s] -- Up-to-date symlink: /home/kenneth/PycharmProjects/ros2_ws_fix/install/sensor_fusion_msg_types/lib/libsensor_fusion_msg_types__rosidl_typesupport_fastrtps_c.so
[9.043s] -- Up-to-date symlink: /home/kenneth/PycharmProjects/ros2_ws_fix/install/sensor_fusion_msg_types/include/sensor_fusion_msg_types/msg/rosidl_generator_c__visibility_control.h
[9.044s] -- Up-to-date symlink: /home/kenneth/PycharmProjects/ros2_ws_fix/install/sensor_fusion_msg_types/include/sensor_fusion_msg_types/msg/vinerow.h
[9.044s] -- Up-to-date symlink: /home/kenneth/PycharmProjects/ros2_ws_fix/install/sensor_fusion_msg_types/include/sensor_fusion_msg_types/msg/vinerow__functions.h
[9.045s] -- Up-to-date symlink: /home/kenneth/PycharmProjects/ros2_ws_fix/install/sensor_fusion_msg_types/include/sensor_fusion_msg_types/msg/vinerow__struct.h
[9.045s] -- Up-to-date symlink: /home/kenneth/PycharmProjects/ros2_ws_fix/install/sensor_fusion_msg_types/include/sensor_fusion_msg_types/msg/vinerow__type_support.h
[9.046s] -- Up-to-date symlink: /home/kenneth/PycharmProjects/ros2_ws_fix/install/sensor_fusion_msg_types/lib/libsensor_fusion_msg_types__rosidl_generator_c.so
[9.047s] -- Up-to-date symlink: /home/kenneth/PycharmProjects/ros2_ws_fix/install/sensor_fusion_msg_types/include/sensor_fusion_msg_types/msg/rosidl_typesupport_fastrtps_cpp__visibility_control.h
[9.047s] -- Up-to-date symlink: /home/kenneth/PycharmProjects/ros2_ws_fix/install/sensor_fusion_msg_types/include/sensor_fusion_msg_types/msg/vinerow__rosidl_typesupport_fastrtps_cpp.hpp
[9.048s] -- Up-to-date symlink: /home/kenneth/PycharmProjects/ros2_ws_fix/install/sensor_fusion_msg_types/lib/libsensor_fusion_msg_types__rosidl_typesupport_fastrtps_cpp.so
[9.049s] -- Up-to-date symlink: /home/kenneth/PycharmProjects/ros2_ws_fix/install/sensor_fusion_msg_types/include/sensor_fusion_msg_types/msg/vinerow.hpp
[9.049s] -- Up-to-date symlink: /home/kenneth/PycharmProjects/ros2_ws_fix/install/sensor_fusion_msg_types/include/sensor_fusion_msg_types/msg/vinerow__struct.hpp
[9.049s] -- Up-to-date symlink: /home/kenneth/PycharmProjects/ros2_ws_fix/install/sensor_fusion_msg_types/include/sensor_fusion_msg_types/msg/vinerow__traits.hpp
[9.051s] -- Up-to-date symlink: /home/kenneth/PycharmProjects/ros2_ws_fix/install/sensor_fusion_msg_types/include/sensor_fusion_msg_types/msg/rosidl_typesupport_introspection_c__visibility_control.h
[9.051s] -- Up-to-date symlink: /home/kenneth/PycharmProjects/ros2_ws_fix/install/sensor_fusion_msg_types/include/sensor_fusion_msg_types/msg/vinerow__rosidl_typesupport_introspection_c.h
[9.052s] -- Up-to-date symlink: /home/kenneth/PycharmProjects/ros2_ws_fix/install/sensor_fusion_msg_types/lib/libsensor_fusion_msg_types__rosidl_typesupport_introspection_c.so
[9.057s] -- Up-to-date symlink: /home/kenneth/PycharmProjects/ros2_ws_fix/install/sensor_fusion_msg_types/include/sensor_fusion_msg_types/msg/vinerow__rosidl_typesupport_introspection_cpp.hpp
[9.057s] -- Up-to-date symlink: /home/kenneth/PycharmProjects/ros2_ws_fix/install/sensor_fusion_msg_types/lib/libsensor_fusion_msg_types__rosidl_typesupport_introspection_cpp.so
[9.058s] -- Up-to-date symlink: /home/kenneth/PycharmProjects/ros2_ws_fix/install/sensor_fusion_msg_types/share/sensor_fusion_msg_types/environment/pythonpath.sh
[9.059s] -- Up-to-date symlink: /home/kenneth/PycharmProjects/ros2_ws_fix/install/sensor_fusion_msg_types/share/sensor_fusion_msg_types/environment/pythonpath.dsv
[9.059s] -- Up-to-date symlink: /home/kenneth/PycharmProjects/ros2_ws_fix/install/sensor_fusion_msg_types/lib/python3.6/site-packages/sensor_fusion_msg_types/__init__.py
[9.060s] -- Up-to-date symlink: /home/kenneth/PycharmProjects/ros2_ws_fix/install/sensor_fusion_msg_types/lib/python3.6/site-packages/sensor_fusion_msg_types/msg/__init__.py
[9.060s] -- Up-to-date symlink: /home/kenneth/PycharmProjects/ros2_ws_fix/install/sensor_fusion_msg_types/lib/python3.6/site-packages/sensor_fusion_msg_types/msg/_vinerow.py
[9.061s] -- Up-to-date symlink: /home/kenneth/PycharmProjects/ros2_ws_fix/install/sensor_fusion_msg_types/lib/python3.6/site-packages/sensor_fusion_msg_types/sensor_fusion_msg_types_s__rosidl_typesupport_c.cpython-36m-x86_64-linux-gnu.so
[9.062s] -- Up-to-date symlink: /home/kenneth/PycharmProjects/ros2_ws_fix/install/sensor_fusion_msg_types/lib/python3.6/site-packages/sensor_fusion_msg_types/sensor_fusion_msg_types_s__rosidl_typesupport_fastrtps_c.cpython-36m-x86_64-linux-gnu.so
[9.062s] -- Up-to-date symlink: /home/kenneth/PycharmProjects/ros2_ws_fix/install/sensor_fusion_msg_types/lib/libsensor_fusion_msg_types__python.so
[9.063s] -- Up-to-date symlink: /home/kenneth/PycharmProjects/ros2_ws_fix/install/sensor_fusion_msg_types/share/sensor_fusion_msg_types/msg/Vinerow.idl
[9.064s] -- Up-to-date symlink: /home/kenneth/PycharmProjects/ros2_ws_fix/install/sensor_fusion_msg_types/share/sensor_fusion_msg_types/msg/Vinerow.msg
[9.064s] -- Up-to-date symlink: /home/kenneth/PycharmProjects/ros2_ws_fix/install/sensor_fusion_msg_types/share/ament_index/resource_index/package_run_dependencies/sensor_fusion_msg_types
[9.065s] -- Up-to-date symlink: /home/kenneth/PycharmProjects/ros2_ws_fix/install/sensor_fusion_msg_types/share/ament_index/resource_index/parent_prefix_path/sensor_fusion_msg_types
[9.065s] -- Up-to-date symlink: /home/kenneth/PycharmProjects/ros2_ws_fix/install/sensor_fusion_msg_types/share/sensor_fusion_msg_types/environment/ament_prefix_path.sh
[9.066s] -- Up-to-date symlink: /home/kenneth/PycharmProjects/ros2_ws_fix/install/sensor_fusion_msg_types/share/sensor_fusion_msg_types/environment/ament_prefix_path.dsv
[9.066s] -- Up-to-date symlink: /home/kenneth/PycharmProjects/ros2_ws_fix/install/sensor_fusion_msg_types/share/sensor_fusion_msg_types/environment/path.sh
[9.067s] -- Up-to-date symlink: /home/kenneth/PycharmProjects/ros2_ws_fix/install/sensor_fusion_msg_types/share/sensor_fusion_msg_types/environment/path.dsv
[9.067s] -- Up-to-date symlink: /home/kenneth/PycharmProjects/ros2_ws_fix/install/sensor_fusion_msg_types/share/sensor_fusion_msg_types/local_setup.bash
[9.068s] -- Up-to-date symlink: /home/kenneth/PycharmProjects/ros2_ws_fix/install/sensor_fusion_msg_types/share/sensor_fusion_msg_types/local_setup.sh
[9.068s] -- Up-to-date symlink: /home/kenneth/PycharmProjects/ros2_ws_fix/install/sensor_fusion_msg_types/share/sensor_fusion_msg_types/local_setup.zsh
[9.069s] -- Up-to-date symlink: /home/kenneth/PycharmProjects/ros2_ws_fix/install/sensor_fusion_msg_types/share/sensor_fusion_msg_types/local_setup.dsv
[9.069s] -- Symlinking: /home/kenneth/PycharmProjects/ros2_ws_fix/install/sensor_fusion_msg_types/share/sensor_fusion_msg_types/package.dsv
[9.080s] -- Up-to-date symlink: /home/kenneth/PycharmProjects/ros2_ws_fix/install/sensor_fusion_msg_types/share/ament_index/resource_index/packages/sensor_fusion_msg_types
[9.080s] -- Up-to-date symlink: /home/kenneth/PycharmProjects/ros2_ws_fix/install/sensor_fusion_msg_types/share/sensor_fusion_msg_types/cmake/rosidl_cmake-extras.cmake
[9.081s] -- Up-to-date symlink: /home/kenneth/PycharmProjects/ros2_ws_fix/install/sensor_fusion_msg_types/share/sensor_fusion_msg_types/cmake/ament_cmake_export_dependencies-extras.cmake
[9.081s] -- Up-to-date symlink: /home/kenneth/PycharmProjects/ros2_ws_fix/install/sensor_fusion_msg_types/share/sensor_fusion_msg_types/cmake/ament_cmake_export_libraries-extras.cmake
[9.082s] -- Up-to-date symlink: /home/kenneth/PycharmProjects/ros2_ws_fix/install/sensor_fusion_msg_types/share/sensor_fusion_msg_types/cmake/ament_cmake_export_include_directories-extras.cmake
[9.082s] -- Up-to-date symlink: /home/kenneth/PycharmProjects/ros2_ws_fix/install/sensor_fusion_msg_types/share/sensor_fusion_msg_types/cmake/sensor_fusion_msg_typesConfig.cmake
[9.083s] -- Up-to-date symlink: /home/kenneth/PycharmProjects/ros2_ws_fix/install/sensor_fusion_msg_types/share/sensor_fusion_msg_types/cmake/sensor_fusion_msg_typesConfig-version.cmake
[9.083s] -- Up-to-date symlink: /home/kenneth/PycharmProjects/ros2_ws_fix/install/sensor_fusion_msg_types/share/sensor_fusion_msg_types/package.xml
[9.138s] Compiling '/home/kenneth/PycharmProjects/ros2_ws_fix/install/sensor_fusion_msg_types/lib/python3.6/site-packages/sensor_fusion_msg_types/__init__.py'...
[9.153s] Invoked command in '/home/kenneth/PycharmProjects/ros2_ws_fix/build/sensor_fusion_msg_types' returned '0': CMAKE_PREFIX_PATH=${CMAKE_PREFIX_PATH}:/home/kenneth/PycharmProjects/ros2_ws_fix/install/sf_ros2_vinerow_sub:/home/kenneth/PycharmProjects/ros2_ws_fix/install/sensor_fusion_subscriber:/home/kenneth/PycharmProjects/ros2_ws_fix/install/ros2_demo_custommsg_pub:/home/kenneth/PycharmProjects/ros2_ws_fix/install/ros2_demo_subscriber:/home/kenneth/PycharmProjects/ros2_ws_fix/install/ros2_demo_publisher:/opt/ros/eloquent /usr/bin/cmake --build /home/kenneth/PycharmProjects/ros2_ws_fix/build/sensor_fusion_msg_types --target install -- -j1 -l1
