[0.054s] Invoking command in '/home/kenneth/PycharmProjects/ros2_ws_fix/build/ros2_demo_custommsg_create': CMAKE_PREFIX_PATH=/opt/ros/eloquent /usr/bin/cmake --build /home/kenneth/PycharmProjects/ros2_ws_fix/build/ros2_demo_custommsg_create -- -j1 -l1
[0.136s] [  3%] Built target new_msg__cpp
[0.181s] [ 13%] Built target new_msg__rosidl_typesupport_fastrtps_cpp
[0.211s] [ 24%] Built target new_msg__rosidl_generator_c
[0.250s] [ 34%] Built target new_msg__rosidl_typesupport_fastrtps_c
[0.287s] [ 44%] Built target new_msg__rosidl_typesupport_c
[0.318s] [ 55%] Built target new_msg__rosidl_typesupport_introspection_cpp
[0.361s] [ 65%] Built target new_msg__rosidl_typesupport_cpp
[0.393s] [ 75%] Built target new_msg__rosidl_typesupport_introspection_c
[0.431s] [ 75%] Built target new_msg
[0.458s] [ 79%] Built target new_msg__py
[0.494s] [ 86%] Built target new_msg__python
[0.541s] [ 93%] Built target ros2_demo_custommsg_create__rosidl_typesupport_fastrtps_c__pyext
[0.584s] [100%] Built target ros2_demo_custommsg_create__rosidl_typesupport_c__pyext
[0.602s] Invoked command in '/home/kenneth/PycharmProjects/ros2_ws_fix/build/ros2_demo_custommsg_create' returned '0': CMAKE_PREFIX_PATH=/opt/ros/eloquent /usr/bin/cmake --build /home/kenneth/PycharmProjects/ros2_ws_fix/build/ros2_demo_custommsg_create -- -j1 -l1
[0.662s] Invoking command in '/home/kenneth/PycharmProjects/ros2_ws_fix/build/ros2_demo_custommsg_create': CMAKE_PREFIX_PATH=/opt/ros/eloquent /usr/bin/cmake --build /home/kenneth/PycharmProjects/ros2_ws_fix/build/ros2_demo_custommsg_create --target install -- -j1 -l1
[0.738s] [  3%] Built target new_msg__cpp
[0.768s] [ 13%] Built target new_msg__rosidl_typesupport_fastrtps_cpp
[0.794s] [ 24%] Built target new_msg__rosidl_generator_c
[0.837s] [ 34%] Built target new_msg__rosidl_typesupport_fastrtps_c
[0.867s] [ 44%] Built target new_msg__rosidl_typesupport_c
[0.895s] [ 55%] Built target new_msg__rosidl_typesupport_introspection_cpp
[0.938s] [ 65%] Built target new_msg__rosidl_typesupport_cpp
[0.967s] [ 75%] Built target new_msg__rosidl_typesupport_introspection_c
[0.991s] [ 75%] Built target new_msg
[1.022s] [ 79%] Built target new_msg__py
[1.059s] [ 86%] Built target new_msg__python
[1.098s] [ 93%] Built target ros2_demo_custommsg_create__rosidl_typesupport_fastrtps_c__pyext
[1.131s] [100%] Built target ros2_demo_custommsg_create__rosidl_typesupport_c__pyext
[1.152s] [36mInstall the project...[0m
[1.166s] -- Install configuration: ""
[1.167s] -- Execute custom install script
[1.168s] -- Up-to-date symlink: /home/kenneth/PycharmProjects/ros2_ws_fix/install/ros2_demo_custommsg_create/share/ament_index/resource_index/rosidl_interfaces/ros2_demo_custommsg_create
[1.169s] -- Up-to-date symlink: /home/kenneth/PycharmProjects/ros2_ws_fix/install/ros2_demo_custommsg_create/include/ros2_demo_custommsg_create/msg/custom.hpp
[1.170s] -- Up-to-date symlink: /home/kenneth/PycharmProjects/ros2_ws_fix/install/ros2_demo_custommsg_create/include/ros2_demo_custommsg_create/msg/custom__struct.hpp
[1.170s] -- Up-to-date symlink: /home/kenneth/PycharmProjects/ros2_ws_fix/install/ros2_demo_custommsg_create/include/ros2_demo_custommsg_create/msg/custom__traits.hpp
[1.171s] -- Up-to-date symlink: /home/kenneth/PycharmProjects/ros2_ws_fix/install/ros2_demo_custommsg_create/include/ros2_demo_custommsg_create/msg/custom.h
[1.171s] -- Up-to-date symlink: /home/kenneth/PycharmProjects/ros2_ws_fix/install/ros2_demo_custommsg_create/include/ros2_demo_custommsg_create/msg/custom__functions.h
[1.172s] -- Up-to-date symlink: /home/kenneth/PycharmProjects/ros2_ws_fix/install/ros2_demo_custommsg_create/include/ros2_demo_custommsg_create/msg/custom__struct.h
[1.172s] -- Up-to-date symlink: /home/kenneth/PycharmProjects/ros2_ws_fix/install/ros2_demo_custommsg_create/include/ros2_demo_custommsg_create/msg/custom__type_support.h
[1.172s] -- Up-to-date symlink: /home/kenneth/PycharmProjects/ros2_ws_fix/install/ros2_demo_custommsg_create/include/ros2_demo_custommsg_create/msg/rosidl_generator_c__visibility_control.h
[1.173s] -- Up-to-date symlink: /home/kenneth/PycharmProjects/ros2_ws_fix/install/ros2_demo_custommsg_create/share/ros2_demo_custommsg_create/environment/library_path.sh
[1.174s] -- Up-to-date symlink: /home/kenneth/PycharmProjects/ros2_ws_fix/install/ros2_demo_custommsg_create/share/ros2_demo_custommsg_create/environment/library_path.dsv
[1.175s] -- Up-to-date symlink: /home/kenneth/PycharmProjects/ros2_ws_fix/install/ros2_demo_custommsg_create/lib/libnew_msg__rosidl_generator_c.so
[1.176s] -- Up-to-date symlink: /home/kenneth/PycharmProjects/ros2_ws_fix/install/ros2_demo_custommsg_create/lib/libnew_msg__rosidl_typesupport_c.so
[1.177s] -- Up-to-date symlink: /home/kenneth/PycharmProjects/ros2_ws_fix/install/ros2_demo_custommsg_create/lib/libnew_msg__rosidl_typesupport_cpp.so
[1.178s] -- Up-to-date symlink: /home/kenneth/PycharmProjects/ros2_ws_fix/install/ros2_demo_custommsg_create/include/ros2_demo_custommsg_create/msg/custom__rosidl_typesupport_introspection_c.h
[1.178s] -- Up-to-date symlink: /home/kenneth/PycharmProjects/ros2_ws_fix/install/ros2_demo_custommsg_create/include/ros2_demo_custommsg_create/msg/rosidl_typesupport_introspection_c__visibility_control.h
[1.179s] -- Up-to-date symlink: /home/kenneth/PycharmProjects/ros2_ws_fix/install/ros2_demo_custommsg_create/lib/libnew_msg__rosidl_typesupport_introspection_c.so
[1.181s] -- Up-to-date symlink: /home/kenneth/PycharmProjects/ros2_ws_fix/install/ros2_demo_custommsg_create/include/ros2_demo_custommsg_create/msg/custom__rosidl_typesupport_introspection_cpp.hpp
[1.182s] -- Up-to-date symlink: /home/kenneth/PycharmProjects/ros2_ws_fix/install/ros2_demo_custommsg_create/lib/libnew_msg__rosidl_typesupport_introspection_cpp.so
[1.183s] -- Up-to-date symlink: /home/kenneth/PycharmProjects/ros2_ws_fix/install/ros2_demo_custommsg_create/include/ros2_demo_custommsg_create/msg/custom__rosidl_typesupport_fastrtps_c.h
[1.184s] -- Up-to-date symlink: /home/kenneth/PycharmProjects/ros2_ws_fix/install/ros2_demo_custommsg_create/include/ros2_demo_custommsg_create/msg/rosidl_typesupport_fastrtps_c__visibility_control.h
[1.185s] -- Up-to-date symlink: /home/kenneth/PycharmProjects/ros2_ws_fix/install/ros2_demo_custommsg_create/lib/libnew_msg__rosidl_typesupport_fastrtps_c.so
[1.186s] -- Up-to-date symlink: /home/kenneth/PycharmProjects/ros2_ws_fix/install/ros2_demo_custommsg_create/include/ros2_demo_custommsg_create/msg/custom__rosidl_typesupport_fastrtps_cpp.hpp
[1.186s] -- Up-to-date symlink: /home/kenneth/PycharmProjects/ros2_ws_fix/install/ros2_demo_custommsg_create/include/ros2_demo_custommsg_create/msg/rosidl_typesupport_fastrtps_cpp__visibility_control.h
[1.187s] -- Up-to-date symlink: /home/kenneth/PycharmProjects/ros2_ws_fix/install/ros2_demo_custommsg_create/lib/libnew_msg__rosidl_typesupport_fastrtps_cpp.so
[1.188s] -- Up-to-date symlink: /home/kenneth/PycharmProjects/ros2_ws_fix/install/ros2_demo_custommsg_create/share/ros2_demo_custommsg_create/environment/pythonpath.sh
[1.188s] -- Up-to-date symlink: /home/kenneth/PycharmProjects/ros2_ws_fix/install/ros2_demo_custommsg_create/share/ros2_demo_custommsg_create/environment/pythonpath.dsv
[1.189s] -- Up-to-date symlink: /home/kenneth/PycharmProjects/ros2_ws_fix/install/ros2_demo_custommsg_create/lib/python3.6/site-packages/ros2_demo_custommsg_create/__init__.py
[1.190s] -- Up-to-date symlink: /home/kenneth/PycharmProjects/ros2_ws_fix/install/ros2_demo_custommsg_create/lib/python3.6/site-packages/ros2_demo_custommsg_create/msg/__init__.py
[1.190s] -- Up-to-date symlink: /home/kenneth/PycharmProjects/ros2_ws_fix/install/ros2_demo_custommsg_create/lib/python3.6/site-packages/ros2_demo_custommsg_create/msg/_custom.py
[1.192s] -- Up-to-date symlink: /home/kenneth/PycharmProjects/ros2_ws_fix/install/ros2_demo_custommsg_create/lib/python3.6/site-packages/ros2_demo_custommsg_create/ros2_demo_custommsg_create_s__rosidl_typesupport_c.cpython-36m-x86_64-linux-gnu.so
[1.193s] -- Up-to-date symlink: /home/kenneth/PycharmProjects/ros2_ws_fix/install/ros2_demo_custommsg_create/lib/python3.6/site-packages/ros2_demo_custommsg_create/ros2_demo_custommsg_create_s__rosidl_typesupport_fastrtps_c.cpython-36m-x86_64-linux-gnu.so
[1.194s] -- Up-to-date symlink: /home/kenneth/PycharmProjects/ros2_ws_fix/install/ros2_demo_custommsg_create/lib/libnew_msg__python.so
[1.195s] -- Up-to-date symlink: /home/kenneth/PycharmProjects/ros2_ws_fix/install/ros2_demo_custommsg_create/share/ros2_demo_custommsg_create/msg/Custom.idl
[1.195s] -- Up-to-date symlink: /home/kenneth/PycharmProjects/ros2_ws_fix/install/ros2_demo_custommsg_create/share/ros2_demo_custommsg_create/msg/Custom.msg
[1.196s] -- Up-to-date symlink: /home/kenneth/PycharmProjects/ros2_ws_fix/install/ros2_demo_custommsg_create/share/ament_index/resource_index/package_run_dependencies/ros2_demo_custommsg_create
[1.197s] -- Up-to-date symlink: /home/kenneth/PycharmProjects/ros2_ws_fix/install/ros2_demo_custommsg_create/share/ament_index/resource_index/parent_prefix_path/ros2_demo_custommsg_create
[1.198s] -- Up-to-date symlink: /home/kenneth/PycharmProjects/ros2_ws_fix/install/ros2_demo_custommsg_create/share/ros2_demo_custommsg_create/environment/ament_prefix_path.sh
[1.198s] -- Up-to-date symlink: /home/kenneth/PycharmProjects/ros2_ws_fix/install/ros2_demo_custommsg_create/share/ros2_demo_custommsg_create/environment/ament_prefix_path.dsv
[1.199s] -- Up-to-date symlink: /home/kenneth/PycharmProjects/ros2_ws_fix/install/ros2_demo_custommsg_create/share/ros2_demo_custommsg_create/environment/path.sh
[1.200s] -- Up-to-date symlink: /home/kenneth/PycharmProjects/ros2_ws_fix/install/ros2_demo_custommsg_create/share/ros2_demo_custommsg_create/environment/path.dsv
[1.201s] -- Up-to-date symlink: /home/kenneth/PycharmProjects/ros2_ws_fix/install/ros2_demo_custommsg_create/share/ros2_demo_custommsg_create/local_setup.bash
[1.201s] -- Up-to-date symlink: /home/kenneth/PycharmProjects/ros2_ws_fix/install/ros2_demo_custommsg_create/share/ros2_demo_custommsg_create/local_setup.sh
[1.202s] -- Up-to-date symlink: /home/kenneth/PycharmProjects/ros2_ws_fix/install/ros2_demo_custommsg_create/share/ros2_demo_custommsg_create/local_setup.zsh
[1.202s] -- Up-to-date symlink: /home/kenneth/PycharmProjects/ros2_ws_fix/install/ros2_demo_custommsg_create/share/ros2_demo_custommsg_create/local_setup.dsv
[1.203s] -- Symlinking: /home/kenneth/PycharmProjects/ros2_ws_fix/install/ros2_demo_custommsg_create/share/ros2_demo_custommsg_create/package.dsv
[1.214s] -- Up-to-date symlink: /home/kenneth/PycharmProjects/ros2_ws_fix/install/ros2_demo_custommsg_create/share/ament_index/resource_index/packages/ros2_demo_custommsg_create
[1.214s] -- Up-to-date symlink: /home/kenneth/PycharmProjects/ros2_ws_fix/install/ros2_demo_custommsg_create/share/ros2_demo_custommsg_create/cmake/rosidl_cmake-extras.cmake
[1.215s] -- Up-to-date symlink: /home/kenneth/PycharmProjects/ros2_ws_fix/install/ros2_demo_custommsg_create/share/ros2_demo_custommsg_create/cmake/ament_cmake_export_dependencies-extras.cmake
[1.215s] -- Up-to-date symlink: /home/kenneth/PycharmProjects/ros2_ws_fix/install/ros2_demo_custommsg_create/share/ros2_demo_custommsg_create/cmake/ament_cmake_export_include_directories-extras.cmake
[1.216s] -- Up-to-date symlink: /home/kenneth/PycharmProjects/ros2_ws_fix/install/ros2_demo_custommsg_create/share/ros2_demo_custommsg_create/cmake/ament_cmake_export_libraries-extras.cmake
[1.216s] -- Up-to-date symlink: /home/kenneth/PycharmProjects/ros2_ws_fix/install/ros2_demo_custommsg_create/share/ros2_demo_custommsg_create/cmake/ros2_demo_custommsg_createConfig.cmake
[1.217s] -- Up-to-date symlink: /home/kenneth/PycharmProjects/ros2_ws_fix/install/ros2_demo_custommsg_create/share/ros2_demo_custommsg_create/cmake/ros2_demo_custommsg_createConfig-version.cmake
[1.217s] -- Up-to-date symlink: /home/kenneth/PycharmProjects/ros2_ws_fix/install/ros2_demo_custommsg_create/share/ros2_demo_custommsg_create/package.xml
[1.297s] Invoked command in '/home/kenneth/PycharmProjects/ros2_ws_fix/build/ros2_demo_custommsg_create' returned '0': CMAKE_PREFIX_PATH=/opt/ros/eloquent /usr/bin/cmake --build /home/kenneth/PycharmProjects/ros2_ws_fix/build/ros2_demo_custommsg_create --target install -- -j1 -l1
