[0.052s] Invoking command in '/home/kenneth/PycharmProjects/ros2_ws_fix/build/sensor_fusion_msg_types': CMAKE_PREFIX_PATH=${CMAKE_PREFIX_PATH}:/home/kenneth/PycharmProjects/ros2_ws_fix/install/sf_ros2_vinerow_sub:/home/kenneth/PycharmProjects/ros2_ws_fix/install/sensor_fusion_subscriber:/home/kenneth/PycharmProjects/ros2_ws_fix/install/ros2_demo_custommsg_pub:/home/kenneth/PycharmProjects/ros2_ws_fix/install/ros2_demo_subscriber:/home/kenneth/PycharmProjects/ros2_ws_fix/install/ros2_demo_publisher:/opt/ros/eloquent /usr/bin/cmake --build /home/kenneth/PycharmProjects/ros2_ws_fix/build/sensor_fusion_msg_types -- -j1 -l1
[0.091s] -- Found ament_cmake: 0.8.2 (/opt/ros/eloquent/share/ament_cmake/cmake)
[0.158s] -- Found PythonInterp: /usr/bin/python3 (found suitable version "3.6.9", minimum required is "3") 
[0.159s] -- Using PYTHON_EXECUTABLE: /usr/bin/python3
[0.452s] -- Override CMake install command with custom implementation using symlinks instead of copying resources
[0.463s] -- Found rosidl_default_generators: 0.8.0 (/opt/ros/eloquent/share/rosidl_default_generators/cmake)
[0.535s] -- Found rosidl_adapter: 0.8.2 (/opt/ros/eloquent/share/rosidl_adapter/cmake)
[0.619s] -- Found rclcpp: 0.8.4 (/opt/ros/eloquent/share/rclcpp/cmake)
[0.643s] -- Found rmw_implementation_cmake: 0.8.1 (/opt/ros/eloquent/share/rmw_implementation_cmake/cmake)
[0.645s] -- Using RMW implementation 'rmw_fastrtps_cpp' as default
[0.680s] -- Found geometry_msgs: 0.8.1 (/opt/ros/eloquent/share/geometry_msgs/cmake)
[0.727s] -- Found PythonInterp: /usr/bin/python3 (found version "3.6.9") 
[0.944s] -- Using single matching rosidl_typesupport_c: rosidl_typesupport_fastrtps_c
[1.056s] -- Using single matching rosidl_typesupport_cpp: rosidl_typesupport_fastrtps_cpp
[1.508s] -- Found PythonInterp: /usr/bin/python3 (found suitable version "3.6.9", minimum required is "3.5") 
[1.509s] -- Found python_cmake_module: 0.8.0 (/opt/ros/eloquent/share/python_cmake_module/cmake)
[1.545s] -- Using PYTHON_EXECUTABLE: /usr/bin/python3
[1.545s] -- Using PYTHON_INCLUDE_DIRS: /usr/include/python3.6m
[1.545s] -- Using PYTHON_LIBRARIES: /usr/lib/x86_64-linux-gnu/libpython3.6m.so
[1.724s] -- Found ament_lint_auto: 0.8.1 (/opt/ros/eloquent/share/ament_lint_auto/cmake)
[1.746s] -- Added test 'lint_cmake' to check CMake code style
[1.748s] -- Added test 'xmllint' to check XML markup files
[1.756s] -- Configuring done
[1.955s] -- Generating done
[1.967s] -- Build files have been written to: /home/kenneth/PycharmProjects/ros2_ws_fix/build/sensor_fusion_msg_types
[2.015s] [  3%] [34m[1mGenerating C++ code for ROS interfaces[0m
[2.367s] [  3%] Built target sensor_fusion_msg_types__cpp
[2.385s] [  6%] [34m[1mGenerating C++ type support for eProsima Fast-RTPS[0m
[2.777s] [35m[1mScanning dependencies of target sensor_fusion_msg_types__rosidl_typesupport_fastrtps_cpp[0m
[2.798s] [ 10%] [32mBuilding CXX object CMakeFiles/sensor_fusion_msg_types__rosidl_typesupport_fastrtps_cpp.dir/rosidl_typesupport_fastrtps_cpp/sensor_fusion_msg_types/msg/dds_fastrtps/vinerow__type_support.cpp.o[0m
[3.243s] [ 13%] [32m[1mLinking CXX shared library libsensor_fusion_msg_types__rosidl_typesupport_fastrtps_cpp.so[0m
[3.353s] [ 13%] Built target sensor_fusion_msg_types__rosidl_typesupport_fastrtps_cpp
[3.374s] [ 17%] [34m[1mGenerating C++ type support dispatch for ROS interfaces[0m
[3.762s] [35m[1mScanning dependencies of target sensor_fusion_msg_types__rosidl_typesupport_cpp[0m
[3.779s] [ 20%] [32mBuilding CXX object CMakeFiles/sensor_fusion_msg_types__rosidl_typesupport_cpp.dir/rosidl_typesupport_cpp/sensor_fusion_msg_types/msg/vinerow__type_support.cpp.o[0m
[4.145s] [ 24%] [32m[1mLinking CXX shared library libsensor_fusion_msg_types__rosidl_typesupport_cpp.so[0m
[4.242s] [ 24%] Built target sensor_fusion_msg_types__rosidl_typesupport_cpp
[4.261s] [ 27%] [34m[1mGenerating C code for ROS interfaces[0m
[4.584s] [35m[1mScanning dependencies of target sensor_fusion_msg_types__rosidl_generator_c[0m
[4.600s] [ 31%] [32mBuilding C object CMakeFiles/sensor_fusion_msg_types__rosidl_generator_c.dir/rosidl_generator_c/sensor_fusion_msg_types/msg/vinerow__functions.c.o[0m
[4.649s] [ 34%] [32m[1mLinking C shared library libsensor_fusion_msg_types__rosidl_generator_c.so[0m
[4.694s] [ 34%] Built target sensor_fusion_msg_types__rosidl_generator_c
[4.711s] [ 37%] [34m[1mGenerating C type support for eProsima Fast-RTPS[0m
[5.028s] [35m[1mScanning dependencies of target sensor_fusion_msg_types__rosidl_typesupport_fastrtps_c[0m
[5.048s] [ 41%] [32mBuilding CXX object CMakeFiles/sensor_fusion_msg_types__rosidl_typesupport_fastrtps_c.dir/rosidl_typesupport_fastrtps_c/sensor_fusion_msg_types/msg/vinerow__type_support_c.cpp.o[0m
[5.376s] [ 44%] [32m[1mLinking CXX shared library libsensor_fusion_msg_types__rosidl_typesupport_fastrtps_c.so[0m
[5.477s] [ 44%] Built target sensor_fusion_msg_types__rosidl_typesupport_fastrtps_c
[5.494s] [ 48%] [34m[1mGenerating C type support dispatch for ROS interfaces[0m
[5.787s] [35m[1mScanning dependencies of target sensor_fusion_msg_types__rosidl_typesupport_c[0m
[5.805s] [ 51%] [32mBuilding CXX object CMakeFiles/sensor_fusion_msg_types__rosidl_typesupport_c.dir/rosidl_typesupport_c/sensor_fusion_msg_types/msg/vinerow__type_support.cpp.o[0m
[5.840s] [ 55%] [32m[1mLinking CXX shared library libsensor_fusion_msg_types__rosidl_typesupport_c.so[0m
[5.910s] [ 55%] Built target sensor_fusion_msg_types__rosidl_typesupport_c
[5.927s] [ 58%] [34m[1mGenerating C++ introspection for ROS interfaces[0m
[6.225s] [35m[1mScanning dependencies of target sensor_fusion_msg_types__rosidl_typesupport_introspection_cpp[0m
[6.243s] [ 62%] [32mBuilding CXX object CMakeFiles/sensor_fusion_msg_types__rosidl_typesupport_introspection_cpp.dir/rosidl_typesupport_introspection_cpp/sensor_fusion_msg_types/msg/vinerow__type_support.cpp.o[0m
[6.504s] [ 65%] [32m[1mLinking CXX shared library libsensor_fusion_msg_types__rosidl_typesupport_introspection_cpp.so[0m
[6.585s] [ 65%] Built target sensor_fusion_msg_types__rosidl_typesupport_introspection_cpp
[6.602s] [ 68%] [34m[1mGenerating C introspection for ROS interfaces[0m
[6.914s] [35m[1mScanning dependencies of target sensor_fusion_msg_types__rosidl_typesupport_introspection_c[0m
[6.934s] [ 72%] [32mBuilding C object CMakeFiles/sensor_fusion_msg_types__rosidl_typesupport_introspection_c.dir/rosidl_typesupport_introspection_c/sensor_fusion_msg_types/msg/vinerow__type_support.c.o[0m
[6.974s] [ 75%] [32m[1mLinking C shared library libsensor_fusion_msg_types__rosidl_typesupport_introspection_c.so[0m
[7.014s] [ 75%] Built target sensor_fusion_msg_types__rosidl_typesupport_introspection_c
[7.041s] [ 75%] Built target sensor_fusion_msg_types
[7.067s] [ 79%] [34m[1mGenerating Python code for ROS interfaces[0m
[7.598s] [ 79%] Built target sensor_fusion_msg_types__py
[7.613s] [35m[1mScanning dependencies of target sensor_fusion_msg_types__python[0m
[7.637s] [ 82%] [32mBuilding C object CMakeFiles/sensor_fusion_msg_types__python.dir/rosidl_generator_py/sensor_fusion_msg_types/msg/_vinerow_s.c.o[0m
[7.743s] [ 86%] [32m[1mLinking CXX shared library rosidl_generator_py/sensor_fusion_msg_types/libsensor_fusion_msg_types__python.so[0m
[7.827s] [ 86%] Built target sensor_fusion_msg_types__python
[7.845s] [35m[1mScanning dependencies of target sensor_fusion_msg_types__rosidl_typesupport_c__pyext[0m
[7.867s] [ 89%] [32mBuilding C object CMakeFiles/sensor_fusion_msg_types__rosidl_typesupport_c__pyext.dir/rosidl_generator_py/sensor_fusion_msg_types/_sensor_fusion_msg_types_s.ep.rosidl_typesupport_c.c.o[0m
[7.944s] [ 93%] [32m[1mLinking CXX shared library rosidl_generator_py/sensor_fusion_msg_types/sensor_fusion_msg_types_s__rosidl_typesupport_c.cpython-36m-x86_64-linux-gnu.so[0m
[8.041s] [ 93%] Built target sensor_fusion_msg_types__rosidl_typesupport_c__pyext
[8.056s] [35m[1mScanning dependencies of target sensor_fusion_msg_types__rosidl_typesupport_fastrtps_c__pyext[0m
[8.079s] [ 96%] [32mBuilding C object CMakeFiles/sensor_fusion_msg_types__rosidl_typesupport_fastrtps_c__pyext.dir/rosidl_generator_py/sensor_fusion_msg_types/_sensor_fusion_msg_types_s.ep.rosidl_typesupport_fastrtps_c.c.o[0m
[8.156s] [100%] [32m[1mLinking CXX shared library rosidl_generator_py/sensor_fusion_msg_types/sensor_fusion_msg_types_s__rosidl_typesupport_fastrtps_c.cpython-36m-x86_64-linux-gnu.so[0m
[8.254s] [100%] Built target sensor_fusion_msg_types__rosidl_typesupport_fastrtps_c__pyext
[8.269s] Invoked command in '/home/kenneth/PycharmProjects/ros2_ws_fix/build/sensor_fusion_msg_types' returned '0': CMAKE_PREFIX_PATH=${CMAKE_PREFIX_PATH}:/home/kenneth/PycharmProjects/ros2_ws_fix/install/sf_ros2_vinerow_sub:/home/kenneth/PycharmProjects/ros2_ws_fix/install/sensor_fusion_subscriber:/home/kenneth/PycharmProjects/ros2_ws_fix/install/ros2_demo_custommsg_pub:/home/kenneth/PycharmProjects/ros2_ws_fix/install/ros2_demo_subscriber:/home/kenneth/PycharmProjects/ros2_ws_fix/install/ros2_demo_publisher:/opt/ros/eloquent /usr/bin/cmake --build /home/kenneth/PycharmProjects/ros2_ws_fix/build/sensor_fusion_msg_types -- -j1 -l1
[8.337s] Invoking command in '/home/kenneth/PycharmProjects/ros2_ws_fix/build/sensor_fusion_msg_types': CMAKE_PREFIX_PATH=${CMAKE_PREFIX_PATH}:/home/kenneth/PycharmProjects/ros2_ws_fix/install/sf_ros2_vinerow_sub:/home/kenneth/PycharmProjects/ros2_ws_fix/install/sensor_fusion_subscriber:/home/kenneth/PycharmProjects/ros2_ws_fix/install/ros2_demo_custommsg_pub:/home/kenneth/PycharmProjects/ros2_ws_fix/install/ros2_demo_subscriber:/home/kenneth/PycharmProjects/ros2_ws_fix/install/ros2_demo_publisher:/opt/ros/eloquent /usr/bin/cmake --build /home/kenneth/PycharmProjects/ros2_ws_fix/build/sensor_fusion_msg_types --target install -- -j1 -l1
[8.405s] [  3%] Built target sensor_fusion_msg_types__cpp
[8.437s] [ 13%] Built target sensor_fusion_msg_types__rosidl_typesupport_fastrtps_cpp
[8.472s] [ 24%] Built target sensor_fusion_msg_types__rosidl_typesupport_cpp
[8.501s] [ 34%] Built target sensor_fusion_msg_types__rosidl_generator_c
[8.532s] [ 44%] Built target sensor_fusion_msg_types__rosidl_typesupport_fastrtps_c
[8.564s] [ 55%] Built target sensor_fusion_msg_types__rosidl_typesupport_c
[8.593s] [ 65%] Built target sensor_fusion_msg_types__rosidl_typesupport_introspection_cpp
[8.621s] [ 75%] Built target sensor_fusion_msg_types__rosidl_typesupport_introspection_c
[8.649s] [ 75%] Built target sensor_fusion_msg_types
[8.677s] [ 79%] Built target sensor_fusion_msg_types__py
[8.716s] [ 86%] Built target sensor_fusion_msg_types__python
[8.749s] [ 93%] Built target sensor_fusion_msg_types__rosidl_typesupport_c__pyext
[8.784s] [100%] Built target sensor_fusion_msg_types__rosidl_typesupport_fastrtps_c__pyext
[8.810s] [36mInstall the project...[0m
[8.820s] -- Install configuration: ""
[8.821s] -- Execute custom install script
[8.822s] -- Up-to-date symlink: /home/kenneth/PycharmProjects/ros2_ws_fix/install/sensor_fusion_msg_types/share/ament_index/resource_index/rosidl_interfaces/sensor_fusion_msg_types
[8.823s] -- Up-to-date symlink: /home/kenneth/PycharmProjects/ros2_ws_fix/install/sensor_fusion_msg_types/lib/libsensor_fusion_msg_types__rosidl_typesupport_c.so
[8.824s] -- Up-to-date symlink: /home/kenneth/PycharmProjects/ros2_ws_fix/install/sensor_fusion_msg_types/share/sensor_fusion_msg_types/environment/library_path.sh
[8.824s] -- Up-to-date symlink: /home/kenneth/PycharmProjects/ros2_ws_fix/install/sensor_fusion_msg_types/share/sensor_fusion_msg_types/environment/library_path.dsv
[8.825s] -- Up-to-date symlink: /home/kenneth/PycharmProjects/ros2_ws_fix/install/sensor_fusion_msg_types/lib/libsensor_fusion_msg_types__rosidl_typesupport_cpp.so
[8.826s] -- Up-to-date symlink: /home/kenneth/PycharmProjects/ros2_ws_fix/install/sensor_fusion_msg_types/include/sensor_fusion_msg_types/msg/rosidl_typesupport_fastrtps_c__visibility_control.h
[8.826s] -- Up-to-date symlink: /home/kenneth/PycharmProjects/ros2_ws_fix/install/sensor_fusion_msg_types/include/sensor_fusion_msg_types/msg/vinerow__rosidl_typesupport_fastrtps_c.h
[8.827s] -- Up-to-date symlink: /home/kenneth/PycharmProjects/ros2_ws_fix/install/sensor_fusion_msg_types/lib/libsensor_fusion_msg_types__rosidl_typesupport_fastrtps_c.so
[8.828s] -- Up-to-date symlink: /home/kenneth/PycharmProjects/ros2_ws_fix/install/sensor_fusion_msg_types/include/sensor_fusion_msg_types/msg/rosidl_generator_c__visibility_control.h
[8.828s] -- Up-to-date symlink: /home/kenneth/PycharmProjects/ros2_ws_fix/install/sensor_fusion_msg_types/include/sensor_fusion_msg_types/msg/vinerow.h
[8.829s] -- Up-to-date symlink: /home/kenneth/PycharmProjects/ros2_ws_fix/install/sensor_fusion_msg_types/include/sensor_fusion_msg_types/msg/vinerow__functions.h
[8.829s] -- Up-to-date symlink: /home/kenneth/PycharmProjects/ros2_ws_fix/install/sensor_fusion_msg_types/include/sensor_fusion_msg_types/msg/vinerow__struct.h
[8.830s] -- Up-to-date symlink: /home/kenneth/PycharmProjects/ros2_ws_fix/install/sensor_fusion_msg_types/include/sensor_fusion_msg_types/msg/vinerow__type_support.h
[8.830s] -- Up-to-date symlink: /home/kenneth/PycharmProjects/ros2_ws_fix/install/sensor_fusion_msg_types/lib/libsensor_fusion_msg_types__rosidl_generator_c.so
[8.831s] -- Up-to-date symlink: /home/kenneth/PycharmProjects/ros2_ws_fix/install/sensor_fusion_msg_types/include/sensor_fusion_msg_types/msg/rosidl_typesupport_fastrtps_cpp__visibility_control.h
[8.832s] -- Up-to-date symlink: /home/kenneth/PycharmProjects/ros2_ws_fix/install/sensor_fusion_msg_types/include/sensor_fusion_msg_types/msg/vinerow__rosidl_typesupport_fastrtps_cpp.hpp
[8.832s] -- Up-to-date symlink: /home/kenneth/PycharmProjects/ros2_ws_fix/install/sensor_fusion_msg_types/lib/libsensor_fusion_msg_types__rosidl_typesupport_fastrtps_cpp.so
[8.833s] -- Up-to-date symlink: /home/kenneth/PycharmProjects/ros2_ws_fix/install/sensor_fusion_msg_types/include/sensor_fusion_msg_types/msg/vinerow.hpp
[8.834s] -- Up-to-date symlink: /home/kenneth/PycharmProjects/ros2_ws_fix/install/sensor_fusion_msg_types/include/sensor_fusion_msg_types/msg/vinerow__struct.hpp
[8.834s] -- Up-to-date symlink: /home/kenneth/PycharmProjects/ros2_ws_fix/install/sensor_fusion_msg_types/include/sensor_fusion_msg_types/msg/vinerow__traits.hpp
[8.835s] -- Up-to-date symlink: /home/kenneth/PycharmProjects/ros2_ws_fix/install/sensor_fusion_msg_types/include/sensor_fusion_msg_types/msg/rosidl_typesupport_introspection_c__visibility_control.h
[8.835s] -- Up-to-date symlink: /home/kenneth/PycharmProjects/ros2_ws_fix/install/sensor_fusion_msg_types/include/sensor_fusion_msg_types/msg/vinerow__rosidl_typesupport_introspection_c.h
[8.836s] -- Up-to-date symlink: /home/kenneth/PycharmProjects/ros2_ws_fix/install/sensor_fusion_msg_types/lib/libsensor_fusion_msg_types__rosidl_typesupport_introspection_c.so
[8.837s] -- Up-to-date symlink: /home/kenneth/PycharmProjects/ros2_ws_fix/install/sensor_fusion_msg_types/include/sensor_fusion_msg_types/msg/vinerow__rosidl_typesupport_introspection_cpp.hpp
[8.838s] -- Up-to-date symlink: /home/kenneth/PycharmProjects/ros2_ws_fix/install/sensor_fusion_msg_types/lib/libsensor_fusion_msg_types__rosidl_typesupport_introspection_cpp.so
[8.838s] -- Up-to-date symlink: /home/kenneth/PycharmProjects/ros2_ws_fix/install/sensor_fusion_msg_types/share/sensor_fusion_msg_types/environment/pythonpath.sh
[8.839s] -- Up-to-date symlink: /home/kenneth/PycharmProjects/ros2_ws_fix/install/sensor_fusion_msg_types/share/sensor_fusion_msg_types/environment/pythonpath.dsv
[8.840s] -- Up-to-date symlink: /home/kenneth/PycharmProjects/ros2_ws_fix/install/sensor_fusion_msg_types/lib/python3.6/site-packages/sensor_fusion_msg_types/__init__.py
[8.841s] -- Up-to-date symlink: /home/kenneth/PycharmProjects/ros2_ws_fix/install/sensor_fusion_msg_types/lib/python3.6/site-packages/sensor_fusion_msg_types/msg/__init__.py
[8.841s] -- Up-to-date symlink: /home/kenneth/PycharmProjects/ros2_ws_fix/install/sensor_fusion_msg_types/lib/python3.6/site-packages/sensor_fusion_msg_types/msg/_vinerow.py
[8.842s] -- Up-to-date symlink: /home/kenneth/PycharmProjects/ros2_ws_fix/install/sensor_fusion_msg_types/lib/python3.6/site-packages/sensor_fusion_msg_types/sensor_fusion_msg_types_s__rosidl_typesupport_c.cpython-36m-x86_64-linux-gnu.so
[8.843s] -- Up-to-date symlink: /home/kenneth/PycharmProjects/ros2_ws_fix/install/sensor_fusion_msg_types/lib/python3.6/site-packages/sensor_fusion_msg_types/sensor_fusion_msg_types_s__rosidl_typesupport_fastrtps_c.cpython-36m-x86_64-linux-gnu.so
[8.844s] -- Up-to-date symlink: /home/kenneth/PycharmProjects/ros2_ws_fix/install/sensor_fusion_msg_types/lib/libsensor_fusion_msg_types__python.so
[8.844s] -- Up-to-date symlink: /home/kenneth/PycharmProjects/ros2_ws_fix/install/sensor_fusion_msg_types/share/sensor_fusion_msg_types/msg/Vinerow.idl
[8.845s] -- Up-to-date symlink: /home/kenneth/PycharmProjects/ros2_ws_fix/install/sensor_fusion_msg_types/share/sensor_fusion_msg_types/msg/Vinerow.msg
[8.848s] -- Up-to-date symlink: /home/kenneth/PycharmProjects/ros2_ws_fix/install/sensor_fusion_msg_types/share/ament_index/resource_index/package_run_dependencies/sensor_fusion_msg_types
[8.848s] -- Up-to-date symlink: /home/kenneth/PycharmProjects/ros2_ws_fix/install/sensor_fusion_msg_types/share/ament_index/resource_index/parent_prefix_path/sensor_fusion_msg_types
[8.849s] -- Up-to-date symlink: /home/kenneth/PycharmProjects/ros2_ws_fix/install/sensor_fusion_msg_types/share/sensor_fusion_msg_types/environment/ament_prefix_path.sh
[8.849s] -- Up-to-date symlink: /home/kenneth/PycharmProjects/ros2_ws_fix/install/sensor_fusion_msg_types/share/sensor_fusion_msg_types/environment/ament_prefix_path.dsv
[8.850s] -- Up-to-date symlink: /home/kenneth/PycharmProjects/ros2_ws_fix/install/sensor_fusion_msg_types/share/sensor_fusion_msg_types/environment/path.sh
[8.850s] -- Up-to-date symlink: /home/kenneth/PycharmProjects/ros2_ws_fix/install/sensor_fusion_msg_types/share/sensor_fusion_msg_types/environment/path.dsv
[8.851s] -- Up-to-date symlink: /home/kenneth/PycharmProjects/ros2_ws_fix/install/sensor_fusion_msg_types/share/sensor_fusion_msg_types/local_setup.bash
[8.852s] -- Up-to-date symlink: /home/kenneth/PycharmProjects/ros2_ws_fix/install/sensor_fusion_msg_types/share/sensor_fusion_msg_types/local_setup.sh
[8.852s] -- Up-to-date symlink: /home/kenneth/PycharmProjects/ros2_ws_fix/install/sensor_fusion_msg_types/share/sensor_fusion_msg_types/local_setup.zsh
[8.853s] -- Up-to-date symlink: /home/kenneth/PycharmProjects/ros2_ws_fix/install/sensor_fusion_msg_types/share/sensor_fusion_msg_types/local_setup.dsv
[8.853s] -- Symlinking: /home/kenneth/PycharmProjects/ros2_ws_fix/install/sensor_fusion_msg_types/share/sensor_fusion_msg_types/package.dsv
[8.864s] -- Up-to-date symlink: /home/kenneth/PycharmProjects/ros2_ws_fix/install/sensor_fusion_msg_types/share/ament_index/resource_index/packages/sensor_fusion_msg_types
[8.864s] -- Up-to-date symlink: /home/kenneth/PycharmProjects/ros2_ws_fix/install/sensor_fusion_msg_types/share/sensor_fusion_msg_types/cmake/rosidl_cmake-extras.cmake
[8.865s] -- Up-to-date symlink: /home/kenneth/PycharmProjects/ros2_ws_fix/install/sensor_fusion_msg_types/share/sensor_fusion_msg_types/cmake/ament_cmake_export_dependencies-extras.cmake
[8.866s] -- Up-to-date symlink: /home/kenneth/PycharmProjects/ros2_ws_fix/install/sensor_fusion_msg_types/share/sensor_fusion_msg_types/cmake/ament_cmake_export_libraries-extras.cmake
[8.866s] -- Up-to-date symlink: /home/kenneth/PycharmProjects/ros2_ws_fix/install/sensor_fusion_msg_types/share/sensor_fusion_msg_types/cmake/ament_cmake_export_include_directories-extras.cmake
[8.869s] -- Up-to-date symlink: /home/kenneth/PycharmProjects/ros2_ws_fix/install/sensor_fusion_msg_types/share/sensor_fusion_msg_types/cmake/sensor_fusion_msg_typesConfig.cmake
[8.869s] -- Up-to-date symlink: /home/kenneth/PycharmProjects/ros2_ws_fix/install/sensor_fusion_msg_types/share/sensor_fusion_msg_types/cmake/sensor_fusion_msg_typesConfig-version.cmake
[8.870s] -- Up-to-date symlink: /home/kenneth/PycharmProjects/ros2_ws_fix/install/sensor_fusion_msg_types/share/sensor_fusion_msg_types/package.xml
[8.919s] Compiling '/home/kenneth/PycharmProjects/ros2_ws_fix/install/sensor_fusion_msg_types/lib/python3.6/site-packages/sensor_fusion_msg_types/__init__.py'...
[8.932s] Invoked command in '/home/kenneth/PycharmProjects/ros2_ws_fix/build/sensor_fusion_msg_types' returned '0': CMAKE_PREFIX_PATH=${CMAKE_PREFIX_PATH}:/home/kenneth/PycharmProjects/ros2_ws_fix/install/sf_ros2_vinerow_sub:/home/kenneth/PycharmProjects/ros2_ws_fix/install/sensor_fusion_subscriber:/home/kenneth/PycharmProjects/ros2_ws_fix/install/ros2_demo_custommsg_pub:/home/kenneth/PycharmProjects/ros2_ws_fix/install/ros2_demo_subscriber:/home/kenneth/PycharmProjects/ros2_ws_fix/install/ros2_demo_publisher:/opt/ros/eloquent /usr/bin/cmake --build /home/kenneth/PycharmProjects/ros2_ws_fix/build/sensor_fusion_msg_types --target install -- -j1 -l1
