[0.058s] Invoking command in '/home/kenneth/PycharmProjects/ros2_ws_fix/src/build/sensor_fusion_msgs': CMAKE_PREFIX_PATH=${CMAKE_PREFIX_PATH}:/opt/ros/eloquent /usr/bin/cmake /home/kenneth/PycharmProjects/ros2_ws_fix/src/sensor_fusion_msgs -DAMENT_CMAKE_SYMLINK_INSTALL=1 -DCMAKE_INSTALL_PREFIX=/home/kenneth/PycharmProjects/ros2_ws_fix/src/install/sensor_fusion_msgs
[0.362s] -- The C compiler identification is GNU 7.5.0
[0.596s] -- The CXX compiler identification is GNU 7.5.0
[0.608s] -- Check for working C compiler: /usr/bin/cc
[0.709s] -- Check for working C compiler: /usr/bin/cc -- works
[0.717s] -- Detecting C compiler ABI info
[0.838s] -- Detecting C compiler ABI info - done
[0.856s] -- Detecting C compile features
[1.139s] -- Detecting C compile features - done
[1.148s] -- Check for working CXX compiler: /usr/bin/c++
[1.261s] -- Check for working CXX compiler: /usr/bin/c++ -- works
[1.263s] -- Detecting CXX compiler ABI info
[1.391s] -- Detecting CXX compiler ABI info - done
[1.398s] -- Detecting CXX compile features
[1.946s] -- Detecting CXX compile features - done
[1.952s] -- Found ament_cmake: 0.8.2 (/opt/ros/eloquent/share/ament_cmake/cmake)
[1.997s] -- Found PythonInterp: /usr/bin/python3 (found suitable version "3.6.9", minimum required is "3") 
[1.998s] -- Using PYTHON_EXECUTABLE: /usr/bin/python3
[2.303s] -- Override CMake install command with custom implementation using symlinks instead of copying resources
[2.365s] -- Found sensor_fusion_msg_types: 0.0.0 (/home/kenneth/PycharmProjects/ros2_ws_fix/install/sensor_fusion_msg_types/share/sensor_fusion_msg_types/cmake)
[2.399s] -- Found rosidl_adapter: 0.8.2 (/opt/ros/eloquent/share/rosidl_adapter/cmake)
[2.508s] -- Found rosidl_default_generators: 0.8.0 (/opt/ros/eloquent/share/rosidl_default_generators/cmake)
[2.661s] -- Found OpenSSL: /usr/lib/x86_64-linux-gnu/libcrypto.so (found version "1.1.1") 
[2.691s] -- Found FastRTPS: /opt/ros/eloquent/include  
[2.804s] CMake Error at /opt/ros/eloquent/share/rosidl_cmake/cmake/rosidl_generate_interfaces.cmake:93 (message):
[2.805s]   rosidl_generate_interfaces() the passed file 'msg/Vinerows.msg' doesn't
[2.805s]   exist relative to the CMAKE_CURRENT_SOURCE_DIR
[2.805s]   '/home/kenneth/PycharmProjects/ros2_ws_fix/src/sensor_fusion_msgs'
[2.805s] Call Stack (most recent call first):
[2.806s]   CMakeLists.txt:26 (rosidl_generate_interfaces)
[2.806s] 
[2.806s] 
[2.808s] -- Configuring incomplete, errors occurred!
[2.809s] See also "/home/kenneth/PycharmProjects/ros2_ws_fix/src/build/sensor_fusion_msgs/CMakeFiles/CMakeOutput.log".
[2.818s] Invoked command in '/home/kenneth/PycharmProjects/ros2_ws_fix/src/build/sensor_fusion_msgs' returned '1': CMAKE_PREFIX_PATH=${CMAKE_PREFIX_PATH}:/opt/ros/eloquent /usr/bin/cmake /home/kenneth/PycharmProjects/ros2_ws_fix/src/sensor_fusion_msgs -DAMENT_CMAKE_SYMLINK_INSTALL=1 -DCMAKE_INSTALL_PREFIX=/home/kenneth/PycharmProjects/ros2_ws_fix/src/install/sensor_fusion_msgs
