[0.037s] Invoking command in '/home/kenneth/PycharmProjects/ros2_ws_fix/build/sensor_fusion_msgs': CMAKE_PREFIX_PATH=/opt/ros/eloquent /usr/bin/cmake /home/kenneth/PycharmProjects/ros2_ws_fix/src/sensor_fusion_msgs -DAMENT_CMAKE_SYMLINK_INSTALL=1 -DCMAKE_INSTALL_PREFIX=/home/kenneth/PycharmProjects/ros2_ws_fix/install/sensor_fusion_msgs
[0.064s] -- Found ament_cmake: 0.8.2 (/opt/ros/eloquent/share/ament_cmake/cmake)
[0.111s] -- Using PYTHON_EXECUTABLE: /usr/bin/python3
[0.382s] -- Override CMake install command with custom implementation using symlinks instead of copying resources
[0.391s] -- Found rosidl_default_generators: 0.8.0 (/opt/ros/eloquent/share/rosidl_default_generators/cmake)
[0.483s] -- Found rosidl_adapter: 0.8.2 (/opt/ros/eloquent/share/rosidl_adapter/cmake)
[0.581s] -- Found rclcpp: 0.8.4 (/opt/ros/eloquent/share/rclcpp/cmake)
[0.602s] -- Found rmw_implementation_cmake: 0.8.1 (/opt/ros/eloquent/share/rmw_implementation_cmake/cmake)
[0.604s] -- Using RMW implementation 'rmw_fastrtps_cpp' as default
[0.648s] -- Found std_msgs: 0.8.1 (/opt/ros/eloquent/share/std_msgs/cmake)
[0.654s] -- Found geometry_msgs: 0.8.1 (/opt/ros/eloquent/share/geometry_msgs/cmake)
[0.667s] CMake Error at CMakeLists.txt:29 (find_package):
[0.668s]   By not providing "Findsensor_fusion_msg_types.cmake" in CMAKE_MODULE_PATH
[0.668s]   this project has asked CMake to find a package configuration file provided
[0.668s]   by "sensor_fusion_msg_types", but CMake did not find one.
[0.668s] 
[0.668s]   Could not find a package configuration file provided by
[0.668s]   "sensor_fusion_msg_types" with any of the following names:
[0.668s] 
[0.669s]     sensor_fusion_msg_typesConfig.cmake
[0.669s]     sensor_fusion_msg_types-config.cmake
[0.669s] 
[0.669s]   Add the installation prefix of "sensor_fusion_msg_types" to
[0.669s]   CMAKE_PREFIX_PATH or set "sensor_fusion_msg_types_DIR" to a directory
[0.669s]   containing one of the above files.  If "sensor_fusion_msg_types" provides a
[0.669s]   separate development package or SDK, be sure it has been installed.
[0.669s] 
[0.670s] 
[0.671s] -- Configuring incomplete, errors occurred!
[0.671s] See also "/home/kenneth/PycharmProjects/ros2_ws_fix/build/sensor_fusion_msgs/CMakeFiles/CMakeOutput.log".
[0.672s] See also "/home/kenneth/PycharmProjects/ros2_ws_fix/build/sensor_fusion_msgs/CMakeFiles/CMakeError.log".
[0.684s] Invoked command in '/home/kenneth/PycharmProjects/ros2_ws_fix/build/sensor_fusion_msgs' returned '1': CMAKE_PREFIX_PATH=/opt/ros/eloquent /usr/bin/cmake /home/kenneth/PycharmProjects/ros2_ws_fix/src/sensor_fusion_msgs -DAMENT_CMAKE_SYMLINK_INSTALL=1 -DCMAKE_INSTALL_PREFIX=/home/kenneth/PycharmProjects/ros2_ws_fix/install/sensor_fusion_msgs
