[0.038s] Invoking command in '/home/kenneth/PycharmProjects/ros2_ws_fix/build/sensor_fusion_msgs': /usr/bin/cmake /home/kenneth/PycharmProjects/ros2_ws_fix/src/sensor_fusion_msgs -DCMAKE_INSTALL_PREFIX=/home/kenneth/PycharmProjects/ros2_ws_fix/install/sensor_fusion_msgs
[0.096s] -- The C compiler identification is GNU 7.5.0
[0.171s] -- The CXX compiler identification is GNU 7.5.0
[0.176s] -- Check for working C compiler: /usr/bin/cc
[0.264s] -- Check for working C compiler: /usr/bin/cc -- works
[0.265s] -- Detecting C compiler ABI info
[0.359s] -- Detecting C compiler ABI info - done
[0.365s] -- Detecting C compile features
[0.682s] -- Detecting C compile features - done
[0.685s] -- Check for working CXX compiler: /usr/bin/c++
[0.783s] -- Check for working CXX compiler: /usr/bin/c++ -- works
[0.784s] -- Detecting CXX compiler ABI info
[0.895s] -- Detecting CXX compiler ABI info - done
[0.901s] -- Detecting CXX compile features
[1.341s] -- Detecting CXX compile features - done
[1.354s] CMake Error at CMakeLists.txt:19 (find_package):
[1.354s]   By not providing "Findament_cmake.cmake" in CMAKE_MODULE_PATH this project
[1.354s]   has asked CMake to find a package configuration file provided by
[1.354s]   "ament_cmake", but CMake did not find one.
[1.354s] 
[1.358s]   Could not find a package configuration file provided by "ament_cmake" with
[1.358s]   any of the following names:
[1.358s] 
[1.358s]     ament_cmakeConfig.cmake
[1.358s]     ament_cmake-config.cmake
[1.359s] 
[1.359s]   Add the installation prefix of "ament_cmake" to CMAKE_PREFIX_PATH or set
[1.359s]   "ament_cmake_DIR" to a directory containing one of the above files.  If
[1.359s]   "ament_cmake" provides a separate development package or SDK, be sure it
[1.359s]   has been installed.
[1.359s] 
[1.359s] 
[1.360s] -- Configuring incomplete, errors occurred!
[1.360s] See also "/home/kenneth/PycharmProjects/ros2_ws_fix/build/sensor_fusion_msgs/CMakeFiles/CMakeOutput.log".
[1.365s] Invoked command in '/home/kenneth/PycharmProjects/ros2_ws_fix/build/sensor_fusion_msgs' returned '1': /usr/bin/cmake /home/kenneth/PycharmProjects/ros2_ws_fix/src/sensor_fusion_msgs -DCMAKE_INSTALL_PREFIX=/home/kenneth/PycharmProjects/ros2_ws_fix/install/sensor_fusion_msgs
