[0.040s] Invoking command in '/home/kenneth/PycharmProjects/ros2_ws_fix/build/sensor_fusion_msgs': CMAKE_PREFIX_PATH=${CMAKE_PREFIX_PATH}:/home/kenneth/PycharmProjects/ros2_ws_fix/install/sf_ros2_vinerow_sub:/home/kenneth/PycharmProjects/ros2_ws_fix/install/sensor_fusion_subscriber:/home/kenneth/PycharmProjects/ros2_ws_fix/install/ros2_demo_custommsg_pub:/home/kenneth/PycharmProjects/ros2_ws_fix/install/ros2_demo_subscriber:/home/kenneth/PycharmProjects/ros2_ws_fix/install/ros2_demo_publisher:/opt/ros/eloquent /usr/bin/cmake --build /home/kenneth/PycharmProjects/ros2_ws_fix/build/sensor_fusion_msgs -- -j1 -l1
[0.108s] [  3%] [34m[1mGenerating C++ code for ROS interfaces[0m
[0.397s] [  3%] Built target sensor_fusion_msgs__cpp
[0.410s] [  6%] [34m[1mGenerating C++ type support for eProsima Fast-RTPS[0m
[0.709s] [35m[1mScanning dependencies of target sensor_fusion_msgs__rosidl_typesupport_fastrtps_cpp[0m
[0.727s] [ 10%] [32mBuilding CXX object CMakeFiles/sensor_fusion_msgs__rosidl_typesupport_fastrtps_cpp.dir/rosidl_typesupport_fastrtps_cpp/sensor_fusion_msgs/msg/dds_fastrtps/vinerows__type_support.cpp.o[0m
[1.218s] [ 13%] [32m[1mLinking CXX shared library libsensor_fusion_msgs__rosidl_typesupport_fastrtps_cpp.so[0m
[1.335s] [ 13%] Built target sensor_fusion_msgs__rosidl_typesupport_fastrtps_cpp
[1.352s] [ 17%] [34m[1mGenerating C++ type support dispatch for ROS interfaces[0m
[1.653s] [35m[1mScanning dependencies of target sensor_fusion_msgs__rosidl_typesupport_cpp[0m
[1.673s] [ 20%] [32mBuilding CXX object CMakeFiles/sensor_fusion_msgs__rosidl_typesupport_cpp.dir/rosidl_typesupport_cpp/sensor_fusion_msgs/msg/vinerows__type_support.cpp.o[0m
[2.115s] [ 24%] [32m[1mLinking CXX shared library libsensor_fusion_msgs__rosidl_typesupport_cpp.so[0m
[2.234s] [ 24%] Built target sensor_fusion_msgs__rosidl_typesupport_cpp
[2.249s] [ 27%] [34m[1mGenerating C code for ROS interfaces[0m
[2.583s] [35m[1mScanning dependencies of target sensor_fusion_msgs__rosidl_generator_c[0m
[2.599s] [ 31%] [32mBuilding C object CMakeFiles/sensor_fusion_msgs__rosidl_generator_c.dir/rosidl_generator_c/sensor_fusion_msgs/msg/vinerows__functions.c.o[0m
[2.644s] [ 34%] [32m[1mLinking C shared library libsensor_fusion_msgs__rosidl_generator_c.so[0m
[2.696s] [ 34%] Built target sensor_fusion_msgs__rosidl_generator_c
[2.710s] [ 37%] [34m[1mGenerating C type support for eProsima Fast-RTPS[0m
[3.020s] [35m[1mScanning dependencies of target sensor_fusion_msgs__rosidl_typesupport_fastrtps_c[0m
[3.039s] [ 41%] [32mBuilding CXX object CMakeFiles/sensor_fusion_msgs__rosidl_typesupport_fastrtps_c.dir/rosidl_typesupport_fastrtps_c/sensor_fusion_msgs/msg/vinerows__type_support_c.cpp.o[0m
[3.390s] [ 44%] [32m[1mLinking CXX shared library libsensor_fusion_msgs__rosidl_typesupport_fastrtps_c.so[0m
[3.501s] [ 44%] Built target sensor_fusion_msgs__rosidl_typesupport_fastrtps_c
[3.515s] [ 48%] [34m[1mGenerating C type support dispatch for ROS interfaces[0m
[3.785s] [35m[1mScanning dependencies of target sensor_fusion_msgs__rosidl_typesupport_c[0m
[3.802s] [ 51%] [32mBuilding CXX object CMakeFiles/sensor_fusion_msgs__rosidl_typesupport_c.dir/rosidl_typesupport_c/sensor_fusion_msgs/msg/vinerows__type_support.cpp.o[0m
[3.843s] [ 55%] [32m[1mLinking CXX shared library libsensor_fusion_msgs__rosidl_typesupport_c.so[0m
[3.929s] [ 55%] Built target sensor_fusion_msgs__rosidl_typesupport_c
[3.944s] [ 58%] [34m[1mGenerating C introspection for ROS interfaces[0m
[4.232s] [35m[1mScanning dependencies of target sensor_fusion_msgs__rosidl_typesupport_introspection_c[0m
[4.251s] [ 62%] [32mBuilding C object CMakeFiles/sensor_fusion_msgs__rosidl_typesupport_introspection_c.dir/rosidl_typesupport_introspection_c/sensor_fusion_msgs/msg/vinerows__type_support.c.o[0m
[4.288s] [ 65%] [32m[1mLinking C shared library libsensor_fusion_msgs__rosidl_typesupport_introspection_c.so[0m
[4.333s] [ 65%] Built target sensor_fusion_msgs__rosidl_typesupport_introspection_c
[4.346s] [ 68%] [34m[1mGenerating C++ introspection for ROS interfaces[0m
[4.683s] [35m[1mScanning dependencies of target sensor_fusion_msgs__rosidl_typesupport_introspection_cpp[0m
[4.700s] [ 72%] [32mBuilding CXX object CMakeFiles/sensor_fusion_msgs__rosidl_typesupport_introspection_cpp.dir/rosidl_typesupport_introspection_cpp/sensor_fusion_msgs/msg/vinerows__type_support.cpp.o[0m
[5.056s] [ 75%] [32m[1mLinking CXX shared library libsensor_fusion_msgs__rosidl_typesupport_introspection_cpp.so[0m
[5.143s] [ 75%] Built target sensor_fusion_msgs__rosidl_typesupport_introspection_cpp
[5.169s] [ 75%] Built target sensor_fusion_msgs
[5.195s] [ 79%] [34m[1mGenerating Python code for ROS interfaces[0m
[5.701s] [ 79%] Built target sensor_fusion_msgs__py
[5.718s] [35m[1mScanning dependencies of target sensor_fusion_msgs__python[0m
[5.748s] [ 82%] [32mBuilding C object CMakeFiles/sensor_fusion_msgs__python.dir/rosidl_generator_py/sensor_fusion_msgs/msg/_vinerows_s.c.o[0m
[5.853s] [ 86%] [32m[1mLinking CXX shared library rosidl_generator_py/sensor_fusion_msgs/libsensor_fusion_msgs__python.so[0m
[5.944s] [ 86%] Built target sensor_fusion_msgs__python
[5.961s] [35m[1mScanning dependencies of target sensor_fusion_msgs__rosidl_typesupport_c__pyext[0m
[5.983s] [ 89%] [32mBuilding C object CMakeFiles/sensor_fusion_msgs__rosidl_typesupport_c__pyext.dir/rosidl_generator_py/sensor_fusion_msgs/_sensor_fusion_msgs_s.ep.rosidl_typesupport_c.c.o[0m
[6.066s] [ 93%] [32m[1mLinking CXX shared library rosidl_generator_py/sensor_fusion_msgs/sensor_fusion_msgs_s__rosidl_typesupport_c.cpython-36m-x86_64-linux-gnu.so[0m
[6.177s] [ 93%] Built target sensor_fusion_msgs__rosidl_typesupport_c__pyext
[6.193s] [35m[1mScanning dependencies of target sensor_fusion_msgs__rosidl_typesupport_fastrtps_c__pyext[0m
[6.215s] [ 96%] [32mBuilding C object CMakeFiles/sensor_fusion_msgs__rosidl_typesupport_fastrtps_c__pyext.dir/rosidl_generator_py/sensor_fusion_msgs/_sensor_fusion_msgs_s.ep.rosidl_typesupport_fastrtps_c.c.o[0m
[6.318s] [100%] [32m[1mLinking CXX shared library rosidl_generator_py/sensor_fusion_msgs/sensor_fusion_msgs_s__rosidl_typesupport_fastrtps_c.cpython-36m-x86_64-linux-gnu.so[0m
[6.429s] [100%] Built target sensor_fusion_msgs__rosidl_typesupport_fastrtps_c__pyext
[6.444s] Invoked command in '/home/kenneth/PycharmProjects/ros2_ws_fix/build/sensor_fusion_msgs' returned '0': CMAKE_PREFIX_PATH=${CMAKE_PREFIX_PATH}:/home/kenneth/PycharmProjects/ros2_ws_fix/install/sf_ros2_vinerow_sub:/home/kenneth/PycharmProjects/ros2_ws_fix/install/sensor_fusion_subscriber:/home/kenneth/PycharmProjects/ros2_ws_fix/install/ros2_demo_custommsg_pub:/home/kenneth/PycharmProjects/ros2_ws_fix/install/ros2_demo_subscriber:/home/kenneth/PycharmProjects/ros2_ws_fix/install/ros2_demo_publisher:/opt/ros/eloquent /usr/bin/cmake --build /home/kenneth/PycharmProjects/ros2_ws_fix/build/sensor_fusion_msgs -- -j1 -l1
[6.520s] Invoking command in '/home/kenneth/PycharmProjects/ros2_ws_fix/build/sensor_fusion_msgs': CMAKE_PREFIX_PATH=${CMAKE_PREFIX_PATH}:/home/kenneth/PycharmProjects/ros2_ws_fix/install/sf_ros2_vinerow_sub:/home/kenneth/PycharmProjects/ros2_ws_fix/install/sensor_fusion_subscriber:/home/kenneth/PycharmProjects/ros2_ws_fix/install/ros2_demo_custommsg_pub:/home/kenneth/PycharmProjects/ros2_ws_fix/install/ros2_demo_subscriber:/home/kenneth/PycharmProjects/ros2_ws_fix/install/ros2_demo_publisher:/opt/ros/eloquent /usr/bin/cmake --build /home/kenneth/PycharmProjects/ros2_ws_fix/build/sensor_fusion_msgs --target install -- -j1 -l1
[6.585s] [  3%] Built target sensor_fusion_msgs__cpp
[6.619s] [ 13%] Built target sensor_fusion_msgs__rosidl_typesupport_fastrtps_cpp
[6.651s] [ 24%] Built target sensor_fusion_msgs__rosidl_typesupport_cpp
[6.682s] [ 34%] Built target sensor_fusion_msgs__rosidl_generator_c
[6.716s] [ 44%] Built target sensor_fusion_msgs__rosidl_typesupport_fastrtps_c
[6.748s] [ 55%] Built target sensor_fusion_msgs__rosidl_typesupport_c
[6.780s] [ 65%] Built target sensor_fusion_msgs__rosidl_typesupport_introspection_c
[6.810s] [ 75%] Built target sensor_fusion_msgs__rosidl_typesupport_introspection_cpp
[6.834s] [ 75%] Built target sensor_fusion_msgs
[6.863s] [ 79%] Built target sensor_fusion_msgs__py
[6.899s] [ 86%] Built target sensor_fusion_msgs__python
[6.936s] [ 93%] Built target sensor_fusion_msgs__rosidl_typesupport_c__pyext
[6.970s] [100%] Built target sensor_fusion_msgs__rosidl_typesupport_fastrtps_c__pyext
[6.993s] [36mInstall the project...[0m
[7.003s] -- Install configuration: ""
[7.004s] -- Execute custom install script
[7.004s] -- Up-to-date symlink: /home/kenneth/PycharmProjects/ros2_ws_fix/install/sensor_fusion_msgs/share/ament_index/resource_index/rosidl_interfaces/sensor_fusion_msgs
[7.005s] -- Up-to-date symlink: /home/kenneth/PycharmProjects/ros2_ws_fix/install/sensor_fusion_msgs/lib/libsensor_fusion_msgs__rosidl_typesupport_c.so
[7.006s] -- Up-to-date symlink: /home/kenneth/PycharmProjects/ros2_ws_fix/install/sensor_fusion_msgs/share/sensor_fusion_msgs/environment/library_path.sh
[7.006s] -- Up-to-date symlink: /home/kenneth/PycharmProjects/ros2_ws_fix/install/sensor_fusion_msgs/share/sensor_fusion_msgs/environment/library_path.dsv
[7.007s] -- Up-to-date symlink: /home/kenneth/PycharmProjects/ros2_ws_fix/install/sensor_fusion_msgs/lib/libsensor_fusion_msgs__rosidl_typesupport_cpp.so
[7.008s] -- Up-to-date symlink: /home/kenneth/PycharmProjects/ros2_ws_fix/install/sensor_fusion_msgs/include/sensor_fusion_msgs/msg/rosidl_typesupport_fastrtps_c__visibility_control.h
[7.008s] -- Up-to-date symlink: /home/kenneth/PycharmProjects/ros2_ws_fix/install/sensor_fusion_msgs/include/sensor_fusion_msgs/msg/vinerows__rosidl_typesupport_fastrtps_c.h
[7.009s] -- Up-to-date symlink: /home/kenneth/PycharmProjects/ros2_ws_fix/install/sensor_fusion_msgs/lib/libsensor_fusion_msgs__rosidl_typesupport_fastrtps_c.so
[7.010s] -- Up-to-date symlink: /home/kenneth/PycharmProjects/ros2_ws_fix/install/sensor_fusion_msgs/include/sensor_fusion_msgs/msg/rosidl_generator_c__visibility_control.h
[7.010s] -- Up-to-date symlink: /home/kenneth/PycharmProjects/ros2_ws_fix/install/sensor_fusion_msgs/include/sensor_fusion_msgs/msg/vinerows.h
[7.011s] -- Up-to-date symlink: /home/kenneth/PycharmProjects/ros2_ws_fix/install/sensor_fusion_msgs/include/sensor_fusion_msgs/msg/vinerows__functions.h
[7.011s] -- Up-to-date symlink: /home/kenneth/PycharmProjects/ros2_ws_fix/install/sensor_fusion_msgs/include/sensor_fusion_msgs/msg/vinerows__struct.h
[7.012s] -- Up-to-date symlink: /home/kenneth/PycharmProjects/ros2_ws_fix/install/sensor_fusion_msgs/include/sensor_fusion_msgs/msg/vinerows__type_support.h
[7.012s] -- Up-to-date symlink: /home/kenneth/PycharmProjects/ros2_ws_fix/install/sensor_fusion_msgs/lib/libsensor_fusion_msgs__rosidl_generator_c.so
[7.013s] -- Up-to-date symlink: /home/kenneth/PycharmProjects/ros2_ws_fix/install/sensor_fusion_msgs/include/sensor_fusion_msgs/msg/rosidl_typesupport_fastrtps_cpp__visibility_control.h
[7.014s] -- Up-to-date symlink: /home/kenneth/PycharmProjects/ros2_ws_fix/install/sensor_fusion_msgs/include/sensor_fusion_msgs/msg/vinerows__rosidl_typesupport_fastrtps_cpp.hpp
[7.015s] -- Up-to-date symlink: /home/kenneth/PycharmProjects/ros2_ws_fix/install/sensor_fusion_msgs/lib/libsensor_fusion_msgs__rosidl_typesupport_fastrtps_cpp.so
[7.016s] -- Up-to-date symlink: /home/kenneth/PycharmProjects/ros2_ws_fix/install/sensor_fusion_msgs/include/sensor_fusion_msgs/msg/vinerows.hpp
[7.016s] -- Up-to-date symlink: /home/kenneth/PycharmProjects/ros2_ws_fix/install/sensor_fusion_msgs/include/sensor_fusion_msgs/msg/vinerows__struct.hpp
[7.017s] -- Up-to-date symlink: /home/kenneth/PycharmProjects/ros2_ws_fix/install/sensor_fusion_msgs/include/sensor_fusion_msgs/msg/vinerows__traits.hpp
[7.018s] -- Up-to-date symlink: /home/kenneth/PycharmProjects/ros2_ws_fix/install/sensor_fusion_msgs/include/sensor_fusion_msgs/msg/rosidl_typesupport_introspection_c__visibility_control.h
[7.018s] -- Up-to-date symlink: /home/kenneth/PycharmProjects/ros2_ws_fix/install/sensor_fusion_msgs/include/sensor_fusion_msgs/msg/vinerows__rosidl_typesupport_introspection_c.h
[7.019s] -- Up-to-date symlink: /home/kenneth/PycharmProjects/ros2_ws_fix/install/sensor_fusion_msgs/lib/libsensor_fusion_msgs__rosidl_typesupport_introspection_c.so
[7.020s] -- Up-to-date symlink: /home/kenneth/PycharmProjects/ros2_ws_fix/install/sensor_fusion_msgs/include/sensor_fusion_msgs/msg/vinerows__rosidl_typesupport_introspection_cpp.hpp
[7.021s] -- Up-to-date symlink: /home/kenneth/PycharmProjects/ros2_ws_fix/install/sensor_fusion_msgs/lib/libsensor_fusion_msgs__rosidl_typesupport_introspection_cpp.so
[7.021s] -- Up-to-date symlink: /home/kenneth/PycharmProjects/ros2_ws_fix/install/sensor_fusion_msgs/share/sensor_fusion_msgs/environment/pythonpath.sh
[7.022s] -- Up-to-date symlink: /home/kenneth/PycharmProjects/ros2_ws_fix/install/sensor_fusion_msgs/share/sensor_fusion_msgs/environment/pythonpath.dsv
[7.022s] -- Up-to-date symlink: /home/kenneth/PycharmProjects/ros2_ws_fix/install/sensor_fusion_msgs/lib/python3.6/site-packages/sensor_fusion_msgs/__init__.py
[7.024s] -- Up-to-date symlink: /home/kenneth/PycharmProjects/ros2_ws_fix/install/sensor_fusion_msgs/lib/python3.6/site-packages/sensor_fusion_msgs/msg/__init__.py
[7.024s] -- Up-to-date symlink: /home/kenneth/PycharmProjects/ros2_ws_fix/install/sensor_fusion_msgs/lib/python3.6/site-packages/sensor_fusion_msgs/msg/_vinerows.py
[7.025s] -- Up-to-date symlink: /home/kenneth/PycharmProjects/ros2_ws_fix/install/sensor_fusion_msgs/lib/python3.6/site-packages/sensor_fusion_msgs/sensor_fusion_msgs_s__rosidl_typesupport_c.cpython-36m-x86_64-linux-gnu.so
[7.026s] -- Up-to-date symlink: /home/kenneth/PycharmProjects/ros2_ws_fix/install/sensor_fusion_msgs/lib/python3.6/site-packages/sensor_fusion_msgs/sensor_fusion_msgs_s__rosidl_typesupport_fastrtps_c.cpython-36m-x86_64-linux-gnu.so
[7.026s] -- Up-to-date symlink: /home/kenneth/PycharmProjects/ros2_ws_fix/install/sensor_fusion_msgs/lib/libsensor_fusion_msgs__python.so
[7.027s] -- Up-to-date symlink: /home/kenneth/PycharmProjects/ros2_ws_fix/install/sensor_fusion_msgs/share/sensor_fusion_msgs/msg/Vinerows.idl
[7.028s] -- Up-to-date symlink: /home/kenneth/PycharmProjects/ros2_ws_fix/install/sensor_fusion_msgs/share/sensor_fusion_msgs/msg/Vinerows.msg
[7.028s] -- Up-to-date symlink: /home/kenneth/PycharmProjects/ros2_ws_fix/install/sensor_fusion_msgs/share/ament_index/resource_index/package_run_dependencies/sensor_fusion_msgs
[7.029s] -- Up-to-date symlink: /home/kenneth/PycharmProjects/ros2_ws_fix/install/sensor_fusion_msgs/share/ament_index/resource_index/parent_prefix_path/sensor_fusion_msgs
[7.029s] -- Up-to-date symlink: /home/kenneth/PycharmProjects/ros2_ws_fix/install/sensor_fusion_msgs/share/sensor_fusion_msgs/environment/ament_prefix_path.sh
[7.030s] -- Up-to-date symlink: /home/kenneth/PycharmProjects/ros2_ws_fix/install/sensor_fusion_msgs/share/sensor_fusion_msgs/environment/ament_prefix_path.dsv
[7.031s] -- Up-to-date symlink: /home/kenneth/PycharmProjects/ros2_ws_fix/install/sensor_fusion_msgs/share/sensor_fusion_msgs/environment/path.sh
[7.031s] -- Up-to-date symlink: /home/kenneth/PycharmProjects/ros2_ws_fix/install/sensor_fusion_msgs/share/sensor_fusion_msgs/environment/path.dsv
[7.032s] -- Up-to-date symlink: /home/kenneth/PycharmProjects/ros2_ws_fix/install/sensor_fusion_msgs/share/sensor_fusion_msgs/local_setup.bash
[7.032s] -- Up-to-date symlink: /home/kenneth/PycharmProjects/ros2_ws_fix/install/sensor_fusion_msgs/share/sensor_fusion_msgs/local_setup.sh
[7.033s] -- Up-to-date symlink: /home/kenneth/PycharmProjects/ros2_ws_fix/install/sensor_fusion_msgs/share/sensor_fusion_msgs/local_setup.zsh
[7.033s] -- Up-to-date symlink: /home/kenneth/PycharmProjects/ros2_ws_fix/install/sensor_fusion_msgs/share/sensor_fusion_msgs/local_setup.dsv
[7.034s] -- Symlinking: /home/kenneth/PycharmProjects/ros2_ws_fix/install/sensor_fusion_msgs/share/sensor_fusion_msgs/package.dsv
[7.044s] -- Up-to-date symlink: /home/kenneth/PycharmProjects/ros2_ws_fix/install/sensor_fusion_msgs/share/ament_index/resource_index/packages/sensor_fusion_msgs
[7.045s] -- Up-to-date symlink: /home/kenneth/PycharmProjects/ros2_ws_fix/install/sensor_fusion_msgs/share/sensor_fusion_msgs/cmake/rosidl_cmake-extras.cmake
[7.046s] -- Up-to-date symlink: /home/kenneth/PycharmProjects/ros2_ws_fix/install/sensor_fusion_msgs/share/sensor_fusion_msgs/cmake/ament_cmake_export_dependencies-extras.cmake
[7.046s] -- Up-to-date symlink: /home/kenneth/PycharmProjects/ros2_ws_fix/install/sensor_fusion_msgs/share/sensor_fusion_msgs/cmake/ament_cmake_export_libraries-extras.cmake
[7.047s] -- Up-to-date symlink: /home/kenneth/PycharmProjects/ros2_ws_fix/install/sensor_fusion_msgs/share/sensor_fusion_msgs/cmake/ament_cmake_export_include_directories-extras.cmake
[7.047s] -- Up-to-date symlink: /home/kenneth/PycharmProjects/ros2_ws_fix/install/sensor_fusion_msgs/share/sensor_fusion_msgs/cmake/sensor_fusion_msgsConfig.cmake
[7.048s] -- Up-to-date symlink: /home/kenneth/PycharmProjects/ros2_ws_fix/install/sensor_fusion_msgs/share/sensor_fusion_msgs/cmake/sensor_fusion_msgsConfig-version.cmake
[7.048s] -- Up-to-date symlink: /home/kenneth/PycharmProjects/ros2_ws_fix/install/sensor_fusion_msgs/share/sensor_fusion_msgs/package.xml
[7.102s] Invoked command in '/home/kenneth/PycharmProjects/ros2_ws_fix/build/sensor_fusion_msgs' returned '0': CMAKE_PREFIX_PATH=${CMAKE_PREFIX_PATH}:/home/kenneth/PycharmProjects/ros2_ws_fix/install/sf_ros2_vinerow_sub:/home/kenneth/PycharmProjects/ros2_ws_fix/install/sensor_fusion_subscriber:/home/kenneth/PycharmProjects/ros2_ws_fix/install/ros2_demo_custommsg_pub:/home/kenneth/PycharmProjects/ros2_ws_fix/install/ros2_demo_subscriber:/home/kenneth/PycharmProjects/ros2_ws_fix/install/ros2_demo_publisher:/opt/ros/eloquent /usr/bin/cmake --build /home/kenneth/PycharmProjects/ros2_ws_fix/build/sensor_fusion_msgs --target install -- -j1 -l1
