[0.045s] Invoking command in '/home/kenneth/PycharmProjects/ros2_ws_fix/build/ros2_demo_custommsg_create': CMAKE_PREFIX_PATH=${CMAKE_PREFIX_PATH}:/opt/ros/eloquent /usr/bin/cmake /home/kenneth/PycharmProjects/ros2_ws_fix/src/ros2_demo_custommsg_create -DAMENT_CMAKE_SYMLINK_INSTALL=1 -DCMAKE_INSTALL_PREFIX=/home/kenneth/PycharmProjects/ros2_ws_fix/install/ros2_demo_custommsg_create
[0.111s] -- The C compiler identification is GNU 7.5.0
[0.177s] -- The CXX compiler identification is GNU 7.5.0
[0.181s] -- Check for working C compiler: /usr/bin/cc
[0.251s] -- Check for working C compiler: /usr/bin/cc -- works
[0.252s] -- Detecting C compiler ABI info
[0.333s] -- Detecting C compiler ABI info - done
[0.339s] -- Detecting C compile features
[0.588s] -- Detecting C compile features - done
[0.591s] -- Check for working CXX compiler: /usr/bin/c++
[0.682s] -- Check for working CXX compiler: /usr/bin/c++ -- works
[0.685s] -- Detecting CXX compiler ABI info
[0.784s] -- Detecting CXX compiler ABI info - done
[0.790s] -- Detecting CXX compile features
[1.161s] -- Detecting CXX compile features - done
[1.169s] -- Found ament_cmake: 0.8.2 (/opt/ros/eloquent/share/ament_cmake/cmake)
[1.205s] -- Found PythonInterp: /usr/bin/python3 (found suitable version "3.6.9", minimum required is "3") 
[1.206s] -- Using PYTHON_EXECUTABLE: /usr/bin/python3
[1.439s] -- Override CMake install command with custom implementation using symlinks instead of copying resources
[1.473s] -- Found rclcpp: 0.8.4 (/opt/ros/eloquent/share/rclcpp/cmake)
[1.496s] -- Found rosidl_adapter: 0.8.2 (/opt/ros/eloquent/share/rosidl_adapter/cmake)
[1.541s] -- Found rmw_implementation_cmake: 0.8.1 (/opt/ros/eloquent/share/rmw_implementation_cmake/cmake)
[1.543s] -- Using RMW implementation 'rmw_fastrtps_cpp' as default
[1.544s] -- Looking for pthread.h
[1.627s] -- Looking for pthread.h - found
[1.627s] -- Looking for pthread_create
[1.712s] -- Looking for pthread_create - not found
[1.712s] -- Looking for pthread_create in pthreads
[1.783s] -- Looking for pthread_create in pthreads - not found
[1.783s] -- Looking for pthread_create in pthread
[1.853s] -- Looking for pthread_create in pthread - found
[1.858s] -- Found Threads: TRUE  
[1.918s] -- Found std_msgs: 0.8.1 (/opt/ros/eloquent/share/std_msgs/cmake)
[1.925s] -- Found geometry_msgs: 0.8.1 (/opt/ros/eloquent/share/geometry_msgs/cmake)
[1.933s] -- Found rosidl_default_generators: 0.8.0 (/opt/ros/eloquent/share/rosidl_default_generators/cmake)
[2.001s] -- Found OpenSSL: /usr/lib/x86_64-linux-gnu/libcrypto.so (found version "1.1.1") 
[2.022s] -- Found FastRTPS: /opt/ros/eloquent/include  
[2.081s] -- Found ament_lint_auto: 0.8.1 (/opt/ros/eloquent/share/ament_lint_auto/cmake)
[2.216s] -- Found PythonInterp: /usr/bin/python3 (found version "3.6.9") 
[2.462s] -- Using single matching rosidl_typesupport_c: rosidl_typesupport_fastrtps_c
[2.512s] -- Using single matching rosidl_typesupport_cpp: rosidl_typesupport_fastrtps_cpp
[2.869s] -- Found PythonInterp: /usr/bin/python3 (found suitable version "3.6.9", minimum required is "3.5") 
[2.873s] -- Found python_cmake_module: 0.8.0 (/opt/ros/eloquent/share/python_cmake_module/cmake)
[2.916s] -- Found PythonLibs: /usr/lib/x86_64-linux-gnu/libpython3.6m.so (found suitable version "3.6.9", minimum required is "3.5") 
[2.916s] -- Using PYTHON_EXECUTABLE: /usr/bin/python3
[2.916s] -- Using PYTHON_INCLUDE_DIRS: /usr/include/python3.6m
[2.917s] -- Using PYTHON_LIBRARIES: /usr/lib/x86_64-linux-gnu/libpython3.6m.so
[2.944s] -- Found PythonExtra: .so  
[3.142s] -- Added test 'lint_cmake' to check CMake code style
[3.143s] -- Added test 'xmllint' to check XML markup files
[3.151s] -- Configuring done
[3.320s] -- Generating done
[3.324s] -- Build files have been written to: /home/kenneth/PycharmProjects/ros2_ws_fix/build/ros2_demo_custommsg_create
[3.332s] Invoked command in '/home/kenneth/PycharmProjects/ros2_ws_fix/build/ros2_demo_custommsg_create' returned '0': CMAKE_PREFIX_PATH=${CMAKE_PREFIX_PATH}:/opt/ros/eloquent /usr/bin/cmake /home/kenneth/PycharmProjects/ros2_ws_fix/src/ros2_demo_custommsg_create -DAMENT_CMAKE_SYMLINK_INSTALL=1 -DCMAKE_INSTALL_PREFIX=/home/kenneth/PycharmProjects/ros2_ws_fix/install/ros2_demo_custommsg_create
[3.333s] Invoking command in '/home/kenneth/PycharmProjects/ros2_ws_fix/build/ros2_demo_custommsg_create': CMAKE_PREFIX_PATH=${CMAKE_PREFIX_PATH}:/opt/ros/eloquent /usr/bin/cmake --build /home/kenneth/PycharmProjects/ros2_ws_fix/build/ros2_demo_custommsg_create -- -j1 -l1
[3.389s] [35m[1mScanning dependencies of target new_msg__cpp[0m
[3.411s] [  3%] [34m[1mGenerating C++ code for ROS interfaces[0m
[3.707s] [  3%] Built target new_msg__cpp
[3.719s] [  6%] [34m[1mGenerating C++ type support for eProsima Fast-RTPS[0m
[4.038s] [35m[1mScanning dependencies of target new_msg__rosidl_typesupport_fastrtps_cpp[0m
[4.055s] [ 10%] [32mBuilding CXX object CMakeFiles/new_msg__rosidl_typesupport_fastrtps_cpp.dir/rosidl_typesupport_fastrtps_cpp/ros2_demo_custommsg_create/msg/dds_fastrtps/custom__type_support.cpp.o[0m
[4.484s] [ 13%] [32m[1mLinking CXX shared library libnew_msg__rosidl_typesupport_fastrtps_cpp.so[0m
[4.577s] [ 13%] Built target new_msg__rosidl_typesupport_fastrtps_cpp
[4.596s] [ 17%] [34m[1mGenerating C code for ROS interfaces[0m
[4.928s] [35m[1mScanning dependencies of target new_msg__rosidl_generator_c[0m
[4.950s] [ 20%] [32mBuilding C object CMakeFiles/new_msg__rosidl_generator_c.dir/rosidl_generator_c/ros2_demo_custommsg_create/msg/custom__functions.c.o[0m
[4.992s] [ 24%] [32m[1mLinking C shared library libnew_msg__rosidl_generator_c.so[0m
[5.035s] [ 24%] Built target new_msg__rosidl_generator_c
[5.048s] [ 27%] [34m[1mGenerating C type support for eProsima Fast-RTPS[0m
[5.375s] [35m[1mScanning dependencies of target new_msg__rosidl_typesupport_fastrtps_c[0m
[5.404s] [ 31%] [32mBuilding CXX object CMakeFiles/new_msg__rosidl_typesupport_fastrtps_c.dir/rosidl_typesupport_fastrtps_c/ros2_demo_custommsg_create/msg/custom__type_support_c.cpp.o[0m
[5.760s] [ 34%] [32m[1mLinking CXX shared library libnew_msg__rosidl_typesupport_fastrtps_c.so[0m
[5.890s] [ 34%] Built target new_msg__rosidl_typesupport_fastrtps_c
[5.907s] [ 37%] [34m[1mGenerating C type support dispatch for ROS interfaces[0m
[6.228s] [35m[1mScanning dependencies of target new_msg__rosidl_typesupport_c[0m
[6.246s] [ 41%] [32mBuilding CXX object CMakeFiles/new_msg__rosidl_typesupport_c.dir/rosidl_typesupport_c/ros2_demo_custommsg_create/msg/custom__type_support.cpp.o[0m
[6.307s] [ 44%] [32m[1mLinking CXX shared library libnew_msg__rosidl_typesupport_c.so[0m
[6.423s] [ 44%] Built target new_msg__rosidl_typesupport_c
[6.440s] [ 48%] [34m[1mGenerating C++ introspection for ROS interfaces[0m
[7.038s] [35m[1mScanning dependencies of target new_msg__rosidl_typesupport_introspection_cpp[0m
[7.059s] [ 51%] [32mBuilding CXX object CMakeFiles/new_msg__rosidl_typesupport_introspection_cpp.dir/rosidl_typesupport_introspection_cpp/ros2_demo_custommsg_create/msg/custom__type_support.cpp.o[0m
[7.415s] [ 55%] [32m[1mLinking CXX shared library libnew_msg__rosidl_typesupport_introspection_cpp.so[0m
[7.559s] [ 55%] Built target new_msg__rosidl_typesupport_introspection_cpp
[7.571s] [ 58%] [34m[1mGenerating C++ type support dispatch for ROS interfaces[0m
[7.894s] [35m[1mScanning dependencies of target new_msg__rosidl_typesupport_cpp[0m
[7.910s] [ 62%] [32mBuilding CXX object CMakeFiles/new_msg__rosidl_typesupport_cpp.dir/rosidl_typesupport_cpp/ros2_demo_custommsg_create/msg/custom__type_support.cpp.o[0m
[8.329s] [ 65%] [32m[1mLinking CXX shared library libnew_msg__rosidl_typesupport_cpp.so[0m
[8.490s] [ 65%] Built target new_msg__rosidl_typesupport_cpp
[8.503s] [ 68%] [34m[1mGenerating C introspection for ROS interfaces[0m
[8.869s] [35m[1mScanning dependencies of target new_msg__rosidl_typesupport_introspection_c[0m
[8.889s] [ 72%] [32mBuilding C object CMakeFiles/new_msg__rosidl_typesupport_introspection_c.dir/rosidl_typesupport_introspection_c/ros2_demo_custommsg_create/msg/custom__type_support.c.o[0m
[8.931s] [ 75%] [32m[1mLinking C shared library libnew_msg__rosidl_typesupport_introspection_c.so[0m
[8.976s] [ 75%] Built target new_msg__rosidl_typesupport_introspection_c
[8.988s] [35m[1mScanning dependencies of target new_msg[0m
[9.000s] [ 75%] Built target new_msg
[9.019s] [35m[1mScanning dependencies of target new_msg__py[0m
[9.032s] [ 79%] [34m[1mGenerating Python code for ROS interfaces[0m
[9.620s] [ 79%] Built target new_msg__py
[9.631s] [35m[1mScanning dependencies of target new_msg__python[0m
[9.665s] [ 82%] [32mBuilding C object CMakeFiles/new_msg__python.dir/rosidl_generator_py/ros2_demo_custommsg_create/msg/_custom_s.c.o[0m
[9.768s] [ 86%] [32m[1mLinking CXX shared library rosidl_generator_py/ros2_demo_custommsg_create/libnew_msg__python.so[0m
[9.867s] [ 86%] Built target new_msg__python
[9.880s] [35m[1mScanning dependencies of target ros2_demo_custommsg_create__rosidl_typesupport_fastrtps_c__pyext[0m
[9.911s] [ 89%] [32mBuilding C object CMakeFiles/ros2_demo_custommsg_create__rosidl_typesupport_fastrtps_c__pyext.dir/rosidl_generator_py/ros2_demo_custommsg_create/_ros2_demo_custommsg_create_s.ep.rosidl_typesupport_fastrtps_c.c.o[0m
[9.994s] [ 93%] [32m[1mLinking CXX shared library rosidl_generator_py/ros2_demo_custommsg_create/ros2_demo_custommsg_create_s__rosidl_typesupport_fastrtps_c.cpython-36m-x86_64-linux-gnu.so[0m
[10.119s] [ 93%] Built target ros2_demo_custommsg_create__rosidl_typesupport_fastrtps_c__pyext
[10.130s] [35m[1mScanning dependencies of target ros2_demo_custommsg_create__rosidl_typesupport_c__pyext[0m
[10.152s] [ 96%] [32mBuilding C object CMakeFiles/ros2_demo_custommsg_create__rosidl_typesupport_c__pyext.dir/rosidl_generator_py/ros2_demo_custommsg_create/_ros2_demo_custommsg_create_s.ep.rosidl_typesupport_c.c.o[0m
[10.241s] [100%] [32m[1mLinking CXX shared library rosidl_generator_py/ros2_demo_custommsg_create/ros2_demo_custommsg_create_s__rosidl_typesupport_c.cpython-36m-x86_64-linux-gnu.so[0m
[10.357s] [100%] Built target ros2_demo_custommsg_create__rosidl_typesupport_c__pyext
[10.373s] Invoked command in '/home/kenneth/PycharmProjects/ros2_ws_fix/build/ros2_demo_custommsg_create' returned '0': CMAKE_PREFIX_PATH=${CMAKE_PREFIX_PATH}:/opt/ros/eloquent /usr/bin/cmake --build /home/kenneth/PycharmProjects/ros2_ws_fix/build/ros2_demo_custommsg_create -- -j1 -l1
[10.426s] Invoking command in '/home/kenneth/PycharmProjects/ros2_ws_fix/build/ros2_demo_custommsg_create': CMAKE_PREFIX_PATH=${CMAKE_PREFIX_PATH}:/opt/ros/eloquent /usr/bin/cmake --build /home/kenneth/PycharmProjects/ros2_ws_fix/build/ros2_demo_custommsg_create --target install -- -j1 -l1
[10.499s] [  3%] Built target new_msg__cpp
[10.530s] [ 13%] Built target new_msg__rosidl_typesupport_fastrtps_cpp
[10.565s] [ 24%] Built target new_msg__rosidl_generator_c
[10.601s] [ 34%] Built target new_msg__rosidl_typesupport_fastrtps_c
[10.631s] [ 44%] Built target new_msg__rosidl_typesupport_c
[10.661s] [ 55%] Built target new_msg__rosidl_typesupport_introspection_cpp
[10.690s] [ 65%] Built target new_msg__rosidl_typesupport_cpp
[10.716s] [ 75%] Built target new_msg__rosidl_typesupport_introspection_c
[10.738s] [ 75%] Built target new_msg
[10.773s] [ 79%] Built target new_msg__py
[10.802s] [ 86%] Built target new_msg__python
[10.832s] [ 93%] Built target ros2_demo_custommsg_create__rosidl_typesupport_fastrtps_c__pyext
[10.873s] [100%] Built target ros2_demo_custommsg_create__rosidl_typesupport_c__pyext
[10.900s] [36mInstall the project...[0m
[10.910s] -- Install configuration: ""
[10.911s] -- Execute custom install script
[10.911s] -- Symlinking: /home/kenneth/PycharmProjects/ros2_ws_fix/install/ros2_demo_custommsg_create/share/ament_index/resource_index/rosidl_interfaces/ros2_demo_custommsg_create
[10.922s] -- Symlinking: /home/kenneth/PycharmProjects/ros2_ws_fix/install/ros2_demo_custommsg_create/include/ros2_demo_custommsg_create/msg/custom.hpp
[10.939s] -- Symlinking: /home/kenneth/PycharmProjects/ros2_ws_fix/install/ros2_demo_custommsg_create/include/ros2_demo_custommsg_create/msg/custom__struct.hpp
[10.951s] -- Symlinking: /home/kenneth/PycharmProjects/ros2_ws_fix/install/ros2_demo_custommsg_create/include/ros2_demo_custommsg_create/msg/custom__traits.hpp
[10.961s] -- Symlinking: /home/kenneth/PycharmProjects/ros2_ws_fix/install/ros2_demo_custommsg_create/include/ros2_demo_custommsg_create/msg/custom.h
[10.974s] -- Symlinking: /home/kenneth/PycharmProjects/ros2_ws_fix/install/ros2_demo_custommsg_create/include/ros2_demo_custommsg_create/msg/custom__functions.h
[10.984s] -- Symlinking: /home/kenneth/PycharmProjects/ros2_ws_fix/install/ros2_demo_custommsg_create/include/ros2_demo_custommsg_create/msg/custom__struct.h
[10.993s] -- Symlinking: /home/kenneth/PycharmProjects/ros2_ws_fix/install/ros2_demo_custommsg_create/include/ros2_demo_custommsg_create/msg/custom__type_support.h
[11.003s] -- Symlinking: /home/kenneth/PycharmProjects/ros2_ws_fix/install/ros2_demo_custommsg_create/include/ros2_demo_custommsg_create/msg/rosidl_generator_c__visibility_control.h
[11.012s] -- Symlinking: /home/kenneth/PycharmProjects/ros2_ws_fix/install/ros2_demo_custommsg_create/share/ros2_demo_custommsg_create/environment/library_path.sh
[11.022s] -- Symlinking: /home/kenneth/PycharmProjects/ros2_ws_fix/install/ros2_demo_custommsg_create/share/ros2_demo_custommsg_create/environment/library_path.dsv
[11.032s] -- Symlinking: /home/kenneth/PycharmProjects/ros2_ws_fix/install/ros2_demo_custommsg_create/lib/libnew_msg__rosidl_generator_c.so
[11.042s] -- Symlinking: /home/kenneth/PycharmProjects/ros2_ws_fix/install/ros2_demo_custommsg_create/lib/libnew_msg__rosidl_typesupport_c.so
[11.065s] -- Symlinking: /home/kenneth/PycharmProjects/ros2_ws_fix/install/ros2_demo_custommsg_create/lib/libnew_msg__rosidl_typesupport_cpp.so
[11.075s] -- Symlinking: /home/kenneth/PycharmProjects/ros2_ws_fix/install/ros2_demo_custommsg_create/include/ros2_demo_custommsg_create/msg/custom__rosidl_typesupport_introspection_c.h
[11.085s] -- Symlinking: /home/kenneth/PycharmProjects/ros2_ws_fix/install/ros2_demo_custommsg_create/include/ros2_demo_custommsg_create/msg/rosidl_typesupport_introspection_c__visibility_control.h
[11.096s] -- Symlinking: /home/kenneth/PycharmProjects/ros2_ws_fix/install/ros2_demo_custommsg_create/lib/libnew_msg__rosidl_typesupport_introspection_c.so
[11.106s] -- Symlinking: /home/kenneth/PycharmProjects/ros2_ws_fix/install/ros2_demo_custommsg_create/include/ros2_demo_custommsg_create/msg/custom__rosidl_typesupport_introspection_cpp.hpp
[11.116s] -- Symlinking: /home/kenneth/PycharmProjects/ros2_ws_fix/install/ros2_demo_custommsg_create/lib/libnew_msg__rosidl_typesupport_introspection_cpp.so
[11.126s] -- Symlinking: /home/kenneth/PycharmProjects/ros2_ws_fix/install/ros2_demo_custommsg_create/include/ros2_demo_custommsg_create/msg/custom__rosidl_typesupport_fastrtps_c.h
[11.136s] -- Symlinking: /home/kenneth/PycharmProjects/ros2_ws_fix/install/ros2_demo_custommsg_create/include/ros2_demo_custommsg_create/msg/rosidl_typesupport_fastrtps_c__visibility_control.h
[11.146s] -- Symlinking: /home/kenneth/PycharmProjects/ros2_ws_fix/install/ros2_demo_custommsg_create/lib/libnew_msg__rosidl_typesupport_fastrtps_c.so
[11.169s] -- Symlinking: /home/kenneth/PycharmProjects/ros2_ws_fix/install/ros2_demo_custommsg_create/include/ros2_demo_custommsg_create/msg/custom__rosidl_typesupport_fastrtps_cpp.hpp
[11.179s] -- Symlinking: /home/kenneth/PycharmProjects/ros2_ws_fix/install/ros2_demo_custommsg_create/include/ros2_demo_custommsg_create/msg/rosidl_typesupport_fastrtps_cpp__visibility_control.h
[11.189s] -- Symlinking: /home/kenneth/PycharmProjects/ros2_ws_fix/install/ros2_demo_custommsg_create/lib/libnew_msg__rosidl_typesupport_fastrtps_cpp.so
[11.199s] -- Symlinking: /home/kenneth/PycharmProjects/ros2_ws_fix/install/ros2_demo_custommsg_create/share/ros2_demo_custommsg_create/environment/pythonpath.sh
[11.209s] -- Symlinking: /home/kenneth/PycharmProjects/ros2_ws_fix/install/ros2_demo_custommsg_create/share/ros2_demo_custommsg_create/environment/pythonpath.dsv
[11.219s] -- Symlinking: /home/kenneth/PycharmProjects/ros2_ws_fix/install/ros2_demo_custommsg_create/lib/python3.6/site-packages/ros2_demo_custommsg_create/__init__.py
[11.229s] -- Symlinking: /home/kenneth/PycharmProjects/ros2_ws_fix/install/ros2_demo_custommsg_create/lib/python3.6/site-packages/ros2_demo_custommsg_create/msg/__init__.py
[11.239s] -- Symlinking: /home/kenneth/PycharmProjects/ros2_ws_fix/install/ros2_demo_custommsg_create/lib/python3.6/site-packages/ros2_demo_custommsg_create/msg/_custom.py
[11.250s] -- Symlinking: /home/kenneth/PycharmProjects/ros2_ws_fix/install/ros2_demo_custommsg_create/lib/python3.6/site-packages/ros2_demo_custommsg_create/ros2_demo_custommsg_create_s__rosidl_typesupport_c.cpython-36m-x86_64-linux-gnu.so
[11.271s] -- Symlinking: /home/kenneth/PycharmProjects/ros2_ws_fix/install/ros2_demo_custommsg_create/lib/python3.6/site-packages/ros2_demo_custommsg_create/ros2_demo_custommsg_create_s__rosidl_typesupport_fastrtps_c.cpython-36m-x86_64-linux-gnu.so
[11.282s] -- Symlinking: /home/kenneth/PycharmProjects/ros2_ws_fix/install/ros2_demo_custommsg_create/lib/libnew_msg__python.so
[11.292s] -- Symlinking: /home/kenneth/PycharmProjects/ros2_ws_fix/install/ros2_demo_custommsg_create/share/ros2_demo_custommsg_create/msg/Custom.idl
[11.302s] -- Symlinking: /home/kenneth/PycharmProjects/ros2_ws_fix/install/ros2_demo_custommsg_create/share/ros2_demo_custommsg_create/msg/Custom.msg
[11.312s] -- Symlinking: /home/kenneth/PycharmProjects/ros2_ws_fix/install/ros2_demo_custommsg_create/share/ament_index/resource_index/package_run_dependencies/ros2_demo_custommsg_create
[11.322s] -- Symlinking: /home/kenneth/PycharmProjects/ros2_ws_fix/install/ros2_demo_custommsg_create/share/ament_index/resource_index/parent_prefix_path/ros2_demo_custommsg_create
[11.331s] -- Symlinking: /home/kenneth/PycharmProjects/ros2_ws_fix/install/ros2_demo_custommsg_create/share/ros2_demo_custommsg_create/environment/ament_prefix_path.sh
[11.341s] -- Symlinking: /home/kenneth/PycharmProjects/ros2_ws_fix/install/ros2_demo_custommsg_create/share/ros2_demo_custommsg_create/environment/ament_prefix_path.dsv
[11.351s] -- Symlinking: /home/kenneth/PycharmProjects/ros2_ws_fix/install/ros2_demo_custommsg_create/share/ros2_demo_custommsg_create/environment/path.sh
[11.372s] -- Symlinking: /home/kenneth/PycharmProjects/ros2_ws_fix/install/ros2_demo_custommsg_create/share/ros2_demo_custommsg_create/environment/path.dsv
[11.382s] -- Symlinking: /home/kenneth/PycharmProjects/ros2_ws_fix/install/ros2_demo_custommsg_create/share/ros2_demo_custommsg_create/local_setup.bash
[11.392s] -- Symlinking: /home/kenneth/PycharmProjects/ros2_ws_fix/install/ros2_demo_custommsg_create/share/ros2_demo_custommsg_create/local_setup.sh
[11.410s] -- Symlinking: /home/kenneth/PycharmProjects/ros2_ws_fix/install/ros2_demo_custommsg_create/share/ros2_demo_custommsg_create/local_setup.zsh
[11.421s] -- Symlinking: /home/kenneth/PycharmProjects/ros2_ws_fix/install/ros2_demo_custommsg_create/share/ros2_demo_custommsg_create/local_setup.dsv
[11.431s] -- Symlinking: /home/kenneth/PycharmProjects/ros2_ws_fix/install/ros2_demo_custommsg_create/share/ros2_demo_custommsg_create/package.dsv
[11.441s] -- Symlinking: /home/kenneth/PycharmProjects/ros2_ws_fix/install/ros2_demo_custommsg_create/share/ament_index/resource_index/packages/ros2_demo_custommsg_create
[11.452s] -- Symlinking: /home/kenneth/PycharmProjects/ros2_ws_fix/install/ros2_demo_custommsg_create/share/ros2_demo_custommsg_create/cmake/rosidl_cmake-extras.cmake
[11.465s] -- Symlinking: /home/kenneth/PycharmProjects/ros2_ws_fix/install/ros2_demo_custommsg_create/share/ros2_demo_custommsg_create/cmake/ament_cmake_export_dependencies-extras.cmake
[11.477s] -- Symlinking: /home/kenneth/PycharmProjects/ros2_ws_fix/install/ros2_demo_custommsg_create/share/ros2_demo_custommsg_create/cmake/ament_cmake_export_include_directories-extras.cmake
[11.495s] -- Symlinking: /home/kenneth/PycharmProjects/ros2_ws_fix/install/ros2_demo_custommsg_create/share/ros2_demo_custommsg_create/cmake/ament_cmake_export_libraries-extras.cmake
[11.507s] -- Symlinking: /home/kenneth/PycharmProjects/ros2_ws_fix/install/ros2_demo_custommsg_create/share/ros2_demo_custommsg_create/cmake/ros2_demo_custommsg_createConfig.cmake
[11.519s] -- Symlinking: /home/kenneth/PycharmProjects/ros2_ws_fix/install/ros2_demo_custommsg_create/share/ros2_demo_custommsg_create/cmake/ros2_demo_custommsg_createConfig-version.cmake
[11.531s] -- Symlinking: /home/kenneth/PycharmProjects/ros2_ws_fix/install/ros2_demo_custommsg_create/share/ros2_demo_custommsg_create/package.xml
[11.588s] Compiling '/home/kenneth/PycharmProjects/ros2_ws_fix/install/ros2_demo_custommsg_create/lib/python3.6/site-packages/ros2_demo_custommsg_create/__init__.py'...
[11.602s] Invoked command in '/home/kenneth/PycharmProjects/ros2_ws_fix/build/ros2_demo_custommsg_create' returned '0': CMAKE_PREFIX_PATH=${CMAKE_PREFIX_PATH}:/opt/ros/eloquent /usr/bin/cmake --build /home/kenneth/PycharmProjects/ros2_ws_fix/build/ros2_demo_custommsg_create --target install -- -j1 -l1
