[0.073s] Invoking command in '/home/kenneth/PycharmProjects/ros2_ws_fix/build/sensor_fusion_msg_types': CMAKE_PREFIX_PATH=/opt/ros/eloquent /usr/bin/cmake --build /home/kenneth/PycharmProjects/ros2_ws_fix/build/sensor_fusion_msg_types -- -j1 -l1
[0.157s] [  3%] Built target sensor_fusion_msg_types__cpp
[0.197s] [ 13%] Built target sensor_fusion_msg_types__rosidl_typesupport_fastrtps_cpp
[0.247s] [ 24%] Built target sensor_fusion_msg_types__rosidl_typesupport_cpp
[0.283s] [ 34%] Built target sensor_fusion_msg_types__rosidl_generator_c
[0.337s] [ 44%] Built target sensor_fusion_msg_types__rosidl_typesupport_fastrtps_c
[0.387s] [ 55%] Built target sensor_fusion_msg_types__rosidl_typesupport_c
[0.428s] [ 65%] Built target sensor_fusion_msg_types__rosidl_typesupport_introspection_cpp
[0.459s] [ 75%] Built target sensor_fusion_msg_types__rosidl_typesupport_introspection_c
[0.485s] [ 75%] Built target sensor_fusion_msg_types
[0.524s] [ 79%] Built target sensor_fusion_msg_types__py
[0.560s] [ 86%] Built target sensor_fusion_msg_types__python
[0.594s] [ 93%] Built target sensor_fusion_msg_types__rosidl_typesupport_c__pyext
[0.642s] [100%] Built target sensor_fusion_msg_types__rosidl_typesupport_fastrtps_c__pyext
[0.668s] Invoked command in '/home/kenneth/PycharmProjects/ros2_ws_fix/build/sensor_fusion_msg_types' returned '0': CMAKE_PREFIX_PATH=/opt/ros/eloquent /usr/bin/cmake --build /home/kenneth/PycharmProjects/ros2_ws_fix/build/sensor_fusion_msg_types -- -j1 -l1
[0.774s] Invoking command in '/home/kenneth/PycharmProjects/ros2_ws_fix/build/sensor_fusion_msg_types': CMAKE_PREFIX_PATH=/opt/ros/eloquent /usr/bin/cmake --build /home/kenneth/PycharmProjects/ros2_ws_fix/build/sensor_fusion_msg_types --target install -- -j1 -l1
[0.853s] [  3%] Built target sensor_fusion_msg_types__cpp
[0.887s] [ 13%] Built target sensor_fusion_msg_types__rosidl_typesupport_fastrtps_cpp
[0.931s] [ 24%] Built target sensor_fusion_msg_types__rosidl_typesupport_cpp
[0.958s] [ 34%] Built target sensor_fusion_msg_types__rosidl_generator_c
[0.989s] [ 44%] Built target sensor_fusion_msg_types__rosidl_typesupport_fastrtps_c
[1.031s] [ 55%] Built target sensor_fusion_msg_types__rosidl_typesupport_c
[1.060s] [ 65%] Built target sensor_fusion_msg_types__rosidl_typesupport_introspection_cpp
[1.088s] [ 75%] Built target sensor_fusion_msg_types__rosidl_typesupport_introspection_c
[1.119s] [ 75%] Built target sensor_fusion_msg_types
[1.147s] [ 79%] Built target sensor_fusion_msg_types__py
[1.177s] [ 86%] Built target sensor_fusion_msg_types__python
[1.221s] [ 93%] Built target sensor_fusion_msg_types__rosidl_typesupport_c__pyext
[1.259s] [100%] Built target sensor_fusion_msg_types__rosidl_typesupport_fastrtps_c__pyext
[1.284s] [36mInstall the project...[0m
[1.295s] -- Install configuration: ""
[1.297s] -- Execute custom install script
[1.297s] -- Up-to-date symlink: /home/kenneth/PycharmProjects/ros2_ws_fix/install/sensor_fusion_msg_types/share/ament_index/resource_index/rosidl_interfaces/sensor_fusion_msg_types
[1.298s] -- Up-to-date symlink: /home/kenneth/PycharmProjects/ros2_ws_fix/install/sensor_fusion_msg_types/lib/libsensor_fusion_msg_types__rosidl_typesupport_c.so
[1.300s] -- Up-to-date symlink: /home/kenneth/PycharmProjects/ros2_ws_fix/install/sensor_fusion_msg_types/share/sensor_fusion_msg_types/environment/library_path.sh
[1.300s] -- Up-to-date symlink: /home/kenneth/PycharmProjects/ros2_ws_fix/install/sensor_fusion_msg_types/share/sensor_fusion_msg_types/environment/library_path.dsv
[1.301s] -- Up-to-date symlink: /home/kenneth/PycharmProjects/ros2_ws_fix/install/sensor_fusion_msg_types/lib/libsensor_fusion_msg_types__rosidl_typesupport_cpp.so
[1.302s] -- Up-to-date symlink: /home/kenneth/PycharmProjects/ros2_ws_fix/install/sensor_fusion_msg_types/include/sensor_fusion_msg_types/msg/rosidl_typesupport_fastrtps_c__visibility_control.h
[1.303s] -- Up-to-date symlink: /home/kenneth/PycharmProjects/ros2_ws_fix/install/sensor_fusion_msg_types/include/sensor_fusion_msg_types/msg/vinerow__rosidl_typesupport_fastrtps_c.h
[1.304s] -- Up-to-date symlink: /home/kenneth/PycharmProjects/ros2_ws_fix/install/sensor_fusion_msg_types/lib/libsensor_fusion_msg_types__rosidl_typesupport_fastrtps_c.so
[1.305s] -- Up-to-date symlink: /home/kenneth/PycharmProjects/ros2_ws_fix/install/sensor_fusion_msg_types/include/sensor_fusion_msg_types/msg/rosidl_generator_c__visibility_control.h
[1.305s] -- Up-to-date symlink: /home/kenneth/PycharmProjects/ros2_ws_fix/install/sensor_fusion_msg_types/include/sensor_fusion_msg_types/msg/vinerow.h
[1.306s] -- Up-to-date symlink: /home/kenneth/PycharmProjects/ros2_ws_fix/install/sensor_fusion_msg_types/include/sensor_fusion_msg_types/msg/vinerow__functions.h
[1.306s] -- Up-to-date symlink: /home/kenneth/PycharmProjects/ros2_ws_fix/install/sensor_fusion_msg_types/include/sensor_fusion_msg_types/msg/vinerow__struct.h
[1.307s] -- Up-to-date symlink: /home/kenneth/PycharmProjects/ros2_ws_fix/install/sensor_fusion_msg_types/include/sensor_fusion_msg_types/msg/vinerow__type_support.h
[1.308s] -- Up-to-date symlink: /home/kenneth/PycharmProjects/ros2_ws_fix/install/sensor_fusion_msg_types/lib/libsensor_fusion_msg_types__rosidl_generator_c.so
[1.309s] -- Up-to-date symlink: /home/kenneth/PycharmProjects/ros2_ws_fix/install/sensor_fusion_msg_types/include/sensor_fusion_msg_types/msg/rosidl_typesupport_fastrtps_cpp__visibility_control.h
[1.309s] -- Up-to-date symlink: /home/kenneth/PycharmProjects/ros2_ws_fix/install/sensor_fusion_msg_types/include/sensor_fusion_msg_types/msg/vinerow__rosidl_typesupport_fastrtps_cpp.hpp
[1.310s] -- Up-to-date symlink: /home/kenneth/PycharmProjects/ros2_ws_fix/install/sensor_fusion_msg_types/lib/libsensor_fusion_msg_types__rosidl_typesupport_fastrtps_cpp.so
[1.311s] -- Up-to-date symlink: /home/kenneth/PycharmProjects/ros2_ws_fix/install/sensor_fusion_msg_types/include/sensor_fusion_msg_types/msg/vinerow.hpp
[1.312s] -- Up-to-date symlink: /home/kenneth/PycharmProjects/ros2_ws_fix/install/sensor_fusion_msg_types/include/sensor_fusion_msg_types/msg/vinerow__struct.hpp
[1.313s] -- Up-to-date symlink: /home/kenneth/PycharmProjects/ros2_ws_fix/install/sensor_fusion_msg_types/include/sensor_fusion_msg_types/msg/vinerow__traits.hpp
[1.318s] -- Up-to-date symlink: /home/kenneth/PycharmProjects/ros2_ws_fix/install/sensor_fusion_msg_types/include/sensor_fusion_msg_types/msg/rosidl_typesupport_introspection_c__visibility_control.h
[1.322s] -- Up-to-date symlink: /home/kenneth/PycharmProjects/ros2_ws_fix/install/sensor_fusion_msg_types/include/sensor_fusion_msg_types/msg/vinerow__rosidl_typesupport_introspection_c.h
[1.322s] -- Up-to-date symlink: /home/kenneth/PycharmProjects/ros2_ws_fix/install/sensor_fusion_msg_types/lib/libsensor_fusion_msg_types__rosidl_typesupport_introspection_c.so
[1.323s] -- Up-to-date symlink: /home/kenneth/PycharmProjects/ros2_ws_fix/install/sensor_fusion_msg_types/include/sensor_fusion_msg_types/msg/vinerow__rosidl_typesupport_introspection_cpp.hpp
[1.324s] -- Up-to-date symlink: /home/kenneth/PycharmProjects/ros2_ws_fix/install/sensor_fusion_msg_types/lib/libsensor_fusion_msg_types__rosidl_typesupport_introspection_cpp.so
[1.326s] -- Up-to-date symlink: /home/kenneth/PycharmProjects/ros2_ws_fix/install/sensor_fusion_msg_types/share/sensor_fusion_msg_types/environment/pythonpath.sh
[1.326s] -- Up-to-date symlink: /home/kenneth/PycharmProjects/ros2_ws_fix/install/sensor_fusion_msg_types/share/sensor_fusion_msg_types/environment/pythonpath.dsv
[1.329s] -- Up-to-date symlink: /home/kenneth/PycharmProjects/ros2_ws_fix/install/sensor_fusion_msg_types/lib/python3.6/site-packages/sensor_fusion_msg_types/__init__.py
[1.330s] -- Up-to-date symlink: /home/kenneth/PycharmProjects/ros2_ws_fix/install/sensor_fusion_msg_types/lib/python3.6/site-packages/sensor_fusion_msg_types/msg/__init__.py
[1.333s] -- Up-to-date symlink: /home/kenneth/PycharmProjects/ros2_ws_fix/install/sensor_fusion_msg_types/lib/python3.6/site-packages/sensor_fusion_msg_types/msg/_vinerow.py
[1.334s] -- Up-to-date symlink: /home/kenneth/PycharmProjects/ros2_ws_fix/install/sensor_fusion_msg_types/lib/python3.6/site-packages/sensor_fusion_msg_types/sensor_fusion_msg_types_s__rosidl_typesupport_c.cpython-36m-x86_64-linux-gnu.so
[1.335s] -- Up-to-date symlink: /home/kenneth/PycharmProjects/ros2_ws_fix/install/sensor_fusion_msg_types/lib/python3.6/site-packages/sensor_fusion_msg_types/sensor_fusion_msg_types_s__rosidl_typesupport_fastrtps_c.cpython-36m-x86_64-linux-gnu.so
[1.336s] -- Up-to-date symlink: /home/kenneth/PycharmProjects/ros2_ws_fix/install/sensor_fusion_msg_types/lib/libsensor_fusion_msg_types__python.so
[1.336s] -- Up-to-date symlink: /home/kenneth/PycharmProjects/ros2_ws_fix/install/sensor_fusion_msg_types/share/sensor_fusion_msg_types/msg/Vinerow.idl
[1.337s] -- Up-to-date symlink: /home/kenneth/PycharmProjects/ros2_ws_fix/install/sensor_fusion_msg_types/share/sensor_fusion_msg_types/msg/Vinerow.msg
[1.338s] -- Up-to-date symlink: /home/kenneth/PycharmProjects/ros2_ws_fix/install/sensor_fusion_msg_types/share/ament_index/resource_index/package_run_dependencies/sensor_fusion_msg_types
[1.339s] -- Up-to-date symlink: /home/kenneth/PycharmProjects/ros2_ws_fix/install/sensor_fusion_msg_types/share/ament_index/resource_index/parent_prefix_path/sensor_fusion_msg_types
[1.339s] -- Up-to-date symlink: /home/kenneth/PycharmProjects/ros2_ws_fix/install/sensor_fusion_msg_types/share/sensor_fusion_msg_types/environment/ament_prefix_path.sh
[1.344s] -- Up-to-date symlink: /home/kenneth/PycharmProjects/ros2_ws_fix/install/sensor_fusion_msg_types/share/sensor_fusion_msg_types/environment/ament_prefix_path.dsv
[1.345s] -- Up-to-date symlink: /home/kenneth/PycharmProjects/ros2_ws_fix/install/sensor_fusion_msg_types/share/sensor_fusion_msg_types/environment/path.sh
[1.346s] -- Up-to-date symlink: /home/kenneth/PycharmProjects/ros2_ws_fix/install/sensor_fusion_msg_types/share/sensor_fusion_msg_types/environment/path.dsv
[1.347s] -- Up-to-date symlink: /home/kenneth/PycharmProjects/ros2_ws_fix/install/sensor_fusion_msg_types/share/sensor_fusion_msg_types/local_setup.bash
[1.347s] -- Up-to-date symlink: /home/kenneth/PycharmProjects/ros2_ws_fix/install/sensor_fusion_msg_types/share/sensor_fusion_msg_types/local_setup.sh
[1.348s] -- Up-to-date symlink: /home/kenneth/PycharmProjects/ros2_ws_fix/install/sensor_fusion_msg_types/share/sensor_fusion_msg_types/local_setup.zsh
[1.348s] -- Up-to-date symlink: /home/kenneth/PycharmProjects/ros2_ws_fix/install/sensor_fusion_msg_types/share/sensor_fusion_msg_types/local_setup.dsv
[1.349s] -- Symlinking: /home/kenneth/PycharmProjects/ros2_ws_fix/install/sensor_fusion_msg_types/share/sensor_fusion_msg_types/package.dsv
[1.362s] -- Up-to-date symlink: /home/kenneth/PycharmProjects/ros2_ws_fix/install/sensor_fusion_msg_types/share/ament_index/resource_index/packages/sensor_fusion_msg_types
[1.362s] -- Up-to-date symlink: /home/kenneth/PycharmProjects/ros2_ws_fix/install/sensor_fusion_msg_types/share/sensor_fusion_msg_types/cmake/rosidl_cmake-extras.cmake
[1.363s] -- Up-to-date symlink: /home/kenneth/PycharmProjects/ros2_ws_fix/install/sensor_fusion_msg_types/share/sensor_fusion_msg_types/cmake/ament_cmake_export_dependencies-extras.cmake
[1.364s] -- Up-to-date symlink: /home/kenneth/PycharmProjects/ros2_ws_fix/install/sensor_fusion_msg_types/share/sensor_fusion_msg_types/cmake/ament_cmake_export_libraries-extras.cmake
[1.364s] -- Up-to-date symlink: /home/kenneth/PycharmProjects/ros2_ws_fix/install/sensor_fusion_msg_types/share/sensor_fusion_msg_types/cmake/ament_cmake_export_include_directories-extras.cmake
[1.365s] -- Up-to-date symlink: /home/kenneth/PycharmProjects/ros2_ws_fix/install/sensor_fusion_msg_types/share/sensor_fusion_msg_types/cmake/sensor_fusion_msg_typesConfig.cmake
[1.365s] -- Up-to-date symlink: /home/kenneth/PycharmProjects/ros2_ws_fix/install/sensor_fusion_msg_types/share/sensor_fusion_msg_types/cmake/sensor_fusion_msg_typesConfig-version.cmake
[1.366s] -- Up-to-date symlink: /home/kenneth/PycharmProjects/ros2_ws_fix/install/sensor_fusion_msg_types/share/sensor_fusion_msg_types/package.xml
[1.421s] Invoked command in '/home/kenneth/PycharmProjects/ros2_ws_fix/build/sensor_fusion_msg_types' returned '0': CMAKE_PREFIX_PATH=/opt/ros/eloquent /usr/bin/cmake --build /home/kenneth/PycharmProjects/ros2_ws_fix/build/sensor_fusion_msg_types --target install -- -j1 -l1
