[0.571s] Invoking command in '/home/kenneth/PycharmProjects/ros2_ws_fix/build/ros2_demo_publisher': PYTHONPATH=/home/kenneth/PycharmProjects/ros2_ws_fix/install/ros2_demo_publisher/lib/python3.6/site-packages:${PYTHONPATH} /usr/bin/python3 setup.py develop --prefix /home/kenneth/PycharmProjects/ros2_ws_fix/install/ros2_demo_publisher --editable --build-directory /home/kenneth/PycharmProjects/ros2_ws_fix/build/ros2_demo_publisher/build --no-deps install_data --install-dir /home/kenneth/PycharmProjects/ros2_ws_fix/install/ros2_demo_publisher
[1.060s] running develop
[1.269s] running egg_info
[1.270s] creating ros2_demo_publisher.egg-info
[1.270s] writing ros2_demo_publisher.egg-info/PKG-INFO
[1.271s] writing dependency_links to ros2_demo_publisher.egg-info/dependency_links.txt
[1.271s] writing entry points to ros2_demo_publisher.egg-info/entry_points.txt
[1.271s] writing requirements to ros2_demo_publisher.egg-info/requires.txt
[1.272s] writing top-level names to ros2_demo_publisher.egg-info/top_level.txt
[1.272s] writing manifest file 'ros2_demo_publisher.egg-info/SOURCES.txt'
[1.341s] reading manifest file 'ros2_demo_publisher.egg-info/SOURCES.txt'
[1.345s] writing manifest file 'ros2_demo_publisher.egg-info/SOURCES.txt'
[1.349s] running build_ext
[1.350s] Creating /home/kenneth/PycharmProjects/ros2_ws_fix/install/ros2_demo_publisher/lib/python3.6/site-packages/ros2-demo-publisher.egg-link (link to .)
[1.351s] Installing demo_publisher script to /home/kenneth/PycharmProjects/ros2_ws_fix/install/ros2_demo_publisher/lib/ros2_demo_publisher
[1.352s] 
[1.352s] Installed /home/kenneth/PycharmProjects/ros2_ws_fix/build/ros2_demo_publisher
[1.352s] running install_data
[1.353s] creating /home/kenneth/PycharmProjects/ros2_ws_fix/install/ros2_demo_publisher/share/ament_index
[1.353s] creating /home/kenneth/PycharmProjects/ros2_ws_fix/install/ros2_demo_publisher/share/ament_index/resource_index
[1.353s] creating /home/kenneth/PycharmProjects/ros2_ws_fix/install/ros2_demo_publisher/share/ament_index/resource_index/packages
[1.354s] copying resource/ros2_demo_publisher -> /home/kenneth/PycharmProjects/ros2_ws_fix/install/ros2_demo_publisher/share/ament_index/resource_index/packages
[1.354s] copying package.xml -> /home/kenneth/PycharmProjects/ros2_ws_fix/install/ros2_demo_publisher/share/ros2_demo_publisher
[1.399s] Invoked command in '/home/kenneth/PycharmProjects/ros2_ws_fix/build/ros2_demo_publisher' returned '0': PYTHONPATH=/home/kenneth/PycharmProjects/ros2_ws_fix/install/ros2_demo_publisher/lib/python3.6/site-packages:${PYTHONPATH} /usr/bin/python3 setup.py develop --prefix /home/kenneth/PycharmProjects/ros2_ws_fix/install/ros2_demo_publisher --editable --build-directory /home/kenneth/PycharmProjects/ros2_ws_fix/build/ros2_demo_publisher/build --no-deps install_data --install-dir /home/kenneth/PycharmProjects/ros2_ws_fix/install/ros2_demo_publisher
