[0.077s] Invoking command in '/home/kenneth/PycharmProjects/ros2_ws_fix/build/ros2_demo_custommsg_create': CMAKE_PREFIX_PATH=${CMAKE_PREFIX_PATH}:/home/kenneth/PycharmProjects/ros2_ws_fix/install/sf_ros2_vinerow_sub:/home/kenneth/PycharmProjects/ros2_ws_fix/install/sensor_fusion_subscriber:/home/kenneth/PycharmProjects/ros2_ws_fix/install/ros2_demo_custommsg_pub:/home/kenneth/PycharmProjects/ros2_ws_fix/install/ros2_demo_subscriber:/home/kenneth/PycharmProjects/ros2_ws_fix/install/ros2_demo_publisher:/opt/ros/eloquent /usr/bin/cmake --build /home/kenneth/PycharmProjects/ros2_ws_fix/build/ros2_demo_custommsg_create -- -j1 -l1
[0.160s] [  3%] Built target new_msg__cpp
[0.206s] [ 13%] Built target new_msg__rosidl_typesupport_fastrtps_cpp
[0.237s] [ 24%] Built target new_msg__rosidl_generator_c
[0.293s] [ 34%] Built target new_msg__rosidl_typesupport_fastrtps_c
[0.328s] [ 44%] Built target new_msg__rosidl_typesupport_c
[0.365s] [ 55%] Built target new_msg__rosidl_typesupport_introspection_cpp
[0.409s] [ 65%] Built target new_msg__rosidl_typesupport_cpp
[0.450s] [ 75%] Built target new_msg__rosidl_typesupport_introspection_c
[0.482s] [ 75%] Built target new_msg
[0.510s] [ 79%] Built target new_msg__py
[0.542s] [ 86%] Built target new_msg__python
[0.594s] [ 93%] Built target ros2_demo_custommsg_create__rosidl_typesupport_fastrtps_c__pyext
[0.626s] [100%] Built target ros2_demo_custommsg_create__rosidl_typesupport_c__pyext
[0.640s] Invoked command in '/home/kenneth/PycharmProjects/ros2_ws_fix/build/ros2_demo_custommsg_create' returned '0': CMAKE_PREFIX_PATH=${CMAKE_PREFIX_PATH}:/home/kenneth/PycharmProjects/ros2_ws_fix/install/sf_ros2_vinerow_sub:/home/kenneth/PycharmProjects/ros2_ws_fix/install/sensor_fusion_subscriber:/home/kenneth/PycharmProjects/ros2_ws_fix/install/ros2_demo_custommsg_pub:/home/kenneth/PycharmProjects/ros2_ws_fix/install/ros2_demo_subscriber:/home/kenneth/PycharmProjects/ros2_ws_fix/install/ros2_demo_publisher:/opt/ros/eloquent /usr/bin/cmake --build /home/kenneth/PycharmProjects/ros2_ws_fix/build/ros2_demo_custommsg_create -- -j1 -l1
[0.715s] Invoking command in '/home/kenneth/PycharmProjects/ros2_ws_fix/build/ros2_demo_custommsg_create': CMAKE_PREFIX_PATH=${CMAKE_PREFIX_PATH}:/home/kenneth/PycharmProjects/ros2_ws_fix/install/sf_ros2_vinerow_sub:/home/kenneth/PycharmProjects/ros2_ws_fix/install/sensor_fusion_subscriber:/home/kenneth/PycharmProjects/ros2_ws_fix/install/ros2_demo_custommsg_pub:/home/kenneth/PycharmProjects/ros2_ws_fix/install/ros2_demo_subscriber:/home/kenneth/PycharmProjects/ros2_ws_fix/install/ros2_demo_publisher:/opt/ros/eloquent /usr/bin/cmake --build /home/kenneth/PycharmProjects/ros2_ws_fix/build/ros2_demo_custommsg_create --target install -- -j1 -l1
[0.800s] [  3%] Built target new_msg__cpp
[0.833s] [ 13%] Built target new_msg__rosidl_typesupport_fastrtps_cpp
[0.871s] [ 24%] Built target new_msg__rosidl_generator_c
[0.904s] [ 34%] Built target new_msg__rosidl_typesupport_fastrtps_c
[0.937s] [ 44%] Built target new_msg__rosidl_typesupport_c
[0.982s] [ 55%] Built target new_msg__rosidl_typesupport_introspection_cpp
[1.017s] [ 65%] Built target new_msg__rosidl_typesupport_cpp
[1.046s] [ 75%] Built target new_msg__rosidl_typesupport_introspection_c
[1.085s] [ 75%] Built target new_msg
[1.111s] [ 79%] Built target new_msg__py
[1.143s] [ 86%] Built target new_msg__python
[1.189s] [ 93%] Built target ros2_demo_custommsg_create__rosidl_typesupport_fastrtps_c__pyext
[1.221s] [100%] Built target ros2_demo_custommsg_create__rosidl_typesupport_c__pyext
[1.244s] [36mInstall the project...[0m
[1.255s] -- Install configuration: ""
[1.256s] -- Execute custom install script
[1.257s] -- Up-to-date symlink: /home/kenneth/PycharmProjects/ros2_ws_fix/install/ros2_demo_custommsg_create/share/ament_index/resource_index/rosidl_interfaces/ros2_demo_custommsg_create
[1.258s] -- Up-to-date symlink: /home/kenneth/PycharmProjects/ros2_ws_fix/install/ros2_demo_custommsg_create/include/ros2_demo_custommsg_create/msg/custom.hpp
[1.258s] -- Up-to-date symlink: /home/kenneth/PycharmProjects/ros2_ws_fix/install/ros2_demo_custommsg_create/include/ros2_demo_custommsg_create/msg/custom__struct.hpp
[1.259s] -- Up-to-date symlink: /home/kenneth/PycharmProjects/ros2_ws_fix/install/ros2_demo_custommsg_create/include/ros2_demo_custommsg_create/msg/custom__traits.hpp
[1.260s] -- Up-to-date symlink: /home/kenneth/PycharmProjects/ros2_ws_fix/install/ros2_demo_custommsg_create/include/ros2_demo_custommsg_create/msg/custom.h
[1.261s] -- Up-to-date symlink: /home/kenneth/PycharmProjects/ros2_ws_fix/install/ros2_demo_custommsg_create/include/ros2_demo_custommsg_create/msg/custom__functions.h
[1.261s] -- Up-to-date symlink: /home/kenneth/PycharmProjects/ros2_ws_fix/install/ros2_demo_custommsg_create/include/ros2_demo_custommsg_create/msg/custom__struct.h
[1.262s] -- Up-to-date symlink: /home/kenneth/PycharmProjects/ros2_ws_fix/install/ros2_demo_custommsg_create/include/ros2_demo_custommsg_create/msg/custom__type_support.h
[1.262s] -- Up-to-date symlink: /home/kenneth/PycharmProjects/ros2_ws_fix/install/ros2_demo_custommsg_create/include/ros2_demo_custommsg_create/msg/rosidl_generator_c__visibility_control.h
[1.263s] -- Up-to-date symlink: /home/kenneth/PycharmProjects/ros2_ws_fix/install/ros2_demo_custommsg_create/share/ros2_demo_custommsg_create/environment/library_path.sh
[1.264s] -- Up-to-date symlink: /home/kenneth/PycharmProjects/ros2_ws_fix/install/ros2_demo_custommsg_create/share/ros2_demo_custommsg_create/environment/library_path.dsv
[1.264s] -- Up-to-date symlink: /home/kenneth/PycharmProjects/ros2_ws_fix/install/ros2_demo_custommsg_create/lib/libnew_msg__rosidl_generator_c.so
[1.270s] -- Up-to-date symlink: /home/kenneth/PycharmProjects/ros2_ws_fix/install/ros2_demo_custommsg_create/lib/libnew_msg__rosidl_typesupport_c.so
[1.272s] -- Up-to-date symlink: /home/kenneth/PycharmProjects/ros2_ws_fix/install/ros2_demo_custommsg_create/lib/libnew_msg__rosidl_typesupport_cpp.so
[1.275s] -- Up-to-date symlink: /home/kenneth/PycharmProjects/ros2_ws_fix/install/ros2_demo_custommsg_create/include/ros2_demo_custommsg_create/msg/custom__rosidl_typesupport_introspection_c.h
[1.275s] -- Up-to-date symlink: /home/kenneth/PycharmProjects/ros2_ws_fix/install/ros2_demo_custommsg_create/include/ros2_demo_custommsg_create/msg/rosidl_typesupport_introspection_c__visibility_control.h
[1.279s] -- Up-to-date symlink: /home/kenneth/PycharmProjects/ros2_ws_fix/install/ros2_demo_custommsg_create/lib/libnew_msg__rosidl_typesupport_introspection_c.so
[1.280s] -- Up-to-date symlink: /home/kenneth/PycharmProjects/ros2_ws_fix/install/ros2_demo_custommsg_create/include/ros2_demo_custommsg_create/msg/custom__rosidl_typesupport_introspection_cpp.hpp
[1.281s] -- Up-to-date symlink: /home/kenneth/PycharmProjects/ros2_ws_fix/install/ros2_demo_custommsg_create/lib/libnew_msg__rosidl_typesupport_introspection_cpp.so
[1.283s] -- Up-to-date symlink: /home/kenneth/PycharmProjects/ros2_ws_fix/install/ros2_demo_custommsg_create/include/ros2_demo_custommsg_create/msg/custom__rosidl_typesupport_fastrtps_c.h
[1.286s] -- Up-to-date symlink: /home/kenneth/PycharmProjects/ros2_ws_fix/install/ros2_demo_custommsg_create/include/ros2_demo_custommsg_create/msg/rosidl_typesupport_fastrtps_c__visibility_control.h
[1.287s] -- Up-to-date symlink: /home/kenneth/PycharmProjects/ros2_ws_fix/install/ros2_demo_custommsg_create/lib/libnew_msg__rosidl_typesupport_fastrtps_c.so
[1.289s] -- Up-to-date symlink: /home/kenneth/PycharmProjects/ros2_ws_fix/install/ros2_demo_custommsg_create/include/ros2_demo_custommsg_create/msg/custom__rosidl_typesupport_fastrtps_cpp.hpp
[1.290s] -- Up-to-date symlink: /home/kenneth/PycharmProjects/ros2_ws_fix/install/ros2_demo_custommsg_create/include/ros2_demo_custommsg_create/msg/rosidl_typesupport_fastrtps_cpp__visibility_control.h
[1.291s] -- Up-to-date symlink: /home/kenneth/PycharmProjects/ros2_ws_fix/install/ros2_demo_custommsg_create/lib/libnew_msg__rosidl_typesupport_fastrtps_cpp.so
[1.292s] -- Up-to-date symlink: /home/kenneth/PycharmProjects/ros2_ws_fix/install/ros2_demo_custommsg_create/share/ros2_demo_custommsg_create/environment/pythonpath.sh
[1.293s] -- Up-to-date symlink: /home/kenneth/PycharmProjects/ros2_ws_fix/install/ros2_demo_custommsg_create/share/ros2_demo_custommsg_create/environment/pythonpath.dsv
[1.294s] -- Up-to-date symlink: /home/kenneth/PycharmProjects/ros2_ws_fix/install/ros2_demo_custommsg_create/lib/python3.6/site-packages/ros2_demo_custommsg_create/__init__.py
[1.295s] -- Up-to-date symlink: /home/kenneth/PycharmProjects/ros2_ws_fix/install/ros2_demo_custommsg_create/lib/python3.6/site-packages/ros2_demo_custommsg_create/msg/__init__.py
[1.296s] -- Up-to-date symlink: /home/kenneth/PycharmProjects/ros2_ws_fix/install/ros2_demo_custommsg_create/lib/python3.6/site-packages/ros2_demo_custommsg_create/msg/_custom.py
[1.297s] -- Up-to-date symlink: /home/kenneth/PycharmProjects/ros2_ws_fix/install/ros2_demo_custommsg_create/lib/python3.6/site-packages/ros2_demo_custommsg_create/ros2_demo_custommsg_create_s__rosidl_typesupport_c.cpython-36m-x86_64-linux-gnu.so
[1.298s] -- Up-to-date symlink: /home/kenneth/PycharmProjects/ros2_ws_fix/install/ros2_demo_custommsg_create/lib/python3.6/site-packages/ros2_demo_custommsg_create/ros2_demo_custommsg_create_s__rosidl_typesupport_fastrtps_c.cpython-36m-x86_64-linux-gnu.so
[1.299s] -- Up-to-date symlink: /home/kenneth/PycharmProjects/ros2_ws_fix/install/ros2_demo_custommsg_create/lib/libnew_msg__python.so
[1.299s] -- Up-to-date symlink: /home/kenneth/PycharmProjects/ros2_ws_fix/install/ros2_demo_custommsg_create/share/ros2_demo_custommsg_create/msg/Custom.idl
[1.300s] -- Up-to-date symlink: /home/kenneth/PycharmProjects/ros2_ws_fix/install/ros2_demo_custommsg_create/share/ros2_demo_custommsg_create/msg/Custom.msg
[1.302s] -- Up-to-date symlink: /home/kenneth/PycharmProjects/ros2_ws_fix/install/ros2_demo_custommsg_create/share/ament_index/resource_index/package_run_dependencies/ros2_demo_custommsg_create
[1.302s] -- Up-to-date symlink: /home/kenneth/PycharmProjects/ros2_ws_fix/install/ros2_demo_custommsg_create/share/ament_index/resource_index/parent_prefix_path/ros2_demo_custommsg_create
[1.303s] -- Up-to-date symlink: /home/kenneth/PycharmProjects/ros2_ws_fix/install/ros2_demo_custommsg_create/share/ros2_demo_custommsg_create/environment/ament_prefix_path.sh
[1.303s] -- Up-to-date symlink: /home/kenneth/PycharmProjects/ros2_ws_fix/install/ros2_demo_custommsg_create/share/ros2_demo_custommsg_create/environment/ament_prefix_path.dsv
[1.304s] -- Up-to-date symlink: /home/kenneth/PycharmProjects/ros2_ws_fix/install/ros2_demo_custommsg_create/share/ros2_demo_custommsg_create/environment/path.sh
[1.305s] -- Up-to-date symlink: /home/kenneth/PycharmProjects/ros2_ws_fix/install/ros2_demo_custommsg_create/share/ros2_demo_custommsg_create/environment/path.dsv
[1.306s] -- Up-to-date symlink: /home/kenneth/PycharmProjects/ros2_ws_fix/install/ros2_demo_custommsg_create/share/ros2_demo_custommsg_create/local_setup.bash
[1.307s] -- Up-to-date symlink: /home/kenneth/PycharmProjects/ros2_ws_fix/install/ros2_demo_custommsg_create/share/ros2_demo_custommsg_create/local_setup.sh
[1.307s] -- Up-to-date symlink: /home/kenneth/PycharmProjects/ros2_ws_fix/install/ros2_demo_custommsg_create/share/ros2_demo_custommsg_create/local_setup.zsh
[1.308s] -- Up-to-date symlink: /home/kenneth/PycharmProjects/ros2_ws_fix/install/ros2_demo_custommsg_create/share/ros2_demo_custommsg_create/local_setup.dsv
[1.309s] -- Symlinking: /home/kenneth/PycharmProjects/ros2_ws_fix/install/ros2_demo_custommsg_create/share/ros2_demo_custommsg_create/package.dsv
[1.320s] -- Up-to-date symlink: /home/kenneth/PycharmProjects/ros2_ws_fix/install/ros2_demo_custommsg_create/share/ament_index/resource_index/packages/ros2_demo_custommsg_create
[1.321s] -- Up-to-date symlink: /home/kenneth/PycharmProjects/ros2_ws_fix/install/ros2_demo_custommsg_create/share/ros2_demo_custommsg_create/cmake/rosidl_cmake-extras.cmake
[1.322s] -- Up-to-date symlink: /home/kenneth/PycharmProjects/ros2_ws_fix/install/ros2_demo_custommsg_create/share/ros2_demo_custommsg_create/cmake/ament_cmake_export_dependencies-extras.cmake
[1.322s] -- Up-to-date symlink: /home/kenneth/PycharmProjects/ros2_ws_fix/install/ros2_demo_custommsg_create/share/ros2_demo_custommsg_create/cmake/ament_cmake_export_include_directories-extras.cmake
[1.323s] -- Up-to-date symlink: /home/kenneth/PycharmProjects/ros2_ws_fix/install/ros2_demo_custommsg_create/share/ros2_demo_custommsg_create/cmake/ament_cmake_export_libraries-extras.cmake
[1.324s] -- Up-to-date symlink: /home/kenneth/PycharmProjects/ros2_ws_fix/install/ros2_demo_custommsg_create/share/ros2_demo_custommsg_create/cmake/ros2_demo_custommsg_createConfig.cmake
[1.324s] -- Up-to-date symlink: /home/kenneth/PycharmProjects/ros2_ws_fix/install/ros2_demo_custommsg_create/share/ros2_demo_custommsg_create/cmake/ros2_demo_custommsg_createConfig-version.cmake
[1.325s] -- Up-to-date symlink: /home/kenneth/PycharmProjects/ros2_ws_fix/install/ros2_demo_custommsg_create/share/ros2_demo_custommsg_create/package.xml
[1.403s] Invoked command in '/home/kenneth/PycharmProjects/ros2_ws_fix/build/ros2_demo_custommsg_create' returned '0': CMAKE_PREFIX_PATH=${CMAKE_PREFIX_PATH}:/home/kenneth/PycharmProjects/ros2_ws_fix/install/sf_ros2_vinerow_sub:/home/kenneth/PycharmProjects/ros2_ws_fix/install/sensor_fusion_subscriber:/home/kenneth/PycharmProjects/ros2_ws_fix/install/ros2_demo_custommsg_pub:/home/kenneth/PycharmProjects/ros2_ws_fix/install/ros2_demo_subscriber:/home/kenneth/PycharmProjects/ros2_ws_fix/install/ros2_demo_publisher:/opt/ros/eloquent /usr/bin/cmake --build /home/kenneth/PycharmProjects/ros2_ws_fix/build/ros2_demo_custommsg_create --target install -- -j1 -l1
