[0.722s] DEBUG:colcon:Command line arguments: ['/home/kenneth/.local/bin/colcon', 'build', '--symlink-install', '--packages-select', 'sensor_fusion_msg_types']
[0.722s] DEBUG:colcon:Parsed command line arguments: Namespace(ament_cmake_args=None, base_paths=['.'], build_base='build', catkin_cmake_args=None, catkin_skip_building_tests=False, cmake_args=None, cmake_clean_cache=False, cmake_clean_first=False, cmake_force_configure=False, cmake_target=None, cmake_target_skip_unavailable=False, continue_on_error=False, event_handlers=None, executor='parallel', ignore_user_meta=False, install_base='install', log_base=None, log_level=None, main=<bound method BuildVerb.main of <colcon_core.verb.build.BuildVerb object at 0x7fdcdbfc44e0>>, merge_install=False, metas=['./colcon.meta'], packages_above=None, packages_above_and_dependencies=None, packages_above_depth=None, packages_end=None, packages_ignore=None, packages_ignore_regex=None, packages_select=['sensor_fusion_msg_types'], packages_select_build_failed=False, packages_select_by_dep=None, packages_select_regex=None, packages_select_test_failures=False, packages_skip=None, packages_skip_build_finished=False, packages_skip_by_dep=None, packages_skip_regex=None, packages_skip_test_passed=False, packages_skip_up_to=None, packages_start=None, packages_up_to=None, packages_up_to_regex=None, parallel_workers=1, paths=None, symlink_install=True, test_result_base=None, verb_extension=<colcon_core.verb.build.BuildVerb object at 0x7fdcdbfc44e0>, verb_name='build', verb_parser=<colcon_defaults.argument_parser.defaults.DefaultArgumentsDecorator object at 0x7fdcdbfc4828>)
[0.762s] Level 1:colcon.colcon_core.package_discovery:discover_packages(colcon_meta) check parameters
[0.762s] Level 1:colcon.colcon_core.package_discovery:discover_packages(recursive) check parameters
[0.762s] Level 1:colcon.colcon_core.package_discovery:discover_packages(ignore) check parameters
[0.762s] Level 1:colcon.colcon_core.package_discovery:discover_packages(path) check parameters
[0.763s] Level 1:colcon.colcon_core.package_discovery:discover_packages(colcon_meta) discover
[0.763s] Level 1:colcon.colcon_core.package_discovery:discover_packages(recursive) discover
[0.763s] INFO:colcon.colcon_core.package_discovery:Crawling recursively for packages in '/home/kenneth/PycharmProjects/ros2_ws_fix'
[0.763s] Level 1:colcon.colcon_core.package_identification:_identify(.) by extensions ['ignore', 'ignore_ament_install']
[0.763s] Level 1:colcon.colcon_core.package_identification:_identify(.) by extension 'ignore'
[0.763s] Level 1:colcon.colcon_core.package_identification:_identify(.) by extension 'ignore_ament_install'
[0.763s] Level 1:colcon.colcon_core.package_identification:_identify(.) by extensions ['colcon_pkg']
[0.763s] Level 1:colcon.colcon_core.package_identification:_identify(.) by extension 'colcon_pkg'
[0.763s] Level 1:colcon.colcon_core.package_identification:_identify(.) by extensions ['colcon_meta']
[0.764s] Level 1:colcon.colcon_core.package_identification:_identify(.) by extension 'colcon_meta'
[0.764s] Level 1:colcon.colcon_core.package_identification:_identify(.) by extensions ['ros']
[0.764s] Level 1:colcon.colcon_core.package_identification:_identify(.) by extension 'ros'
[0.783s] Level 1:colcon.colcon_core.package_identification:_identify(.) by extensions ['cmake', 'python']
[0.783s] Level 1:colcon.colcon_core.package_identification:_identify(.) by extension 'cmake'
[0.783s] Level 1:colcon.colcon_core.package_identification:_identify(.) by extension 'python'
[0.783s] Level 1:colcon.colcon_core.package_identification:_identify(.) by extensions ['python_setup_py']
[0.783s] Level 1:colcon.colcon_core.package_identification:_identify(.) by extension 'python_setup_py'
[0.783s] Level 1:colcon.colcon_core.package_identification:_identify(build) by extensions ['ignore', 'ignore_ament_install']
[0.783s] Level 1:colcon.colcon_core.package_identification:_identify(build) by extension 'ignore'
[0.783s] Level 1:colcon.colcon_core.package_identification:_identify(build) ignored
[0.784s] Level 1:colcon.colcon_core.package_identification:_identify(install) by extensions ['ignore', 'ignore_ament_install']
[0.784s] Level 1:colcon.colcon_core.package_identification:_identify(install) by extension 'ignore'
[0.784s] Level 1:colcon.colcon_core.package_identification:_identify(install) ignored
[0.784s] Level 1:colcon.colcon_core.package_identification:_identify(log) by extensions ['ignore', 'ignore_ament_install']
[0.784s] Level 1:colcon.colcon_core.package_identification:_identify(log) by extension 'ignore'
[0.784s] Level 1:colcon.colcon_core.package_identification:_identify(log) ignored
[0.784s] Level 1:colcon.colcon_core.package_identification:_identify(src) by extensions ['ignore', 'ignore_ament_install']
[0.785s] Level 1:colcon.colcon_core.package_identification:_identify(src) by extension 'ignore'
[0.785s] Level 1:colcon.colcon_core.package_identification:_identify(src) by extension 'ignore_ament_install'
[0.785s] Level 1:colcon.colcon_core.package_identification:_identify(src) by extensions ['colcon_pkg']
[0.785s] Level 1:colcon.colcon_core.package_identification:_identify(src) by extension 'colcon_pkg'
[0.785s] Level 1:colcon.colcon_core.package_identification:_identify(src) by extensions ['colcon_meta']
[0.785s] Level 1:colcon.colcon_core.package_identification:_identify(src) by extension 'colcon_meta'
[0.785s] Level 1:colcon.colcon_core.package_identification:_identify(src) by extensions ['ros']
[0.785s] Level 1:colcon.colcon_core.package_identification:_identify(src) by extension 'ros'
[0.785s] Level 1:colcon.colcon_core.package_identification:_identify(src) by extensions ['cmake', 'python']
[0.785s] Level 1:colcon.colcon_core.package_identification:_identify(src) by extension 'cmake'
[0.785s] Level 1:colcon.colcon_core.package_identification:_identify(src) by extension 'python'
[0.785s] Level 1:colcon.colcon_core.package_identification:_identify(src) by extensions ['python_setup_py']
[0.785s] Level 1:colcon.colcon_core.package_identification:_identify(src) by extension 'python_setup_py'
[0.785s] Level 1:colcon.colcon_core.package_identification:_identify(src/ros2_demo_custommsg_create) by extensions ['ignore', 'ignore_ament_install']
[0.785s] Level 1:colcon.colcon_core.package_identification:_identify(src/ros2_demo_custommsg_create) by extension 'ignore'
[0.786s] Level 1:colcon.colcon_core.package_identification:_identify(src/ros2_demo_custommsg_create) by extension 'ignore_ament_install'
[0.786s] Level 1:colcon.colcon_core.package_identification:_identify(src/ros2_demo_custommsg_create) by extensions ['colcon_pkg']
[0.786s] Level 1:colcon.colcon_core.package_identification:_identify(src/ros2_demo_custommsg_create) by extension 'colcon_pkg'
[0.786s] Level 1:colcon.colcon_core.package_identification:_identify(src/ros2_demo_custommsg_create) by extensions ['colcon_meta']
[0.786s] Level 1:colcon.colcon_core.package_identification:_identify(src/ros2_demo_custommsg_create) by extension 'colcon_meta'
[0.786s] Level 1:colcon.colcon_core.package_identification:_identify(src/ros2_demo_custommsg_create) by extensions ['ros']
[0.786s] Level 1:colcon.colcon_core.package_identification:_identify(src/ros2_demo_custommsg_create) by extension 'ros'
[0.789s] DEBUG:colcon.colcon_core.package_identification:Package 'src/ros2_demo_custommsg_create' with type 'ros.ament_cmake' and name 'ros2_demo_custommsg_create'
[0.789s] Level 1:colcon.colcon_core.package_identification:_identify(src/ros2_demo_custommsg_pub) by extensions ['ignore', 'ignore_ament_install']
[0.790s] Level 1:colcon.colcon_core.package_identification:_identify(src/ros2_demo_custommsg_pub) by extension 'ignore'
[0.790s] Level 1:colcon.colcon_core.package_identification:_identify(src/ros2_demo_custommsg_pub) by extension 'ignore_ament_install'
[0.790s] Level 1:colcon.colcon_core.package_identification:_identify(src/ros2_demo_custommsg_pub) by extensions ['colcon_pkg']
[0.790s] Level 1:colcon.colcon_core.package_identification:_identify(src/ros2_demo_custommsg_pub) by extension 'colcon_pkg'
[0.790s] Level 1:colcon.colcon_core.package_identification:_identify(src/ros2_demo_custommsg_pub) by extensions ['colcon_meta']
[0.790s] Level 1:colcon.colcon_core.package_identification:_identify(src/ros2_demo_custommsg_pub) by extension 'colcon_meta'
[0.790s] Level 1:colcon.colcon_core.package_identification:_identify(src/ros2_demo_custommsg_pub) by extensions ['ros']
[0.790s] Level 1:colcon.colcon_core.package_identification:_identify(src/ros2_demo_custommsg_pub) by extension 'ros'
[0.791s] DEBUG:colcon.colcon_core.package_identification:Package 'src/ros2_demo_custommsg_pub' with type 'ros.ament_python' and name 'ros2_demo_custommsg_pub'
[0.791s] Level 1:colcon.colcon_core.package_identification:_identify(src/ros2_demo_publisher) by extensions ['ignore', 'ignore_ament_install']
[0.791s] Level 1:colcon.colcon_core.package_identification:_identify(src/ros2_demo_publisher) by extension 'ignore'
[0.791s] Level 1:colcon.colcon_core.package_identification:_identify(src/ros2_demo_publisher) by extension 'ignore_ament_install'
[0.791s] Level 1:colcon.colcon_core.package_identification:_identify(src/ros2_demo_publisher) by extensions ['colcon_pkg']
[0.791s] Level 1:colcon.colcon_core.package_identification:_identify(src/ros2_demo_publisher) by extension 'colcon_pkg'
[0.792s] Level 1:colcon.colcon_core.package_identification:_identify(src/ros2_demo_publisher) by extensions ['colcon_meta']
[0.792s] Level 1:colcon.colcon_core.package_identification:_identify(src/ros2_demo_publisher) by extension 'colcon_meta'
[0.792s] Level 1:colcon.colcon_core.package_identification:_identify(src/ros2_demo_publisher) by extensions ['ros']
[0.792s] Level 1:colcon.colcon_core.package_identification:_identify(src/ros2_demo_publisher) by extension 'ros'
[0.793s] DEBUG:colcon.colcon_core.package_identification:Package 'src/ros2_demo_publisher' with type 'ros.ament_python' and name 'ros2_demo_publisher'
[0.793s] Level 1:colcon.colcon_core.package_identification:_identify(src/ros2_demo_subscriber) by extensions ['ignore', 'ignore_ament_install']
[0.793s] Level 1:colcon.colcon_core.package_identification:_identify(src/ros2_demo_subscriber) by extension 'ignore'
[0.793s] Level 1:colcon.colcon_core.package_identification:_identify(src/ros2_demo_subscriber) by extension 'ignore_ament_install'
[0.793s] Level 1:colcon.colcon_core.package_identification:_identify(src/ros2_demo_subscriber) by extensions ['colcon_pkg']
[0.793s] Level 1:colcon.colcon_core.package_identification:_identify(src/ros2_demo_subscriber) by extension 'colcon_pkg'
[0.793s] Level 1:colcon.colcon_core.package_identification:_identify(src/ros2_demo_subscriber) by extensions ['colcon_meta']
[0.793s] Level 1:colcon.colcon_core.package_identification:_identify(src/ros2_demo_subscriber) by extension 'colcon_meta'
[0.793s] Level 1:colcon.colcon_core.package_identification:_identify(src/ros2_demo_subscriber) by extensions ['ros']
[0.793s] Level 1:colcon.colcon_core.package_identification:_identify(src/ros2_demo_subscriber) by extension 'ros'
[0.794s] DEBUG:colcon.colcon_core.package_identification:Package 'src/ros2_demo_subscriber' with type 'ros.ament_python' and name 'ros2_demo_subscriber'
[0.794s] Level 1:colcon.colcon_core.package_identification:_identify(src/sensor_fusion_msg_types) by extensions ['ignore', 'ignore_ament_install']
[0.795s] Level 1:colcon.colcon_core.package_identification:_identify(src/sensor_fusion_msg_types) by extension 'ignore'
[0.795s] Level 1:colcon.colcon_core.package_identification:_identify(src/sensor_fusion_msg_types) by extension 'ignore_ament_install'
[0.795s] Level 1:colcon.colcon_core.package_identification:_identify(src/sensor_fusion_msg_types) by extensions ['colcon_pkg']
[0.795s] Level 1:colcon.colcon_core.package_identification:_identify(src/sensor_fusion_msg_types) by extension 'colcon_pkg'
[0.795s] Level 1:colcon.colcon_core.package_identification:_identify(src/sensor_fusion_msg_types) by extensions ['colcon_meta']
[0.795s] Level 1:colcon.colcon_core.package_identification:_identify(src/sensor_fusion_msg_types) by extension 'colcon_meta'
[0.795s] Level 1:colcon.colcon_core.package_identification:_identify(src/sensor_fusion_msg_types) by extensions ['ros']
[0.795s] Level 1:colcon.colcon_core.package_identification:_identify(src/sensor_fusion_msg_types) by extension 'ros'
[0.796s] DEBUG:colcon.colcon_core.package_identification:Package 'src/sensor_fusion_msg_types' with type 'ros.ament_cmake' and name 'sensor_fusion_msg_types'
[0.796s] Level 1:colcon.colcon_core.package_identification:_identify(src/sensor_fusion_msgs) by extensions ['ignore', 'ignore_ament_install']
[0.796s] Level 1:colcon.colcon_core.package_identification:_identify(src/sensor_fusion_msgs) by extension 'ignore'
[0.796s] Level 1:colcon.colcon_core.package_identification:_identify(src/sensor_fusion_msgs) by extension 'ignore_ament_install'
[0.796s] Level 1:colcon.colcon_core.package_identification:_identify(src/sensor_fusion_msgs) by extensions ['colcon_pkg']
[0.796s] Level 1:colcon.colcon_core.package_identification:_identify(src/sensor_fusion_msgs) by extension 'colcon_pkg'
[0.796s] Level 1:colcon.colcon_core.package_identification:_identify(src/sensor_fusion_msgs) by extensions ['colcon_meta']
[0.796s] Level 1:colcon.colcon_core.package_identification:_identify(src/sensor_fusion_msgs) by extension 'colcon_meta'
[0.796s] Level 1:colcon.colcon_core.package_identification:_identify(src/sensor_fusion_msgs) by extensions ['ros']
[0.796s] Level 1:colcon.colcon_core.package_identification:_identify(src/sensor_fusion_msgs) by extension 'ros'
[0.797s] DEBUG:colcon.colcon_core.package_identification:Package 'src/sensor_fusion_msgs' with type 'ros.ament_cmake' and name 'sensor_fusion_msgs'
[0.798s] Level 1:colcon.colcon_core.package_identification:_identify(src/sensor_fusion_subscriber) by extensions ['ignore', 'ignore_ament_install']
[0.798s] Level 1:colcon.colcon_core.package_identification:_identify(src/sensor_fusion_subscriber) by extension 'ignore'
[0.798s] Level 1:colcon.colcon_core.package_identification:_identify(src/sensor_fusion_subscriber) by extension 'ignore_ament_install'
[0.798s] Level 1:colcon.colcon_core.package_identification:_identify(src/sensor_fusion_subscriber) by extensions ['colcon_pkg']
[0.798s] Level 1:colcon.colcon_core.package_identification:_identify(src/sensor_fusion_subscriber) by extension 'colcon_pkg'
[0.798s] Level 1:colcon.colcon_core.package_identification:_identify(src/sensor_fusion_subscriber) by extensions ['colcon_meta']
[0.799s] Level 1:colcon.colcon_core.package_identification:_identify(src/sensor_fusion_subscriber) by extension 'colcon_meta'
[0.799s] Level 1:colcon.colcon_core.package_identification:_identify(src/sensor_fusion_subscriber) by extensions ['ros']
[0.799s] Level 1:colcon.colcon_core.package_identification:_identify(src/sensor_fusion_subscriber) by extension 'ros'
[0.800s] DEBUG:colcon.colcon_core.package_identification:Package 'src/sensor_fusion_subscriber' with type 'ros.ament_python' and name 'sensor_fusion_subscriber'
[0.800s] Level 1:colcon.colcon_core.package_discovery:discover_packages(recursive) using defaults
[0.801s] Level 1:colcon.colcon_core.package_discovery:discover_packages(ignore) discover
[0.801s] Level 1:colcon.colcon_core.package_discovery:discover_packages(ignore) using defaults
[0.801s] Level 1:colcon.colcon_core.package_discovery:discover_packages(path) discover
[0.801s] Level 1:colcon.colcon_core.package_discovery:discover_packages(path) using defaults
[0.833s] INFO:colcon.colcon_core.package_selection:Skipping not selected package 'ros2_demo_custommsg_create' in 'src/ros2_demo_custommsg_create'
[0.833s] INFO:colcon.colcon_core.package_selection:Skipping not selected package 'ros2_demo_publisher' in 'src/ros2_demo_publisher'
[0.833s] INFO:colcon.colcon_core.package_selection:Skipping not selected package 'ros2_demo_subscriber' in 'src/ros2_demo_subscriber'
[0.833s] INFO:colcon.colcon_core.package_selection:Skipping not selected package 'sensor_fusion_msgs' in 'src/sensor_fusion_msgs'
[0.833s] INFO:colcon.colcon_core.package_selection:Skipping not selected package 'ros2_demo_custommsg_pub' in 'src/ros2_demo_custommsg_pub'
[0.833s] INFO:colcon.colcon_core.package_selection:Skipping not selected package 'sensor_fusion_subscriber' in 'src/sensor_fusion_subscriber'
[0.847s] Level 5:colcon.colcon_core.verb:set package 'sensor_fusion_msg_types' build argument 'cmake_args' from command line to 'None'
[0.848s] Level 5:colcon.colcon_core.verb:set package 'sensor_fusion_msg_types' build argument 'cmake_target' from command line to 'None'
[0.848s] Level 5:colcon.colcon_core.verb:set package 'sensor_fusion_msg_types' build argument 'cmake_target_skip_unavailable' from command line to 'False'
[0.848s] Level 5:colcon.colcon_core.verb:set package 'sensor_fusion_msg_types' build argument 'cmake_clean_cache' from command line to 'False'
[0.848s] Level 5:colcon.colcon_core.verb:set package 'sensor_fusion_msg_types' build argument 'cmake_clean_first' from command line to 'False'
[0.848s] Level 5:colcon.colcon_core.verb:set package 'sensor_fusion_msg_types' build argument 'cmake_force_configure' from command line to 'False'
[0.848s] Level 5:colcon.colcon_core.verb:set package 'sensor_fusion_msg_types' build argument 'ament_cmake_args' from command line to 'None'
[0.848s] Level 5:colcon.colcon_core.verb:set package 'sensor_fusion_msg_types' build argument 'catkin_cmake_args' from command line to 'None'
[0.848s] Level 5:colcon.colcon_core.verb:set package 'sensor_fusion_msg_types' build argument 'catkin_skip_building_tests' from command line to 'False'
[0.848s] DEBUG:colcon.colcon_core.verb:Building package 'sensor_fusion_msg_types' with the following arguments: {'ament_cmake_args': None, 'build_base': '/home/kenneth/PycharmProjects/ros2_ws_fix/build/sensor_fusion_msg_types', 'catkin_cmake_args': None, 'catkin_skip_building_tests': False, 'cmake_args': None, 'cmake_clean_cache': False, 'cmake_clean_first': False, 'cmake_force_configure': False, 'cmake_target': None, 'cmake_target_skip_unavailable': False, 'install_base': '/home/kenneth/PycharmProjects/ros2_ws_fix/install/sensor_fusion_msg_types', 'merge_install': False, 'path': '/home/kenneth/PycharmProjects/ros2_ws_fix/src/sensor_fusion_msg_types', 'symlink_install': True, 'test_result_base': None}
[0.851s] INFO:colcon.colcon_core.executor:Executing jobs using 'parallel' executor
[0.875s] DEBUG:colcon.colcon_parallel_executor.executor.parallel:run_until_complete
[0.876s] INFO:colcon.colcon_ros.task.ament_cmake.build:Building ROS package in '/home/kenneth/PycharmProjects/ros2_ws_fix/src/sensor_fusion_msg_types' with build type 'ament_cmake'
[0.891s] INFO:colcon.colcon_core.plugin_system:Skipping extension 'colcon_core.shell.bat': Not used on non-Windows systems
[0.891s] INFO:colcon.colcon_cmake.task.cmake.build:Building CMake package in '/home/kenneth/PycharmProjects/ros2_ws_fix/src/sensor_fusion_msg_types'
[0.913s] INFO:colcon.colcon_core.shell:Skip shell extension 'powershell' for command environment: Not usable outside of PowerShell
[0.913s] DEBUG:colcon.colcon_core.shell:Skip shell extension 'dsv' for command environment
[0.922s] DEBUG:colcon.colcon_core.shell:Ignoring prefix path '/opt/ros/eloquent'
[0.930s] DEBUG:colcon.colcon_core.event_handler.log_command:Invoking command in '/home/kenneth/PycharmProjects/ros2_ws_fix/build/sensor_fusion_msg_types': CMAKE_PREFIX_PATH=/opt/ros/eloquent /usr/bin/cmake /home/kenneth/PycharmProjects/ros2_ws_fix/src/sensor_fusion_msg_types -DAMENT_CMAKE_SYMLINK_INSTALL=1 -DCMAKE_INSTALL_PREFIX=/home/kenneth/PycharmProjects/ros2_ws_fix/install/sensor_fusion_msg_types
[4.752s] DEBUG:colcon.colcon_core.event_handler.log_command:Invoked command in '/home/kenneth/PycharmProjects/ros2_ws_fix/build/sensor_fusion_msg_types' returned '0': CMAKE_PREFIX_PATH=/opt/ros/eloquent /usr/bin/cmake /home/kenneth/PycharmProjects/ros2_ws_fix/src/sensor_fusion_msg_types -DAMENT_CMAKE_SYMLINK_INSTALL=1 -DCMAKE_INSTALL_PREFIX=/home/kenneth/PycharmProjects/ros2_ws_fix/install/sensor_fusion_msg_types
[4.754s] DEBUG:colcon.colcon_core.event_handler.log_command:Invoking command in '/home/kenneth/PycharmProjects/ros2_ws_fix/build/sensor_fusion_msg_types': CMAKE_PREFIX_PATH=/opt/ros/eloquent /usr/bin/cmake --build /home/kenneth/PycharmProjects/ros2_ws_fix/build/sensor_fusion_msg_types -- -j1 -l1
[11.471s] DEBUG:colcon.colcon_core.event_handler.log_command:Invoked command in '/home/kenneth/PycharmProjects/ros2_ws_fix/build/sensor_fusion_msg_types' returned '0': CMAKE_PREFIX_PATH=/opt/ros/eloquent /usr/bin/cmake --build /home/kenneth/PycharmProjects/ros2_ws_fix/build/sensor_fusion_msg_types -- -j1 -l1
[11.564s] DEBUG:colcon.colcon_core.event_handler.log_command:Invoking command in '/home/kenneth/PycharmProjects/ros2_ws_fix/build/sensor_fusion_msg_types': CMAKE_PREFIX_PATH=/opt/ros/eloquent /usr/bin/cmake --build /home/kenneth/PycharmProjects/ros2_ws_fix/build/sensor_fusion_msg_types --target install -- -j1 -l1
[12.766s] Level 1:colcon.colcon_core.environment:create_environment_scripts_only(sensor_fusion_msg_types)
[12.769s] DEBUG:colcon.colcon_core.event_handler.log_command:Invoked command in '/home/kenneth/PycharmProjects/ros2_ws_fix/build/sensor_fusion_msg_types' returned '0': CMAKE_PREFIX_PATH=/opt/ros/eloquent /usr/bin/cmake --build /home/kenneth/PycharmProjects/ros2_ws_fix/build/sensor_fusion_msg_types --target install -- -j1 -l1
[12.779s] Level 1:colcon.colcon_core.environment:checking '/home/kenneth/PycharmProjects/ros2_ws_fix/install/sensor_fusion_msg_types' for CMake module files
[12.780s] Level 1:colcon.colcon_core.environment:checking '/home/kenneth/PycharmProjects/ros2_ws_fix/install/sensor_fusion_msg_types' for CMake config files
[12.781s] Level 1:colcon.colcon_core.shell:create_environment_hook('sensor_fusion_msg_types', 'cmake_prefix_path')
[12.789s] INFO:colcon.colcon_core.shell:Creating environment hook '/home/kenneth/PycharmProjects/ros2_ws_fix/install/sensor_fusion_msg_types/share/sensor_fusion_msg_types/hook/cmake_prefix_path.ps1'
[12.790s] INFO:colcon.colcon_core.shell:Creating environment descriptor '/home/kenneth/PycharmProjects/ros2_ws_fix/install/sensor_fusion_msg_types/share/sensor_fusion_msg_types/hook/cmake_prefix_path.dsv'
[12.790s] INFO:colcon.colcon_core.shell:Creating environment hook '/home/kenneth/PycharmProjects/ros2_ws_fix/install/sensor_fusion_msg_types/share/sensor_fusion_msg_types/hook/cmake_prefix_path.sh'
[12.791s] Level 1:colcon.colcon_core.environment:checking '/home/kenneth/PycharmProjects/ros2_ws_fix/install/sensor_fusion_msg_types/lib'
[12.792s] Level 1:colcon.colcon_core.shell:create_environment_hook('sensor_fusion_msg_types', 'ld_library_path_lib')
[12.811s] INFO:colcon.colcon_core.shell:Creating environment hook '/home/kenneth/PycharmProjects/ros2_ws_fix/install/sensor_fusion_msg_types/share/sensor_fusion_msg_types/hook/ld_library_path_lib.ps1'
[12.811s] INFO:colcon.colcon_core.shell:Creating environment descriptor '/home/kenneth/PycharmProjects/ros2_ws_fix/install/sensor_fusion_msg_types/share/sensor_fusion_msg_types/hook/ld_library_path_lib.dsv'
[12.811s] INFO:colcon.colcon_core.shell:Creating environment hook '/home/kenneth/PycharmProjects/ros2_ws_fix/install/sensor_fusion_msg_types/share/sensor_fusion_msg_types/hook/ld_library_path_lib.sh'
[12.812s] Level 1:colcon.colcon_core.environment:checking '/home/kenneth/PycharmProjects/ros2_ws_fix/install/sensor_fusion_msg_types/bin'
[12.812s] Level 1:colcon.colcon_core.environment:checking '/home/kenneth/PycharmProjects/ros2_ws_fix/install/sensor_fusion_msg_types/lib/pkgconfig/sensor_fusion_msg_types.pc'
[12.813s] Level 1:colcon.colcon_core.environment:checking '/home/kenneth/PycharmProjects/ros2_ws_fix/install/sensor_fusion_msg_types/lib/python3.6/site-packages'
[12.813s] Level 1:colcon.colcon_core.shell:create_environment_hook('sensor_fusion_msg_types', 'pythonpath')
[12.826s] INFO:colcon.colcon_core.shell:Creating environment hook '/home/kenneth/PycharmProjects/ros2_ws_fix/install/sensor_fusion_msg_types/share/sensor_fusion_msg_types/hook/pythonpath.ps1'
[12.827s] INFO:colcon.colcon_core.shell:Creating environment descriptor '/home/kenneth/PycharmProjects/ros2_ws_fix/install/sensor_fusion_msg_types/share/sensor_fusion_msg_types/hook/pythonpath.dsv'
[12.827s] INFO:colcon.colcon_core.shell:Creating environment hook '/home/kenneth/PycharmProjects/ros2_ws_fix/install/sensor_fusion_msg_types/share/sensor_fusion_msg_types/hook/pythonpath.sh'
[12.836s] INFO:colcon.colcon_core.shell:Creating package script '/home/kenneth/PycharmProjects/ros2_ws_fix/install/sensor_fusion_msg_types/share/sensor_fusion_msg_types/package.ps1'
[12.838s] INFO:colcon.colcon_core.shell:Creating package descriptor '/home/kenneth/PycharmProjects/ros2_ws_fix/install/sensor_fusion_msg_types/share/sensor_fusion_msg_types/package.dsv'
[12.839s] INFO:colcon.colcon_core.shell:Creating package script '/home/kenneth/PycharmProjects/ros2_ws_fix/install/sensor_fusion_msg_types/share/sensor_fusion_msg_types/package.sh'
[12.840s] INFO:colcon.colcon_core.shell:Creating package script '/home/kenneth/PycharmProjects/ros2_ws_fix/install/sensor_fusion_msg_types/share/sensor_fusion_msg_types/package.bash'
[12.841s] INFO:colcon.colcon_core.shell:Creating package script '/home/kenneth/PycharmProjects/ros2_ws_fix/install/sensor_fusion_msg_types/share/sensor_fusion_msg_types/package.zsh'
[12.842s] Level 1:colcon.colcon_core.environment:create_file_with_runtime_dependencies(/home/kenneth/PycharmProjects/ros2_ws_fix/install/sensor_fusion_msg_types/share/colcon-core/packages/sensor_fusion_msg_types)
[12.843s] DEBUG:colcon.colcon_parallel_executor.executor.parallel:closing loop
[12.843s] DEBUG:colcon.colcon_parallel_executor.executor.parallel:loop closed
[12.843s] DEBUG:colcon.colcon_parallel_executor.executor.parallel:run_until_complete finished with '0'
[12.843s] DEBUG:colcon.colcon_core.event_reactor:joining thread
[12.855s] INFO:colcon.colcon_core.plugin_system:Skipping extension 'colcon_notification.desktop_notification.terminal_notifier': Not used on non-Darwin systems
[12.856s] INFO:colcon.colcon_core.plugin_system:Skipping extension 'colcon_notification.desktop_notification.win32': Not used on non-Windows systems
[12.856s] INFO:colcon.colcon_notification.desktop_notification:Sending desktop notification using 'notify2'
[12.864s] DEBUG:colcon.colcon_core.event_reactor:joined thread
[12.876s] INFO:colcon.colcon_core.shell:Creating prefix script '/home/kenneth/PycharmProjects/ros2_ws_fix/install/local_setup.ps1'
[12.881s] INFO:colcon.colcon_core.shell:Creating prefix util module '/home/kenneth/PycharmProjects/ros2_ws_fix/install/_local_setup_util_ps1.py'
[12.883s] INFO:colcon.colcon_core.shell:Creating prefix chain script '/home/kenneth/PycharmProjects/ros2_ws_fix/install/setup.ps1'
[12.899s] INFO:colcon.colcon_core.shell:Creating prefix script '/home/kenneth/PycharmProjects/ros2_ws_fix/install/local_setup.sh'
[12.899s] INFO:colcon.colcon_core.shell:Creating prefix util module '/home/kenneth/PycharmProjects/ros2_ws_fix/install/_local_setup_util_sh.py'
[12.904s] INFO:colcon.colcon_core.shell:Creating prefix chain script '/home/kenneth/PycharmProjects/ros2_ws_fix/install/setup.sh'
[12.920s] INFO:colcon.colcon_core.shell:Creating prefix script '/home/kenneth/PycharmProjects/ros2_ws_fix/install/local_setup.bash'
[12.921s] INFO:colcon.colcon_core.shell:Creating prefix chain script '/home/kenneth/PycharmProjects/ros2_ws_fix/install/setup.bash'
[12.936s] INFO:colcon.colcon_core.shell:Creating prefix script '/home/kenneth/PycharmProjects/ros2_ws_fix/install/local_setup.zsh'
[12.937s] INFO:colcon.colcon_core.shell:Creating prefix chain script '/home/kenneth/PycharmProjects/ros2_ws_fix/install/setup.zsh'
