[0.042s] Invoking command in '/home/kenneth/PycharmProjects/ros2_ws_fix/build/sensor_fusion_msgs': CMAKE_PREFIX_PATH=/opt/ros/eloquent /usr/bin/cmake --build /home/kenneth/PycharmProjects/ros2_ws_fix/build/sensor_fusion_msgs -- -j1 -l1
[0.104s] [  3%] Built target sensor_fusion_msgs__cpp
[0.148s] [ 13%] Built target sensor_fusion_msgs__rosidl_typesupport_fastrtps_cpp
[0.180s] [ 24%] Built target sensor_fusion_msgs__rosidl_typesupport_cpp
[0.220s] [ 34%] Built target sensor_fusion_msgs__rosidl_generator_c
[0.254s] [ 44%] Built target sensor_fusion_msgs__rosidl_typesupport_fastrtps_c
[0.285s] [ 55%] Built target sensor_fusion_msgs__rosidl_typesupport_c
[0.324s] [ 65%] Built target sensor_fusion_msgs__rosidl_typesupport_introspection_c
[0.353s] [ 75%] Built target sensor_fusion_msgs__rosidl_typesupport_introspection_cpp
[0.377s] [ 75%] Built target sensor_fusion_msgs
[0.401s] [ 79%] Built target sensor_fusion_msgs__py
[0.443s] [ 86%] Built target sensor_fusion_msgs__python
[0.474s] [ 93%] Built target sensor_fusion_msgs__rosidl_typesupport_c__pyext
[0.506s] [100%] Built target sensor_fusion_msgs__rosidl_typesupport_fastrtps_c__pyext
[0.531s] Invoked command in '/home/kenneth/PycharmProjects/ros2_ws_fix/build/sensor_fusion_msgs' returned '0': CMAKE_PREFIX_PATH=/opt/ros/eloquent /usr/bin/cmake --build /home/kenneth/PycharmProjects/ros2_ws_fix/build/sensor_fusion_msgs -- -j1 -l1
[0.605s] Invoking command in '/home/kenneth/PycharmProjects/ros2_ws_fix/build/sensor_fusion_msgs': CMAKE_PREFIX_PATH=/opt/ros/eloquent /usr/bin/cmake --build /home/kenneth/PycharmProjects/ros2_ws_fix/build/sensor_fusion_msgs --target install -- -j1 -l1
[0.678s] [  3%] Built target sensor_fusion_msgs__cpp
[0.723s] [ 13%] Built target sensor_fusion_msgs__rosidl_typesupport_fastrtps_cpp
[0.754s] [ 24%] Built target sensor_fusion_msgs__rosidl_typesupport_cpp
[0.784s] [ 34%] Built target sensor_fusion_msgs__rosidl_generator_c
[0.830s] [ 44%] Built target sensor_fusion_msgs__rosidl_typesupport_fastrtps_c
[0.862s] [ 55%] Built target sensor_fusion_msgs__rosidl_typesupport_c
[0.900s] [ 65%] Built target sensor_fusion_msgs__rosidl_typesupport_introspection_c
[0.930s] [ 75%] Built target sensor_fusion_msgs__rosidl_typesupport_introspection_cpp
[0.952s] [ 75%] Built target sensor_fusion_msgs
[0.976s] [ 79%] Built target sensor_fusion_msgs__py
[1.017s] [ 86%] Built target sensor_fusion_msgs__python
[1.050s] [ 93%] Built target sensor_fusion_msgs__rosidl_typesupport_c__pyext
[1.082s] [100%] Built target sensor_fusion_msgs__rosidl_typesupport_fastrtps_c__pyext
[1.109s] [36mInstall the project...[0m
[1.129s] -- Install configuration: ""
[1.130s] -- Execute custom install script
[1.131s] -- Up-to-date symlink: /home/kenneth/PycharmProjects/ros2_ws_fix/install/sensor_fusion_msgs/share/ament_index/resource_index/rosidl_interfaces/sensor_fusion_msgs
[1.132s] -- Up-to-date symlink: /home/kenneth/PycharmProjects/ros2_ws_fix/install/sensor_fusion_msgs/lib/libsensor_fusion_msgs__rosidl_typesupport_c.so
[1.133s] -- Up-to-date symlink: /home/kenneth/PycharmProjects/ros2_ws_fix/install/sensor_fusion_msgs/share/sensor_fusion_msgs/environment/library_path.sh
[1.133s] -- Up-to-date symlink: /home/kenneth/PycharmProjects/ros2_ws_fix/install/sensor_fusion_msgs/share/sensor_fusion_msgs/environment/library_path.dsv
[1.134s] -- Up-to-date symlink: /home/kenneth/PycharmProjects/ros2_ws_fix/install/sensor_fusion_msgs/lib/libsensor_fusion_msgs__rosidl_typesupport_cpp.so
[1.135s] -- Up-to-date symlink: /home/kenneth/PycharmProjects/ros2_ws_fix/install/sensor_fusion_msgs/include/sensor_fusion_msgs/msg/rosidl_typesupport_fastrtps_c__visibility_control.h
[1.136s] -- Up-to-date symlink: /home/kenneth/PycharmProjects/ros2_ws_fix/install/sensor_fusion_msgs/include/sensor_fusion_msgs/msg/vinerows__rosidl_typesupport_fastrtps_c.h
[1.137s] -- Up-to-date symlink: /home/kenneth/PycharmProjects/ros2_ws_fix/install/sensor_fusion_msgs/lib/libsensor_fusion_msgs__rosidl_typesupport_fastrtps_c.so
[1.137s] -- Up-to-date symlink: /home/kenneth/PycharmProjects/ros2_ws_fix/install/sensor_fusion_msgs/include/sensor_fusion_msgs/msg/rosidl_generator_c__visibility_control.h
[1.138s] -- Up-to-date symlink: /home/kenneth/PycharmProjects/ros2_ws_fix/install/sensor_fusion_msgs/include/sensor_fusion_msgs/msg/vinerows.h
[1.138s] -- Up-to-date symlink: /home/kenneth/PycharmProjects/ros2_ws_fix/install/sensor_fusion_msgs/include/sensor_fusion_msgs/msg/vinerows__functions.h
[1.139s] -- Up-to-date symlink: /home/kenneth/PycharmProjects/ros2_ws_fix/install/sensor_fusion_msgs/include/sensor_fusion_msgs/msg/vinerows__struct.h
[1.139s] -- Up-to-date symlink: /home/kenneth/PycharmProjects/ros2_ws_fix/install/sensor_fusion_msgs/include/sensor_fusion_msgs/msg/vinerows__type_support.h
[1.140s] -- Up-to-date symlink: /home/kenneth/PycharmProjects/ros2_ws_fix/install/sensor_fusion_msgs/lib/libsensor_fusion_msgs__rosidl_generator_c.so
[1.141s] -- Up-to-date symlink: /home/kenneth/PycharmProjects/ros2_ws_fix/install/sensor_fusion_msgs/include/sensor_fusion_msgs/msg/rosidl_typesupport_fastrtps_cpp__visibility_control.h
[1.141s] -- Up-to-date symlink: /home/kenneth/PycharmProjects/ros2_ws_fix/install/sensor_fusion_msgs/include/sensor_fusion_msgs/msg/vinerows__rosidl_typesupport_fastrtps_cpp.hpp
[1.142s] -- Up-to-date symlink: /home/kenneth/PycharmProjects/ros2_ws_fix/install/sensor_fusion_msgs/lib/libsensor_fusion_msgs__rosidl_typesupport_fastrtps_cpp.so
[1.143s] -- Up-to-date symlink: /home/kenneth/PycharmProjects/ros2_ws_fix/install/sensor_fusion_msgs/include/sensor_fusion_msgs/msg/vinerows.hpp
[1.143s] -- Up-to-date symlink: /home/kenneth/PycharmProjects/ros2_ws_fix/install/sensor_fusion_msgs/include/sensor_fusion_msgs/msg/vinerows__struct.hpp
[1.144s] -- Up-to-date symlink: /home/kenneth/PycharmProjects/ros2_ws_fix/install/sensor_fusion_msgs/include/sensor_fusion_msgs/msg/vinerows__traits.hpp
[1.145s] -- Up-to-date symlink: /home/kenneth/PycharmProjects/ros2_ws_fix/install/sensor_fusion_msgs/include/sensor_fusion_msgs/msg/rosidl_typesupport_introspection_c__visibility_control.h
[1.145s] -- Up-to-date symlink: /home/kenneth/PycharmProjects/ros2_ws_fix/install/sensor_fusion_msgs/include/sensor_fusion_msgs/msg/vinerows__rosidl_typesupport_introspection_c.h
[1.146s] -- Up-to-date symlink: /home/kenneth/PycharmProjects/ros2_ws_fix/install/sensor_fusion_msgs/lib/libsensor_fusion_msgs__rosidl_typesupport_introspection_c.so
[1.146s] -- Up-to-date symlink: /home/kenneth/PycharmProjects/ros2_ws_fix/install/sensor_fusion_msgs/include/sensor_fusion_msgs/msg/vinerows__rosidl_typesupport_introspection_cpp.hpp
[1.147s] -- Up-to-date symlink: /home/kenneth/PycharmProjects/ros2_ws_fix/install/sensor_fusion_msgs/lib/libsensor_fusion_msgs__rosidl_typesupport_introspection_cpp.so
[1.148s] -- Up-to-date symlink: /home/kenneth/PycharmProjects/ros2_ws_fix/install/sensor_fusion_msgs/share/sensor_fusion_msgs/environment/pythonpath.sh
[1.148s] -- Up-to-date symlink: /home/kenneth/PycharmProjects/ros2_ws_fix/install/sensor_fusion_msgs/share/sensor_fusion_msgs/environment/pythonpath.dsv
[1.149s] -- Up-to-date symlink: /home/kenneth/PycharmProjects/ros2_ws_fix/install/sensor_fusion_msgs/lib/python3.6/site-packages/sensor_fusion_msgs/__init__.py
[1.149s] -- Up-to-date symlink: /home/kenneth/PycharmProjects/ros2_ws_fix/install/sensor_fusion_msgs/lib/python3.6/site-packages/sensor_fusion_msgs/msg/__init__.py
[1.150s] -- Up-to-date symlink: /home/kenneth/PycharmProjects/ros2_ws_fix/install/sensor_fusion_msgs/lib/python3.6/site-packages/sensor_fusion_msgs/msg/_vinerows.py
[1.151s] -- Up-to-date symlink: /home/kenneth/PycharmProjects/ros2_ws_fix/install/sensor_fusion_msgs/lib/python3.6/site-packages/sensor_fusion_msgs/sensor_fusion_msgs_s__rosidl_typesupport_c.cpython-36m-x86_64-linux-gnu.so
[1.151s] -- Up-to-date symlink: /home/kenneth/PycharmProjects/ros2_ws_fix/install/sensor_fusion_msgs/lib/python3.6/site-packages/sensor_fusion_msgs/sensor_fusion_msgs_s__rosidl_typesupport_fastrtps_c.cpython-36m-x86_64-linux-gnu.so
[1.152s] -- Up-to-date symlink: /home/kenneth/PycharmProjects/ros2_ws_fix/install/sensor_fusion_msgs/lib/libsensor_fusion_msgs__python.so
[1.153s] -- Up-to-date symlink: /home/kenneth/PycharmProjects/ros2_ws_fix/install/sensor_fusion_msgs/share/sensor_fusion_msgs/msg/Vinerows.idl
[1.154s] -- Up-to-date symlink: /home/kenneth/PycharmProjects/ros2_ws_fix/install/sensor_fusion_msgs/share/sensor_fusion_msgs/msg/Vinerows.msg
[1.154s] -- Up-to-date symlink: /home/kenneth/PycharmProjects/ros2_ws_fix/install/sensor_fusion_msgs/share/ament_index/resource_index/package_run_dependencies/sensor_fusion_msgs
[1.155s] -- Up-to-date symlink: /home/kenneth/PycharmProjects/ros2_ws_fix/install/sensor_fusion_msgs/share/ament_index/resource_index/parent_prefix_path/sensor_fusion_msgs
[1.155s] -- Up-to-date symlink: /home/kenneth/PycharmProjects/ros2_ws_fix/install/sensor_fusion_msgs/share/sensor_fusion_msgs/environment/ament_prefix_path.sh
[1.156s] -- Up-to-date symlink: /home/kenneth/PycharmProjects/ros2_ws_fix/install/sensor_fusion_msgs/share/sensor_fusion_msgs/environment/ament_prefix_path.dsv
[1.157s] -- Up-to-date symlink: /home/kenneth/PycharmProjects/ros2_ws_fix/install/sensor_fusion_msgs/share/sensor_fusion_msgs/environment/path.sh
[1.158s] -- Up-to-date symlink: /home/kenneth/PycharmProjects/ros2_ws_fix/install/sensor_fusion_msgs/share/sensor_fusion_msgs/environment/path.dsv
[1.158s] -- Up-to-date symlink: /home/kenneth/PycharmProjects/ros2_ws_fix/install/sensor_fusion_msgs/share/sensor_fusion_msgs/local_setup.bash
[1.159s] -- Up-to-date symlink: /home/kenneth/PycharmProjects/ros2_ws_fix/install/sensor_fusion_msgs/share/sensor_fusion_msgs/local_setup.sh
[1.160s] -- Up-to-date symlink: /home/kenneth/PycharmProjects/ros2_ws_fix/install/sensor_fusion_msgs/share/sensor_fusion_msgs/local_setup.zsh
[1.160s] -- Up-to-date symlink: /home/kenneth/PycharmProjects/ros2_ws_fix/install/sensor_fusion_msgs/share/sensor_fusion_msgs/local_setup.dsv
[1.161s] -- Symlinking: /home/kenneth/PycharmProjects/ros2_ws_fix/install/sensor_fusion_msgs/share/sensor_fusion_msgs/package.dsv
[1.171s] -- Up-to-date symlink: /home/kenneth/PycharmProjects/ros2_ws_fix/install/sensor_fusion_msgs/share/ament_index/resource_index/packages/sensor_fusion_msgs
[1.172s] -- Up-to-date symlink: /home/kenneth/PycharmProjects/ros2_ws_fix/install/sensor_fusion_msgs/share/sensor_fusion_msgs/cmake/rosidl_cmake-extras.cmake
[1.173s] -- Up-to-date symlink: /home/kenneth/PycharmProjects/ros2_ws_fix/install/sensor_fusion_msgs/share/sensor_fusion_msgs/cmake/ament_cmake_export_dependencies-extras.cmake
[1.173s] -- Up-to-date symlink: /home/kenneth/PycharmProjects/ros2_ws_fix/install/sensor_fusion_msgs/share/sensor_fusion_msgs/cmake/ament_cmake_export_libraries-extras.cmake
[1.174s] -- Up-to-date symlink: /home/kenneth/PycharmProjects/ros2_ws_fix/install/sensor_fusion_msgs/share/sensor_fusion_msgs/cmake/ament_cmake_export_include_directories-extras.cmake
[1.174s] -- Up-to-date symlink: /home/kenneth/PycharmProjects/ros2_ws_fix/install/sensor_fusion_msgs/share/sensor_fusion_msgs/cmake/sensor_fusion_msgsConfig.cmake
[1.175s] -- Up-to-date symlink: /home/kenneth/PycharmProjects/ros2_ws_fix/install/sensor_fusion_msgs/share/sensor_fusion_msgs/cmake/sensor_fusion_msgsConfig-version.cmake
[1.175s] -- Up-to-date symlink: /home/kenneth/PycharmProjects/ros2_ws_fix/install/sensor_fusion_msgs/share/sensor_fusion_msgs/package.xml
[1.234s] Invoked command in '/home/kenneth/PycharmProjects/ros2_ws_fix/build/sensor_fusion_msgs' returned '0': CMAKE_PREFIX_PATH=/opt/ros/eloquent /usr/bin/cmake --build /home/kenneth/PycharmProjects/ros2_ws_fix/build/sensor_fusion_msgs --target install -- -j1 -l1
