[0.386s] Invoking command in '/home/kenneth/PycharmProjects/ros2_ws_fix/build/ros2_demo_custommsg_pub': AMENT_PREFIX_PATH=/home/kenneth/PycharmProjects/ros2_ws_fix/install/sensor_fusion_msgs:${AMENT_PREFIX_PATH} CMAKE_PREFIX_PATH=/home/kenneth/PycharmProjects/ros2_ws_fix/install/sensor_fusion_msgs:${CMAKE_PREFIX_PATH} LD_LIBRARY_PATH=/home/kenneth/PycharmProjects/ros2_ws_fix/install/sensor_fusion_msgs/lib:${LD_LIBRARY_PATH} PYTHONPATH=/home/kenneth/PycharmProjects/ros2_ws_fix/install/ros2_demo_custommsg_pub/lib/python3.6/site-packages:/home/kenneth/PycharmProjects/ros2_ws_fix/install/sensor_fusion_msgs/lib/python3.6/site-packages:${PYTHONPATH} /usr/bin/python3 setup.py develop --prefix /home/kenneth/PycharmProjects/ros2_ws_fix/install/ros2_demo_custommsg_pub --editable --build-directory /home/kenneth/PycharmProjects/ros2_ws_fix/build/ros2_demo_custommsg_pub/build --no-deps install_data --install-dir /home/kenneth/PycharmProjects/ros2_ws_fix/install/ros2_demo_custommsg_pub
[0.708s] running develop
[0.868s] running egg_info
[0.868s] creating ros2_demo_custommsg_pub.egg-info
[0.868s] writing ros2_demo_custommsg_pub.egg-info/PKG-INFO
[0.869s] writing dependency_links to ros2_demo_custommsg_pub.egg-info/dependency_links.txt
[0.869s] writing entry points to ros2_demo_custommsg_pub.egg-info/entry_points.txt
[0.869s] writing requirements to ros2_demo_custommsg_pub.egg-info/requires.txt
[0.870s] writing top-level names to ros2_demo_custommsg_pub.egg-info/top_level.txt
[0.870s] writing manifest file 'ros2_demo_custommsg_pub.egg-info/SOURCES.txt'
[0.905s] reading manifest file 'ros2_demo_custommsg_pub.egg-info/SOURCES.txt'
[0.906s] writing manifest file 'ros2_demo_custommsg_pub.egg-info/SOURCES.txt'
[0.908s] running build_ext
[0.908s] Creating /home/kenneth/PycharmProjects/ros2_ws_fix/install/ros2_demo_custommsg_pub/lib/python3.6/site-packages/ros2-demo-custommsg-pub.egg-link (link to .)
[0.910s] Installing demo_custommsg_pub script to /home/kenneth/PycharmProjects/ros2_ws_fix/install/ros2_demo_custommsg_pub/lib/ros2_demo_custommsg_pub
[0.910s] 
[0.910s] Installed /home/kenneth/PycharmProjects/ros2_ws_fix/build/ros2_demo_custommsg_pub
[0.910s] running install_data
[0.911s] creating /home/kenneth/PycharmProjects/ros2_ws_fix/install/ros2_demo_custommsg_pub/share/ament_index
[0.911s] creating /home/kenneth/PycharmProjects/ros2_ws_fix/install/ros2_demo_custommsg_pub/share/ament_index/resource_index
[0.911s] creating /home/kenneth/PycharmProjects/ros2_ws_fix/install/ros2_demo_custommsg_pub/share/ament_index/resource_index/packages
[0.911s] copying resource/ros2_demo_custommsg_pub -> /home/kenneth/PycharmProjects/ros2_ws_fix/install/ros2_demo_custommsg_pub/share/ament_index/resource_index/packages
[0.912s] copying package.xml -> /home/kenneth/PycharmProjects/ros2_ws_fix/install/ros2_demo_custommsg_pub/share/ros2_demo_custommsg_pub
[0.940s] Invoked command in '/home/kenneth/PycharmProjects/ros2_ws_fix/build/ros2_demo_custommsg_pub' returned '0': AMENT_PREFIX_PATH=/home/kenneth/PycharmProjects/ros2_ws_fix/install/sensor_fusion_msgs:${AMENT_PREFIX_PATH} CMAKE_PREFIX_PATH=/home/kenneth/PycharmProjects/ros2_ws_fix/install/sensor_fusion_msgs:${CMAKE_PREFIX_PATH} LD_LIBRARY_PATH=/home/kenneth/PycharmProjects/ros2_ws_fix/install/sensor_fusion_msgs/lib:${LD_LIBRARY_PATH} PYTHONPATH=/home/kenneth/PycharmProjects/ros2_ws_fix/install/ros2_demo_custommsg_pub/lib/python3.6/site-packages:/home/kenneth/PycharmProjects/ros2_ws_fix/install/sensor_fusion_msgs/lib/python3.6/site-packages:${PYTHONPATH} /usr/bin/python3 setup.py develop --prefix /home/kenneth/PycharmProjects/ros2_ws_fix/install/ros2_demo_custommsg_pub --editable --build-directory /home/kenneth/PycharmProjects/ros2_ws_fix/build/ros2_demo_custommsg_pub/build --no-deps install_data --install-dir /home/kenneth/PycharmProjects/ros2_ws_fix/install/ros2_demo_custommsg_pub
