[0.718s] DEBUG:colcon:Command line arguments: ['/home/kenneth/.local/bin/colcon', 'build', '--symlink-install']
[0.718s] DEBUG:colcon:Parsed command line arguments: Namespace(ament_cmake_args=None, base_paths=['.'], build_base='build', catkin_cmake_args=None, catkin_skip_building_tests=False, cmake_args=None, cmake_clean_cache=False, cmake_clean_first=False, cmake_force_configure=False, cmake_target=None, cmake_target_skip_unavailable=False, continue_on_error=False, event_handlers=None, executor='parallel', ignore_user_meta=False, install_base='install', log_base=None, log_level=None, main=<bound method BuildVerb.main of <colcon_core.verb.build.BuildVerb object at 0x7ff3720388d0>>, merge_install=False, metas=['./colcon.meta'], packages_above=None, packages_above_and_dependencies=None, packages_above_depth=None, packages_end=None, packages_ignore=None, packages_ignore_regex=None, packages_select=None, packages_select_build_failed=False, packages_select_by_dep=None, packages_select_regex=None, packages_select_test_failures=False, packages_skip=None, packages_skip_build_finished=False, packages_skip_by_dep=None, packages_skip_regex=None, packages_skip_test_passed=False, packages_skip_up_to=None, packages_start=None, packages_up_to=None, packages_up_to_regex=None, parallel_workers=1, paths=None, symlink_install=True, test_result_base=None, verb_extension=<colcon_core.verb.build.BuildVerb object at 0x7ff3720388d0>, verb_name='build', verb_parser=<colcon_defaults.argument_parser.defaults.DefaultArgumentsDecorator object at 0x7ff372038be0>)
[0.757s] Level 1:colcon.colcon_core.package_discovery:discover_packages(colcon_meta) check parameters
[0.757s] Level 1:colcon.colcon_core.package_discovery:discover_packages(recursive) check parameters
[0.757s] Level 1:colcon.colcon_core.package_discovery:discover_packages(ignore) check parameters
[0.757s] Level 1:colcon.colcon_core.package_discovery:discover_packages(path) check parameters
[0.757s] Level 1:colcon.colcon_core.package_discovery:discover_packages(colcon_meta) discover
[0.758s] Level 1:colcon.colcon_core.package_discovery:discover_packages(recursive) discover
[0.758s] INFO:colcon.colcon_core.package_discovery:Crawling recursively for packages in '/home/kenneth/PycharmProjects/ros2_ws_fix'
[0.758s] Level 1:colcon.colcon_core.package_identification:_identify(.) by extensions ['ignore', 'ignore_ament_install']
[0.758s] Level 1:colcon.colcon_core.package_identification:_identify(.) by extension 'ignore'
[0.758s] Level 1:colcon.colcon_core.package_identification:_identify(.) by extension 'ignore_ament_install'
[0.758s] Level 1:colcon.colcon_core.package_identification:_identify(.) by extensions ['colcon_pkg']
[0.758s] Level 1:colcon.colcon_core.package_identification:_identify(.) by extension 'colcon_pkg'
[0.758s] Level 1:colcon.colcon_core.package_identification:_identify(.) by extensions ['colcon_meta']
[0.758s] Level 1:colcon.colcon_core.package_identification:_identify(.) by extension 'colcon_meta'
[0.758s] Level 1:colcon.colcon_core.package_identification:_identify(.) by extensions ['ros']
[0.758s] Level 1:colcon.colcon_core.package_identification:_identify(.) by extension 'ros'
[0.773s] Level 1:colcon.colcon_core.package_identification:_identify(.) by extensions ['cmake', 'python']
[0.773s] Level 1:colcon.colcon_core.package_identification:_identify(.) by extension 'cmake'
[0.773s] Level 1:colcon.colcon_core.package_identification:_identify(.) by extension 'python'
[0.773s] Level 1:colcon.colcon_core.package_identification:_identify(.) by extensions ['python_setup_py']
[0.773s] Level 1:colcon.colcon_core.package_identification:_identify(.) by extension 'python_setup_py'
[0.773s] Level 1:colcon.colcon_core.package_identification:_identify(build) by extensions ['ignore', 'ignore_ament_install']
[0.773s] Level 1:colcon.colcon_core.package_identification:_identify(build) by extension 'ignore'
[0.773s] Level 1:colcon.colcon_core.package_identification:_identify(build) ignored
[0.774s] Level 1:colcon.colcon_core.package_identification:_identify(install) by extensions ['ignore', 'ignore_ament_install']
[0.774s] Level 1:colcon.colcon_core.package_identification:_identify(install) by extension 'ignore'
[0.774s] Level 1:colcon.colcon_core.package_identification:_identify(install) ignored
[0.774s] Level 1:colcon.colcon_core.package_identification:_identify(log) by extensions ['ignore', 'ignore_ament_install']
[0.774s] Level 1:colcon.colcon_core.package_identification:_identify(log) by extension 'ignore'
[0.774s] Level 1:colcon.colcon_core.package_identification:_identify(log) ignored
[0.774s] Level 1:colcon.colcon_core.package_identification:_identify(src) by extensions ['ignore', 'ignore_ament_install']
[0.775s] Level 1:colcon.colcon_core.package_identification:_identify(src) by extension 'ignore'
[0.775s] Level 1:colcon.colcon_core.package_identification:_identify(src) by extension 'ignore_ament_install'
[0.775s] Level 1:colcon.colcon_core.package_identification:_identify(src) by extensions ['colcon_pkg']
[0.775s] Level 1:colcon.colcon_core.package_identification:_identify(src) by extension 'colcon_pkg'
[0.775s] Level 1:colcon.colcon_core.package_identification:_identify(src) by extensions ['colcon_meta']
[0.775s] Level 1:colcon.colcon_core.package_identification:_identify(src) by extension 'colcon_meta'
[0.775s] Level 1:colcon.colcon_core.package_identification:_identify(src) by extensions ['ros']
[0.775s] Level 1:colcon.colcon_core.package_identification:_identify(src) by extension 'ros'
[0.775s] Level 1:colcon.colcon_core.package_identification:_identify(src) by extensions ['cmake', 'python']
[0.775s] Level 1:colcon.colcon_core.package_identification:_identify(src) by extension 'cmake'
[0.775s] Level 1:colcon.colcon_core.package_identification:_identify(src) by extension 'python'
[0.775s] Level 1:colcon.colcon_core.package_identification:_identify(src) by extensions ['python_setup_py']
[0.775s] Level 1:colcon.colcon_core.package_identification:_identify(src) by extension 'python_setup_py'
[0.775s] Level 1:colcon.colcon_core.package_identification:_identify(src/ros2_demo_custommsg_create) by extensions ['ignore', 'ignore_ament_install']
[0.775s] Level 1:colcon.colcon_core.package_identification:_identify(src/ros2_demo_custommsg_create) by extension 'ignore'
[0.775s] Level 1:colcon.colcon_core.package_identification:_identify(src/ros2_demo_custommsg_create) by extension 'ignore_ament_install'
[0.776s] Level 1:colcon.colcon_core.package_identification:_identify(src/ros2_demo_custommsg_create) by extensions ['colcon_pkg']
[0.776s] Level 1:colcon.colcon_core.package_identification:_identify(src/ros2_demo_custommsg_create) by extension 'colcon_pkg'
[0.776s] Level 1:colcon.colcon_core.package_identification:_identify(src/ros2_demo_custommsg_create) by extensions ['colcon_meta']
[0.776s] Level 1:colcon.colcon_core.package_identification:_identify(src/ros2_demo_custommsg_create) by extension 'colcon_meta'
[0.776s] Level 1:colcon.colcon_core.package_identification:_identify(src/ros2_demo_custommsg_create) by extensions ['ros']
[0.776s] Level 1:colcon.colcon_core.package_identification:_identify(src/ros2_demo_custommsg_create) by extension 'ros'
[0.779s] DEBUG:colcon.colcon_core.package_identification:Package 'src/ros2_demo_custommsg_create' with type 'ros.ament_cmake' and name 'ros2_demo_custommsg_create'
[0.779s] Level 1:colcon.colcon_core.package_identification:_identify(src/ros2_demo_custommsg_pub) by extensions ['ignore', 'ignore_ament_install']
[0.779s] Level 1:colcon.colcon_core.package_identification:_identify(src/ros2_demo_custommsg_pub) by extension 'ignore'
[0.779s] Level 1:colcon.colcon_core.package_identification:_identify(src/ros2_demo_custommsg_pub) by extension 'ignore_ament_install'
[0.779s] Level 1:colcon.colcon_core.package_identification:_identify(src/ros2_demo_custommsg_pub) by extensions ['colcon_pkg']
[0.779s] Level 1:colcon.colcon_core.package_identification:_identify(src/ros2_demo_custommsg_pub) by extension 'colcon_pkg'
[0.779s] Level 1:colcon.colcon_core.package_identification:_identify(src/ros2_demo_custommsg_pub) by extensions ['colcon_meta']
[0.779s] Level 1:colcon.colcon_core.package_identification:_identify(src/ros2_demo_custommsg_pub) by extension 'colcon_meta'
[0.779s] Level 1:colcon.colcon_core.package_identification:_identify(src/ros2_demo_custommsg_pub) by extensions ['ros']
[0.779s] Level 1:colcon.colcon_core.package_identification:_identify(src/ros2_demo_custommsg_pub) by extension 'ros'
[0.780s] DEBUG:colcon.colcon_core.package_identification:Package 'src/ros2_demo_custommsg_pub' with type 'ros.ament_python' and name 'ros2_demo_custommsg_pub'
[0.780s] Level 1:colcon.colcon_core.package_identification:_identify(src/ros2_demo_publisher) by extensions ['ignore', 'ignore_ament_install']
[0.780s] Level 1:colcon.colcon_core.package_identification:_identify(src/ros2_demo_publisher) by extension 'ignore'
[0.780s] Level 1:colcon.colcon_core.package_identification:_identify(src/ros2_demo_publisher) by extension 'ignore_ament_install'
[0.781s] Level 1:colcon.colcon_core.package_identification:_identify(src/ros2_demo_publisher) by extensions ['colcon_pkg']
[0.781s] Level 1:colcon.colcon_core.package_identification:_identify(src/ros2_demo_publisher) by extension 'colcon_pkg'
[0.781s] Level 1:colcon.colcon_core.package_identification:_identify(src/ros2_demo_publisher) by extensions ['colcon_meta']
[0.781s] Level 1:colcon.colcon_core.package_identification:_identify(src/ros2_demo_publisher) by extension 'colcon_meta'
[0.781s] Level 1:colcon.colcon_core.package_identification:_identify(src/ros2_demo_publisher) by extensions ['ros']
[0.781s] Level 1:colcon.colcon_core.package_identification:_identify(src/ros2_demo_publisher) by extension 'ros'
[0.781s] DEBUG:colcon.colcon_core.package_identification:Package 'src/ros2_demo_publisher' with type 'ros.ament_python' and name 'ros2_demo_publisher'
[0.782s] Level 1:colcon.colcon_core.package_identification:_identify(src/ros2_demo_subscriber) by extensions ['ignore', 'ignore_ament_install']
[0.782s] Level 1:colcon.colcon_core.package_identification:_identify(src/ros2_demo_subscriber) by extension 'ignore'
[0.782s] Level 1:colcon.colcon_core.package_identification:_identify(src/ros2_demo_subscriber) by extension 'ignore_ament_install'
[0.782s] Level 1:colcon.colcon_core.package_identification:_identify(src/ros2_demo_subscriber) by extensions ['colcon_pkg']
[0.782s] Level 1:colcon.colcon_core.package_identification:_identify(src/ros2_demo_subscriber) by extension 'colcon_pkg'
[0.782s] Level 1:colcon.colcon_core.package_identification:_identify(src/ros2_demo_subscriber) by extensions ['colcon_meta']
[0.782s] Level 1:colcon.colcon_core.package_identification:_identify(src/ros2_demo_subscriber) by extension 'colcon_meta'
[0.782s] Level 1:colcon.colcon_core.package_identification:_identify(src/ros2_demo_subscriber) by extensions ['ros']
[0.782s] Level 1:colcon.colcon_core.package_identification:_identify(src/ros2_demo_subscriber) by extension 'ros'
[0.783s] DEBUG:colcon.colcon_core.package_identification:Package 'src/ros2_demo_subscriber' with type 'ros.ament_python' and name 'ros2_demo_subscriber'
[0.783s] Level 1:colcon.colcon_core.package_identification:_identify(src/sensor_fusion_msg_types) by extensions ['ignore', 'ignore_ament_install']
[0.783s] Level 1:colcon.colcon_core.package_identification:_identify(src/sensor_fusion_msg_types) by extension 'ignore'
[0.783s] Level 1:colcon.colcon_core.package_identification:_identify(src/sensor_fusion_msg_types) by extension 'ignore_ament_install'
[0.783s] Level 1:colcon.colcon_core.package_identification:_identify(src/sensor_fusion_msg_types) by extensions ['colcon_pkg']
[0.783s] Level 1:colcon.colcon_core.package_identification:_identify(src/sensor_fusion_msg_types) by extension 'colcon_pkg'
[0.783s] Level 1:colcon.colcon_core.package_identification:_identify(src/sensor_fusion_msg_types) by extensions ['colcon_meta']
[0.783s] Level 1:colcon.colcon_core.package_identification:_identify(src/sensor_fusion_msg_types) by extension 'colcon_meta'
[0.783s] Level 1:colcon.colcon_core.package_identification:_identify(src/sensor_fusion_msg_types) by extensions ['ros']
[0.783s] Level 1:colcon.colcon_core.package_identification:_identify(src/sensor_fusion_msg_types) by extension 'ros'
[0.784s] DEBUG:colcon.colcon_core.package_identification:Package 'src/sensor_fusion_msg_types' with type 'ros.ament_cmake' and name 'sensor_fusion_msg_types'
[0.784s] Level 1:colcon.colcon_core.package_identification:_identify(src/sensor_fusion_msgs) by extensions ['ignore', 'ignore_ament_install']
[0.784s] Level 1:colcon.colcon_core.package_identification:_identify(src/sensor_fusion_msgs) by extension 'ignore'
[0.784s] Level 1:colcon.colcon_core.package_identification:_identify(src/sensor_fusion_msgs) by extension 'ignore_ament_install'
[0.784s] Level 1:colcon.colcon_core.package_identification:_identify(src/sensor_fusion_msgs) by extensions ['colcon_pkg']
[0.784s] Level 1:colcon.colcon_core.package_identification:_identify(src/sensor_fusion_msgs) by extension 'colcon_pkg'
[0.785s] Level 1:colcon.colcon_core.package_identification:_identify(src/sensor_fusion_msgs) by extensions ['colcon_meta']
[0.785s] Level 1:colcon.colcon_core.package_identification:_identify(src/sensor_fusion_msgs) by extension 'colcon_meta'
[0.785s] Level 1:colcon.colcon_core.package_identification:_identify(src/sensor_fusion_msgs) by extensions ['ros']
[0.785s] Level 1:colcon.colcon_core.package_identification:_identify(src/sensor_fusion_msgs) by extension 'ros'
[0.785s] DEBUG:colcon.colcon_core.package_identification:Package 'src/sensor_fusion_msgs' with type 'ros.ament_cmake' and name 'sensor_fusion_msgs'
[0.785s] Level 1:colcon.colcon_core.package_identification:_identify(src/sensor_fusion_subscriber) by extensions ['ignore', 'ignore_ament_install']
[0.785s] Level 1:colcon.colcon_core.package_identification:_identify(src/sensor_fusion_subscriber) by extension 'ignore'
[0.785s] Level 1:colcon.colcon_core.package_identification:_identify(src/sensor_fusion_subscriber) by extension 'ignore_ament_install'
[0.786s] Level 1:colcon.colcon_core.package_identification:_identify(src/sensor_fusion_subscriber) by extensions ['colcon_pkg']
[0.786s] Level 1:colcon.colcon_core.package_identification:_identify(src/sensor_fusion_subscriber) by extension 'colcon_pkg'
[0.786s] Level 1:colcon.colcon_core.package_identification:_identify(src/sensor_fusion_subscriber) by extensions ['colcon_meta']
[0.786s] Level 1:colcon.colcon_core.package_identification:_identify(src/sensor_fusion_subscriber) by extension 'colcon_meta'
[0.786s] Level 1:colcon.colcon_core.package_identification:_identify(src/sensor_fusion_subscriber) by extensions ['ros']
[0.786s] Level 1:colcon.colcon_core.package_identification:_identify(src/sensor_fusion_subscriber) by extension 'ros'
[0.786s] DEBUG:colcon.colcon_core.package_identification:Package 'src/sensor_fusion_subscriber' with type 'ros.ament_python' and name 'sensor_fusion_subscriber'
[0.787s] Level 1:colcon.colcon_core.package_identification:_identify(src/sf_ros2_vinerow_sub) by extensions ['ignore', 'ignore_ament_install']
[0.787s] Level 1:colcon.colcon_core.package_identification:_identify(src/sf_ros2_vinerow_sub) by extension 'ignore'
[0.787s] Level 1:colcon.colcon_core.package_identification:_identify(src/sf_ros2_vinerow_sub) by extension 'ignore_ament_install'
[0.787s] Level 1:colcon.colcon_core.package_identification:_identify(src/sf_ros2_vinerow_sub) by extensions ['colcon_pkg']
[0.787s] Level 1:colcon.colcon_core.package_identification:_identify(src/sf_ros2_vinerow_sub) by extension 'colcon_pkg'
[0.787s] Level 1:colcon.colcon_core.package_identification:_identify(src/sf_ros2_vinerow_sub) by extensions ['colcon_meta']
[0.787s] Level 1:colcon.colcon_core.package_identification:_identify(src/sf_ros2_vinerow_sub) by extension 'colcon_meta'
[0.787s] Level 1:colcon.colcon_core.package_identification:_identify(src/sf_ros2_vinerow_sub) by extensions ['ros']
[0.787s] Level 1:colcon.colcon_core.package_identification:_identify(src/sf_ros2_vinerow_sub) by extension 'ros'
[0.788s] DEBUG:colcon.colcon_core.package_identification:Package 'src/sf_ros2_vinerow_sub' with type 'ros.ament_python' and name 'sf_ros2_vinerow_sub'
[0.788s] Level 1:colcon.colcon_core.package_discovery:discover_packages(recursive) using defaults
[0.788s] Level 1:colcon.colcon_core.package_discovery:discover_packages(ignore) discover
[0.788s] Level 1:colcon.colcon_core.package_discovery:discover_packages(ignore) using defaults
[0.788s] Level 1:colcon.colcon_core.package_discovery:discover_packages(path) discover
[0.788s] Level 1:colcon.colcon_core.package_discovery:discover_packages(path) using defaults
[0.821s] Level 5:colcon.colcon_core.verb:set package 'ros2_demo_custommsg_create' build argument 'cmake_args' from command line to 'None'
[0.821s] Level 5:colcon.colcon_core.verb:set package 'ros2_demo_custommsg_create' build argument 'cmake_target' from command line to 'None'
[0.821s] Level 5:colcon.colcon_core.verb:set package 'ros2_demo_custommsg_create' build argument 'cmake_target_skip_unavailable' from command line to 'False'
[0.821s] Level 5:colcon.colcon_core.verb:set package 'ros2_demo_custommsg_create' build argument 'cmake_clean_cache' from command line to 'False'
[0.821s] Level 5:colcon.colcon_core.verb:set package 'ros2_demo_custommsg_create' build argument 'cmake_clean_first' from command line to 'False'
[0.821s] Level 5:colcon.colcon_core.verb:set package 'ros2_demo_custommsg_create' build argument 'cmake_force_configure' from command line to 'False'
[0.821s] Level 5:colcon.colcon_core.verb:set package 'ros2_demo_custommsg_create' build argument 'ament_cmake_args' from command line to 'None'
[0.821s] Level 5:colcon.colcon_core.verb:set package 'ros2_demo_custommsg_create' build argument 'catkin_cmake_args' from command line to 'None'
[0.822s] Level 5:colcon.colcon_core.verb:set package 'ros2_demo_custommsg_create' build argument 'catkin_skip_building_tests' from command line to 'False'
[0.822s] DEBUG:colcon.colcon_core.verb:Building package 'ros2_demo_custommsg_create' with the following arguments: {'ament_cmake_args': None, 'build_base': '/home/kenneth/PycharmProjects/ros2_ws_fix/build/ros2_demo_custommsg_create', 'catkin_cmake_args': None, 'catkin_skip_building_tests': False, 'cmake_args': None, 'cmake_clean_cache': False, 'cmake_clean_first': False, 'cmake_force_configure': False, 'cmake_target': None, 'cmake_target_skip_unavailable': False, 'install_base': '/home/kenneth/PycharmProjects/ros2_ws_fix/install/ros2_demo_custommsg_create', 'merge_install': False, 'path': '/home/kenneth/PycharmProjects/ros2_ws_fix/src/ros2_demo_custommsg_create', 'symlink_install': True, 'test_result_base': None}
[0.833s] Level 5:colcon.colcon_core.verb:set package 'ros2_demo_publisher' build argument 'cmake_args' from command line to 'None'
[0.833s] Level 5:colcon.colcon_core.verb:set package 'ros2_demo_publisher' build argument 'cmake_target' from command line to 'None'
[0.833s] Level 5:colcon.colcon_core.verb:set package 'ros2_demo_publisher' build argument 'cmake_target_skip_unavailable' from command line to 'False'
[0.833s] Level 5:colcon.colcon_core.verb:set package 'ros2_demo_publisher' build argument 'cmake_clean_cache' from command line to 'False'
[0.833s] Level 5:colcon.colcon_core.verb:set package 'ros2_demo_publisher' build argument 'cmake_clean_first' from command line to 'False'
[0.833s] Level 5:colcon.colcon_core.verb:set package 'ros2_demo_publisher' build argument 'cmake_force_configure' from command line to 'False'
[0.833s] Level 5:colcon.colcon_core.verb:set package 'ros2_demo_publisher' build argument 'ament_cmake_args' from command line to 'None'
[0.833s] Level 5:colcon.colcon_core.verb:set package 'ros2_demo_publisher' build argument 'catkin_cmake_args' from command line to 'None'
[0.834s] Level 5:colcon.colcon_core.verb:set package 'ros2_demo_publisher' build argument 'catkin_skip_building_tests' from command line to 'False'
[0.834s] DEBUG:colcon.colcon_core.verb:Building package 'ros2_demo_publisher' with the following arguments: {'ament_cmake_args': None, 'build_base': '/home/kenneth/PycharmProjects/ros2_ws_fix/build/ros2_demo_publisher', 'catkin_cmake_args': None, 'catkin_skip_building_tests': False, 'cmake_args': None, 'cmake_clean_cache': False, 'cmake_clean_first': False, 'cmake_force_configure': False, 'cmake_target': None, 'cmake_target_skip_unavailable': False, 'install_base': '/home/kenneth/PycharmProjects/ros2_ws_fix/install/ros2_demo_publisher', 'merge_install': False, 'path': '/home/kenneth/PycharmProjects/ros2_ws_fix/src/ros2_demo_publisher', 'symlink_install': True, 'test_result_base': None}
[0.845s] Level 5:colcon.colcon_core.verb:set package 'ros2_demo_subscriber' build argument 'cmake_args' from command line to 'None'
[0.845s] Level 5:colcon.colcon_core.verb:set package 'ros2_demo_subscriber' build argument 'cmake_target' from command line to 'None'
[0.846s] Level 5:colcon.colcon_core.verb:set package 'ros2_demo_subscriber' build argument 'cmake_target_skip_unavailable' from command line to 'False'
[0.846s] Level 5:colcon.colcon_core.verb:set package 'ros2_demo_subscriber' build argument 'cmake_clean_cache' from command line to 'False'
[0.846s] Level 5:colcon.colcon_core.verb:set package 'ros2_demo_subscriber' build argument 'cmake_clean_first' from command line to 'False'
[0.846s] Level 5:colcon.colcon_core.verb:set package 'ros2_demo_subscriber' build argument 'cmake_force_configure' from command line to 'False'
[0.846s] Level 5:colcon.colcon_core.verb:set package 'ros2_demo_subscriber' build argument 'ament_cmake_args' from command line to 'None'
[0.846s] Level 5:colcon.colcon_core.verb:set package 'ros2_demo_subscriber' build argument 'catkin_cmake_args' from command line to 'None'
[0.846s] Level 5:colcon.colcon_core.verb:set package 'ros2_demo_subscriber' build argument 'catkin_skip_building_tests' from command line to 'False'
[0.846s] DEBUG:colcon.colcon_core.verb:Building package 'ros2_demo_subscriber' with the following arguments: {'ament_cmake_args': None, 'build_base': '/home/kenneth/PycharmProjects/ros2_ws_fix/build/ros2_demo_subscriber', 'catkin_cmake_args': None, 'catkin_skip_building_tests': False, 'cmake_args': None, 'cmake_clean_cache': False, 'cmake_clean_first': False, 'cmake_force_configure': False, 'cmake_target': None, 'cmake_target_skip_unavailable': False, 'install_base': '/home/kenneth/PycharmProjects/ros2_ws_fix/install/ros2_demo_subscriber', 'merge_install': False, 'path': '/home/kenneth/PycharmProjects/ros2_ws_fix/src/ros2_demo_subscriber', 'symlink_install': True, 'test_result_base': None}
[0.857s] Level 5:colcon.colcon_core.verb:set package 'sensor_fusion_msg_types' build argument 'cmake_args' from command line to 'None'
[0.857s] Level 5:colcon.colcon_core.verb:set package 'sensor_fusion_msg_types' build argument 'cmake_target' from command line to 'None'
[0.857s] Level 5:colcon.colcon_core.verb:set package 'sensor_fusion_msg_types' build argument 'cmake_target_skip_unavailable' from command line to 'False'
[0.858s] Level 5:colcon.colcon_core.verb:set package 'sensor_fusion_msg_types' build argument 'cmake_clean_cache' from command line to 'False'
[0.858s] Level 5:colcon.colcon_core.verb:set package 'sensor_fusion_msg_types' build argument 'cmake_clean_first' from command line to 'False'
[0.858s] Level 5:colcon.colcon_core.verb:set package 'sensor_fusion_msg_types' build argument 'cmake_force_configure' from command line to 'False'
[0.858s] Level 5:colcon.colcon_core.verb:set package 'sensor_fusion_msg_types' build argument 'ament_cmake_args' from command line to 'None'
[0.858s] Level 5:colcon.colcon_core.verb:set package 'sensor_fusion_msg_types' build argument 'catkin_cmake_args' from command line to 'None'
[0.858s] Level 5:colcon.colcon_core.verb:set package 'sensor_fusion_msg_types' build argument 'catkin_skip_building_tests' from command line to 'False'
[0.858s] DEBUG:colcon.colcon_core.verb:Building package 'sensor_fusion_msg_types' with the following arguments: {'ament_cmake_args': None, 'build_base': '/home/kenneth/PycharmProjects/ros2_ws_fix/build/sensor_fusion_msg_types', 'catkin_cmake_args': None, 'catkin_skip_building_tests': False, 'cmake_args': None, 'cmake_clean_cache': False, 'cmake_clean_first': False, 'cmake_force_configure': False, 'cmake_target': None, 'cmake_target_skip_unavailable': False, 'install_base': '/home/kenneth/PycharmProjects/ros2_ws_fix/install/sensor_fusion_msg_types', 'merge_install': False, 'path': '/home/kenneth/PycharmProjects/ros2_ws_fix/src/sensor_fusion_msg_types', 'symlink_install': True, 'test_result_base': None}
[0.870s] Level 5:colcon.colcon_core.verb:set package 'sensor_fusion_msgs' build argument 'cmake_args' from command line to 'None'
[0.870s] Level 5:colcon.colcon_core.verb:set package 'sensor_fusion_msgs' build argument 'cmake_target' from command line to 'None'
[0.870s] Level 5:colcon.colcon_core.verb:set package 'sensor_fusion_msgs' build argument 'cmake_target_skip_unavailable' from command line to 'False'
[0.870s] Level 5:colcon.colcon_core.verb:set package 'sensor_fusion_msgs' build argument 'cmake_clean_cache' from command line to 'False'
[0.870s] Level 5:colcon.colcon_core.verb:set package 'sensor_fusion_msgs' build argument 'cmake_clean_first' from command line to 'False'
[0.870s] Level 5:colcon.colcon_core.verb:set package 'sensor_fusion_msgs' build argument 'cmake_force_configure' from command line to 'False'
[0.870s] Level 5:colcon.colcon_core.verb:set package 'sensor_fusion_msgs' build argument 'ament_cmake_args' from command line to 'None'
[0.870s] Level 5:colcon.colcon_core.verb:set package 'sensor_fusion_msgs' build argument 'catkin_cmake_args' from command line to 'None'
[0.871s] Level 5:colcon.colcon_core.verb:set package 'sensor_fusion_msgs' build argument 'catkin_skip_building_tests' from command line to 'False'
[0.871s] DEBUG:colcon.colcon_core.verb:Building package 'sensor_fusion_msgs' with the following arguments: {'ament_cmake_args': None, 'build_base': '/home/kenneth/PycharmProjects/ros2_ws_fix/build/sensor_fusion_msgs', 'catkin_cmake_args': None, 'catkin_skip_building_tests': False, 'cmake_args': None, 'cmake_clean_cache': False, 'cmake_clean_first': False, 'cmake_force_configure': False, 'cmake_target': None, 'cmake_target_skip_unavailable': False, 'install_base': '/home/kenneth/PycharmProjects/ros2_ws_fix/install/sensor_fusion_msgs', 'merge_install': False, 'path': '/home/kenneth/PycharmProjects/ros2_ws_fix/src/sensor_fusion_msgs', 'symlink_install': True, 'test_result_base': None}
[0.882s] Level 5:colcon.colcon_core.verb:set package 'ros2_demo_custommsg_pub' build argument 'cmake_args' from command line to 'None'
[0.882s] Level 5:colcon.colcon_core.verb:set package 'ros2_demo_custommsg_pub' build argument 'cmake_target' from command line to 'None'
[0.882s] Level 5:colcon.colcon_core.verb:set package 'ros2_demo_custommsg_pub' build argument 'cmake_target_skip_unavailable' from command line to 'False'
[0.882s] Level 5:colcon.colcon_core.verb:set package 'ros2_demo_custommsg_pub' build argument 'cmake_clean_cache' from command line to 'False'
[0.882s] Level 5:colcon.colcon_core.verb:set package 'ros2_demo_custommsg_pub' build argument 'cmake_clean_first' from command line to 'False'
[0.882s] Level 5:colcon.colcon_core.verb:set package 'ros2_demo_custommsg_pub' build argument 'cmake_force_configure' from command line to 'False'
[0.882s] Level 5:colcon.colcon_core.verb:set package 'ros2_demo_custommsg_pub' build argument 'ament_cmake_args' from command line to 'None'
[0.882s] Level 5:colcon.colcon_core.verb:set package 'ros2_demo_custommsg_pub' build argument 'catkin_cmake_args' from command line to 'None'
[0.882s] Level 5:colcon.colcon_core.verb:set package 'ros2_demo_custommsg_pub' build argument 'catkin_skip_building_tests' from command line to 'False'
[0.882s] DEBUG:colcon.colcon_core.verb:Building package 'ros2_demo_custommsg_pub' with the following arguments: {'ament_cmake_args': None, 'build_base': '/home/kenneth/PycharmProjects/ros2_ws_fix/build/ros2_demo_custommsg_pub', 'catkin_cmake_args': None, 'catkin_skip_building_tests': False, 'cmake_args': None, 'cmake_clean_cache': False, 'cmake_clean_first': False, 'cmake_force_configure': False, 'cmake_target': None, 'cmake_target_skip_unavailable': False, 'install_base': '/home/kenneth/PycharmProjects/ros2_ws_fix/install/ros2_demo_custommsg_pub', 'merge_install': False, 'path': '/home/kenneth/PycharmProjects/ros2_ws_fix/src/ros2_demo_custommsg_pub', 'symlink_install': True, 'test_result_base': None}
[0.894s] Level 5:colcon.colcon_core.verb:set package 'sensor_fusion_subscriber' build argument 'cmake_args' from command line to 'None'
[0.894s] Level 5:colcon.colcon_core.verb:set package 'sensor_fusion_subscriber' build argument 'cmake_target' from command line to 'None'
[0.895s] Level 5:colcon.colcon_core.verb:set package 'sensor_fusion_subscriber' build argument 'cmake_target_skip_unavailable' from command line to 'False'
[0.895s] Level 5:colcon.colcon_core.verb:set package 'sensor_fusion_subscriber' build argument 'cmake_clean_cache' from command line to 'False'
[0.895s] Level 5:colcon.colcon_core.verb:set package 'sensor_fusion_subscriber' build argument 'cmake_clean_first' from command line to 'False'
[0.895s] Level 5:colcon.colcon_core.verb:set package 'sensor_fusion_subscriber' build argument 'cmake_force_configure' from command line to 'False'
[0.895s] Level 5:colcon.colcon_core.verb:set package 'sensor_fusion_subscriber' build argument 'ament_cmake_args' from command line to 'None'
[0.895s] Level 5:colcon.colcon_core.verb:set package 'sensor_fusion_subscriber' build argument 'catkin_cmake_args' from command line to 'None'
[0.895s] Level 5:colcon.colcon_core.verb:set package 'sensor_fusion_subscriber' build argument 'catkin_skip_building_tests' from command line to 'False'
[0.895s] DEBUG:colcon.colcon_core.verb:Building package 'sensor_fusion_subscriber' with the following arguments: {'ament_cmake_args': None, 'build_base': '/home/kenneth/PycharmProjects/ros2_ws_fix/build/sensor_fusion_subscriber', 'catkin_cmake_args': None, 'catkin_skip_building_tests': False, 'cmake_args': None, 'cmake_clean_cache': False, 'cmake_clean_first': False, 'cmake_force_configure': False, 'cmake_target': None, 'cmake_target_skip_unavailable': False, 'install_base': '/home/kenneth/PycharmProjects/ros2_ws_fix/install/sensor_fusion_subscriber', 'merge_install': False, 'path': '/home/kenneth/PycharmProjects/ros2_ws_fix/src/sensor_fusion_subscriber', 'symlink_install': True, 'test_result_base': None}
[0.907s] Level 5:colcon.colcon_core.verb:set package 'sf_ros2_vinerow_sub' build argument 'cmake_args' from command line to 'None'
[0.907s] Level 5:colcon.colcon_core.verb:set package 'sf_ros2_vinerow_sub' build argument 'cmake_target' from command line to 'None'
[0.907s] Level 5:colcon.colcon_core.verb:set package 'sf_ros2_vinerow_sub' build argument 'cmake_target_skip_unavailable' from command line to 'False'
[0.907s] Level 5:colcon.colcon_core.verb:set package 'sf_ros2_vinerow_sub' build argument 'cmake_clean_cache' from command line to 'False'
[0.907s] Level 5:colcon.colcon_core.verb:set package 'sf_ros2_vinerow_sub' build argument 'cmake_clean_first' from command line to 'False'
[0.907s] Level 5:colcon.colcon_core.verb:set package 'sf_ros2_vinerow_sub' build argument 'cmake_force_configure' from command line to 'False'
[0.907s] Level 5:colcon.colcon_core.verb:set package 'sf_ros2_vinerow_sub' build argument 'ament_cmake_args' from command line to 'None'
[0.907s] Level 5:colcon.colcon_core.verb:set package 'sf_ros2_vinerow_sub' build argument 'catkin_cmake_args' from command line to 'None'
[0.907s] Level 5:colcon.colcon_core.verb:set package 'sf_ros2_vinerow_sub' build argument 'catkin_skip_building_tests' from command line to 'False'
[0.907s] DEBUG:colcon.colcon_core.verb:Building package 'sf_ros2_vinerow_sub' with the following arguments: {'ament_cmake_args': None, 'build_base': '/home/kenneth/PycharmProjects/ros2_ws_fix/build/sf_ros2_vinerow_sub', 'catkin_cmake_args': None, 'catkin_skip_building_tests': False, 'cmake_args': None, 'cmake_clean_cache': False, 'cmake_clean_first': False, 'cmake_force_configure': False, 'cmake_target': None, 'cmake_target_skip_unavailable': False, 'install_base': '/home/kenneth/PycharmProjects/ros2_ws_fix/install/sf_ros2_vinerow_sub', 'merge_install': False, 'path': '/home/kenneth/PycharmProjects/ros2_ws_fix/src/sf_ros2_vinerow_sub', 'symlink_install': True, 'test_result_base': None}
[0.910s] INFO:colcon.colcon_core.executor:Executing jobs using 'parallel' executor
[0.929s] DEBUG:colcon.colcon_parallel_executor.executor.parallel:run_until_complete
[0.930s] INFO:colcon.colcon_ros.task.ament_cmake.build:Building ROS package in '/home/kenneth/PycharmProjects/ros2_ws_fix/src/sensor_fusion_msgs' with build type 'ament_cmake'
[0.943s] INFO:colcon.colcon_core.plugin_system:Skipping extension 'colcon_core.shell.bat': Not used on non-Windows systems
[0.943s] INFO:colcon.colcon_cmake.task.cmake.build:Building CMake package in '/home/kenneth/PycharmProjects/ros2_ws_fix/src/sensor_fusion_msgs'
[0.957s] INFO:colcon.colcon_core.shell:Skip shell extension 'powershell' for command environment: Not usable outside of PowerShell
[0.958s] DEBUG:colcon.colcon_core.shell:Skip shell extension 'dsv' for command environment
[0.965s] DEBUG:colcon.colcon_core.shell:Ignoring prefix path '/opt/ros/eloquent'
[0.975s] DEBUG:colcon.colcon_core.event_handler.log_command:Invoking command in '/home/kenneth/PycharmProjects/ros2_ws_fix/build/sensor_fusion_msgs': CMAKE_PREFIX_PATH=${CMAKE_PREFIX_PATH}:/home/kenneth/PycharmProjects/ros2_ws_fix/install/sf_ros2_vinerow_sub:/home/kenneth/PycharmProjects/ros2_ws_fix/install/sensor_fusion_subscriber:/home/kenneth/PycharmProjects/ros2_ws_fix/install/ros2_demo_custommsg_pub:/home/kenneth/PycharmProjects/ros2_ws_fix/install/ros2_demo_subscriber:/home/kenneth/PycharmProjects/ros2_ws_fix/install/ros2_demo_publisher:/opt/ros/eloquent /usr/bin/cmake --build /home/kenneth/PycharmProjects/ros2_ws_fix/build/sensor_fusion_msgs -- -j1 -l1
[1.501s] DEBUG:colcon.colcon_core.event_handler.log_command:Invoked command in '/home/kenneth/PycharmProjects/ros2_ws_fix/build/sensor_fusion_msgs' returned '0': CMAKE_PREFIX_PATH=${CMAKE_PREFIX_PATH}:/home/kenneth/PycharmProjects/ros2_ws_fix/install/sf_ros2_vinerow_sub:/home/kenneth/PycharmProjects/ros2_ws_fix/install/sensor_fusion_subscriber:/home/kenneth/PycharmProjects/ros2_ws_fix/install/ros2_demo_custommsg_pub:/home/kenneth/PycharmProjects/ros2_ws_fix/install/ros2_demo_subscriber:/home/kenneth/PycharmProjects/ros2_ws_fix/install/ros2_demo_publisher:/opt/ros/eloquent /usr/bin/cmake --build /home/kenneth/PycharmProjects/ros2_ws_fix/build/sensor_fusion_msgs -- -j1 -l1
[1.579s] DEBUG:colcon.colcon_core.event_handler.log_command:Invoking command in '/home/kenneth/PycharmProjects/ros2_ws_fix/build/sensor_fusion_msgs': CMAKE_PREFIX_PATH=${CMAKE_PREFIX_PATH}:/home/kenneth/PycharmProjects/ros2_ws_fix/install/sf_ros2_vinerow_sub:/home/kenneth/PycharmProjects/ros2_ws_fix/install/sensor_fusion_subscriber:/home/kenneth/PycharmProjects/ros2_ws_fix/install/ros2_demo_custommsg_pub:/home/kenneth/PycharmProjects/ros2_ws_fix/install/ros2_demo_subscriber:/home/kenneth/PycharmProjects/ros2_ws_fix/install/ros2_demo_publisher:/opt/ros/eloquent /usr/bin/cmake --build /home/kenneth/PycharmProjects/ros2_ws_fix/build/sensor_fusion_msgs --target install -- -j1 -l1
[2.211s] Level 1:colcon.colcon_core.environment:create_environment_scripts_only(sensor_fusion_msgs)
[2.214s] DEBUG:colcon.colcon_core.event_handler.log_command:Invoked command in '/home/kenneth/PycharmProjects/ros2_ws_fix/build/sensor_fusion_msgs' returned '0': CMAKE_PREFIX_PATH=${CMAKE_PREFIX_PATH}:/home/kenneth/PycharmProjects/ros2_ws_fix/install/sf_ros2_vinerow_sub:/home/kenneth/PycharmProjects/ros2_ws_fix/install/sensor_fusion_subscriber:/home/kenneth/PycharmProjects/ros2_ws_fix/install/ros2_demo_custommsg_pub:/home/kenneth/PycharmProjects/ros2_ws_fix/install/ros2_demo_subscriber:/home/kenneth/PycharmProjects/ros2_ws_fix/install/ros2_demo_publisher:/opt/ros/eloquent /usr/bin/cmake --build /home/kenneth/PycharmProjects/ros2_ws_fix/build/sensor_fusion_msgs --target install -- -j1 -l1
[2.224s] Level 1:colcon.colcon_core.environment:checking '/home/kenneth/PycharmProjects/ros2_ws_fix/install/sensor_fusion_msgs' for CMake module files
[2.225s] Level 1:colcon.colcon_core.environment:checking '/home/kenneth/PycharmProjects/ros2_ws_fix/install/sensor_fusion_msgs' for CMake config files
[2.225s] Level 1:colcon.colcon_core.shell:create_environment_hook('sensor_fusion_msgs', 'cmake_prefix_path')
[2.234s] INFO:colcon.colcon_core.shell:Creating environment hook '/home/kenneth/PycharmProjects/ros2_ws_fix/install/sensor_fusion_msgs/share/sensor_fusion_msgs/hook/cmake_prefix_path.ps1'
[2.235s] INFO:colcon.colcon_core.shell:Creating environment descriptor '/home/kenneth/PycharmProjects/ros2_ws_fix/install/sensor_fusion_msgs/share/sensor_fusion_msgs/hook/cmake_prefix_path.dsv'
[2.235s] INFO:colcon.colcon_core.shell:Creating environment hook '/home/kenneth/PycharmProjects/ros2_ws_fix/install/sensor_fusion_msgs/share/sensor_fusion_msgs/hook/cmake_prefix_path.sh'
[2.239s] Level 1:colcon.colcon_core.environment:checking '/home/kenneth/PycharmProjects/ros2_ws_fix/install/sensor_fusion_msgs/lib'
[2.239s] Level 1:colcon.colcon_core.shell:create_environment_hook('sensor_fusion_msgs', 'ld_library_path_lib')
[2.248s] INFO:colcon.colcon_core.shell:Creating environment hook '/home/kenneth/PycharmProjects/ros2_ws_fix/install/sensor_fusion_msgs/share/sensor_fusion_msgs/hook/ld_library_path_lib.ps1'
[2.248s] INFO:colcon.colcon_core.shell:Creating environment descriptor '/home/kenneth/PycharmProjects/ros2_ws_fix/install/sensor_fusion_msgs/share/sensor_fusion_msgs/hook/ld_library_path_lib.dsv'
[2.249s] INFO:colcon.colcon_core.shell:Creating environment hook '/home/kenneth/PycharmProjects/ros2_ws_fix/install/sensor_fusion_msgs/share/sensor_fusion_msgs/hook/ld_library_path_lib.sh'
[2.249s] Level 1:colcon.colcon_core.environment:checking '/home/kenneth/PycharmProjects/ros2_ws_fix/install/sensor_fusion_msgs/bin'
[2.249s] Level 1:colcon.colcon_core.environment:checking '/home/kenneth/PycharmProjects/ros2_ws_fix/install/sensor_fusion_msgs/lib/pkgconfig/sensor_fusion_msgs.pc'
[2.249s] Level 1:colcon.colcon_core.environment:checking '/home/kenneth/PycharmProjects/ros2_ws_fix/install/sensor_fusion_msgs/lib/python3.6/site-packages'
[2.249s] Level 1:colcon.colcon_core.shell:create_environment_hook('sensor_fusion_msgs', 'pythonpath')
[2.263s] INFO:colcon.colcon_core.shell:Creating environment hook '/home/kenneth/PycharmProjects/ros2_ws_fix/install/sensor_fusion_msgs/share/sensor_fusion_msgs/hook/pythonpath.ps1'
[2.264s] INFO:colcon.colcon_core.shell:Creating environment descriptor '/home/kenneth/PycharmProjects/ros2_ws_fix/install/sensor_fusion_msgs/share/sensor_fusion_msgs/hook/pythonpath.dsv'
[2.268s] INFO:colcon.colcon_core.shell:Creating environment hook '/home/kenneth/PycharmProjects/ros2_ws_fix/install/sensor_fusion_msgs/share/sensor_fusion_msgs/hook/pythonpath.sh'
[2.280s] INFO:colcon.colcon_core.shell:Creating package script '/home/kenneth/PycharmProjects/ros2_ws_fix/install/sensor_fusion_msgs/share/sensor_fusion_msgs/package.ps1'
[2.281s] INFO:colcon.colcon_core.shell:Creating package descriptor '/home/kenneth/PycharmProjects/ros2_ws_fix/install/sensor_fusion_msgs/share/sensor_fusion_msgs/package.dsv'
[2.282s] INFO:colcon.colcon_core.shell:Creating package script '/home/kenneth/PycharmProjects/ros2_ws_fix/install/sensor_fusion_msgs/share/sensor_fusion_msgs/package.sh'
[2.283s] INFO:colcon.colcon_core.shell:Creating package script '/home/kenneth/PycharmProjects/ros2_ws_fix/install/sensor_fusion_msgs/share/sensor_fusion_msgs/package.bash'
[2.284s] INFO:colcon.colcon_core.shell:Creating package script '/home/kenneth/PycharmProjects/ros2_ws_fix/install/sensor_fusion_msgs/share/sensor_fusion_msgs/package.zsh'
[2.285s] Level 1:colcon.colcon_core.environment:create_file_with_runtime_dependencies(/home/kenneth/PycharmProjects/ros2_ws_fix/install/sensor_fusion_msgs/share/colcon-core/packages/sensor_fusion_msgs)
[2.286s] INFO:colcon.colcon_ros.task.ament_cmake.build:Building ROS package in '/home/kenneth/PycharmProjects/ros2_ws_fix/src/ros2_demo_custommsg_create' with build type 'ament_cmake'
[2.295s] INFO:colcon.colcon_cmake.task.cmake.build:Building CMake package in '/home/kenneth/PycharmProjects/ros2_ws_fix/src/ros2_demo_custommsg_create'
[2.315s] INFO:colcon.colcon_core.shell:Skip shell extension 'powershell' for command environment: Not usable outside of PowerShell
[2.315s] DEBUG:colcon.colcon_core.shell:Skip shell extension 'dsv' for command environment
[2.323s] DEBUG:colcon.colcon_core.shell:Ignoring prefix path '/opt/ros/eloquent'
[2.330s] DEBUG:colcon.colcon_core.event_handler.log_command:Invoking command in '/home/kenneth/PycharmProjects/ros2_ws_fix/build/ros2_demo_custommsg_create': CMAKE_PREFIX_PATH=${CMAKE_PREFIX_PATH}:/home/kenneth/PycharmProjects/ros2_ws_fix/install/sf_ros2_vinerow_sub:/home/kenneth/PycharmProjects/ros2_ws_fix/install/sensor_fusion_subscriber:/home/kenneth/PycharmProjects/ros2_ws_fix/install/ros2_demo_custommsg_pub:/home/kenneth/PycharmProjects/ros2_ws_fix/install/ros2_demo_subscriber:/home/kenneth/PycharmProjects/ros2_ws_fix/install/ros2_demo_publisher:/opt/ros/eloquent /usr/bin/cmake --build /home/kenneth/PycharmProjects/ros2_ws_fix/build/ros2_demo_custommsg_create -- -j1 -l1
[2.815s] DEBUG:colcon.colcon_core.event_handler.log_command:Invoked command in '/home/kenneth/PycharmProjects/ros2_ws_fix/build/ros2_demo_custommsg_create' returned '0': CMAKE_PREFIX_PATH=${CMAKE_PREFIX_PATH}:/home/kenneth/PycharmProjects/ros2_ws_fix/install/sf_ros2_vinerow_sub:/home/kenneth/PycharmProjects/ros2_ws_fix/install/sensor_fusion_subscriber:/home/kenneth/PycharmProjects/ros2_ws_fix/install/ros2_demo_custommsg_pub:/home/kenneth/PycharmProjects/ros2_ws_fix/install/ros2_demo_subscriber:/home/kenneth/PycharmProjects/ros2_ws_fix/install/ros2_demo_publisher:/opt/ros/eloquent /usr/bin/cmake --build /home/kenneth/PycharmProjects/ros2_ws_fix/build/ros2_demo_custommsg_create -- -j1 -l1
[2.881s] DEBUG:colcon.colcon_core.event_handler.log_command:Invoking command in '/home/kenneth/PycharmProjects/ros2_ws_fix/build/ros2_demo_custommsg_create': CMAKE_PREFIX_PATH=${CMAKE_PREFIX_PATH}:/home/kenneth/PycharmProjects/ros2_ws_fix/install/sf_ros2_vinerow_sub:/home/kenneth/PycharmProjects/ros2_ws_fix/install/sensor_fusion_subscriber:/home/kenneth/PycharmProjects/ros2_ws_fix/install/ros2_demo_custommsg_pub:/home/kenneth/PycharmProjects/ros2_ws_fix/install/ros2_demo_subscriber:/home/kenneth/PycharmProjects/ros2_ws_fix/install/ros2_demo_publisher:/opt/ros/eloquent /usr/bin/cmake --build /home/kenneth/PycharmProjects/ros2_ws_fix/build/ros2_demo_custommsg_create --target install -- -j1 -l1
[3.478s] Level 1:colcon.colcon_core.environment:create_environment_scripts_only(ros2_demo_custommsg_create)
[3.486s] DEBUG:colcon.colcon_core.event_handler.log_command:Invoked command in '/home/kenneth/PycharmProjects/ros2_ws_fix/build/ros2_demo_custommsg_create' returned '0': CMAKE_PREFIX_PATH=${CMAKE_PREFIX_PATH}:/home/kenneth/PycharmProjects/ros2_ws_fix/install/sf_ros2_vinerow_sub:/home/kenneth/PycharmProjects/ros2_ws_fix/install/sensor_fusion_subscriber:/home/kenneth/PycharmProjects/ros2_ws_fix/install/ros2_demo_custommsg_pub:/home/kenneth/PycharmProjects/ros2_ws_fix/install/ros2_demo_subscriber:/home/kenneth/PycharmProjects/ros2_ws_fix/install/ros2_demo_publisher:/opt/ros/eloquent /usr/bin/cmake --build /home/kenneth/PycharmProjects/ros2_ws_fix/build/ros2_demo_custommsg_create --target install -- -j1 -l1
[3.488s] Level 1:colcon.colcon_core.environment:checking '/home/kenneth/PycharmProjects/ros2_ws_fix/install/ros2_demo_custommsg_create' for CMake module files
[3.489s] Level 1:colcon.colcon_core.environment:checking '/home/kenneth/PycharmProjects/ros2_ws_fix/install/ros2_demo_custommsg_create' for CMake config files
[3.490s] Level 1:colcon.colcon_core.shell:create_environment_hook('ros2_demo_custommsg_create', 'cmake_prefix_path')
[3.498s] INFO:colcon.colcon_core.shell:Creating environment hook '/home/kenneth/PycharmProjects/ros2_ws_fix/install/ros2_demo_custommsg_create/share/ros2_demo_custommsg_create/hook/cmake_prefix_path.ps1'
[3.499s] INFO:colcon.colcon_core.shell:Creating environment descriptor '/home/kenneth/PycharmProjects/ros2_ws_fix/install/ros2_demo_custommsg_create/share/ros2_demo_custommsg_create/hook/cmake_prefix_path.dsv'
[3.500s] INFO:colcon.colcon_core.shell:Creating environment hook '/home/kenneth/PycharmProjects/ros2_ws_fix/install/ros2_demo_custommsg_create/share/ros2_demo_custommsg_create/hook/cmake_prefix_path.sh'
[3.501s] Level 1:colcon.colcon_core.environment:checking '/home/kenneth/PycharmProjects/ros2_ws_fix/install/ros2_demo_custommsg_create/lib'
[3.501s] Level 1:colcon.colcon_core.shell:create_environment_hook('ros2_demo_custommsg_create', 'ld_library_path_lib')
[3.510s] INFO:colcon.colcon_core.shell:Creating environment hook '/home/kenneth/PycharmProjects/ros2_ws_fix/install/ros2_demo_custommsg_create/share/ros2_demo_custommsg_create/hook/ld_library_path_lib.ps1'
[3.510s] INFO:colcon.colcon_core.shell:Creating environment descriptor '/home/kenneth/PycharmProjects/ros2_ws_fix/install/ros2_demo_custommsg_create/share/ros2_demo_custommsg_create/hook/ld_library_path_lib.dsv'
[3.511s] INFO:colcon.colcon_core.shell:Creating environment hook '/home/kenneth/PycharmProjects/ros2_ws_fix/install/ros2_demo_custommsg_create/share/ros2_demo_custommsg_create/hook/ld_library_path_lib.sh'
[3.512s] Level 1:colcon.colcon_core.environment:checking '/home/kenneth/PycharmProjects/ros2_ws_fix/install/ros2_demo_custommsg_create/bin'
[3.512s] Level 1:colcon.colcon_core.environment:checking '/home/kenneth/PycharmProjects/ros2_ws_fix/install/ros2_demo_custommsg_create/lib/pkgconfig/ros2_demo_custommsg_create.pc'
[3.512s] Level 1:colcon.colcon_core.environment:checking '/home/kenneth/PycharmProjects/ros2_ws_fix/install/ros2_demo_custommsg_create/lib/python3.6/site-packages'
[3.512s] Level 1:colcon.colcon_core.shell:create_environment_hook('ros2_demo_custommsg_create', 'pythonpath')
[3.520s] INFO:colcon.colcon_core.shell:Creating environment hook '/home/kenneth/PycharmProjects/ros2_ws_fix/install/ros2_demo_custommsg_create/share/ros2_demo_custommsg_create/hook/pythonpath.ps1'
[3.521s] INFO:colcon.colcon_core.shell:Creating environment descriptor '/home/kenneth/PycharmProjects/ros2_ws_fix/install/ros2_demo_custommsg_create/share/ros2_demo_custommsg_create/hook/pythonpath.dsv'
[3.521s] INFO:colcon.colcon_core.shell:Creating environment hook '/home/kenneth/PycharmProjects/ros2_ws_fix/install/ros2_demo_custommsg_create/share/ros2_demo_custommsg_create/hook/pythonpath.sh'
[3.536s] INFO:colcon.colcon_core.shell:Creating package script '/home/kenneth/PycharmProjects/ros2_ws_fix/install/ros2_demo_custommsg_create/share/ros2_demo_custommsg_create/package.ps1'
[3.537s] INFO:colcon.colcon_core.shell:Creating package descriptor '/home/kenneth/PycharmProjects/ros2_ws_fix/install/ros2_demo_custommsg_create/share/ros2_demo_custommsg_create/package.dsv'
[3.537s] INFO:colcon.colcon_core.shell:Creating package script '/home/kenneth/PycharmProjects/ros2_ws_fix/install/ros2_demo_custommsg_create/share/ros2_demo_custommsg_create/package.sh'
[3.538s] INFO:colcon.colcon_core.shell:Creating package script '/home/kenneth/PycharmProjects/ros2_ws_fix/install/ros2_demo_custommsg_create/share/ros2_demo_custommsg_create/package.bash'
[3.539s] INFO:colcon.colcon_core.shell:Creating package script '/home/kenneth/PycharmProjects/ros2_ws_fix/install/ros2_demo_custommsg_create/share/ros2_demo_custommsg_create/package.zsh'
[3.539s] Level 1:colcon.colcon_core.environment:create_file_with_runtime_dependencies(/home/kenneth/PycharmProjects/ros2_ws_fix/install/ros2_demo_custommsg_create/share/colcon-core/packages/ros2_demo_custommsg_create)
[3.543s] INFO:colcon.colcon_ros.task.ament_python.build:Building ROS package in '/home/kenneth/PycharmProjects/ros2_ws_fix/src/ros2_demo_publisher' with build type 'ament_python'
[3.544s] Level 1:colcon.colcon_core.shell:create_environment_hook('ros2_demo_publisher', 'ament_prefix_path')
[3.559s] INFO:colcon.colcon_core.shell:Creating environment hook '/home/kenneth/PycharmProjects/ros2_ws_fix/install/ros2_demo_publisher/share/ros2_demo_publisher/hook/ament_prefix_path.ps1'
[3.560s] INFO:colcon.colcon_core.shell:Creating environment descriptor '/home/kenneth/PycharmProjects/ros2_ws_fix/install/ros2_demo_publisher/share/ros2_demo_publisher/hook/ament_prefix_path.dsv'
[3.561s] INFO:colcon.colcon_core.shell:Creating environment hook '/home/kenneth/PycharmProjects/ros2_ws_fix/install/ros2_demo_publisher/share/ros2_demo_publisher/hook/ament_prefix_path.sh'
[3.571s] INFO:colcon.colcon_core.shell:Skip shell extension 'powershell' for command environment: Not usable outside of PowerShell
[3.571s] DEBUG:colcon.colcon_core.shell:Skip shell extension 'dsv' for command environment
[3.578s] DEBUG:colcon.colcon_core.shell:Ignoring prefix path '/opt/ros/eloquent'
[3.913s] INFO:colcon.colcon_core.task.python.build:Building Python package in '/home/kenneth/PycharmProjects/ros2_ws_fix/src/ros2_demo_publisher'
[3.924s] INFO:colcon.colcon_core.shell:Skip shell extension 'powershell' for command environment: Not usable outside of PowerShell
[3.924s] DEBUG:colcon.colcon_core.shell:Skip shell extension 'dsv' for command environment
[3.932s] DEBUG:colcon.colcon_core.shell:Ignoring prefix path '/opt/ros/eloquent'
[3.938s] DEBUG:colcon.colcon_core.event_handler.log_command:Invoking command in '/home/kenneth/PycharmProjects/ros2_ws_fix/build/ros2_demo_publisher': PYTHONPATH=/home/kenneth/PycharmProjects/ros2_ws_fix/install/ros2_demo_publisher/lib/python3.6/site-packages:${PYTHONPATH} /usr/bin/python3 setup.py develop --prefix /home/kenneth/PycharmProjects/ros2_ws_fix/install/ros2_demo_publisher --editable --build-directory /home/kenneth/PycharmProjects/ros2_ws_fix/build/ros2_demo_publisher/build --no-deps install_data --install-dir /home/kenneth/PycharmProjects/ros2_ws_fix/install/ros2_demo_publisher
[4.534s] Level 1:colcon.colcon_core.shell:create_environment_hook('ros2_demo_publisher', 'pythonpath_develop')
[4.542s] DEBUG:colcon.colcon_core.event_handler.log_command:Invoked command in '/home/kenneth/PycharmProjects/ros2_ws_fix/build/ros2_demo_publisher' returned '0': PYTHONPATH=/home/kenneth/PycharmProjects/ros2_ws_fix/install/ros2_demo_publisher/lib/python3.6/site-packages:${PYTHONPATH} /usr/bin/python3 setup.py develop --prefix /home/kenneth/PycharmProjects/ros2_ws_fix/install/ros2_demo_publisher --editable --build-directory /home/kenneth/PycharmProjects/ros2_ws_fix/build/ros2_demo_publisher/build --no-deps install_data --install-dir /home/kenneth/PycharmProjects/ros2_ws_fix/install/ros2_demo_publisher
[4.553s] INFO:colcon.colcon_core.shell:Creating environment hook '/home/kenneth/PycharmProjects/ros2_ws_fix/build/ros2_demo_publisher/share/ros2_demo_publisher/hook/pythonpath_develop.ps1'
[4.554s] INFO:colcon.colcon_core.shell:Creating environment descriptor '/home/kenneth/PycharmProjects/ros2_ws_fix/build/ros2_demo_publisher/share/ros2_demo_publisher/hook/pythonpath_develop.dsv'
[4.555s] INFO:colcon.colcon_core.shell:Creating environment hook '/home/kenneth/PycharmProjects/ros2_ws_fix/build/ros2_demo_publisher/share/ros2_demo_publisher/hook/pythonpath_develop.sh'
[4.565s] Level 1:colcon.colcon_core.environment:checking '/home/kenneth/PycharmProjects/ros2_ws_fix/install/ros2_demo_publisher' for CMake module files
[4.565s] Level 1:colcon.colcon_core.environment:checking '/home/kenneth/PycharmProjects/ros2_ws_fix/install/ros2_demo_publisher' for CMake config files
[4.566s] Level 1:colcon.colcon_core.environment:checking '/home/kenneth/PycharmProjects/ros2_ws_fix/install/ros2_demo_publisher/lib'
[4.566s] Level 1:colcon.colcon_core.environment:checking '/home/kenneth/PycharmProjects/ros2_ws_fix/install/ros2_demo_publisher/bin'
[4.566s] Level 1:colcon.colcon_core.environment:checking '/home/kenneth/PycharmProjects/ros2_ws_fix/install/ros2_demo_publisher/lib/pkgconfig/ros2_demo_publisher.pc'
[4.566s] Level 1:colcon.colcon_core.environment:checking '/home/kenneth/PycharmProjects/ros2_ws_fix/install/ros2_demo_publisher/lib/python3.6/site-packages'
[4.566s] Level 1:colcon.colcon_core.shell:create_environment_hook('ros2_demo_publisher', 'pythonpath')
[4.578s] INFO:colcon.colcon_core.shell:Creating environment hook '/home/kenneth/PycharmProjects/ros2_ws_fix/install/ros2_demo_publisher/share/ros2_demo_publisher/hook/pythonpath.ps1'
[4.579s] INFO:colcon.colcon_core.shell:Creating environment descriptor '/home/kenneth/PycharmProjects/ros2_ws_fix/install/ros2_demo_publisher/share/ros2_demo_publisher/hook/pythonpath.dsv'
[4.580s] INFO:colcon.colcon_core.shell:Creating environment hook '/home/kenneth/PycharmProjects/ros2_ws_fix/install/ros2_demo_publisher/share/ros2_demo_publisher/hook/pythonpath.sh'
[4.580s] Level 1:colcon.colcon_core.environment:create_environment_scripts_only(ros2_demo_publisher)
[4.589s] INFO:colcon.colcon_core.shell:Creating package script '/home/kenneth/PycharmProjects/ros2_ws_fix/install/ros2_demo_publisher/share/ros2_demo_publisher/package.ps1'
[4.590s] INFO:colcon.colcon_core.shell:Creating package descriptor '/home/kenneth/PycharmProjects/ros2_ws_fix/install/ros2_demo_publisher/share/ros2_demo_publisher/package.dsv'
[4.590s] INFO:colcon.colcon_core.shell:Creating package script '/home/kenneth/PycharmProjects/ros2_ws_fix/install/ros2_demo_publisher/share/ros2_demo_publisher/package.sh'
[4.591s] INFO:colcon.colcon_core.shell:Creating package script '/home/kenneth/PycharmProjects/ros2_ws_fix/install/ros2_demo_publisher/share/ros2_demo_publisher/package.bash'
[4.591s] INFO:colcon.colcon_core.shell:Creating package script '/home/kenneth/PycharmProjects/ros2_ws_fix/install/ros2_demo_publisher/share/ros2_demo_publisher/package.zsh'
[4.592s] Level 1:colcon.colcon_core.environment:create_file_with_runtime_dependencies(/home/kenneth/PycharmProjects/ros2_ws_fix/install/ros2_demo_publisher/share/colcon-core/packages/ros2_demo_publisher)
[4.593s] INFO:colcon.colcon_ros.task.ament_python.build:Building ROS package in '/home/kenneth/PycharmProjects/ros2_ws_fix/src/ros2_demo_subscriber' with build type 'ament_python'
[4.594s] Level 1:colcon.colcon_core.shell:create_environment_hook('ros2_demo_subscriber', 'ament_prefix_path')
[4.602s] INFO:colcon.colcon_core.shell:Creating environment hook '/home/kenneth/PycharmProjects/ros2_ws_fix/install/ros2_demo_subscriber/share/ros2_demo_subscriber/hook/ament_prefix_path.ps1'
[4.603s] INFO:colcon.colcon_core.shell:Creating environment descriptor '/home/kenneth/PycharmProjects/ros2_ws_fix/install/ros2_demo_subscriber/share/ros2_demo_subscriber/hook/ament_prefix_path.dsv'
[4.603s] INFO:colcon.colcon_core.shell:Creating environment hook '/home/kenneth/PycharmProjects/ros2_ws_fix/install/ros2_demo_subscriber/share/ros2_demo_subscriber/hook/ament_prefix_path.sh'
[4.622s] INFO:colcon.colcon_core.shell:Skip shell extension 'powershell' for command environment: Not usable outside of PowerShell
[4.622s] DEBUG:colcon.colcon_core.shell:Skip shell extension 'dsv' for command environment
[4.630s] DEBUG:colcon.colcon_core.shell:Ignoring prefix path '/opt/ros/eloquent'
[4.965s] INFO:colcon.colcon_core.task.python.build:Building Python package in '/home/kenneth/PycharmProjects/ros2_ws_fix/src/ros2_demo_subscriber'
[4.981s] INFO:colcon.colcon_core.shell:Skip shell extension 'powershell' for command environment: Not usable outside of PowerShell
[4.981s] DEBUG:colcon.colcon_core.shell:Skip shell extension 'dsv' for command environment
[4.988s] DEBUG:colcon.colcon_core.shell:Ignoring prefix path '/opt/ros/eloquent'
[4.995s] DEBUG:colcon.colcon_core.event_handler.log_command:Invoking command in '/home/kenneth/PycharmProjects/ros2_ws_fix/build/ros2_demo_subscriber': PYTHONPATH=/home/kenneth/PycharmProjects/ros2_ws_fix/install/ros2_demo_subscriber/lib/python3.6/site-packages:${PYTHONPATH} /usr/bin/python3 setup.py develop --prefix /home/kenneth/PycharmProjects/ros2_ws_fix/install/ros2_demo_subscriber --editable --build-directory /home/kenneth/PycharmProjects/ros2_ws_fix/build/ros2_demo_subscriber/build --no-deps install_data --install-dir /home/kenneth/PycharmProjects/ros2_ws_fix/install/ros2_demo_subscriber
[5.568s] Level 1:colcon.colcon_core.shell:create_environment_hook('ros2_demo_subscriber', 'pythonpath_develop')
[5.574s] DEBUG:colcon.colcon_core.event_handler.log_command:Invoked command in '/home/kenneth/PycharmProjects/ros2_ws_fix/build/ros2_demo_subscriber' returned '0': PYTHONPATH=/home/kenneth/PycharmProjects/ros2_ws_fix/install/ros2_demo_subscriber/lib/python3.6/site-packages:${PYTHONPATH} /usr/bin/python3 setup.py develop --prefix /home/kenneth/PycharmProjects/ros2_ws_fix/install/ros2_demo_subscriber --editable --build-directory /home/kenneth/PycharmProjects/ros2_ws_fix/build/ros2_demo_subscriber/build --no-deps install_data --install-dir /home/kenneth/PycharmProjects/ros2_ws_fix/install/ros2_demo_subscriber
[5.580s] INFO:colcon.colcon_core.shell:Creating environment hook '/home/kenneth/PycharmProjects/ros2_ws_fix/build/ros2_demo_subscriber/share/ros2_demo_subscriber/hook/pythonpath_develop.ps1'
[5.581s] INFO:colcon.colcon_core.shell:Creating environment descriptor '/home/kenneth/PycharmProjects/ros2_ws_fix/build/ros2_demo_subscriber/share/ros2_demo_subscriber/hook/pythonpath_develop.dsv'
[5.581s] INFO:colcon.colcon_core.shell:Creating environment hook '/home/kenneth/PycharmProjects/ros2_ws_fix/build/ros2_demo_subscriber/share/ros2_demo_subscriber/hook/pythonpath_develop.sh'
[5.591s] Level 1:colcon.colcon_core.environment:checking '/home/kenneth/PycharmProjects/ros2_ws_fix/install/ros2_demo_subscriber' for CMake module files
[5.591s] Level 1:colcon.colcon_core.environment:checking '/home/kenneth/PycharmProjects/ros2_ws_fix/install/ros2_demo_subscriber' for CMake config files
[5.592s] Level 1:colcon.colcon_core.environment:checking '/home/kenneth/PycharmProjects/ros2_ws_fix/install/ros2_demo_subscriber/lib'
[5.592s] Level 1:colcon.colcon_core.environment:checking '/home/kenneth/PycharmProjects/ros2_ws_fix/install/ros2_demo_subscriber/bin'
[5.592s] Level 1:colcon.colcon_core.environment:checking '/home/kenneth/PycharmProjects/ros2_ws_fix/install/ros2_demo_subscriber/lib/pkgconfig/ros2_demo_subscriber.pc'
[5.593s] Level 1:colcon.colcon_core.environment:checking '/home/kenneth/PycharmProjects/ros2_ws_fix/install/ros2_demo_subscriber/lib/python3.6/site-packages'
[5.593s] Level 1:colcon.colcon_core.shell:create_environment_hook('ros2_demo_subscriber', 'pythonpath')
[5.601s] INFO:colcon.colcon_core.shell:Creating environment hook '/home/kenneth/PycharmProjects/ros2_ws_fix/install/ros2_demo_subscriber/share/ros2_demo_subscriber/hook/pythonpath.ps1'
[5.602s] INFO:colcon.colcon_core.shell:Creating environment descriptor '/home/kenneth/PycharmProjects/ros2_ws_fix/install/ros2_demo_subscriber/share/ros2_demo_subscriber/hook/pythonpath.dsv'
[5.602s] INFO:colcon.colcon_core.shell:Creating environment hook '/home/kenneth/PycharmProjects/ros2_ws_fix/install/ros2_demo_subscriber/share/ros2_demo_subscriber/hook/pythonpath.sh'
[5.603s] Level 1:colcon.colcon_core.environment:create_environment_scripts_only(ros2_demo_subscriber)
[5.612s] INFO:colcon.colcon_core.shell:Creating package script '/home/kenneth/PycharmProjects/ros2_ws_fix/install/ros2_demo_subscriber/share/ros2_demo_subscriber/package.ps1'
[5.613s] INFO:colcon.colcon_core.shell:Creating package descriptor '/home/kenneth/PycharmProjects/ros2_ws_fix/install/ros2_demo_subscriber/share/ros2_demo_subscriber/package.dsv'
[5.613s] INFO:colcon.colcon_core.shell:Creating package script '/home/kenneth/PycharmProjects/ros2_ws_fix/install/ros2_demo_subscriber/share/ros2_demo_subscriber/package.sh'
[5.614s] INFO:colcon.colcon_core.shell:Creating package script '/home/kenneth/PycharmProjects/ros2_ws_fix/install/ros2_demo_subscriber/share/ros2_demo_subscriber/package.bash'
[5.614s] INFO:colcon.colcon_core.shell:Creating package script '/home/kenneth/PycharmProjects/ros2_ws_fix/install/ros2_demo_subscriber/share/ros2_demo_subscriber/package.zsh'
[5.615s] Level 1:colcon.colcon_core.environment:create_file_with_runtime_dependencies(/home/kenneth/PycharmProjects/ros2_ws_fix/install/ros2_demo_subscriber/share/colcon-core/packages/ros2_demo_subscriber)
[5.621s] INFO:colcon.colcon_ros.task.ament_cmake.build:Building ROS package in '/home/kenneth/PycharmProjects/ros2_ws_fix/src/sensor_fusion_msg_types' with build type 'ament_cmake'
[5.636s] INFO:colcon.colcon_cmake.task.cmake.build:Building CMake package in '/home/kenneth/PycharmProjects/ros2_ws_fix/src/sensor_fusion_msg_types'
[5.652s] INFO:colcon.colcon_core.shell:Skip shell extension 'powershell' for command environment: Not usable outside of PowerShell
[5.654s] DEBUG:colcon.colcon_core.shell:Skip shell extension 'dsv' for command environment
[5.662s] DEBUG:colcon.colcon_core.shell:Ignoring prefix path '/opt/ros/eloquent'
[5.670s] DEBUG:colcon.colcon_core.event_handler.log_command:Invoking command in '/home/kenneth/PycharmProjects/ros2_ws_fix/build/sensor_fusion_msg_types': CMAKE_PREFIX_PATH=${CMAKE_PREFIX_PATH}:/home/kenneth/PycharmProjects/ros2_ws_fix/install/sf_ros2_vinerow_sub:/home/kenneth/PycharmProjects/ros2_ws_fix/install/sensor_fusion_subscriber:/home/kenneth/PycharmProjects/ros2_ws_fix/install/ros2_demo_custommsg_pub:/home/kenneth/PycharmProjects/ros2_ws_fix/install/ros2_demo_subscriber:/home/kenneth/PycharmProjects/ros2_ws_fix/install/ros2_demo_publisher:/opt/ros/eloquent /usr/bin/cmake --build /home/kenneth/PycharmProjects/ros2_ws_fix/build/sensor_fusion_msg_types -- -j1 -l1
[14.094s] DEBUG:colcon.colcon_core.event_handler.log_command:Invoked command in '/home/kenneth/PycharmProjects/ros2_ws_fix/build/sensor_fusion_msg_types' returned '0': CMAKE_PREFIX_PATH=${CMAKE_PREFIX_PATH}:/home/kenneth/PycharmProjects/ros2_ws_fix/install/sf_ros2_vinerow_sub:/home/kenneth/PycharmProjects/ros2_ws_fix/install/sensor_fusion_subscriber:/home/kenneth/PycharmProjects/ros2_ws_fix/install/ros2_demo_custommsg_pub:/home/kenneth/PycharmProjects/ros2_ws_fix/install/ros2_demo_subscriber:/home/kenneth/PycharmProjects/ros2_ws_fix/install/ros2_demo_publisher:/opt/ros/eloquent /usr/bin/cmake --build /home/kenneth/PycharmProjects/ros2_ws_fix/build/sensor_fusion_msg_types -- -j1 -l1
[14.161s] DEBUG:colcon.colcon_core.event_handler.log_command:Invoking command in '/home/kenneth/PycharmProjects/ros2_ws_fix/build/sensor_fusion_msg_types': CMAKE_PREFIX_PATH=${CMAKE_PREFIX_PATH}:/home/kenneth/PycharmProjects/ros2_ws_fix/install/sf_ros2_vinerow_sub:/home/kenneth/PycharmProjects/ros2_ws_fix/install/sensor_fusion_subscriber:/home/kenneth/PycharmProjects/ros2_ws_fix/install/ros2_demo_custommsg_pub:/home/kenneth/PycharmProjects/ros2_ws_fix/install/ros2_demo_subscriber:/home/kenneth/PycharmProjects/ros2_ws_fix/install/ros2_demo_publisher:/opt/ros/eloquent /usr/bin/cmake --build /home/kenneth/PycharmProjects/ros2_ws_fix/build/sensor_fusion_msg_types --target install -- -j1 -l1
[14.766s] Level 1:colcon.colcon_core.environment:create_environment_scripts_only(sensor_fusion_msg_types)
[14.774s] DEBUG:colcon.colcon_core.event_handler.log_command:Invoked command in '/home/kenneth/PycharmProjects/ros2_ws_fix/build/sensor_fusion_msg_types' returned '0': CMAKE_PREFIX_PATH=${CMAKE_PREFIX_PATH}:/home/kenneth/PycharmProjects/ros2_ws_fix/install/sf_ros2_vinerow_sub:/home/kenneth/PycharmProjects/ros2_ws_fix/install/sensor_fusion_subscriber:/home/kenneth/PycharmProjects/ros2_ws_fix/install/ros2_demo_custommsg_pub:/home/kenneth/PycharmProjects/ros2_ws_fix/install/ros2_demo_subscriber:/home/kenneth/PycharmProjects/ros2_ws_fix/install/ros2_demo_publisher:/opt/ros/eloquent /usr/bin/cmake --build /home/kenneth/PycharmProjects/ros2_ws_fix/build/sensor_fusion_msg_types --target install -- -j1 -l1
[14.778s] Level 1:colcon.colcon_core.environment:checking '/home/kenneth/PycharmProjects/ros2_ws_fix/install/sensor_fusion_msg_types' for CMake module files
[14.779s] Level 1:colcon.colcon_core.environment:checking '/home/kenneth/PycharmProjects/ros2_ws_fix/install/sensor_fusion_msg_types' for CMake config files
[14.779s] Level 1:colcon.colcon_core.shell:create_environment_hook('sensor_fusion_msg_types', 'cmake_prefix_path')
[14.788s] INFO:colcon.colcon_core.shell:Creating environment hook '/home/kenneth/PycharmProjects/ros2_ws_fix/install/sensor_fusion_msg_types/share/sensor_fusion_msg_types/hook/cmake_prefix_path.ps1'
[14.788s] INFO:colcon.colcon_core.shell:Creating environment descriptor '/home/kenneth/PycharmProjects/ros2_ws_fix/install/sensor_fusion_msg_types/share/sensor_fusion_msg_types/hook/cmake_prefix_path.dsv'
[14.789s] INFO:colcon.colcon_core.shell:Creating environment hook '/home/kenneth/PycharmProjects/ros2_ws_fix/install/sensor_fusion_msg_types/share/sensor_fusion_msg_types/hook/cmake_prefix_path.sh'
[14.790s] Level 1:colcon.colcon_core.environment:checking '/home/kenneth/PycharmProjects/ros2_ws_fix/install/sensor_fusion_msg_types/lib'
[14.790s] Level 1:colcon.colcon_core.shell:create_environment_hook('sensor_fusion_msg_types', 'ld_library_path_lib')
[14.799s] INFO:colcon.colcon_core.shell:Creating environment hook '/home/kenneth/PycharmProjects/ros2_ws_fix/install/sensor_fusion_msg_types/share/sensor_fusion_msg_types/hook/ld_library_path_lib.ps1'
[14.800s] INFO:colcon.colcon_core.shell:Creating environment descriptor '/home/kenneth/PycharmProjects/ros2_ws_fix/install/sensor_fusion_msg_types/share/sensor_fusion_msg_types/hook/ld_library_path_lib.dsv'
[14.800s] INFO:colcon.colcon_core.shell:Creating environment hook '/home/kenneth/PycharmProjects/ros2_ws_fix/install/sensor_fusion_msg_types/share/sensor_fusion_msg_types/hook/ld_library_path_lib.sh'
[14.801s] Level 1:colcon.colcon_core.environment:checking '/home/kenneth/PycharmProjects/ros2_ws_fix/install/sensor_fusion_msg_types/bin'
[14.801s] Level 1:colcon.colcon_core.environment:checking '/home/kenneth/PycharmProjects/ros2_ws_fix/install/sensor_fusion_msg_types/lib/pkgconfig/sensor_fusion_msg_types.pc'
[14.801s] Level 1:colcon.colcon_core.environment:checking '/home/kenneth/PycharmProjects/ros2_ws_fix/install/sensor_fusion_msg_types/lib/python3.6/site-packages'
[14.801s] Level 1:colcon.colcon_core.shell:create_environment_hook('sensor_fusion_msg_types', 'pythonpath')
[14.810s] INFO:colcon.colcon_core.shell:Creating environment hook '/home/kenneth/PycharmProjects/ros2_ws_fix/install/sensor_fusion_msg_types/share/sensor_fusion_msg_types/hook/pythonpath.ps1'
[14.810s] INFO:colcon.colcon_core.shell:Creating environment descriptor '/home/kenneth/PycharmProjects/ros2_ws_fix/install/sensor_fusion_msg_types/share/sensor_fusion_msg_types/hook/pythonpath.dsv'
[14.811s] INFO:colcon.colcon_core.shell:Creating environment hook '/home/kenneth/PycharmProjects/ros2_ws_fix/install/sensor_fusion_msg_types/share/sensor_fusion_msg_types/hook/pythonpath.sh'
[14.821s] INFO:colcon.colcon_core.shell:Creating package script '/home/kenneth/PycharmProjects/ros2_ws_fix/install/sensor_fusion_msg_types/share/sensor_fusion_msg_types/package.ps1'
[14.822s] INFO:colcon.colcon_core.shell:Creating package descriptor '/home/kenneth/PycharmProjects/ros2_ws_fix/install/sensor_fusion_msg_types/share/sensor_fusion_msg_types/package.dsv'
[14.823s] INFO:colcon.colcon_core.shell:Creating package script '/home/kenneth/PycharmProjects/ros2_ws_fix/install/sensor_fusion_msg_types/share/sensor_fusion_msg_types/package.sh'
[14.824s] INFO:colcon.colcon_core.shell:Creating package script '/home/kenneth/PycharmProjects/ros2_ws_fix/install/sensor_fusion_msg_types/share/sensor_fusion_msg_types/package.bash'
[14.824s] INFO:colcon.colcon_core.shell:Creating package script '/home/kenneth/PycharmProjects/ros2_ws_fix/install/sensor_fusion_msg_types/share/sensor_fusion_msg_types/package.zsh'
[14.825s] Level 1:colcon.colcon_core.environment:create_file_with_runtime_dependencies(/home/kenneth/PycharmProjects/ros2_ws_fix/install/sensor_fusion_msg_types/share/colcon-core/packages/sensor_fusion_msg_types)
[14.827s] INFO:colcon.colcon_ros.task.ament_python.build:Building ROS package in '/home/kenneth/PycharmProjects/ros2_ws_fix/src/ros2_demo_custommsg_pub' with build type 'ament_python'
[14.827s] Level 1:colcon.colcon_core.shell:create_environment_hook('ros2_demo_custommsg_pub', 'ament_prefix_path')
[14.840s] INFO:colcon.colcon_core.shell:Creating environment hook '/home/kenneth/PycharmProjects/ros2_ws_fix/install/ros2_demo_custommsg_pub/share/ros2_demo_custommsg_pub/hook/ament_prefix_path.ps1'
[14.841s] INFO:colcon.colcon_core.shell:Creating environment descriptor '/home/kenneth/PycharmProjects/ros2_ws_fix/install/ros2_demo_custommsg_pub/share/ros2_demo_custommsg_pub/hook/ament_prefix_path.dsv'
[14.844s] INFO:colcon.colcon_core.shell:Creating environment hook '/home/kenneth/PycharmProjects/ros2_ws_fix/install/ros2_demo_custommsg_pub/share/ros2_demo_custommsg_pub/hook/ament_prefix_path.sh'
[14.857s] INFO:colcon.colcon_core.shell:Skip shell extension 'powershell' for command environment: Not usable outside of PowerShell
[14.857s] DEBUG:colcon.colcon_core.shell:Skip shell extension 'dsv' for command environment
[14.865s] DEBUG:colcon.colcon_core.shell:Ignoring prefix path '/opt/ros/eloquent'
[15.211s] INFO:colcon.colcon_core.task.python.build:Building Python package in '/home/kenneth/PycharmProjects/ros2_ws_fix/src/ros2_demo_custommsg_pub'
[15.229s] INFO:colcon.colcon_core.shell:Skip shell extension 'powershell' for command environment: Not usable outside of PowerShell
[15.229s] DEBUG:colcon.colcon_core.shell:Skip shell extension 'dsv' for command environment
[15.237s] DEBUG:colcon.colcon_core.shell:Ignoring prefix path '/opt/ros/eloquent'
[15.248s] DEBUG:colcon.colcon_core.event_handler.log_command:Invoking command in '/home/kenneth/PycharmProjects/ros2_ws_fix/build/ros2_demo_custommsg_pub': PYTHONPATH=/home/kenneth/PycharmProjects/ros2_ws_fix/install/ros2_demo_custommsg_pub/lib/python3.6/site-packages:/home/kenneth/PycharmProjects/ros2_ws_fix/install/sensor_fusion_msgs/lib/python3.6/site-packages:/home/kenneth/PycharmProjects/ros2_ws_fix/build/sf_ros2_vinerow_sub:/home/kenneth/PycharmProjects/ros2_ws_fix/install/sf_ros2_vinerow_sub/lib/python3.6/site-packages:/home/kenneth/PycharmProjects/ros2_ws_fix/build/sensor_fusion_subscriber:/home/kenneth/PycharmProjects/ros2_ws_fix/install/sensor_fusion_subscriber/lib/python3.6/site-packages:/home/kenneth/PycharmProjects/ros2_ws_fix/build/ros2_demo_custommsg_pub:/home/kenneth/PycharmProjects/ros2_ws_fix/install/ros2_demo_custommsg_pub/lib/python3.6/site-packages:/home/kenneth/PycharmProjects/ros2_ws_fix/install/sensor_fusion_msg_types/lib/python3.6/site-packages:/home/kenneth/PycharmProjects/ros2_ws_fix/build/ros2_demo_subscriber:/home/kenneth/PycharmProjects/ros2_ws_fix/install/ros2_demo_subscriber/lib/python3.6/site-packages:/home/kenneth/PycharmProjects/ros2_ws_fix/build/ros2_demo_publisher:/home/kenneth/PycharmProjects/ros2_ws_fix/install/ros2_demo_publisher/lib/python3.6/site-packages:/home/kenneth/PycharmProjects/ros2_ws_fix/install/ros2_demo_custommsg_create/lib/python3.6/site-packages:/opt/ros/eloquent/lib/python3.6/site-packages /usr/bin/python3 setup.py develop --prefix /home/kenneth/PycharmProjects/ros2_ws_fix/install/ros2_demo_custommsg_pub --editable --build-directory /home/kenneth/PycharmProjects/ros2_ws_fix/build/ros2_demo_custommsg_pub/build --no-deps install_data --install-dir /home/kenneth/PycharmProjects/ros2_ws_fix/install/ros2_demo_custommsg_pub
[15.824s] Level 1:colcon.colcon_core.shell:create_environment_hook('ros2_demo_custommsg_pub', 'pythonpath_develop')
[15.830s] DEBUG:colcon.colcon_core.event_handler.log_command:Invoked command in '/home/kenneth/PycharmProjects/ros2_ws_fix/build/ros2_demo_custommsg_pub' returned '0': PYTHONPATH=/home/kenneth/PycharmProjects/ros2_ws_fix/install/ros2_demo_custommsg_pub/lib/python3.6/site-packages:/home/kenneth/PycharmProjects/ros2_ws_fix/install/sensor_fusion_msgs/lib/python3.6/site-packages:/home/kenneth/PycharmProjects/ros2_ws_fix/build/sf_ros2_vinerow_sub:/home/kenneth/PycharmProjects/ros2_ws_fix/install/sf_ros2_vinerow_sub/lib/python3.6/site-packages:/home/kenneth/PycharmProjects/ros2_ws_fix/build/sensor_fusion_subscriber:/home/kenneth/PycharmProjects/ros2_ws_fix/install/sensor_fusion_subscriber/lib/python3.6/site-packages:/home/kenneth/PycharmProjects/ros2_ws_fix/build/ros2_demo_custommsg_pub:/home/kenneth/PycharmProjects/ros2_ws_fix/install/ros2_demo_custommsg_pub/lib/python3.6/site-packages:/home/kenneth/PycharmProjects/ros2_ws_fix/install/sensor_fusion_msg_types/lib/python3.6/site-packages:/home/kenneth/PycharmProjects/ros2_ws_fix/build/ros2_demo_subscriber:/home/kenneth/PycharmProjects/ros2_ws_fix/install/ros2_demo_subscriber/lib/python3.6/site-packages:/home/kenneth/PycharmProjects/ros2_ws_fix/build/ros2_demo_publisher:/home/kenneth/PycharmProjects/ros2_ws_fix/install/ros2_demo_publisher/lib/python3.6/site-packages:/home/kenneth/PycharmProjects/ros2_ws_fix/install/ros2_demo_custommsg_create/lib/python3.6/site-packages:/opt/ros/eloquent/lib/python3.6/site-packages /usr/bin/python3 setup.py develop --prefix /home/kenneth/PycharmProjects/ros2_ws_fix/install/ros2_demo_custommsg_pub --editable --build-directory /home/kenneth/PycharmProjects/ros2_ws_fix/build/ros2_demo_custommsg_pub/build --no-deps install_data --install-dir /home/kenneth/PycharmProjects/ros2_ws_fix/install/ros2_demo_custommsg_pub
[15.834s] INFO:colcon.colcon_core.shell:Creating environment hook '/home/kenneth/PycharmProjects/ros2_ws_fix/build/ros2_demo_custommsg_pub/share/ros2_demo_custommsg_pub/hook/pythonpath_develop.ps1'
[15.835s] INFO:colcon.colcon_core.shell:Creating environment descriptor '/home/kenneth/PycharmProjects/ros2_ws_fix/build/ros2_demo_custommsg_pub/share/ros2_demo_custommsg_pub/hook/pythonpath_develop.dsv'
[15.836s] INFO:colcon.colcon_core.shell:Creating environment hook '/home/kenneth/PycharmProjects/ros2_ws_fix/build/ros2_demo_custommsg_pub/share/ros2_demo_custommsg_pub/hook/pythonpath_develop.sh'
[15.858s] Level 1:colcon.colcon_core.environment:checking '/home/kenneth/PycharmProjects/ros2_ws_fix/install/ros2_demo_custommsg_pub' for CMake module files
[15.859s] Level 1:colcon.colcon_core.environment:checking '/home/kenneth/PycharmProjects/ros2_ws_fix/install/ros2_demo_custommsg_pub' for CMake config files
[15.860s] Level 1:colcon.colcon_core.environment:checking '/home/kenneth/PycharmProjects/ros2_ws_fix/install/ros2_demo_custommsg_pub/lib'
[15.860s] Level 1:colcon.colcon_core.environment:checking '/home/kenneth/PycharmProjects/ros2_ws_fix/install/ros2_demo_custommsg_pub/bin'
[15.860s] Level 1:colcon.colcon_core.environment:checking '/home/kenneth/PycharmProjects/ros2_ws_fix/install/ros2_demo_custommsg_pub/lib/pkgconfig/ros2_demo_custommsg_pub.pc'
[15.860s] Level 1:colcon.colcon_core.environment:checking '/home/kenneth/PycharmProjects/ros2_ws_fix/install/ros2_demo_custommsg_pub/lib/python3.6/site-packages'
[15.860s] Level 1:colcon.colcon_core.shell:create_environment_hook('ros2_demo_custommsg_pub', 'pythonpath')
[15.869s] INFO:colcon.colcon_core.shell:Creating environment hook '/home/kenneth/PycharmProjects/ros2_ws_fix/install/ros2_demo_custommsg_pub/share/ros2_demo_custommsg_pub/hook/pythonpath.ps1'
[15.869s] INFO:colcon.colcon_core.shell:Creating environment descriptor '/home/kenneth/PycharmProjects/ros2_ws_fix/install/ros2_demo_custommsg_pub/share/ros2_demo_custommsg_pub/hook/pythonpath.dsv'
[15.870s] INFO:colcon.colcon_core.shell:Creating environment hook '/home/kenneth/PycharmProjects/ros2_ws_fix/install/ros2_demo_custommsg_pub/share/ros2_demo_custommsg_pub/hook/pythonpath.sh'
[15.870s] Level 1:colcon.colcon_core.environment:create_environment_scripts_only(ros2_demo_custommsg_pub)
[15.879s] INFO:colcon.colcon_core.shell:Creating package script '/home/kenneth/PycharmProjects/ros2_ws_fix/install/ros2_demo_custommsg_pub/share/ros2_demo_custommsg_pub/package.ps1'
[15.880s] INFO:colcon.colcon_core.shell:Creating package descriptor '/home/kenneth/PycharmProjects/ros2_ws_fix/install/ros2_demo_custommsg_pub/share/ros2_demo_custommsg_pub/package.dsv'
[15.881s] INFO:colcon.colcon_core.shell:Creating package script '/home/kenneth/PycharmProjects/ros2_ws_fix/install/ros2_demo_custommsg_pub/share/ros2_demo_custommsg_pub/package.sh'
[15.881s] INFO:colcon.colcon_core.shell:Creating package script '/home/kenneth/PycharmProjects/ros2_ws_fix/install/ros2_demo_custommsg_pub/share/ros2_demo_custommsg_pub/package.bash'
[15.882s] INFO:colcon.colcon_core.shell:Creating package script '/home/kenneth/PycharmProjects/ros2_ws_fix/install/ros2_demo_custommsg_pub/share/ros2_demo_custommsg_pub/package.zsh'
[15.882s] Level 1:colcon.colcon_core.environment:create_file_with_runtime_dependencies(/home/kenneth/PycharmProjects/ros2_ws_fix/install/ros2_demo_custommsg_pub/share/colcon-core/packages/ros2_demo_custommsg_pub)
[15.884s] INFO:colcon.colcon_ros.task.ament_python.build:Building ROS package in '/home/kenneth/PycharmProjects/ros2_ws_fix/src/sensor_fusion_subscriber' with build type 'ament_python'
[15.887s] Level 1:colcon.colcon_core.shell:create_environment_hook('sensor_fusion_subscriber', 'ament_prefix_path')
[15.895s] INFO:colcon.colcon_core.shell:Creating environment hook '/home/kenneth/PycharmProjects/ros2_ws_fix/install/sensor_fusion_subscriber/share/sensor_fusion_subscriber/hook/ament_prefix_path.ps1'
[15.896s] INFO:colcon.colcon_core.shell:Creating environment descriptor '/home/kenneth/PycharmProjects/ros2_ws_fix/install/sensor_fusion_subscriber/share/sensor_fusion_subscriber/hook/ament_prefix_path.dsv'
[15.896s] INFO:colcon.colcon_core.shell:Creating environment hook '/home/kenneth/PycharmProjects/ros2_ws_fix/install/sensor_fusion_subscriber/share/sensor_fusion_subscriber/hook/ament_prefix_path.sh'
[15.918s] INFO:colcon.colcon_core.shell:Skip shell extension 'powershell' for command environment: Not usable outside of PowerShell
[15.918s] DEBUG:colcon.colcon_core.shell:Skip shell extension 'dsv' for command environment
[15.926s] DEBUG:colcon.colcon_core.shell:Ignoring prefix path '/opt/ros/eloquent'
[16.275s] INFO:colcon.colcon_core.task.python.build:Building Python package in '/home/kenneth/PycharmProjects/ros2_ws_fix/src/sensor_fusion_subscriber'
[16.284s] INFO:colcon.colcon_core.shell:Skip shell extension 'powershell' for command environment: Not usable outside of PowerShell
[16.284s] DEBUG:colcon.colcon_core.shell:Skip shell extension 'dsv' for command environment
[16.292s] DEBUG:colcon.colcon_core.shell:Ignoring prefix path '/opt/ros/eloquent'
[16.300s] DEBUG:colcon.colcon_core.event_handler.log_command:Invoking command in '/home/kenneth/PycharmProjects/ros2_ws_fix/build/sensor_fusion_subscriber': PYTHONPATH=/home/kenneth/PycharmProjects/ros2_ws_fix/install/sensor_fusion_subscriber/lib/python3.6/site-packages:/home/kenneth/PycharmProjects/ros2_ws_fix/install/sensor_fusion_msgs/lib/python3.6/site-packages:/home/kenneth/PycharmProjects/ros2_ws_fix/build/sf_ros2_vinerow_sub:/home/kenneth/PycharmProjects/ros2_ws_fix/install/sf_ros2_vinerow_sub/lib/python3.6/site-packages:/home/kenneth/PycharmProjects/ros2_ws_fix/build/sensor_fusion_subscriber:/home/kenneth/PycharmProjects/ros2_ws_fix/install/sensor_fusion_subscriber/lib/python3.6/site-packages:/home/kenneth/PycharmProjects/ros2_ws_fix/build/ros2_demo_custommsg_pub:/home/kenneth/PycharmProjects/ros2_ws_fix/install/ros2_demo_custommsg_pub/lib/python3.6/site-packages:/home/kenneth/PycharmProjects/ros2_ws_fix/install/sensor_fusion_msg_types/lib/python3.6/site-packages:/home/kenneth/PycharmProjects/ros2_ws_fix/build/ros2_demo_subscriber:/home/kenneth/PycharmProjects/ros2_ws_fix/install/ros2_demo_subscriber/lib/python3.6/site-packages:/home/kenneth/PycharmProjects/ros2_ws_fix/build/ros2_demo_publisher:/home/kenneth/PycharmProjects/ros2_ws_fix/install/ros2_demo_publisher/lib/python3.6/site-packages:/home/kenneth/PycharmProjects/ros2_ws_fix/install/ros2_demo_custommsg_create/lib/python3.6/site-packages:/opt/ros/eloquent/lib/python3.6/site-packages /usr/bin/python3 setup.py develop --prefix /home/kenneth/PycharmProjects/ros2_ws_fix/install/sensor_fusion_subscriber --editable --build-directory /home/kenneth/PycharmProjects/ros2_ws_fix/build/sensor_fusion_subscriber/build --no-deps install_data --install-dir /home/kenneth/PycharmProjects/ros2_ws_fix/install/sensor_fusion_subscriber
[16.896s] Level 1:colcon.colcon_core.shell:create_environment_hook('sensor_fusion_subscriber', 'pythonpath_develop')
[16.902s] DEBUG:colcon.colcon_core.event_handler.log_command:Invoked command in '/home/kenneth/PycharmProjects/ros2_ws_fix/build/sensor_fusion_subscriber' returned '0': PYTHONPATH=/home/kenneth/PycharmProjects/ros2_ws_fix/install/sensor_fusion_subscriber/lib/python3.6/site-packages:/home/kenneth/PycharmProjects/ros2_ws_fix/install/sensor_fusion_msgs/lib/python3.6/site-packages:/home/kenneth/PycharmProjects/ros2_ws_fix/build/sf_ros2_vinerow_sub:/home/kenneth/PycharmProjects/ros2_ws_fix/install/sf_ros2_vinerow_sub/lib/python3.6/site-packages:/home/kenneth/PycharmProjects/ros2_ws_fix/build/sensor_fusion_subscriber:/home/kenneth/PycharmProjects/ros2_ws_fix/install/sensor_fusion_subscriber/lib/python3.6/site-packages:/home/kenneth/PycharmProjects/ros2_ws_fix/build/ros2_demo_custommsg_pub:/home/kenneth/PycharmProjects/ros2_ws_fix/install/ros2_demo_custommsg_pub/lib/python3.6/site-packages:/home/kenneth/PycharmProjects/ros2_ws_fix/install/sensor_fusion_msg_types/lib/python3.6/site-packages:/home/kenneth/PycharmProjects/ros2_ws_fix/build/ros2_demo_subscriber:/home/kenneth/PycharmProjects/ros2_ws_fix/install/ros2_demo_subscriber/lib/python3.6/site-packages:/home/kenneth/PycharmProjects/ros2_ws_fix/build/ros2_demo_publisher:/home/kenneth/PycharmProjects/ros2_ws_fix/install/ros2_demo_publisher/lib/python3.6/site-packages:/home/kenneth/PycharmProjects/ros2_ws_fix/install/ros2_demo_custommsg_create/lib/python3.6/site-packages:/opt/ros/eloquent/lib/python3.6/site-packages /usr/bin/python3 setup.py develop --prefix /home/kenneth/PycharmProjects/ros2_ws_fix/install/sensor_fusion_subscriber --editable --build-directory /home/kenneth/PycharmProjects/ros2_ws_fix/build/sensor_fusion_subscriber/build --no-deps install_data --install-dir /home/kenneth/PycharmProjects/ros2_ws_fix/install/sensor_fusion_subscriber
[16.910s] INFO:colcon.colcon_core.shell:Creating environment hook '/home/kenneth/PycharmProjects/ros2_ws_fix/build/sensor_fusion_subscriber/share/sensor_fusion_subscriber/hook/pythonpath_develop.ps1'
[16.911s] INFO:colcon.colcon_core.shell:Creating environment descriptor '/home/kenneth/PycharmProjects/ros2_ws_fix/build/sensor_fusion_subscriber/share/sensor_fusion_subscriber/hook/pythonpath_develop.dsv'
[16.912s] INFO:colcon.colcon_core.shell:Creating environment hook '/home/kenneth/PycharmProjects/ros2_ws_fix/build/sensor_fusion_subscriber/share/sensor_fusion_subscriber/hook/pythonpath_develop.sh'
[16.928s] Level 1:colcon.colcon_core.environment:checking '/home/kenneth/PycharmProjects/ros2_ws_fix/install/sensor_fusion_subscriber' for CMake module files
[16.929s] Level 1:colcon.colcon_core.environment:checking '/home/kenneth/PycharmProjects/ros2_ws_fix/install/sensor_fusion_subscriber' for CMake config files
[16.930s] Level 1:colcon.colcon_core.environment:checking '/home/kenneth/PycharmProjects/ros2_ws_fix/install/sensor_fusion_subscriber/lib'
[16.930s] Level 1:colcon.colcon_core.environment:checking '/home/kenneth/PycharmProjects/ros2_ws_fix/install/sensor_fusion_subscriber/bin'
[16.930s] Level 1:colcon.colcon_core.environment:checking '/home/kenneth/PycharmProjects/ros2_ws_fix/install/sensor_fusion_subscriber/lib/pkgconfig/sensor_fusion_subscriber.pc'
[16.930s] Level 1:colcon.colcon_core.environment:checking '/home/kenneth/PycharmProjects/ros2_ws_fix/install/sensor_fusion_subscriber/lib/python3.6/site-packages'
[16.930s] Level 1:colcon.colcon_core.shell:create_environment_hook('sensor_fusion_subscriber', 'pythonpath')
[16.942s] INFO:colcon.colcon_core.shell:Creating environment hook '/home/kenneth/PycharmProjects/ros2_ws_fix/install/sensor_fusion_subscriber/share/sensor_fusion_subscriber/hook/pythonpath.ps1'
[16.943s] INFO:colcon.colcon_core.shell:Creating environment descriptor '/home/kenneth/PycharmProjects/ros2_ws_fix/install/sensor_fusion_subscriber/share/sensor_fusion_subscriber/hook/pythonpath.dsv'
[16.944s] INFO:colcon.colcon_core.shell:Creating environment hook '/home/kenneth/PycharmProjects/ros2_ws_fix/install/sensor_fusion_subscriber/share/sensor_fusion_subscriber/hook/pythonpath.sh'
[16.944s] Level 1:colcon.colcon_core.environment:create_environment_scripts_only(sensor_fusion_subscriber)
[16.976s] INFO:colcon.colcon_core.shell:Creating package script '/home/kenneth/PycharmProjects/ros2_ws_fix/install/sensor_fusion_subscriber/share/sensor_fusion_subscriber/package.ps1'
[16.977s] INFO:colcon.colcon_core.shell:Creating package descriptor '/home/kenneth/PycharmProjects/ros2_ws_fix/install/sensor_fusion_subscriber/share/sensor_fusion_subscriber/package.dsv'
[16.978s] INFO:colcon.colcon_core.shell:Creating package script '/home/kenneth/PycharmProjects/ros2_ws_fix/install/sensor_fusion_subscriber/share/sensor_fusion_subscriber/package.sh'
[16.978s] INFO:colcon.colcon_core.shell:Creating package script '/home/kenneth/PycharmProjects/ros2_ws_fix/install/sensor_fusion_subscriber/share/sensor_fusion_subscriber/package.bash'
[16.979s] INFO:colcon.colcon_core.shell:Creating package script '/home/kenneth/PycharmProjects/ros2_ws_fix/install/sensor_fusion_subscriber/share/sensor_fusion_subscriber/package.zsh'
[16.979s] Level 1:colcon.colcon_core.environment:create_file_with_runtime_dependencies(/home/kenneth/PycharmProjects/ros2_ws_fix/install/sensor_fusion_subscriber/share/colcon-core/packages/sensor_fusion_subscriber)
[16.980s] INFO:colcon.colcon_ros.task.ament_python.build:Building ROS package in '/home/kenneth/PycharmProjects/ros2_ws_fix/src/sf_ros2_vinerow_sub' with build type 'ament_python'
[16.985s] Level 1:colcon.colcon_core.shell:create_environment_hook('sf_ros2_vinerow_sub', 'ament_prefix_path')
[17.009s] INFO:colcon.colcon_core.shell:Creating environment hook '/home/kenneth/PycharmProjects/ros2_ws_fix/install/sf_ros2_vinerow_sub/share/sf_ros2_vinerow_sub/hook/ament_prefix_path.ps1'
[17.010s] INFO:colcon.colcon_core.shell:Creating environment descriptor '/home/kenneth/PycharmProjects/ros2_ws_fix/install/sf_ros2_vinerow_sub/share/sf_ros2_vinerow_sub/hook/ament_prefix_path.dsv'
[17.011s] INFO:colcon.colcon_core.shell:Creating environment hook '/home/kenneth/PycharmProjects/ros2_ws_fix/install/sf_ros2_vinerow_sub/share/sf_ros2_vinerow_sub/hook/ament_prefix_path.sh'
[17.021s] INFO:colcon.colcon_core.shell:Skip shell extension 'powershell' for command environment: Not usable outside of PowerShell
[17.021s] DEBUG:colcon.colcon_core.shell:Skip shell extension 'dsv' for command environment
[17.030s] DEBUG:colcon.colcon_core.shell:Ignoring prefix path '/opt/ros/eloquent'
[17.404s] INFO:colcon.colcon_core.task.python.build:Building Python package in '/home/kenneth/PycharmProjects/ros2_ws_fix/src/sf_ros2_vinerow_sub'
[17.414s] INFO:colcon.colcon_core.shell:Skip shell extension 'powershell' for command environment: Not usable outside of PowerShell
[17.414s] DEBUG:colcon.colcon_core.shell:Skip shell extension 'dsv' for command environment
[17.422s] DEBUG:colcon.colcon_core.shell:Ignoring prefix path '/opt/ros/eloquent'
[17.431s] DEBUG:colcon.colcon_core.event_handler.log_command:Invoking command in '/home/kenneth/PycharmProjects/ros2_ws_fix/build/sf_ros2_vinerow_sub': PYTHONPATH=/home/kenneth/PycharmProjects/ros2_ws_fix/install/sf_ros2_vinerow_sub/lib/python3.6/site-packages:/home/kenneth/PycharmProjects/ros2_ws_fix/install/sensor_fusion_msgs/lib/python3.6/site-packages:/home/kenneth/PycharmProjects/ros2_ws_fix/build/sf_ros2_vinerow_sub:/home/kenneth/PycharmProjects/ros2_ws_fix/install/sf_ros2_vinerow_sub/lib/python3.6/site-packages:/home/kenneth/PycharmProjects/ros2_ws_fix/build/sensor_fusion_subscriber:/home/kenneth/PycharmProjects/ros2_ws_fix/install/sensor_fusion_subscriber/lib/python3.6/site-packages:/home/kenneth/PycharmProjects/ros2_ws_fix/build/ros2_demo_custommsg_pub:/home/kenneth/PycharmProjects/ros2_ws_fix/install/ros2_demo_custommsg_pub/lib/python3.6/site-packages:/home/kenneth/PycharmProjects/ros2_ws_fix/install/sensor_fusion_msg_types/lib/python3.6/site-packages:/home/kenneth/PycharmProjects/ros2_ws_fix/build/ros2_demo_subscriber:/home/kenneth/PycharmProjects/ros2_ws_fix/install/ros2_demo_subscriber/lib/python3.6/site-packages:/home/kenneth/PycharmProjects/ros2_ws_fix/build/ros2_demo_publisher:/home/kenneth/PycharmProjects/ros2_ws_fix/install/ros2_demo_publisher/lib/python3.6/site-packages:/home/kenneth/PycharmProjects/ros2_ws_fix/install/ros2_demo_custommsg_create/lib/python3.6/site-packages:/opt/ros/eloquent/lib/python3.6/site-packages /usr/bin/python3 setup.py develop --prefix /home/kenneth/PycharmProjects/ros2_ws_fix/install/sf_ros2_vinerow_sub --editable --build-directory /home/kenneth/PycharmProjects/ros2_ws_fix/build/sf_ros2_vinerow_sub/build --no-deps install_data --install-dir /home/kenneth/PycharmProjects/ros2_ws_fix/install/sf_ros2_vinerow_sub
[18.021s] Level 1:colcon.colcon_core.shell:create_environment_hook('sf_ros2_vinerow_sub', 'pythonpath_develop')
[18.029s] DEBUG:colcon.colcon_core.event_handler.log_command:Invoked command in '/home/kenneth/PycharmProjects/ros2_ws_fix/build/sf_ros2_vinerow_sub' returned '0': PYTHONPATH=/home/kenneth/PycharmProjects/ros2_ws_fix/install/sf_ros2_vinerow_sub/lib/python3.6/site-packages:/home/kenneth/PycharmProjects/ros2_ws_fix/install/sensor_fusion_msgs/lib/python3.6/site-packages:/home/kenneth/PycharmProjects/ros2_ws_fix/build/sf_ros2_vinerow_sub:/home/kenneth/PycharmProjects/ros2_ws_fix/install/sf_ros2_vinerow_sub/lib/python3.6/site-packages:/home/kenneth/PycharmProjects/ros2_ws_fix/build/sensor_fusion_subscriber:/home/kenneth/PycharmProjects/ros2_ws_fix/install/sensor_fusion_subscriber/lib/python3.6/site-packages:/home/kenneth/PycharmProjects/ros2_ws_fix/build/ros2_demo_custommsg_pub:/home/kenneth/PycharmProjects/ros2_ws_fix/install/ros2_demo_custommsg_pub/lib/python3.6/site-packages:/home/kenneth/PycharmProjects/ros2_ws_fix/install/sensor_fusion_msg_types/lib/python3.6/site-packages:/home/kenneth/PycharmProjects/ros2_ws_fix/build/ros2_demo_subscriber:/home/kenneth/PycharmProjects/ros2_ws_fix/install/ros2_demo_subscriber/lib/python3.6/site-packages:/home/kenneth/PycharmProjects/ros2_ws_fix/build/ros2_demo_publisher:/home/kenneth/PycharmProjects/ros2_ws_fix/install/ros2_demo_publisher/lib/python3.6/site-packages:/home/kenneth/PycharmProjects/ros2_ws_fix/install/ros2_demo_custommsg_create/lib/python3.6/site-packages:/opt/ros/eloquent/lib/python3.6/site-packages /usr/bin/python3 setup.py develop --prefix /home/kenneth/PycharmProjects/ros2_ws_fix/install/sf_ros2_vinerow_sub --editable --build-directory /home/kenneth/PycharmProjects/ros2_ws_fix/build/sf_ros2_vinerow_sub/build --no-deps install_data --install-dir /home/kenneth/PycharmProjects/ros2_ws_fix/install/sf_ros2_vinerow_sub
[18.031s] INFO:colcon.colcon_core.shell:Creating environment hook '/home/kenneth/PycharmProjects/ros2_ws_fix/build/sf_ros2_vinerow_sub/share/sf_ros2_vinerow_sub/hook/pythonpath_develop.ps1'
[18.032s] INFO:colcon.colcon_core.shell:Creating environment descriptor '/home/kenneth/PycharmProjects/ros2_ws_fix/build/sf_ros2_vinerow_sub/share/sf_ros2_vinerow_sub/hook/pythonpath_develop.dsv'
[18.033s] INFO:colcon.colcon_core.shell:Creating environment hook '/home/kenneth/PycharmProjects/ros2_ws_fix/build/sf_ros2_vinerow_sub/share/sf_ros2_vinerow_sub/hook/pythonpath_develop.sh'
[18.042s] Level 1:colcon.colcon_core.environment:checking '/home/kenneth/PycharmProjects/ros2_ws_fix/install/sf_ros2_vinerow_sub' for CMake module files
[18.042s] Level 1:colcon.colcon_core.environment:checking '/home/kenneth/PycharmProjects/ros2_ws_fix/install/sf_ros2_vinerow_sub' for CMake config files
[18.043s] Level 1:colcon.colcon_core.environment:checking '/home/kenneth/PycharmProjects/ros2_ws_fix/install/sf_ros2_vinerow_sub/lib'
[18.043s] Level 1:colcon.colcon_core.environment:checking '/home/kenneth/PycharmProjects/ros2_ws_fix/install/sf_ros2_vinerow_sub/bin'
[18.043s] Level 1:colcon.colcon_core.environment:checking '/home/kenneth/PycharmProjects/ros2_ws_fix/install/sf_ros2_vinerow_sub/lib/pkgconfig/sf_ros2_vinerow_sub.pc'
[18.044s] Level 1:colcon.colcon_core.environment:checking '/home/kenneth/PycharmProjects/ros2_ws_fix/install/sf_ros2_vinerow_sub/lib/python3.6/site-packages'
[18.044s] Level 1:colcon.colcon_core.shell:create_environment_hook('sf_ros2_vinerow_sub', 'pythonpath')
[18.052s] INFO:colcon.colcon_core.shell:Creating environment hook '/home/kenneth/PycharmProjects/ros2_ws_fix/install/sf_ros2_vinerow_sub/share/sf_ros2_vinerow_sub/hook/pythonpath.ps1'
[18.053s] INFO:colcon.colcon_core.shell:Creating environment descriptor '/home/kenneth/PycharmProjects/ros2_ws_fix/install/sf_ros2_vinerow_sub/share/sf_ros2_vinerow_sub/hook/pythonpath.dsv'
[18.054s] INFO:colcon.colcon_core.shell:Creating environment hook '/home/kenneth/PycharmProjects/ros2_ws_fix/install/sf_ros2_vinerow_sub/share/sf_ros2_vinerow_sub/hook/pythonpath.sh'
[18.054s] Level 1:colcon.colcon_core.environment:create_environment_scripts_only(sf_ros2_vinerow_sub)
[18.063s] INFO:colcon.colcon_core.shell:Creating package script '/home/kenneth/PycharmProjects/ros2_ws_fix/install/sf_ros2_vinerow_sub/share/sf_ros2_vinerow_sub/package.ps1'
[18.064s] INFO:colcon.colcon_core.shell:Creating package descriptor '/home/kenneth/PycharmProjects/ros2_ws_fix/install/sf_ros2_vinerow_sub/share/sf_ros2_vinerow_sub/package.dsv'
[18.064s] INFO:colcon.colcon_core.shell:Creating package script '/home/kenneth/PycharmProjects/ros2_ws_fix/install/sf_ros2_vinerow_sub/share/sf_ros2_vinerow_sub/package.sh'
[18.065s] INFO:colcon.colcon_core.shell:Creating package script '/home/kenneth/PycharmProjects/ros2_ws_fix/install/sf_ros2_vinerow_sub/share/sf_ros2_vinerow_sub/package.bash'
[18.065s] INFO:colcon.colcon_core.shell:Creating package script '/home/kenneth/PycharmProjects/ros2_ws_fix/install/sf_ros2_vinerow_sub/share/sf_ros2_vinerow_sub/package.zsh'
[18.066s] Level 1:colcon.colcon_core.environment:create_file_with_runtime_dependencies(/home/kenneth/PycharmProjects/ros2_ws_fix/install/sf_ros2_vinerow_sub/share/colcon-core/packages/sf_ros2_vinerow_sub)
[18.067s] DEBUG:colcon.colcon_parallel_executor.executor.parallel:closing loop
[18.068s] DEBUG:colcon.colcon_parallel_executor.executor.parallel:loop closed
[18.068s] DEBUG:colcon.colcon_parallel_executor.executor.parallel:run_until_complete finished with '0'
[18.068s] DEBUG:colcon.colcon_core.event_reactor:joining thread
[18.091s] INFO:colcon.colcon_core.plugin_system:Skipping extension 'colcon_notification.desktop_notification.terminal_notifier': Not used on non-Darwin systems
[18.091s] INFO:colcon.colcon_core.plugin_system:Skipping extension 'colcon_notification.desktop_notification.win32': Not used on non-Windows systems
[18.091s] INFO:colcon.colcon_notification.desktop_notification:Sending desktop notification using 'notify2'
[18.098s] DEBUG:colcon.colcon_core.event_reactor:joined thread
[18.114s] INFO:colcon.colcon_core.shell:Creating prefix script '/home/kenneth/PycharmProjects/ros2_ws_fix/install/local_setup.ps1'
[18.120s] INFO:colcon.colcon_core.shell:Creating prefix util module '/home/kenneth/PycharmProjects/ros2_ws_fix/install/_local_setup_util_ps1.py'
[18.122s] INFO:colcon.colcon_core.shell:Creating prefix chain script '/home/kenneth/PycharmProjects/ros2_ws_fix/install/setup.ps1'
[18.141s] INFO:colcon.colcon_core.shell:Creating prefix script '/home/kenneth/PycharmProjects/ros2_ws_fix/install/local_setup.sh'
[18.142s] INFO:colcon.colcon_core.shell:Creating prefix util module '/home/kenneth/PycharmProjects/ros2_ws_fix/install/_local_setup_util_sh.py'
[18.142s] INFO:colcon.colcon_core.shell:Creating prefix chain script '/home/kenneth/PycharmProjects/ros2_ws_fix/install/setup.sh'
[18.159s] INFO:colcon.colcon_core.shell:Creating prefix script '/home/kenneth/PycharmProjects/ros2_ws_fix/install/local_setup.bash'
[18.160s] INFO:colcon.colcon_core.shell:Creating prefix chain script '/home/kenneth/PycharmProjects/ros2_ws_fix/install/setup.bash'
[18.171s] INFO:colcon.colcon_core.shell:Creating prefix script '/home/kenneth/PycharmProjects/ros2_ws_fix/install/local_setup.zsh'
[18.172s] INFO:colcon.colcon_core.shell:Creating prefix chain script '/home/kenneth/PycharmProjects/ros2_ws_fix/install/setup.zsh'
