[  3%] [34m[1mGenerating C++ code for ROS interfaces[0m
[  3%] Built target sensor_fusion_msgs__cpp
[  6%] [34m[1mGenerating C++ type support for eProsima Fast-RTPS[0m
[35m[1mScanning dependencies of target sensor_fusion_msgs__rosidl_typesupport_fastrtps_cpp[0m
[ 10%] [32mBuilding CXX object CMakeFiles/sensor_fusion_msgs__rosidl_typesupport_fastrtps_cpp.dir/rosidl_typesupport_fastrtps_cpp/sensor_fusion_msgs/msg/dds_fastrtps/vinerows__type_support.cpp.o[0m
[ 13%] [32m[1mLinking CXX shared library libsensor_fusion_msgs__rosidl_typesupport_fastrtps_cpp.so[0m
[ 13%] Built target sensor_fusion_msgs__rosidl_typesupport_fastrtps_cpp
[ 17%] [34m[1mGenerating C++ type support dispatch for ROS interfaces[0m
[35m[1mScanning dependencies of target sensor_fusion_msgs__rosidl_typesupport_cpp[0m
[ 20%] [32mBuilding CXX object CMakeFiles/sensor_fusion_msgs__rosidl_typesupport_cpp.dir/rosidl_typesupport_cpp/sensor_fusion_msgs/msg/vinerows__type_support.cpp.o[0m
[ 24%] [32m[1mLinking CXX shared library libsensor_fusion_msgs__rosidl_typesupport_cpp.so[0m
[ 24%] Built target sensor_fusion_msgs__rosidl_typesupport_cpp
[ 27%] [34m[1mGenerating C code for ROS interfaces[0m
[35m[1mScanning dependencies of target sensor_fusion_msgs__rosidl_generator_c[0m
[ 31%] [32mBuilding C object CMakeFiles/sensor_fusion_msgs__rosidl_generator_c.dir/rosidl_generator_c/sensor_fusion_msgs/msg/vinerows__functions.c.o[0m
[ 34%] [32m[1mLinking C shared library libsensor_fusion_msgs__rosidl_generator_c.so[0m
[ 34%] Built target sensor_fusion_msgs__rosidl_generator_c
[ 37%] [34m[1mGenerating C type support for eProsima Fast-RTPS[0m
[35m[1mScanning dependencies of target sensor_fusion_msgs__rosidl_typesupport_fastrtps_c[0m
[ 41%] [32mBuilding CXX object CMakeFiles/sensor_fusion_msgs__rosidl_typesupport_fastrtps_c.dir/rosidl_typesupport_fastrtps_c/sensor_fusion_msgs/msg/vinerows__type_support_c.cpp.o[0m
[ 44%] [32m[1mLinking CXX shared library libsensor_fusion_msgs__rosidl_typesupport_fastrtps_c.so[0m
[ 44%] Built target sensor_fusion_msgs__rosidl_typesupport_fastrtps_c
[ 48%] [34m[1mGenerating C type support dispatch for ROS interfaces[0m
[35m[1mScanning dependencies of target sensor_fusion_msgs__rosidl_typesupport_c[0m
[ 51%] [32mBuilding CXX object CMakeFiles/sensor_fusion_msgs__rosidl_typesupport_c.dir/rosidl_typesupport_c/sensor_fusion_msgs/msg/vinerows__type_support.cpp.o[0m
[ 55%] [32m[1mLinking CXX shared library libsensor_fusion_msgs__rosidl_typesupport_c.so[0m
[ 55%] Built target sensor_fusion_msgs__rosidl_typesupport_c
[ 58%] [34m[1mGenerating C introspection for ROS interfaces[0m
[35m[1mScanning dependencies of target sensor_fusion_msgs__rosidl_typesupport_introspection_c[0m
[ 62%] [32mBuilding C object CMakeFiles/sensor_fusion_msgs__rosidl_typesupport_introspection_c.dir/rosidl_typesupport_introspection_c/sensor_fusion_msgs/msg/vinerows__type_support.c.o[0m
[ 65%] [32m[1mLinking C shared library libsensor_fusion_msgs__rosidl_typesupport_introspection_c.so[0m
[ 65%] Built target sensor_fusion_msgs__rosidl_typesupport_introspection_c
[ 68%] [34m[1mGenerating C++ introspection for ROS interfaces[0m
[35m[1mScanning dependencies of target sensor_fusion_msgs__rosidl_typesupport_introspection_cpp[0m
[ 72%] [32mBuilding CXX object CMakeFiles/sensor_fusion_msgs__rosidl_typesupport_introspection_cpp.dir/rosidl_typesupport_introspection_cpp/sensor_fusion_msgs/msg/vinerows__type_support.cpp.o[0m
[ 75%] [32m[1mLinking CXX shared library libsensor_fusion_msgs__rosidl_typesupport_introspection_cpp.so[0m
[ 75%] Built target sensor_fusion_msgs__rosidl_typesupport_introspection_cpp
[ 75%] Built target sensor_fusion_msgs
[ 79%] [34m[1mGenerating Python code for ROS interfaces[0m
[ 79%] Built target sensor_fusion_msgs__py
[35m[1mScanning dependencies of target sensor_fusion_msgs__python[0m
[ 82%] [32mBuilding C object CMakeFiles/sensor_fusion_msgs__python.dir/rosidl_generator_py/sensor_fusion_msgs/msg/_vinerows_s.c.o[0m
[ 86%] [32m[1mLinking CXX shared library rosidl_generator_py/sensor_fusion_msgs/libsensor_fusion_msgs__python.so[0m
[ 86%] Built target sensor_fusion_msgs__python
[35m[1mScanning dependencies of target sensor_fusion_msgs__rosidl_typesupport_c__pyext[0m
[ 89%] [32mBuilding C object CMakeFiles/sensor_fusion_msgs__rosidl_typesupport_c__pyext.dir/rosidl_generator_py/sensor_fusion_msgs/_sensor_fusion_msgs_s.ep.rosidl_typesupport_c.c.o[0m
[ 93%] [32m[1mLinking CXX shared library rosidl_generator_py/sensor_fusion_msgs/sensor_fusion_msgs_s__rosidl_typesupport_c.cpython-36m-x86_64-linux-gnu.so[0m
[ 93%] Built target sensor_fusion_msgs__rosidl_typesupport_c__pyext
[35m[1mScanning dependencies of target sensor_fusion_msgs__rosidl_typesupport_fastrtps_c__pyext[0m
[ 96%] [32mBuilding C object CMakeFiles/sensor_fusion_msgs__rosidl_typesupport_fastrtps_c__pyext.dir/rosidl_generator_py/sensor_fusion_msgs/_sensor_fusion_msgs_s.ep.rosidl_typesupport_fastrtps_c.c.o[0m
[100%] [32m[1mLinking CXX shared library rosidl_generator_py/sensor_fusion_msgs/sensor_fusion_msgs_s__rosidl_typesupport_fastrtps_c.cpython-36m-x86_64-linux-gnu.so[0m
[100%] Built target sensor_fusion_msgs__rosidl_typesupport_fastrtps_c__pyext
[  3%] Built target sensor_fusion_msgs__cpp
[ 13%] Built target sensor_fusion_msgs__rosidl_typesupport_fastrtps_cpp
[ 24%] Built target sensor_fusion_msgs__rosidl_typesupport_cpp
[ 34%] Built target sensor_fusion_msgs__rosidl_generator_c
[ 44%] Built target sensor_fusion_msgs__rosidl_typesupport_fastrtps_c
[ 55%] Built target sensor_fusion_msgs__rosidl_typesupport_c
[ 65%] Built target sensor_fusion_msgs__rosidl_typesupport_introspection_c
[ 75%] Built target sensor_fusion_msgs__rosidl_typesupport_introspection_cpp
[ 75%] Built target sensor_fusion_msgs
[ 79%] Built target sensor_fusion_msgs__py
[ 86%] Built target sensor_fusion_msgs__python
[ 93%] Built target sensor_fusion_msgs__rosidl_typesupport_c__pyext
[100%] Built target sensor_fusion_msgs__rosidl_typesupport_fastrtps_c__pyext
[36mInstall the project...[0m
-- Install configuration: ""
-- Execute custom install script
-- Up-to-date symlink: /home/kenneth/PycharmProjects/ros2_ws_fix/install/sensor_fusion_msgs/share/ament_index/resource_index/rosidl_interfaces/sensor_fusion_msgs
-- Up-to-date symlink: /home/kenneth/PycharmProjects/ros2_ws_fix/install/sensor_fusion_msgs/lib/libsensor_fusion_msgs__rosidl_typesupport_c.so
-- Up-to-date symlink: /home/kenneth/PycharmProjects/ros2_ws_fix/install/sensor_fusion_msgs/share/sensor_fusion_msgs/environment/library_path.sh
-- Up-to-date symlink: /home/kenneth/PycharmProjects/ros2_ws_fix/install/sensor_fusion_msgs/share/sensor_fusion_msgs/environment/library_path.dsv
-- Up-to-date symlink: /home/kenneth/PycharmProjects/ros2_ws_fix/install/sensor_fusion_msgs/lib/libsensor_fusion_msgs__rosidl_typesupport_cpp.so
-- Up-to-date symlink: /home/kenneth/PycharmProjects/ros2_ws_fix/install/sensor_fusion_msgs/include/sensor_fusion_msgs/msg/rosidl_typesupport_fastrtps_c__visibility_control.h
-- Up-to-date symlink: /home/kenneth/PycharmProjects/ros2_ws_fix/install/sensor_fusion_msgs/include/sensor_fusion_msgs/msg/vinerows__rosidl_typesupport_fastrtps_c.h
-- Up-to-date symlink: /home/kenneth/PycharmProjects/ros2_ws_fix/install/sensor_fusion_msgs/lib/libsensor_fusion_msgs__rosidl_typesupport_fastrtps_c.so
-- Up-to-date symlink: /home/kenneth/PycharmProjects/ros2_ws_fix/install/sensor_fusion_msgs/include/sensor_fusion_msgs/msg/rosidl_generator_c__visibility_control.h
-- Up-to-date symlink: /home/kenneth/PycharmProjects/ros2_ws_fix/install/sensor_fusion_msgs/include/sensor_fusion_msgs/msg/vinerows.h
-- Up-to-date symlink: /home/kenneth/PycharmProjects/ros2_ws_fix/install/sensor_fusion_msgs/include/sensor_fusion_msgs/msg/vinerows__functions.h
-- Up-to-date symlink: /home/kenneth/PycharmProjects/ros2_ws_fix/install/sensor_fusion_msgs/include/sensor_fusion_msgs/msg/vinerows__struct.h
-- Up-to-date symlink: /home/kenneth/PycharmProjects/ros2_ws_fix/install/sensor_fusion_msgs/include/sensor_fusion_msgs/msg/vinerows__type_support.h
-- Up-to-date symlink: /home/kenneth/PycharmProjects/ros2_ws_fix/install/sensor_fusion_msgs/lib/libsensor_fusion_msgs__rosidl_generator_c.so
-- Up-to-date symlink: /home/kenneth/PycharmProjects/ros2_ws_fix/install/sensor_fusion_msgs/include/sensor_fusion_msgs/msg/rosidl_typesupport_fastrtps_cpp__visibility_control.h
-- Up-to-date symlink: /home/kenneth/PycharmProjects/ros2_ws_fix/install/sensor_fusion_msgs/include/sensor_fusion_msgs/msg/vinerows__rosidl_typesupport_fastrtps_cpp.hpp
-- Up-to-date symlink: /home/kenneth/PycharmProjects/ros2_ws_fix/install/sensor_fusion_msgs/lib/libsensor_fusion_msgs__rosidl_typesupport_fastrtps_cpp.so
-- Up-to-date symlink: /home/kenneth/PycharmProjects/ros2_ws_fix/install/sensor_fusion_msgs/include/sensor_fusion_msgs/msg/vinerows.hpp
-- Up-to-date symlink: /home/kenneth/PycharmProjects/ros2_ws_fix/install/sensor_fusion_msgs/include/sensor_fusion_msgs/msg/vinerows__struct.hpp
-- Up-to-date symlink: /home/kenneth/PycharmProjects/ros2_ws_fix/install/sensor_fusion_msgs/include/sensor_fusion_msgs/msg/vinerows__traits.hpp
-- Up-to-date symlink: /home/kenneth/PycharmProjects/ros2_ws_fix/install/sensor_fusion_msgs/include/sensor_fusion_msgs/msg/rosidl_typesupport_introspection_c__visibility_control.h
-- Up-to-date symlink: /home/kenneth/PycharmProjects/ros2_ws_fix/install/sensor_fusion_msgs/include/sensor_fusion_msgs/msg/vinerows__rosidl_typesupport_introspection_c.h
-- Up-to-date symlink: /home/kenneth/PycharmProjects/ros2_ws_fix/install/sensor_fusion_msgs/lib/libsensor_fusion_msgs__rosidl_typesupport_introspection_c.so
-- Up-to-date symlink: /home/kenneth/PycharmProjects/ros2_ws_fix/install/sensor_fusion_msgs/include/sensor_fusion_msgs/msg/vinerows__rosidl_typesupport_introspection_cpp.hpp
-- Up-to-date symlink: /home/kenneth/PycharmProjects/ros2_ws_fix/install/sensor_fusion_msgs/lib/libsensor_fusion_msgs__rosidl_typesupport_introspection_cpp.so
-- Up-to-date symlink: /home/kenneth/PycharmProjects/ros2_ws_fix/install/sensor_fusion_msgs/share/sensor_fusion_msgs/environment/pythonpath.sh
-- Up-to-date symlink: /home/kenneth/PycharmProjects/ros2_ws_fix/install/sensor_fusion_msgs/share/sensor_fusion_msgs/environment/pythonpath.dsv
-- Up-to-date symlink: /home/kenneth/PycharmProjects/ros2_ws_fix/install/sensor_fusion_msgs/lib/python3.6/site-packages/sensor_fusion_msgs/__init__.py
-- Up-to-date symlink: /home/kenneth/PycharmProjects/ros2_ws_fix/install/sensor_fusion_msgs/lib/python3.6/site-packages/sensor_fusion_msgs/msg/__init__.py
-- Up-to-date symlink: /home/kenneth/PycharmProjects/ros2_ws_fix/install/sensor_fusion_msgs/lib/python3.6/site-packages/sensor_fusion_msgs/msg/_vinerows.py
-- Up-to-date symlink: /home/kenneth/PycharmProjects/ros2_ws_fix/install/sensor_fusion_msgs/lib/python3.6/site-packages/sensor_fusion_msgs/sensor_fusion_msgs_s__rosidl_typesupport_c.cpython-36m-x86_64-linux-gnu.so
-- Up-to-date symlink: /home/kenneth/PycharmProjects/ros2_ws_fix/install/sensor_fusion_msgs/lib/python3.6/site-packages/sensor_fusion_msgs/sensor_fusion_msgs_s__rosidl_typesupport_fastrtps_c.cpython-36m-x86_64-linux-gnu.so
-- Up-to-date symlink: /home/kenneth/PycharmProjects/ros2_ws_fix/install/sensor_fusion_msgs/lib/libsensor_fusion_msgs__python.so
-- Up-to-date symlink: /home/kenneth/PycharmProjects/ros2_ws_fix/install/sensor_fusion_msgs/share/sensor_fusion_msgs/msg/Vinerows.idl
-- Up-to-date symlink: /home/kenneth/PycharmProjects/ros2_ws_fix/install/sensor_fusion_msgs/share/sensor_fusion_msgs/msg/Vinerows.msg
-- Up-to-date symlink: /home/kenneth/PycharmProjects/ros2_ws_fix/install/sensor_fusion_msgs/share/ament_index/resource_index/package_run_dependencies/sensor_fusion_msgs
-- Up-to-date symlink: /home/kenneth/PycharmProjects/ros2_ws_fix/install/sensor_fusion_msgs/share/ament_index/resource_index/parent_prefix_path/sensor_fusion_msgs
-- Up-to-date symlink: /home/kenneth/PycharmProjects/ros2_ws_fix/install/sensor_fusion_msgs/share/sensor_fusion_msgs/environment/ament_prefix_path.sh
-- Up-to-date symlink: /home/kenneth/PycharmProjects/ros2_ws_fix/install/sensor_fusion_msgs/share/sensor_fusion_msgs/environment/ament_prefix_path.dsv
-- Up-to-date symlink: /home/kenneth/PycharmProjects/ros2_ws_fix/install/sensor_fusion_msgs/share/sensor_fusion_msgs/environment/path.sh
-- Up-to-date symlink: /home/kenneth/PycharmProjects/ros2_ws_fix/install/sensor_fusion_msgs/share/sensor_fusion_msgs/environment/path.dsv
-- Up-to-date symlink: /home/kenneth/PycharmProjects/ros2_ws_fix/install/sensor_fusion_msgs/share/sensor_fusion_msgs/local_setup.bash
-- Up-to-date symlink: /home/kenneth/PycharmProjects/ros2_ws_fix/install/sensor_fusion_msgs/share/sensor_fusion_msgs/local_setup.sh
-- Up-to-date symlink: /home/kenneth/PycharmProjects/ros2_ws_fix/install/sensor_fusion_msgs/share/sensor_fusion_msgs/local_setup.zsh
-- Up-to-date symlink: /home/kenneth/PycharmProjects/ros2_ws_fix/install/sensor_fusion_msgs/share/sensor_fusion_msgs/local_setup.dsv
-- Symlinking: /home/kenneth/PycharmProjects/ros2_ws_fix/install/sensor_fusion_msgs/share/sensor_fusion_msgs/package.dsv
-- Up-to-date symlink: /home/kenneth/PycharmProjects/ros2_ws_fix/install/sensor_fusion_msgs/share/ament_index/resource_index/packages/sensor_fusion_msgs
-- Up-to-date symlink: /home/kenneth/PycharmProjects/ros2_ws_fix/install/sensor_fusion_msgs/share/sensor_fusion_msgs/cmake/rosidl_cmake-extras.cmake
-- Up-to-date symlink: /home/kenneth/PycharmProjects/ros2_ws_fix/install/sensor_fusion_msgs/share/sensor_fusion_msgs/cmake/ament_cmake_export_dependencies-extras.cmake
-- Up-to-date symlink: /home/kenneth/PycharmProjects/ros2_ws_fix/install/sensor_fusion_msgs/share/sensor_fusion_msgs/cmake/ament_cmake_export_libraries-extras.cmake
-- Up-to-date symlink: /home/kenneth/PycharmProjects/ros2_ws_fix/install/sensor_fusion_msgs/share/sensor_fusion_msgs/cmake/ament_cmake_export_include_directories-extras.cmake
-- Up-to-date symlink: /home/kenneth/PycharmProjects/ros2_ws_fix/install/sensor_fusion_msgs/share/sensor_fusion_msgs/cmake/sensor_fusion_msgsConfig.cmake
-- Up-to-date symlink: /home/kenneth/PycharmProjects/ros2_ws_fix/install/sensor_fusion_msgs/share/sensor_fusion_msgs/cmake/sensor_fusion_msgsConfig-version.cmake
-- Up-to-date symlink: /home/kenneth/PycharmProjects/ros2_ws_fix/install/sensor_fusion_msgs/share/sensor_fusion_msgs/package.xml
