[0.069s] Invoking command in '/home/kenneth/PycharmProjects/ros2_ws_fix/build/sensor_fusion_msg_types': CMAKE_PREFIX_PATH=${CMAKE_PREFIX_PATH}:/home/kenneth/PycharmProjects/ros2_ws_fix/install/sensor_fusion_subscriber:/home/kenneth/PycharmProjects/ros2_ws_fix/install/ros2_demo_custommsg_pub:/home/kenneth/PycharmProjects/ros2_ws_fix/install/ros2_demo_subscriber:/home/kenneth/PycharmProjects/ros2_ws_fix/install/ros2_demo_publisher:/opt/ros/eloquent /usr/bin/cmake --build /home/kenneth/PycharmProjects/ros2_ws_fix/build/sensor_fusion_msg_types -- -j1 -l1
[0.142s] [  3%] Built target sensor_fusion_msg_types__cpp
[0.173s] [ 13%] Built target sensor_fusion_msg_types__rosidl_typesupport_fastrtps_cpp
[0.226s] [ 24%] Built target sensor_fusion_msg_types__rosidl_typesupport_cpp
[0.257s] [ 34%] Built target sensor_fusion_msg_types__rosidl_generator_c
[0.292s] [ 44%] Built target sensor_fusion_msg_types__rosidl_typesupport_fastrtps_c
[0.339s] [ 55%] Built target sensor_fusion_msg_types__rosidl_typesupport_c
[0.376s] [ 65%] Built target sensor_fusion_msg_types__rosidl_typesupport_introspection_cpp
[0.416s] [ 75%] Built target sensor_fusion_msg_types__rosidl_typesupport_introspection_c
[0.451s] [ 75%] Built target sensor_fusion_msg_types
[0.479s] [ 79%] Built target sensor_fusion_msg_types__py
[0.529s] [ 86%] Built target sensor_fusion_msg_types__python
[0.576s] [ 93%] Built target sensor_fusion_msg_types__rosidl_typesupport_c__pyext
[0.616s] [100%] Built target sensor_fusion_msg_types__rosidl_typesupport_fastrtps_c__pyext
[0.633s] Invoked command in '/home/kenneth/PycharmProjects/ros2_ws_fix/build/sensor_fusion_msg_types' returned '0': CMAKE_PREFIX_PATH=${CMAKE_PREFIX_PATH}:/home/kenneth/PycharmProjects/ros2_ws_fix/install/sensor_fusion_subscriber:/home/kenneth/PycharmProjects/ros2_ws_fix/install/ros2_demo_custommsg_pub:/home/kenneth/PycharmProjects/ros2_ws_fix/install/ros2_demo_subscriber:/home/kenneth/PycharmProjects/ros2_ws_fix/install/ros2_demo_publisher:/opt/ros/eloquent /usr/bin/cmake --build /home/kenneth/PycharmProjects/ros2_ws_fix/build/sensor_fusion_msg_types -- -j1 -l1
[0.708s] Invoking command in '/home/kenneth/PycharmProjects/ros2_ws_fix/build/sensor_fusion_msg_types': CMAKE_PREFIX_PATH=${CMAKE_PREFIX_PATH}:/home/kenneth/PycharmProjects/ros2_ws_fix/install/sensor_fusion_subscriber:/home/kenneth/PycharmProjects/ros2_ws_fix/install/ros2_demo_custommsg_pub:/home/kenneth/PycharmProjects/ros2_ws_fix/install/ros2_demo_subscriber:/home/kenneth/PycharmProjects/ros2_ws_fix/install/ros2_demo_publisher:/opt/ros/eloquent /usr/bin/cmake --build /home/kenneth/PycharmProjects/ros2_ws_fix/build/sensor_fusion_msg_types --target install -- -j1 -l1
[0.798s] [  3%] Built target sensor_fusion_msg_types__cpp
[0.847s] [ 13%] Built target sensor_fusion_msg_types__rosidl_typesupport_fastrtps_cpp
[0.897s] [ 24%] Built target sensor_fusion_msg_types__rosidl_typesupport_cpp
[0.941s] [ 34%] Built target sensor_fusion_msg_types__rosidl_generator_c
[0.977s] [ 44%] Built target sensor_fusion_msg_types__rosidl_typesupport_fastrtps_c
[1.025s] [ 55%] Built target sensor_fusion_msg_types__rosidl_typesupport_c
[1.057s] [ 65%] Built target sensor_fusion_msg_types__rosidl_typesupport_introspection_cpp
[1.088s] [ 75%] Built target sensor_fusion_msg_types__rosidl_typesupport_introspection_c
[1.132s] [ 75%] Built target sensor_fusion_msg_types
[1.161s] [ 79%] Built target sensor_fusion_msg_types__py
[1.203s] [ 86%] Built target sensor_fusion_msg_types__python
[1.242s] [ 93%] Built target sensor_fusion_msg_types__rosidl_typesupport_c__pyext
[1.276s] [100%] Built target sensor_fusion_msg_types__rosidl_typesupport_fastrtps_c__pyext
[1.301s] [36mInstall the project...[0m
[1.327s] -- Install configuration: ""
[1.328s] -- Execute custom install script
[1.330s] -- Up-to-date symlink: /home/kenneth/PycharmProjects/ros2_ws_fix/install/sensor_fusion_msg_types/share/ament_index/resource_index/rosidl_interfaces/sensor_fusion_msg_types
[1.331s] -- Up-to-date symlink: /home/kenneth/PycharmProjects/ros2_ws_fix/install/sensor_fusion_msg_types/lib/libsensor_fusion_msg_types__rosidl_typesupport_c.so
[1.333s] -- Up-to-date symlink: /home/kenneth/PycharmProjects/ros2_ws_fix/install/sensor_fusion_msg_types/share/sensor_fusion_msg_types/environment/library_path.sh
[1.334s] -- Up-to-date symlink: /home/kenneth/PycharmProjects/ros2_ws_fix/install/sensor_fusion_msg_types/share/sensor_fusion_msg_types/environment/library_path.dsv
[1.335s] -- Up-to-date symlink: /home/kenneth/PycharmProjects/ros2_ws_fix/install/sensor_fusion_msg_types/lib/libsensor_fusion_msg_types__rosidl_typesupport_cpp.so
[1.336s] -- Up-to-date symlink: /home/kenneth/PycharmProjects/ros2_ws_fix/install/sensor_fusion_msg_types/include/sensor_fusion_msg_types/msg/rosidl_typesupport_fastrtps_c__visibility_control.h
[1.337s] -- Up-to-date symlink: /home/kenneth/PycharmProjects/ros2_ws_fix/install/sensor_fusion_msg_types/include/sensor_fusion_msg_types/msg/vinerow__rosidl_typesupport_fastrtps_c.h
[1.337s] -- Up-to-date symlink: /home/kenneth/PycharmProjects/ros2_ws_fix/install/sensor_fusion_msg_types/lib/libsensor_fusion_msg_types__rosidl_typesupport_fastrtps_c.so
[1.338s] -- Up-to-date symlink: /home/kenneth/PycharmProjects/ros2_ws_fix/install/sensor_fusion_msg_types/include/sensor_fusion_msg_types/msg/rosidl_generator_c__visibility_control.h
[1.339s] -- Up-to-date symlink: /home/kenneth/PycharmProjects/ros2_ws_fix/install/sensor_fusion_msg_types/include/sensor_fusion_msg_types/msg/vinerow.h
[1.339s] -- Up-to-date symlink: /home/kenneth/PycharmProjects/ros2_ws_fix/install/sensor_fusion_msg_types/include/sensor_fusion_msg_types/msg/vinerow__functions.h
[1.340s] -- Up-to-date symlink: /home/kenneth/PycharmProjects/ros2_ws_fix/install/sensor_fusion_msg_types/include/sensor_fusion_msg_types/msg/vinerow__struct.h
[1.340s] -- Up-to-date symlink: /home/kenneth/PycharmProjects/ros2_ws_fix/install/sensor_fusion_msg_types/include/sensor_fusion_msg_types/msg/vinerow__type_support.h
[1.341s] -- Up-to-date symlink: /home/kenneth/PycharmProjects/ros2_ws_fix/install/sensor_fusion_msg_types/lib/libsensor_fusion_msg_types__rosidl_generator_c.so
[1.342s] -- Up-to-date symlink: /home/kenneth/PycharmProjects/ros2_ws_fix/install/sensor_fusion_msg_types/include/sensor_fusion_msg_types/msg/rosidl_typesupport_fastrtps_cpp__visibility_control.h
[1.342s] -- Up-to-date symlink: /home/kenneth/PycharmProjects/ros2_ws_fix/install/sensor_fusion_msg_types/include/sensor_fusion_msg_types/msg/vinerow__rosidl_typesupport_fastrtps_cpp.hpp
[1.343s] -- Up-to-date symlink: /home/kenneth/PycharmProjects/ros2_ws_fix/install/sensor_fusion_msg_types/lib/libsensor_fusion_msg_types__rosidl_typesupport_fastrtps_cpp.so
[1.344s] -- Up-to-date symlink: /home/kenneth/PycharmProjects/ros2_ws_fix/install/sensor_fusion_msg_types/include/sensor_fusion_msg_types/msg/vinerow.hpp
[1.344s] -- Up-to-date symlink: /home/kenneth/PycharmProjects/ros2_ws_fix/install/sensor_fusion_msg_types/include/sensor_fusion_msg_types/msg/vinerow__struct.hpp
[1.345s] -- Up-to-date symlink: /home/kenneth/PycharmProjects/ros2_ws_fix/install/sensor_fusion_msg_types/include/sensor_fusion_msg_types/msg/vinerow__traits.hpp
[1.346s] -- Up-to-date symlink: /home/kenneth/PycharmProjects/ros2_ws_fix/install/sensor_fusion_msg_types/include/sensor_fusion_msg_types/msg/rosidl_typesupport_introspection_c__visibility_control.h
[1.347s] -- Up-to-date symlink: /home/kenneth/PycharmProjects/ros2_ws_fix/install/sensor_fusion_msg_types/include/sensor_fusion_msg_types/msg/vinerow__rosidl_typesupport_introspection_c.h
[1.348s] -- Up-to-date symlink: /home/kenneth/PycharmProjects/ros2_ws_fix/install/sensor_fusion_msg_types/lib/libsensor_fusion_msg_types__rosidl_typesupport_introspection_c.so
[1.349s] -- Up-to-date symlink: /home/kenneth/PycharmProjects/ros2_ws_fix/install/sensor_fusion_msg_types/include/sensor_fusion_msg_types/msg/vinerow__rosidl_typesupport_introspection_cpp.hpp
[1.350s] -- Up-to-date symlink: /home/kenneth/PycharmProjects/ros2_ws_fix/install/sensor_fusion_msg_types/lib/libsensor_fusion_msg_types__rosidl_typesupport_introspection_cpp.so
[1.350s] -- Up-to-date symlink: /home/kenneth/PycharmProjects/ros2_ws_fix/install/sensor_fusion_msg_types/share/sensor_fusion_msg_types/environment/pythonpath.sh
[1.351s] -- Up-to-date symlink: /home/kenneth/PycharmProjects/ros2_ws_fix/install/sensor_fusion_msg_types/share/sensor_fusion_msg_types/environment/pythonpath.dsv
[1.352s] -- Up-to-date symlink: /home/kenneth/PycharmProjects/ros2_ws_fix/install/sensor_fusion_msg_types/lib/python3.6/site-packages/sensor_fusion_msg_types/__init__.py
[1.353s] -- Up-to-date symlink: /home/kenneth/PycharmProjects/ros2_ws_fix/install/sensor_fusion_msg_types/lib/python3.6/site-packages/sensor_fusion_msg_types/msg/__init__.py
[1.353s] -- Up-to-date symlink: /home/kenneth/PycharmProjects/ros2_ws_fix/install/sensor_fusion_msg_types/lib/python3.6/site-packages/sensor_fusion_msg_types/msg/_vinerow.py
[1.354s] -- Up-to-date symlink: /home/kenneth/PycharmProjects/ros2_ws_fix/install/sensor_fusion_msg_types/lib/python3.6/site-packages/sensor_fusion_msg_types/sensor_fusion_msg_types_s__rosidl_typesupport_c.cpython-36m-x86_64-linux-gnu.so
[1.355s] -- Up-to-date symlink: /home/kenneth/PycharmProjects/ros2_ws_fix/install/sensor_fusion_msg_types/lib/python3.6/site-packages/sensor_fusion_msg_types/sensor_fusion_msg_types_s__rosidl_typesupport_fastrtps_c.cpython-36m-x86_64-linux-gnu.so
[1.355s] -- Up-to-date symlink: /home/kenneth/PycharmProjects/ros2_ws_fix/install/sensor_fusion_msg_types/lib/libsensor_fusion_msg_types__python.so
[1.356s] -- Up-to-date symlink: /home/kenneth/PycharmProjects/ros2_ws_fix/install/sensor_fusion_msg_types/share/sensor_fusion_msg_types/msg/Vinerow.idl
[1.357s] -- Up-to-date symlink: /home/kenneth/PycharmProjects/ros2_ws_fix/install/sensor_fusion_msg_types/share/sensor_fusion_msg_types/msg/Vinerow.msg
[1.357s] -- Up-to-date symlink: /home/kenneth/PycharmProjects/ros2_ws_fix/install/sensor_fusion_msg_types/share/ament_index/resource_index/package_run_dependencies/sensor_fusion_msg_types
[1.358s] -- Up-to-date symlink: /home/kenneth/PycharmProjects/ros2_ws_fix/install/sensor_fusion_msg_types/share/ament_index/resource_index/parent_prefix_path/sensor_fusion_msg_types
[1.360s] -- Up-to-date symlink: /home/kenneth/PycharmProjects/ros2_ws_fix/install/sensor_fusion_msg_types/share/sensor_fusion_msg_types/environment/ament_prefix_path.sh
[1.360s] -- Up-to-date symlink: /home/kenneth/PycharmProjects/ros2_ws_fix/install/sensor_fusion_msg_types/share/sensor_fusion_msg_types/environment/ament_prefix_path.dsv
[1.361s] -- Up-to-date symlink: /home/kenneth/PycharmProjects/ros2_ws_fix/install/sensor_fusion_msg_types/share/sensor_fusion_msg_types/environment/path.sh
[1.361s] -- Up-to-date symlink: /home/kenneth/PycharmProjects/ros2_ws_fix/install/sensor_fusion_msg_types/share/sensor_fusion_msg_types/environment/path.dsv
[1.362s] -- Up-to-date symlink: /home/kenneth/PycharmProjects/ros2_ws_fix/install/sensor_fusion_msg_types/share/sensor_fusion_msg_types/local_setup.bash
[1.363s] -- Up-to-date symlink: /home/kenneth/PycharmProjects/ros2_ws_fix/install/sensor_fusion_msg_types/share/sensor_fusion_msg_types/local_setup.sh
[1.363s] -- Up-to-date symlink: /home/kenneth/PycharmProjects/ros2_ws_fix/install/sensor_fusion_msg_types/share/sensor_fusion_msg_types/local_setup.zsh
[1.364s] -- Up-to-date symlink: /home/kenneth/PycharmProjects/ros2_ws_fix/install/sensor_fusion_msg_types/share/sensor_fusion_msg_types/local_setup.dsv
[1.364s] -- Symlinking: /home/kenneth/PycharmProjects/ros2_ws_fix/install/sensor_fusion_msg_types/share/sensor_fusion_msg_types/package.dsv
[1.379s] -- Up-to-date symlink: /home/kenneth/PycharmProjects/ros2_ws_fix/install/sensor_fusion_msg_types/share/ament_index/resource_index/packages/sensor_fusion_msg_types
[1.380s] -- Up-to-date symlink: /home/kenneth/PycharmProjects/ros2_ws_fix/install/sensor_fusion_msg_types/share/sensor_fusion_msg_types/cmake/rosidl_cmake-extras.cmake
[1.381s] -- Up-to-date symlink: /home/kenneth/PycharmProjects/ros2_ws_fix/install/sensor_fusion_msg_types/share/sensor_fusion_msg_types/cmake/ament_cmake_export_dependencies-extras.cmake
[1.381s] -- Up-to-date symlink: /home/kenneth/PycharmProjects/ros2_ws_fix/install/sensor_fusion_msg_types/share/sensor_fusion_msg_types/cmake/ament_cmake_export_libraries-extras.cmake
[1.382s] -- Up-to-date symlink: /home/kenneth/PycharmProjects/ros2_ws_fix/install/sensor_fusion_msg_types/share/sensor_fusion_msg_types/cmake/ament_cmake_export_include_directories-extras.cmake
[1.383s] -- Up-to-date symlink: /home/kenneth/PycharmProjects/ros2_ws_fix/install/sensor_fusion_msg_types/share/sensor_fusion_msg_types/cmake/sensor_fusion_msg_typesConfig.cmake
[1.384s] -- Up-to-date symlink: /home/kenneth/PycharmProjects/ros2_ws_fix/install/sensor_fusion_msg_types/share/sensor_fusion_msg_types/cmake/sensor_fusion_msg_typesConfig-version.cmake
[1.384s] -- Up-to-date symlink: /home/kenneth/PycharmProjects/ros2_ws_fix/install/sensor_fusion_msg_types/share/sensor_fusion_msg_types/package.xml
[1.464s] Invoked command in '/home/kenneth/PycharmProjects/ros2_ws_fix/build/sensor_fusion_msg_types' returned '0': CMAKE_PREFIX_PATH=${CMAKE_PREFIX_PATH}:/home/kenneth/PycharmProjects/ros2_ws_fix/install/sensor_fusion_subscriber:/home/kenneth/PycharmProjects/ros2_ws_fix/install/ros2_demo_custommsg_pub:/home/kenneth/PycharmProjects/ros2_ws_fix/install/ros2_demo_subscriber:/home/kenneth/PycharmProjects/ros2_ws_fix/install/ros2_demo_publisher:/opt/ros/eloquent /usr/bin/cmake --build /home/kenneth/PycharmProjects/ros2_ws_fix/build/sensor_fusion_msg_types --target install -- -j1 -l1
