[0.052s] Invoking command in '/home/kenneth/PycharmProjects/ros2_ws_fix/src/build/sensor_fusion_msg_types': CMAKE_PREFIX_PATH=${CMAKE_PREFIX_PATH}:/opt/ros/eloquent /usr/bin/cmake /home/kenneth/PycharmProjects/ros2_ws_fix/src/sensor_fusion_msg_types -DAMENT_CMAKE_SYMLINK_INSTALL=1 -DCMAKE_INSTALL_PREFIX=/home/kenneth/PycharmProjects/ros2_ws_fix/src/install/sensor_fusion_msg_types
[0.132s] -- The C compiler identification is GNU 7.5.0
[0.196s] -- The CXX compiler identification is GNU 7.5.0
[0.200s] -- Check for working C compiler: /usr/bin/cc
[0.295s] -- Check for working C compiler: /usr/bin/cc -- works
[0.296s] -- Detecting C compiler ABI info
[0.406s] -- Detecting C compiler ABI info - done
[0.416s] -- Detecting C compile features
[0.695s] -- Detecting C compile features - done
[0.698s] -- Check for working CXX compiler: /usr/bin/c++
[0.802s] -- Check for working CXX compiler: /usr/bin/c++ -- works
[0.803s] -- Detecting CXX compiler ABI info
[0.930s] -- Detecting CXX compiler ABI info - done
[0.936s] -- Detecting CXX compile features
[1.431s] -- Detecting CXX compile features - done
[1.435s] -- Found ament_cmake: 0.8.2 (/opt/ros/eloquent/share/ament_cmake/cmake)
[1.473s] -- Found PythonInterp: /usr/bin/python3 (found suitable version "3.6.9", minimum required is "3") 
[1.473s] -- Using PYTHON_EXECUTABLE: /usr/bin/python3
[1.776s] -- Override CMake install command with custom implementation using symlinks instead of copying resources
[1.807s] -- Found rosidl_default_generators: 0.8.0 (/opt/ros/eloquent/share/rosidl_default_generators/cmake)
[1.927s] -- Found OpenSSL: /usr/lib/x86_64-linux-gnu/libcrypto.so (found version "1.1.1") 
[1.961s] -- Found FastRTPS: /opt/ros/eloquent/include  
[1.980s] -- Found rosidl_adapter: 0.8.2 (/opt/ros/eloquent/share/rosidl_adapter/cmake)
[2.082s] -- Found rclcpp: 0.8.4 (/opt/ros/eloquent/share/rclcpp/cmake)
[2.136s] -- Found rmw_implementation_cmake: 0.8.1 (/opt/ros/eloquent/share/rmw_implementation_cmake/cmake)
[2.140s] -- Using RMW implementation 'rmw_fastrtps_cpp' as default
[2.142s] -- Looking for pthread.h
[2.244s] -- Looking for pthread.h - found
[2.245s] -- Looking for pthread_create
[2.348s] -- Looking for pthread_create - not found
[2.348s] -- Looking for pthread_create in pthreads
[2.440s] -- Looking for pthread_create in pthreads - not found
[2.440s] -- Looking for pthread_create in pthread
[2.538s] -- Looking for pthread_create in pthread - found
[2.540s] -- Found Threads: TRUE  
[2.596s] -- Found geometry_msgs: 0.8.1 (/opt/ros/eloquent/share/geometry_msgs/cmake)
[2.654s] -- Found PythonInterp: /usr/bin/python3 (found version "3.6.9") 
[2.920s] -- Using single matching rosidl_typesupport_c: rosidl_typesupport_fastrtps_c
[2.988s] -- Using single matching rosidl_typesupport_cpp: rosidl_typesupport_fastrtps_cpp
[3.633s] -- Found PythonInterp: /usr/bin/python3 (found suitable version "3.6.9", minimum required is "3.5") 
[3.635s] -- Found python_cmake_module: 0.8.0 (/opt/ros/eloquent/share/python_cmake_module/cmake)
[3.672s] -- Found PythonLibs: /usr/lib/x86_64-linux-gnu/libpython3.6m.so (found suitable version "3.6.9", minimum required is "3.5") 
[3.673s] -- Using PYTHON_EXECUTABLE: /usr/bin/python3
[3.673s] -- Using PYTHON_INCLUDE_DIRS: /usr/include/python3.6m
[3.673s] -- Using PYTHON_LIBRARIES: /usr/lib/x86_64-linux-gnu/libpython3.6m.so
[3.705s] -- Found PythonExtra: .so  
[3.946s] -- Found ament_lint_auto: 0.8.1 (/opt/ros/eloquent/share/ament_lint_auto/cmake)
[3.978s] -- Added test 'lint_cmake' to check CMake code style
[3.980s] -- Added test 'xmllint' to check XML markup files
[3.988s] -- Configuring done
[4.189s] -- Generating done
[4.193s] -- Build files have been written to: /home/kenneth/PycharmProjects/ros2_ws_fix/src/build/sensor_fusion_msg_types
[4.203s] Invoked command in '/home/kenneth/PycharmProjects/ros2_ws_fix/src/build/sensor_fusion_msg_types' returned '0': CMAKE_PREFIX_PATH=${CMAKE_PREFIX_PATH}:/opt/ros/eloquent /usr/bin/cmake /home/kenneth/PycharmProjects/ros2_ws_fix/src/sensor_fusion_msg_types -DAMENT_CMAKE_SYMLINK_INSTALL=1 -DCMAKE_INSTALL_PREFIX=/home/kenneth/PycharmProjects/ros2_ws_fix/src/install/sensor_fusion_msg_types
[4.204s] Invoking command in '/home/kenneth/PycharmProjects/ros2_ws_fix/src/build/sensor_fusion_msg_types': CMAKE_PREFIX_PATH=${CMAKE_PREFIX_PATH}:/opt/ros/eloquent /usr/bin/cmake --build /home/kenneth/PycharmProjects/ros2_ws_fix/src/build/sensor_fusion_msg_types -- -j1 -l1
[4.302s] [35m[1mScanning dependencies of target sensor_fusion_msg_types__cpp[0m
[4.317s] [  3%] [34m[1mGenerating C++ code for ROS interfaces[0m
[4.711s] [  3%] Built target sensor_fusion_msg_types__cpp
[4.726s] [  6%] [34m[1mGenerating C++ type support for eProsima Fast-RTPS[0m
[5.153s] [35m[1mScanning dependencies of target sensor_fusion_msg_types__rosidl_typesupport_fastrtps_cpp[0m
[5.174s] [ 10%] [32mBuilding CXX object CMakeFiles/sensor_fusion_msg_types__rosidl_typesupport_fastrtps_cpp.dir/rosidl_typesupport_fastrtps_cpp/sensor_fusion_msg_types/msg/dds_fastrtps/vinerow__type_support.cpp.o[0m
[5.773s] [ 13%] [32m[1mLinking CXX shared library libsensor_fusion_msg_types__rosidl_typesupport_fastrtps_cpp.so[0m
[5.913s] [ 13%] Built target sensor_fusion_msg_types__rosidl_typesupport_fastrtps_cpp
[5.928s] [ 17%] [34m[1mGenerating C++ type support dispatch for ROS interfaces[0m
[6.314s] [35m[1mScanning dependencies of target sensor_fusion_msg_types__rosidl_typesupport_cpp[0m
[6.334s] [ 20%] [32mBuilding CXX object CMakeFiles/sensor_fusion_msg_types__rosidl_typesupport_cpp.dir/rosidl_typesupport_cpp/sensor_fusion_msg_types/msg/vinerow__type_support.cpp.o[0m
[6.924s] [ 24%] [32m[1mLinking CXX shared library libsensor_fusion_msg_types__rosidl_typesupport_cpp.so[0m
[7.106s] [ 24%] Built target sensor_fusion_msg_types__rosidl_typesupport_cpp
[7.124s] [ 27%] [34m[1mGenerating C code for ROS interfaces[0m
[7.555s] [35m[1mScanning dependencies of target sensor_fusion_msg_types__rosidl_generator_c[0m
[7.581s] [ 31%] [32mBuilding C object CMakeFiles/sensor_fusion_msg_types__rosidl_generator_c.dir/rosidl_generator_c/sensor_fusion_msg_types/msg/vinerow__functions.c.o[0m
[7.637s] [ 34%] [32m[1mLinking C shared library libsensor_fusion_msg_types__rosidl_generator_c.so[0m
[7.708s] [ 34%] Built target sensor_fusion_msg_types__rosidl_generator_c
[7.723s] [ 37%] [34m[1mGenerating C type support for eProsima Fast-RTPS[0m
[8.128s] [35m[1mScanning dependencies of target sensor_fusion_msg_types__rosidl_typesupport_fastrtps_c[0m
[8.149s] [ 41%] [32mBuilding CXX object CMakeFiles/sensor_fusion_msg_types__rosidl_typesupport_fastrtps_c.dir/rosidl_typesupport_fastrtps_c/sensor_fusion_msg_types/msg/vinerow__type_support_c.cpp.o[0m
[8.659s] [ 44%] [32m[1mLinking CXX shared library libsensor_fusion_msg_types__rosidl_typesupport_fastrtps_c.so[0m
[8.852s] [ 44%] Built target sensor_fusion_msg_types__rosidl_typesupport_fastrtps_c
[8.871s] [ 48%] [34m[1mGenerating C type support dispatch for ROS interfaces[0m
[9.224s] [35m[1mScanning dependencies of target sensor_fusion_msg_types__rosidl_typesupport_c[0m
[9.242s] [ 51%] [32mBuilding CXX object CMakeFiles/sensor_fusion_msg_types__rosidl_typesupport_c.dir/rosidl_typesupport_c/sensor_fusion_msg_types/msg/vinerow__type_support.cpp.o[0m
[9.296s] [ 55%] [32m[1mLinking CXX shared library libsensor_fusion_msg_types__rosidl_typesupport_c.so[0m
[9.393s] [ 55%] Built target sensor_fusion_msg_types__rosidl_typesupport_c
[9.408s] [ 58%] [34m[1mGenerating C++ introspection for ROS interfaces[0m
[9.828s] [35m[1mScanning dependencies of target sensor_fusion_msg_types__rosidl_typesupport_introspection_cpp[0m
[9.847s] [ 62%] [32mBuilding CXX object CMakeFiles/sensor_fusion_msg_types__rosidl_typesupport_introspection_cpp.dir/rosidl_typesupport_introspection_cpp/sensor_fusion_msg_types/msg/vinerow__type_support.cpp.o[0m
[10.192s] [ 65%] [32m[1mLinking CXX shared library libsensor_fusion_msg_types__rosidl_typesupport_introspection_cpp.so[0m
[10.299s] [ 65%] Built target sensor_fusion_msg_types__rosidl_typesupport_introspection_cpp
[10.320s] [ 68%] [34m[1mGenerating C introspection for ROS interfaces[0m
[10.746s] [35m[1mScanning dependencies of target sensor_fusion_msg_types__rosidl_typesupport_introspection_c[0m
[10.764s] [ 72%] [32mBuilding C object CMakeFiles/sensor_fusion_msg_types__rosidl_typesupport_introspection_c.dir/rosidl_typesupport_introspection_c/sensor_fusion_msg_types/msg/vinerow__type_support.c.o[0m
[10.828s] [ 75%] [32m[1mLinking C shared library libsensor_fusion_msg_types__rosidl_typesupport_introspection_c.so[0m
[10.876s] [ 75%] Built target sensor_fusion_msg_types__rosidl_typesupport_introspection_c
[10.889s] [35m[1mScanning dependencies of target sensor_fusion_msg_types[0m
[10.904s] [ 75%] Built target sensor_fusion_msg_types
[10.918s] [35m[1mScanning dependencies of target sensor_fusion_msg_types__py[0m
[10.931s] [ 79%] [34m[1mGenerating Python code for ROS interfaces[0m
[11.612s] [ 79%] Built target sensor_fusion_msg_types__py
[11.626s] [35m[1mScanning dependencies of target sensor_fusion_msg_types__python[0m
[11.663s] [ 82%] [32mBuilding C object CMakeFiles/sensor_fusion_msg_types__python.dir/rosidl_generator_py/sensor_fusion_msg_types/msg/_vinerow_s.c.o[0m
[11.820s] [ 86%] [32m[1mLinking CXX shared library rosidl_generator_py/sensor_fusion_msg_types/libsensor_fusion_msg_types__python.so[0m
[11.950s] [ 86%] Built target sensor_fusion_msg_types__python
[11.965s] [35m[1mScanning dependencies of target sensor_fusion_msg_types__rosidl_typesupport_c__pyext[0m
[11.989s] [ 89%] [32mBuilding C object CMakeFiles/sensor_fusion_msg_types__rosidl_typesupport_c__pyext.dir/rosidl_generator_py/sensor_fusion_msg_types/_sensor_fusion_msg_types_s.ep.rosidl_typesupport_c.c.o[0m
[12.126s] [ 93%] [32m[1mLinking CXX shared library rosidl_generator_py/sensor_fusion_msg_types/sensor_fusion_msg_types_s__rosidl_typesupport_c.cpython-36m-x86_64-linux-gnu.so[0m
[12.255s] [ 93%] Built target sensor_fusion_msg_types__rosidl_typesupport_c__pyext
[12.271s] [35m[1mScanning dependencies of target sensor_fusion_msg_types__rosidl_typesupport_fastrtps_c__pyext[0m
[12.307s] [ 96%] [32mBuilding C object CMakeFiles/sensor_fusion_msg_types__rosidl_typesupport_fastrtps_c__pyext.dir/rosidl_generator_py/sensor_fusion_msg_types/_sensor_fusion_msg_types_s.ep.rosidl_typesupport_fastrtps_c.c.o[0m
[12.475s] [100%] [32m[1mLinking CXX shared library rosidl_generator_py/sensor_fusion_msg_types/sensor_fusion_msg_types_s__rosidl_typesupport_fastrtps_c.cpython-36m-x86_64-linux-gnu.so[0m
[12.627s] [100%] Built target sensor_fusion_msg_types__rosidl_typesupport_fastrtps_c__pyext
[12.645s] Invoked command in '/home/kenneth/PycharmProjects/ros2_ws_fix/src/build/sensor_fusion_msg_types' returned '0': CMAKE_PREFIX_PATH=${CMAKE_PREFIX_PATH}:/opt/ros/eloquent /usr/bin/cmake --build /home/kenneth/PycharmProjects/ros2_ws_fix/src/build/sensor_fusion_msg_types -- -j1 -l1
[12.733s] Invoking command in '/home/kenneth/PycharmProjects/ros2_ws_fix/src/build/sensor_fusion_msg_types': CMAKE_PREFIX_PATH=${CMAKE_PREFIX_PATH}:/opt/ros/eloquent /usr/bin/cmake --build /home/kenneth/PycharmProjects/ros2_ws_fix/src/build/sensor_fusion_msg_types --target install -- -j1 -l1
[12.820s] [  3%] Built target sensor_fusion_msg_types__cpp
[12.863s] [ 13%] Built target sensor_fusion_msg_types__rosidl_typesupport_fastrtps_cpp
[12.903s] [ 24%] Built target sensor_fusion_msg_types__rosidl_typesupport_cpp
[12.955s] [ 34%] Built target sensor_fusion_msg_types__rosidl_generator_c
[13.001s] [ 44%] Built target sensor_fusion_msg_types__rosidl_typesupport_fastrtps_c
[13.046s] [ 55%] Built target sensor_fusion_msg_types__rosidl_typesupport_c
[13.088s] [ 65%] Built target sensor_fusion_msg_types__rosidl_typesupport_introspection_cpp
[13.139s] [ 75%] Built target sensor_fusion_msg_types__rosidl_typesupport_introspection_c
[13.177s] [ 75%] Built target sensor_fusion_msg_types
[13.229s] [ 79%] Built target sensor_fusion_msg_types__py
[13.267s] [ 86%] Built target sensor_fusion_msg_types__python
[13.308s] [ 93%] Built target sensor_fusion_msg_types__rosidl_typesupport_c__pyext
[13.362s] [100%] Built target sensor_fusion_msg_types__rosidl_typesupport_fastrtps_c__pyext
[13.386s] [36mInstall the project...[0m
[13.398s] -- Install configuration: ""
[13.399s] -- Execute custom install script
[13.400s] -- Symlinking: /home/kenneth/PycharmProjects/ros2_ws_fix/src/install/sensor_fusion_msg_types/share/ament_index/resource_index/rosidl_interfaces/sensor_fusion_msg_types
[13.413s] -- Symlinking: /home/kenneth/PycharmProjects/ros2_ws_fix/src/install/sensor_fusion_msg_types/lib/libsensor_fusion_msg_types__rosidl_typesupport_c.so
[13.437s] -- Symlinking: /home/kenneth/PycharmProjects/ros2_ws_fix/src/install/sensor_fusion_msg_types/share/sensor_fusion_msg_types/environment/library_path.sh
[13.453s] -- Symlinking: /home/kenneth/PycharmProjects/ros2_ws_fix/src/install/sensor_fusion_msg_types/share/sensor_fusion_msg_types/environment/library_path.dsv
[13.476s] -- Symlinking: /home/kenneth/PycharmProjects/ros2_ws_fix/src/install/sensor_fusion_msg_types/lib/libsensor_fusion_msg_types__rosidl_typesupport_cpp.so
[13.490s] -- Symlinking: /home/kenneth/PycharmProjects/ros2_ws_fix/src/install/sensor_fusion_msg_types/include/sensor_fusion_msg_types/msg/rosidl_typesupport_fastrtps_c__visibility_control.h
[13.503s] -- Symlinking: /home/kenneth/PycharmProjects/ros2_ws_fix/src/install/sensor_fusion_msg_types/include/sensor_fusion_msg_types/msg/vinerow__rosidl_typesupport_fastrtps_c.h
[13.516s] -- Symlinking: /home/kenneth/PycharmProjects/ros2_ws_fix/src/install/sensor_fusion_msg_types/lib/libsensor_fusion_msg_types__rosidl_typesupport_fastrtps_c.so
[13.543s] -- Symlinking: /home/kenneth/PycharmProjects/ros2_ws_fix/src/install/sensor_fusion_msg_types/include/sensor_fusion_msg_types/msg/rosidl_generator_c__visibility_control.h
[13.559s] -- Symlinking: /home/kenneth/PycharmProjects/ros2_ws_fix/src/install/sensor_fusion_msg_types/include/sensor_fusion_msg_types/msg/vinerow.h
[13.572s] -- Symlinking: /home/kenneth/PycharmProjects/ros2_ws_fix/src/install/sensor_fusion_msg_types/include/sensor_fusion_msg_types/msg/vinerow__functions.h
[13.586s] -- Symlinking: /home/kenneth/PycharmProjects/ros2_ws_fix/src/install/sensor_fusion_msg_types/include/sensor_fusion_msg_types/msg/vinerow__struct.h
[13.607s] -- Symlinking: /home/kenneth/PycharmProjects/ros2_ws_fix/src/install/sensor_fusion_msg_types/include/sensor_fusion_msg_types/msg/vinerow__type_support.h
[13.636s] -- Symlinking: /home/kenneth/PycharmProjects/ros2_ws_fix/src/install/sensor_fusion_msg_types/lib/libsensor_fusion_msg_types__rosidl_generator_c.so
[13.654s] -- Symlinking: /home/kenneth/PycharmProjects/ros2_ws_fix/src/install/sensor_fusion_msg_types/include/sensor_fusion_msg_types/msg/rosidl_typesupport_fastrtps_cpp__visibility_control.h
[13.666s] -- Symlinking: /home/kenneth/PycharmProjects/ros2_ws_fix/src/install/sensor_fusion_msg_types/include/sensor_fusion_msg_types/msg/vinerow__rosidl_typesupport_fastrtps_cpp.hpp
[13.679s] -- Symlinking: /home/kenneth/PycharmProjects/ros2_ws_fix/src/install/sensor_fusion_msg_types/lib/libsensor_fusion_msg_types__rosidl_typesupport_fastrtps_cpp.so
[13.693s] -- Symlinking: /home/kenneth/PycharmProjects/ros2_ws_fix/src/install/sensor_fusion_msg_types/include/sensor_fusion_msg_types/msg/vinerow.hpp
[13.728s] -- Symlinking: /home/kenneth/PycharmProjects/ros2_ws_fix/src/install/sensor_fusion_msg_types/include/sensor_fusion_msg_types/msg/vinerow__struct.hpp
[13.743s] -- Symlinking: /home/kenneth/PycharmProjects/ros2_ws_fix/src/install/sensor_fusion_msg_types/include/sensor_fusion_msg_types/msg/vinerow__traits.hpp
[13.758s] -- Symlinking: /home/kenneth/PycharmProjects/ros2_ws_fix/src/install/sensor_fusion_msg_types/include/sensor_fusion_msg_types/msg/rosidl_typesupport_introspection_c__visibility_control.h
[13.774s] -- Symlinking: /home/kenneth/PycharmProjects/ros2_ws_fix/src/install/sensor_fusion_msg_types/include/sensor_fusion_msg_types/msg/vinerow__rosidl_typesupport_introspection_c.h
[13.787s] -- Symlinking: /home/kenneth/PycharmProjects/ros2_ws_fix/src/install/sensor_fusion_msg_types/lib/libsensor_fusion_msg_types__rosidl_typesupport_introspection_c.so
[13.800s] -- Symlinking: /home/kenneth/PycharmProjects/ros2_ws_fix/src/install/sensor_fusion_msg_types/include/sensor_fusion_msg_types/msg/vinerow__rosidl_typesupport_introspection_cpp.hpp
[13.827s] -- Symlinking: /home/kenneth/PycharmProjects/ros2_ws_fix/src/install/sensor_fusion_msg_types/lib/libsensor_fusion_msg_types__rosidl_typesupport_introspection_cpp.so
[13.840s] -- Symlinking: /home/kenneth/PycharmProjects/ros2_ws_fix/src/install/sensor_fusion_msg_types/share/sensor_fusion_msg_types/environment/pythonpath.sh
[13.853s] -- Symlinking: /home/kenneth/PycharmProjects/ros2_ws_fix/src/install/sensor_fusion_msg_types/share/sensor_fusion_msg_types/environment/pythonpath.dsv
[13.867s] -- Symlinking: /home/kenneth/PycharmProjects/ros2_ws_fix/src/install/sensor_fusion_msg_types/lib/python3.6/site-packages/sensor_fusion_msg_types/__init__.py
[13.881s] -- Symlinking: /home/kenneth/PycharmProjects/ros2_ws_fix/src/install/sensor_fusion_msg_types/lib/python3.6/site-packages/sensor_fusion_msg_types/msg/__init__.py
[13.897s] -- Symlinking: /home/kenneth/PycharmProjects/ros2_ws_fix/src/install/sensor_fusion_msg_types/lib/python3.6/site-packages/sensor_fusion_msg_types/msg/_vinerow.py
[13.921s] -- Symlinking: /home/kenneth/PycharmProjects/ros2_ws_fix/src/install/sensor_fusion_msg_types/lib/python3.6/site-packages/sensor_fusion_msg_types/sensor_fusion_msg_types_s__rosidl_typesupport_c.cpython-36m-x86_64-linux-gnu.so
[13.939s] -- Symlinking: /home/kenneth/PycharmProjects/ros2_ws_fix/src/install/sensor_fusion_msg_types/lib/python3.6/site-packages/sensor_fusion_msg_types/sensor_fusion_msg_types_s__rosidl_typesupport_fastrtps_c.cpython-36m-x86_64-linux-gnu.so
[13.962s] -- Symlinking: /home/kenneth/PycharmProjects/ros2_ws_fix/src/install/sensor_fusion_msg_types/lib/libsensor_fusion_msg_types__python.so
[13.978s] -- Symlinking: /home/kenneth/PycharmProjects/ros2_ws_fix/src/install/sensor_fusion_msg_types/share/sensor_fusion_msg_types/msg/Vinerow.idl
[13.992s] -- Symlinking: /home/kenneth/PycharmProjects/ros2_ws_fix/src/install/sensor_fusion_msg_types/share/sensor_fusion_msg_types/msg/Vinerow.msg
[14.010s] -- Symlinking: /home/kenneth/PycharmProjects/ros2_ws_fix/src/install/sensor_fusion_msg_types/share/ament_index/resource_index/package_run_dependencies/sensor_fusion_msg_types
[14.026s] -- Symlinking: /home/kenneth/PycharmProjects/ros2_ws_fix/src/install/sensor_fusion_msg_types/share/ament_index/resource_index/parent_prefix_path/sensor_fusion_msg_types
[14.041s] -- Symlinking: /home/kenneth/PycharmProjects/ros2_ws_fix/src/install/sensor_fusion_msg_types/share/sensor_fusion_msg_types/environment/ament_prefix_path.sh
[14.055s] -- Symlinking: /home/kenneth/PycharmProjects/ros2_ws_fix/src/install/sensor_fusion_msg_types/share/sensor_fusion_msg_types/environment/ament_prefix_path.dsv
[14.069s] -- Symlinking: /home/kenneth/PycharmProjects/ros2_ws_fix/src/install/sensor_fusion_msg_types/share/sensor_fusion_msg_types/environment/path.sh
[14.083s] -- Symlinking: /home/kenneth/PycharmProjects/ros2_ws_fix/src/install/sensor_fusion_msg_types/share/sensor_fusion_msg_types/environment/path.dsv
[14.102s] -- Symlinking: /home/kenneth/PycharmProjects/ros2_ws_fix/src/install/sensor_fusion_msg_types/share/sensor_fusion_msg_types/local_setup.bash
[14.117s] -- Symlinking: /home/kenneth/PycharmProjects/ros2_ws_fix/src/install/sensor_fusion_msg_types/share/sensor_fusion_msg_types/local_setup.sh
[14.144s] -- Symlinking: /home/kenneth/PycharmProjects/ros2_ws_fix/src/install/sensor_fusion_msg_types/share/sensor_fusion_msg_types/local_setup.zsh
[14.157s] -- Symlinking: /home/kenneth/PycharmProjects/ros2_ws_fix/src/install/sensor_fusion_msg_types/share/sensor_fusion_msg_types/local_setup.dsv
[14.174s] -- Symlinking: /home/kenneth/PycharmProjects/ros2_ws_fix/src/install/sensor_fusion_msg_types/share/sensor_fusion_msg_types/package.dsv
[14.187s] -- Symlinking: /home/kenneth/PycharmProjects/ros2_ws_fix/src/install/sensor_fusion_msg_types/share/ament_index/resource_index/packages/sensor_fusion_msg_types
[14.200s] -- Symlinking: /home/kenneth/PycharmProjects/ros2_ws_fix/src/install/sensor_fusion_msg_types/share/sensor_fusion_msg_types/cmake/rosidl_cmake-extras.cmake
[14.228s] -- Symlinking: /home/kenneth/PycharmProjects/ros2_ws_fix/src/install/sensor_fusion_msg_types/share/sensor_fusion_msg_types/cmake/ament_cmake_export_dependencies-extras.cmake
[14.242s] -- Symlinking: /home/kenneth/PycharmProjects/ros2_ws_fix/src/install/sensor_fusion_msg_types/share/sensor_fusion_msg_types/cmake/ament_cmake_export_libraries-extras.cmake
[14.256s] -- Symlinking: /home/kenneth/PycharmProjects/ros2_ws_fix/src/install/sensor_fusion_msg_types/share/sensor_fusion_msg_types/cmake/ament_cmake_export_include_directories-extras.cmake
[14.269s] -- Symlinking: /home/kenneth/PycharmProjects/ros2_ws_fix/src/install/sensor_fusion_msg_types/share/sensor_fusion_msg_types/cmake/sensor_fusion_msg_typesConfig.cmake
[14.281s] -- Symlinking: /home/kenneth/PycharmProjects/ros2_ws_fix/src/install/sensor_fusion_msg_types/share/sensor_fusion_msg_types/cmake/sensor_fusion_msg_typesConfig-version.cmake
[14.295s] -- Symlinking: /home/kenneth/PycharmProjects/ros2_ws_fix/src/install/sensor_fusion_msg_types/share/sensor_fusion_msg_types/package.xml
[14.370s] Compiling '/home/kenneth/PycharmProjects/ros2_ws_fix/src/install/sensor_fusion_msg_types/lib/python3.6/site-packages/sensor_fusion_msg_types/__init__.py'...
[14.385s] Invoked command in '/home/kenneth/PycharmProjects/ros2_ws_fix/src/build/sensor_fusion_msg_types' returned '0': CMAKE_PREFIX_PATH=${CMAKE_PREFIX_PATH}:/opt/ros/eloquent /usr/bin/cmake --build /home/kenneth/PycharmProjects/ros2_ws_fix/src/build/sensor_fusion_msg_types --target install -- -j1 -l1
