[0.057s] Invoking command in '/home/kenneth/PycharmProjects/ros2_ws_fix/src/build/ros2_demo_custommsg_create': CMAKE_PREFIX_PATH=${CMAKE_PREFIX_PATH}:/opt/ros/eloquent /usr/bin/cmake /home/kenneth/PycharmProjects/ros2_ws_fix/src/ros2_demo_custommsg_create -DAMENT_CMAKE_SYMLINK_INSTALL=1 -DCMAKE_INSTALL_PREFIX=/home/kenneth/PycharmProjects/ros2_ws_fix/src/install/ros2_demo_custommsg_create
[0.122s] -- The C compiler identification is GNU 7.5.0
[0.189s] -- The CXX compiler identification is GNU 7.5.0
[0.193s] -- Check for working C compiler: /usr/bin/cc
[0.279s] -- Check for working C compiler: /usr/bin/cc -- works
[0.279s] -- Detecting C compiler ABI info
[0.365s] -- Detecting C compiler ABI info - done
[0.370s] -- Detecting C compile features
[0.643s] -- Detecting C compile features - done
[0.646s] -- Check for working CXX compiler: /usr/bin/c++
[0.750s] -- Check for working CXX compiler: /usr/bin/c++ -- works
[0.751s] -- Detecting CXX compiler ABI info
[0.855s] -- Detecting CXX compiler ABI info - done
[0.861s] -- Detecting CXX compile features
[1.374s] -- Detecting CXX compile features - done
[1.379s] -- Found ament_cmake: 0.8.2 (/opt/ros/eloquent/share/ament_cmake/cmake)
[1.417s] -- Found PythonInterp: /usr/bin/python3 (found suitable version "3.6.9", minimum required is "3") 
[1.418s] -- Using PYTHON_EXECUTABLE: /usr/bin/python3
[1.736s] -- Override CMake install command with custom implementation using symlinks instead of copying resources
[1.777s] -- Found rclcpp: 0.8.4 (/opt/ros/eloquent/share/rclcpp/cmake)
[1.807s] -- Found rosidl_adapter: 0.8.2 (/opt/ros/eloquent/share/rosidl_adapter/cmake)
[1.876s] -- Found rmw_implementation_cmake: 0.8.1 (/opt/ros/eloquent/share/rmw_implementation_cmake/cmake)
[1.878s] -- Using RMW implementation 'rmw_fastrtps_cpp' as default
[1.882s] -- Looking for pthread.h
[1.967s] -- Looking for pthread.h - found
[1.972s] -- Looking for pthread_create
[2.063s] -- Looking for pthread_create - not found
[2.064s] -- Looking for pthread_create in pthreads
[2.129s] -- Looking for pthread_create in pthreads - not found
[2.130s] -- Looking for pthread_create in pthread
[2.215s] -- Looking for pthread_create in pthread - found
[2.216s] -- Found Threads: TRUE  
[2.283s] -- Found std_msgs: 0.8.1 (/opt/ros/eloquent/share/std_msgs/cmake)
[2.290s] -- Found geometry_msgs: 0.8.1 (/opt/ros/eloquent/share/geometry_msgs/cmake)
[2.298s] -- Found rosidl_default_generators: 0.8.0 (/opt/ros/eloquent/share/rosidl_default_generators/cmake)
[2.381s] -- Found OpenSSL: /usr/lib/x86_64-linux-gnu/libcrypto.so (found version "1.1.1") 
[2.404s] -- Found FastRTPS: /opt/ros/eloquent/include  
[2.474s] -- Found ament_lint_auto: 0.8.1 (/opt/ros/eloquent/share/ament_lint_auto/cmake)
[2.607s] -- Found PythonInterp: /usr/bin/python3 (found version "3.6.9") 
[2.881s] -- Using single matching rosidl_typesupport_c: rosidl_typesupport_fastrtps_c
[2.932s] -- Using single matching rosidl_typesupport_cpp: rosidl_typesupport_fastrtps_cpp
[3.312s] -- Found PythonInterp: /usr/bin/python3 (found suitable version "3.6.9", minimum required is "3.5") 
[3.314s] -- Found python_cmake_module: 0.8.0 (/opt/ros/eloquent/share/python_cmake_module/cmake)
[3.369s] -- Found PythonLibs: /usr/lib/x86_64-linux-gnu/libpython3.6m.so (found suitable version "3.6.9", minimum required is "3.5") 
[3.373s] -- Using PYTHON_EXECUTABLE: /usr/bin/python3
[3.373s] -- Using PYTHON_INCLUDE_DIRS: /usr/include/python3.6m
[3.374s] -- Using PYTHON_LIBRARIES: /usr/lib/x86_64-linux-gnu/libpython3.6m.so
[3.417s] -- Found PythonExtra: .so  
[3.698s] -- Added test 'lint_cmake' to check CMake code style
[3.699s] -- Added test 'xmllint' to check XML markup files
[3.707s] -- Configuring done
[3.886s] -- Generating done
[3.890s] -- Build files have been written to: /home/kenneth/PycharmProjects/ros2_ws_fix/src/build/ros2_demo_custommsg_create
[3.912s] Invoked command in '/home/kenneth/PycharmProjects/ros2_ws_fix/src/build/ros2_demo_custommsg_create' returned '0': CMAKE_PREFIX_PATH=${CMAKE_PREFIX_PATH}:/opt/ros/eloquent /usr/bin/cmake /home/kenneth/PycharmProjects/ros2_ws_fix/src/ros2_demo_custommsg_create -DAMENT_CMAKE_SYMLINK_INSTALL=1 -DCMAKE_INSTALL_PREFIX=/home/kenneth/PycharmProjects/ros2_ws_fix/src/install/ros2_demo_custommsg_create
[3.914s] Invoking command in '/home/kenneth/PycharmProjects/ros2_ws_fix/src/build/ros2_demo_custommsg_create': CMAKE_PREFIX_PATH=${CMAKE_PREFIX_PATH}:/opt/ros/eloquent /usr/bin/cmake --build /home/kenneth/PycharmProjects/ros2_ws_fix/src/build/ros2_demo_custommsg_create -- -j1 -l1
[3.973s] [35m[1mScanning dependencies of target new_msg__cpp[0m
[3.989s] [  3%] [34m[1mGenerating C++ code for ROS interfaces[0m
[4.373s] [  3%] Built target new_msg__cpp
[4.386s] [  6%] [34m[1mGenerating C++ type support for eProsima Fast-RTPS[0m
[4.746s] [35m[1mScanning dependencies of target new_msg__rosidl_typesupport_fastrtps_cpp[0m
[4.764s] [ 10%] [32mBuilding CXX object CMakeFiles/new_msg__rosidl_typesupport_fastrtps_cpp.dir/rosidl_typesupport_fastrtps_cpp/ros2_demo_custommsg_create/msg/dds_fastrtps/custom__type_support.cpp.o[0m
[5.247s] [ 13%] [32m[1mLinking CXX shared library libnew_msg__rosidl_typesupport_fastrtps_cpp.so[0m
[5.347s] [ 13%] Built target new_msg__rosidl_typesupport_fastrtps_cpp
[5.361s] [ 17%] [34m[1mGenerating C code for ROS interfaces[0m
[5.744s] [35m[1mScanning dependencies of target new_msg__rosidl_generator_c[0m
[5.765s] [ 20%] [32mBuilding C object CMakeFiles/new_msg__rosidl_generator_c.dir/rosidl_generator_c/ros2_demo_custommsg_create/msg/custom__functions.c.o[0m
[5.809s] [ 24%] [32m[1mLinking C shared library libnew_msg__rosidl_generator_c.so[0m
[5.856s] [ 24%] Built target new_msg__rosidl_generator_c
[5.870s] [ 27%] [34m[1mGenerating C type support for eProsima Fast-RTPS[0m
[6.453s] [35m[1mScanning dependencies of target new_msg__rosidl_typesupport_fastrtps_c[0m
[6.488s] [ 31%] [32mBuilding CXX object CMakeFiles/new_msg__rosidl_typesupport_fastrtps_c.dir/rosidl_typesupport_fastrtps_c/ros2_demo_custommsg_create/msg/custom__type_support_c.cpp.o[0m
[7.290s] [ 34%] [32m[1mLinking CXX shared library libnew_msg__rosidl_typesupport_fastrtps_c.so[0m
[7.437s] [ 34%] Built target new_msg__rosidl_typesupport_fastrtps_c
[7.453s] [ 37%] [34m[1mGenerating C type support dispatch for ROS interfaces[0m
[7.830s] [35m[1mScanning dependencies of target new_msg__rosidl_typesupport_c[0m
[7.848s] [ 41%] [32mBuilding CXX object CMakeFiles/new_msg__rosidl_typesupport_c.dir/rosidl_typesupport_c/ros2_demo_custommsg_create/msg/custom__type_support.cpp.o[0m
[7.902s] [ 44%] [32m[1mLinking CXX shared library libnew_msg__rosidl_typesupport_c.so[0m
[8.006s] [ 44%] Built target new_msg__rosidl_typesupport_c
[8.032s] [ 48%] [34m[1mGenerating C++ introspection for ROS interfaces[0m
[8.414s] [35m[1mScanning dependencies of target new_msg__rosidl_typesupport_introspection_cpp[0m
[8.441s] [ 51%] [32mBuilding CXX object CMakeFiles/new_msg__rosidl_typesupport_introspection_cpp.dir/rosidl_typesupport_introspection_cpp/ros2_demo_custommsg_create/msg/custom__type_support.cpp.o[0m
[8.789s] [ 55%] [32m[1mLinking CXX shared library libnew_msg__rosidl_typesupport_introspection_cpp.so[0m
[8.899s] [ 55%] Built target new_msg__rosidl_typesupport_introspection_cpp
[8.914s] [ 58%] [34m[1mGenerating C++ type support dispatch for ROS interfaces[0m
[9.222s] [35m[1mScanning dependencies of target new_msg__rosidl_typesupport_cpp[0m
[9.251s] [ 62%] [32mBuilding CXX object CMakeFiles/new_msg__rosidl_typesupport_cpp.dir/rosidl_typesupport_cpp/ros2_demo_custommsg_create/msg/custom__type_support.cpp.o[0m
[9.694s] [ 65%] [32m[1mLinking CXX shared library libnew_msg__rosidl_typesupport_cpp.so[0m
[9.815s] [ 65%] Built target new_msg__rosidl_typesupport_cpp
[9.844s] [ 68%] [34m[1mGenerating C introspection for ROS interfaces[0m
[10.204s] [35m[1mScanning dependencies of target new_msg__rosidl_typesupport_introspection_c[0m
[10.241s] [ 72%] [32mBuilding C object CMakeFiles/new_msg__rosidl_typesupport_introspection_c.dir/rosidl_typesupport_introspection_c/ros2_demo_custommsg_create/msg/custom__type_support.c.o[0m
[10.286s] [ 75%] [32m[1mLinking C shared library libnew_msg__rosidl_typesupport_introspection_c.so[0m
[10.344s] [ 75%] Built target new_msg__rosidl_typesupport_introspection_c
[10.357s] [35m[1mScanning dependencies of target new_msg[0m
[10.371s] [ 75%] Built target new_msg
[10.385s] [35m[1mScanning dependencies of target new_msg__py[0m
[10.401s] [ 79%] [34m[1mGenerating Python code for ROS interfaces[0m
[11.003s] [ 79%] Built target new_msg__py
[11.018s] [35m[1mScanning dependencies of target new_msg__python[0m
[11.045s] [ 82%] [32mBuilding C object CMakeFiles/new_msg__python.dir/rosidl_generator_py/ros2_demo_custommsg_create/msg/_custom_s.c.o[0m
[11.162s] [ 86%] [32m[1mLinking CXX shared library rosidl_generator_py/ros2_demo_custommsg_create/libnew_msg__python.so[0m
[11.284s] [ 86%] Built target new_msg__python
[11.297s] [35m[1mScanning dependencies of target ros2_demo_custommsg_create__rosidl_typesupport_fastrtps_c__pyext[0m
[11.325s] [ 89%] [32mBuilding C object CMakeFiles/ros2_demo_custommsg_create__rosidl_typesupport_fastrtps_c__pyext.dir/rosidl_generator_py/ros2_demo_custommsg_create/_ros2_demo_custommsg_create_s.ep.rosidl_typesupport_fastrtps_c.c.o[0m
[11.448s] [ 93%] [32m[1mLinking CXX shared library rosidl_generator_py/ros2_demo_custommsg_create/ros2_demo_custommsg_create_s__rosidl_typesupport_fastrtps_c.cpython-36m-x86_64-linux-gnu.so[0m
[11.585s] [ 93%] Built target ros2_demo_custommsg_create__rosidl_typesupport_fastrtps_c__pyext
[11.600s] [35m[1mScanning dependencies of target ros2_demo_custommsg_create__rosidl_typesupport_c__pyext[0m
[11.623s] [ 96%] [32mBuilding C object CMakeFiles/ros2_demo_custommsg_create__rosidl_typesupport_c__pyext.dir/rosidl_generator_py/ros2_demo_custommsg_create/_ros2_demo_custommsg_create_s.ep.rosidl_typesupport_c.c.o[0m
[11.722s] [100%] [32m[1mLinking CXX shared library rosidl_generator_py/ros2_demo_custommsg_create/ros2_demo_custommsg_create_s__rosidl_typesupport_c.cpython-36m-x86_64-linux-gnu.so[0m
[11.867s] [100%] Built target ros2_demo_custommsg_create__rosidl_typesupport_c__pyext
[11.885s] Invoked command in '/home/kenneth/PycharmProjects/ros2_ws_fix/src/build/ros2_demo_custommsg_create' returned '0': CMAKE_PREFIX_PATH=${CMAKE_PREFIX_PATH}:/opt/ros/eloquent /usr/bin/cmake --build /home/kenneth/PycharmProjects/ros2_ws_fix/src/build/ros2_demo_custommsg_create -- -j1 -l1
[11.967s] Invoking command in '/home/kenneth/PycharmProjects/ros2_ws_fix/src/build/ros2_demo_custommsg_create': CMAKE_PREFIX_PATH=${CMAKE_PREFIX_PATH}:/opt/ros/eloquent /usr/bin/cmake --build /home/kenneth/PycharmProjects/ros2_ws_fix/src/build/ros2_demo_custommsg_create --target install -- -j1 -l1
[12.060s] [  3%] Built target new_msg__cpp
[12.095s] [ 13%] Built target new_msg__rosidl_typesupport_fastrtps_cpp
[12.124s] [ 24%] Built target new_msg__rosidl_generator_c
[12.171s] [ 34%] Built target new_msg__rosidl_typesupport_fastrtps_c
[12.205s] [ 44%] Built target new_msg__rosidl_typesupport_c
[12.242s] [ 55%] Built target new_msg__rosidl_typesupport_introspection_cpp
[12.288s] [ 65%] Built target new_msg__rosidl_typesupport_cpp
[12.318s] [ 75%] Built target new_msg__rosidl_typesupport_introspection_c
[12.353s] [ 75%] Built target new_msg
[12.391s] [ 79%] Built target new_msg__py
[12.432s] [ 86%] Built target new_msg__python
[12.491s] [ 93%] Built target ros2_demo_custommsg_create__rosidl_typesupport_fastrtps_c__pyext
[12.529s] [100%] Built target ros2_demo_custommsg_create__rosidl_typesupport_c__pyext
[12.554s] [36mInstall the project...[0m
[12.566s] -- Install configuration: ""
[12.568s] -- Execute custom install script
[12.569s] -- Symlinking: /home/kenneth/PycharmProjects/ros2_ws_fix/src/install/ros2_demo_custommsg_create/share/ament_index/resource_index/rosidl_interfaces/ros2_demo_custommsg_create
[12.583s] -- Symlinking: /home/kenneth/PycharmProjects/ros2_ws_fix/src/install/ros2_demo_custommsg_create/include/ros2_demo_custommsg_create/msg/custom.hpp
[12.594s] -- Symlinking: /home/kenneth/PycharmProjects/ros2_ws_fix/src/install/ros2_demo_custommsg_create/include/ros2_demo_custommsg_create/msg/custom__struct.hpp
[12.605s] -- Symlinking: /home/kenneth/PycharmProjects/ros2_ws_fix/src/install/ros2_demo_custommsg_create/include/ros2_demo_custommsg_create/msg/custom__traits.hpp
[12.617s] -- Symlinking: /home/kenneth/PycharmProjects/ros2_ws_fix/src/install/ros2_demo_custommsg_create/include/ros2_demo_custommsg_create/msg/custom.h
[12.628s] -- Symlinking: /home/kenneth/PycharmProjects/ros2_ws_fix/src/install/ros2_demo_custommsg_create/include/ros2_demo_custommsg_create/msg/custom__functions.h
[12.654s] -- Symlinking: /home/kenneth/PycharmProjects/ros2_ws_fix/src/install/ros2_demo_custommsg_create/include/ros2_demo_custommsg_create/msg/custom__struct.h
[12.666s] -- Symlinking: /home/kenneth/PycharmProjects/ros2_ws_fix/src/install/ros2_demo_custommsg_create/include/ros2_demo_custommsg_create/msg/custom__type_support.h
[12.678s] -- Symlinking: /home/kenneth/PycharmProjects/ros2_ws_fix/src/install/ros2_demo_custommsg_create/include/ros2_demo_custommsg_create/msg/rosidl_generator_c__visibility_control.h
[12.692s] -- Symlinking: /home/kenneth/PycharmProjects/ros2_ws_fix/src/install/ros2_demo_custommsg_create/share/ros2_demo_custommsg_create/environment/library_path.sh
[12.704s] -- Symlinking: /home/kenneth/PycharmProjects/ros2_ws_fix/src/install/ros2_demo_custommsg_create/share/ros2_demo_custommsg_create/environment/library_path.dsv
[12.718s] -- Symlinking: /home/kenneth/PycharmProjects/ros2_ws_fix/src/install/ros2_demo_custommsg_create/lib/libnew_msg__rosidl_generator_c.so
[12.731s] -- Symlinking: /home/kenneth/PycharmProjects/ros2_ws_fix/src/install/ros2_demo_custommsg_create/lib/libnew_msg__rosidl_typesupport_c.so
[12.753s] -- Symlinking: /home/kenneth/PycharmProjects/ros2_ws_fix/src/install/ros2_demo_custommsg_create/lib/libnew_msg__rosidl_typesupport_cpp.so
[12.766s] -- Symlinking: /home/kenneth/PycharmProjects/ros2_ws_fix/src/install/ros2_demo_custommsg_create/include/ros2_demo_custommsg_create/msg/custom__rosidl_typesupport_introspection_c.h
[12.779s] -- Symlinking: /home/kenneth/PycharmProjects/ros2_ws_fix/src/install/ros2_demo_custommsg_create/include/ros2_demo_custommsg_create/msg/rosidl_typesupport_introspection_c__visibility_control.h
[12.791s] -- Symlinking: /home/kenneth/PycharmProjects/ros2_ws_fix/src/install/ros2_demo_custommsg_create/lib/libnew_msg__rosidl_typesupport_introspection_c.so
[12.804s] -- Symlinking: /home/kenneth/PycharmProjects/ros2_ws_fix/src/install/ros2_demo_custommsg_create/include/ros2_demo_custommsg_create/msg/custom__rosidl_typesupport_introspection_cpp.hpp
[12.816s] -- Symlinking: /home/kenneth/PycharmProjects/ros2_ws_fix/src/install/ros2_demo_custommsg_create/lib/libnew_msg__rosidl_typesupport_introspection_cpp.so
[12.829s] -- Symlinking: /home/kenneth/PycharmProjects/ros2_ws_fix/src/install/ros2_demo_custommsg_create/include/ros2_demo_custommsg_create/msg/custom__rosidl_typesupport_fastrtps_c.h
[12.849s] -- Symlinking: /home/kenneth/PycharmProjects/ros2_ws_fix/src/install/ros2_demo_custommsg_create/include/ros2_demo_custommsg_create/msg/rosidl_typesupport_fastrtps_c__visibility_control.h
[12.865s] -- Symlinking: /home/kenneth/PycharmProjects/ros2_ws_fix/src/install/ros2_demo_custommsg_create/lib/libnew_msg__rosidl_typesupport_fastrtps_c.so
[12.878s] -- Symlinking: /home/kenneth/PycharmProjects/ros2_ws_fix/src/install/ros2_demo_custommsg_create/include/ros2_demo_custommsg_create/msg/custom__rosidl_typesupport_fastrtps_cpp.hpp
[12.891s] -- Symlinking: /home/kenneth/PycharmProjects/ros2_ws_fix/src/install/ros2_demo_custommsg_create/include/ros2_demo_custommsg_create/msg/rosidl_typesupport_fastrtps_cpp__visibility_control.h
[12.906s] -- Symlinking: /home/kenneth/PycharmProjects/ros2_ws_fix/src/install/ros2_demo_custommsg_create/lib/libnew_msg__rosidl_typesupport_fastrtps_cpp.so
[12.919s] -- Symlinking: /home/kenneth/PycharmProjects/ros2_ws_fix/src/install/ros2_demo_custommsg_create/share/ros2_demo_custommsg_create/environment/pythonpath.sh
[12.934s] -- Symlinking: /home/kenneth/PycharmProjects/ros2_ws_fix/src/install/ros2_demo_custommsg_create/share/ros2_demo_custommsg_create/environment/pythonpath.dsv
[12.958s] -- Symlinking: /home/kenneth/PycharmProjects/ros2_ws_fix/src/install/ros2_demo_custommsg_create/lib/python3.6/site-packages/ros2_demo_custommsg_create/__init__.py
[12.973s] -- Symlinking: /home/kenneth/PycharmProjects/ros2_ws_fix/src/install/ros2_demo_custommsg_create/lib/python3.6/site-packages/ros2_demo_custommsg_create/msg/__init__.py
[12.987s] -- Symlinking: /home/kenneth/PycharmProjects/ros2_ws_fix/src/install/ros2_demo_custommsg_create/lib/python3.6/site-packages/ros2_demo_custommsg_create/msg/_custom.py
[12.999s] -- Symlinking: /home/kenneth/PycharmProjects/ros2_ws_fix/src/install/ros2_demo_custommsg_create/lib/python3.6/site-packages/ros2_demo_custommsg_create/ros2_demo_custommsg_create_s__rosidl_typesupport_c.cpython-36m-x86_64-linux-gnu.so
[13.013s] -- Symlinking: /home/kenneth/PycharmProjects/ros2_ws_fix/src/install/ros2_demo_custommsg_create/lib/python3.6/site-packages/ros2_demo_custommsg_create/ros2_demo_custommsg_create_s__rosidl_typesupport_fastrtps_c.cpython-36m-x86_64-linux-gnu.so
[13.026s] -- Symlinking: /home/kenneth/PycharmProjects/ros2_ws_fix/src/install/ros2_demo_custommsg_create/lib/libnew_msg__python.so
[13.051s] -- Symlinking: /home/kenneth/PycharmProjects/ros2_ws_fix/src/install/ros2_demo_custommsg_create/share/ros2_demo_custommsg_create/msg/Custom.idl
[13.063s] -- Symlinking: /home/kenneth/PycharmProjects/ros2_ws_fix/src/install/ros2_demo_custommsg_create/share/ros2_demo_custommsg_create/msg/Custom.msg
[13.076s] -- Symlinking: /home/kenneth/PycharmProjects/ros2_ws_fix/src/install/ros2_demo_custommsg_create/share/ament_index/resource_index/package_run_dependencies/ros2_demo_custommsg_create
[13.090s] -- Symlinking: /home/kenneth/PycharmProjects/ros2_ws_fix/src/install/ros2_demo_custommsg_create/share/ament_index/resource_index/parent_prefix_path/ros2_demo_custommsg_create
[13.103s] -- Symlinking: /home/kenneth/PycharmProjects/ros2_ws_fix/src/install/ros2_demo_custommsg_create/share/ros2_demo_custommsg_create/environment/ament_prefix_path.sh
[13.115s] -- Symlinking: /home/kenneth/PycharmProjects/ros2_ws_fix/src/install/ros2_demo_custommsg_create/share/ros2_demo_custommsg_create/environment/ament_prefix_path.dsv
[13.128s] -- Symlinking: /home/kenneth/PycharmProjects/ros2_ws_fix/src/install/ros2_demo_custommsg_create/share/ros2_demo_custommsg_create/environment/path.sh
[13.153s] -- Symlinking: /home/kenneth/PycharmProjects/ros2_ws_fix/src/install/ros2_demo_custommsg_create/share/ros2_demo_custommsg_create/environment/path.dsv
[13.166s] -- Symlinking: /home/kenneth/PycharmProjects/ros2_ws_fix/src/install/ros2_demo_custommsg_create/share/ros2_demo_custommsg_create/local_setup.bash
[13.182s] -- Symlinking: /home/kenneth/PycharmProjects/ros2_ws_fix/src/install/ros2_demo_custommsg_create/share/ros2_demo_custommsg_create/local_setup.sh
[13.195s] -- Symlinking: /home/kenneth/PycharmProjects/ros2_ws_fix/src/install/ros2_demo_custommsg_create/share/ros2_demo_custommsg_create/local_setup.zsh
[13.209s] -- Symlinking: /home/kenneth/PycharmProjects/ros2_ws_fix/src/install/ros2_demo_custommsg_create/share/ros2_demo_custommsg_create/local_setup.dsv
[13.222s] -- Symlinking: /home/kenneth/PycharmProjects/ros2_ws_fix/src/install/ros2_demo_custommsg_create/share/ros2_demo_custommsg_create/package.dsv
[13.239s] -- Symlinking: /home/kenneth/PycharmProjects/ros2_ws_fix/src/install/ros2_demo_custommsg_create/share/ament_index/resource_index/packages/ros2_demo_custommsg_create
[13.264s] -- Symlinking: /home/kenneth/PycharmProjects/ros2_ws_fix/src/install/ros2_demo_custommsg_create/share/ros2_demo_custommsg_create/cmake/rosidl_cmake-extras.cmake
[13.277s] -- Symlinking: /home/kenneth/PycharmProjects/ros2_ws_fix/src/install/ros2_demo_custommsg_create/share/ros2_demo_custommsg_create/cmake/ament_cmake_export_dependencies-extras.cmake
[13.288s] -- Symlinking: /home/kenneth/PycharmProjects/ros2_ws_fix/src/install/ros2_demo_custommsg_create/share/ros2_demo_custommsg_create/cmake/ament_cmake_export_include_directories-extras.cmake
[13.301s] -- Symlinking: /home/kenneth/PycharmProjects/ros2_ws_fix/src/install/ros2_demo_custommsg_create/share/ros2_demo_custommsg_create/cmake/ament_cmake_export_libraries-extras.cmake
[13.312s] -- Symlinking: /home/kenneth/PycharmProjects/ros2_ws_fix/src/install/ros2_demo_custommsg_create/share/ros2_demo_custommsg_create/cmake/ros2_demo_custommsg_createConfig.cmake
[13.335s] -- Symlinking: /home/kenneth/PycharmProjects/ros2_ws_fix/src/install/ros2_demo_custommsg_create/share/ros2_demo_custommsg_create/cmake/ros2_demo_custommsg_createConfig-version.cmake
[13.350s] -- Symlinking: /home/kenneth/PycharmProjects/ros2_ws_fix/src/install/ros2_demo_custommsg_create/share/ros2_demo_custommsg_create/package.xml
[13.409s] Compiling '/home/kenneth/PycharmProjects/ros2_ws_fix/src/install/ros2_demo_custommsg_create/lib/python3.6/site-packages/ros2_demo_custommsg_create/__init__.py'...
[13.424s] Invoked command in '/home/kenneth/PycharmProjects/ros2_ws_fix/src/build/ros2_demo_custommsg_create' returned '0': CMAKE_PREFIX_PATH=${CMAKE_PREFIX_PATH}:/opt/ros/eloquent /usr/bin/cmake --build /home/kenneth/PycharmProjects/ros2_ws_fix/src/build/ros2_demo_custommsg_create --target install -- -j1 -l1
