[0.045s] Invoking command in '/home/kenneth/PycharmProjects/ros2_ws_fix/build/sensor_fusion_msg_types': CMAKE_PREFIX_PATH=/opt/ros/eloquent /usr/bin/cmake --build /home/kenneth/PycharmProjects/ros2_ws_fix/build/sensor_fusion_msg_types -- -j1 -l1
[0.109s] [  3%] Built target sensor_fusion_msg_types__cpp
[0.153s] [ 13%] Built target sensor_fusion_msg_types__rosidl_typesupport_fastrtps_cpp
[0.184s] [ 24%] Built target sensor_fusion_msg_types__rosidl_typesupport_cpp
[0.217s] [ 34%] Built target sensor_fusion_msg_types__rosidl_generator_c
[0.261s] [ 44%] Built target sensor_fusion_msg_types__rosidl_typesupport_fastrtps_c
[0.292s] [ 55%] Built target sensor_fusion_msg_types__rosidl_typesupport_c
[0.320s] [ 65%] Built target sensor_fusion_msg_types__rosidl_typesupport_introspection_cpp
[0.367s] [ 75%] Built target sensor_fusion_msg_types__rosidl_typesupport_introspection_c
[0.390s] [ 75%] Built target sensor_fusion_msg_types
[0.414s] [ 79%] Built target sensor_fusion_msg_types__py
[0.447s] [ 86%] Built target sensor_fusion_msg_types__python
[0.477s] [ 93%] Built target sensor_fusion_msg_types__rosidl_typesupport_c__pyext
[0.512s] [100%] Built target sensor_fusion_msg_types__rosidl_typesupport_fastrtps_c__pyext
[0.538s] Invoked command in '/home/kenneth/PycharmProjects/ros2_ws_fix/build/sensor_fusion_msg_types' returned '0': CMAKE_PREFIX_PATH=/opt/ros/eloquent /usr/bin/cmake --build /home/kenneth/PycharmProjects/ros2_ws_fix/build/sensor_fusion_msg_types -- -j1 -l1
[0.600s] Invoking command in '/home/kenneth/PycharmProjects/ros2_ws_fix/build/sensor_fusion_msg_types': CMAKE_PREFIX_PATH=/opt/ros/eloquent /usr/bin/cmake --build /home/kenneth/PycharmProjects/ros2_ws_fix/build/sensor_fusion_msg_types --target install -- -j1 -l1
[0.671s] [  3%] Built target sensor_fusion_msg_types__cpp
[0.703s] [ 13%] Built target sensor_fusion_msg_types__rosidl_typesupport_fastrtps_cpp
[0.741s] [ 24%] Built target sensor_fusion_msg_types__rosidl_typesupport_cpp
[0.774s] [ 34%] Built target sensor_fusion_msg_types__rosidl_generator_c
[0.807s] [ 44%] Built target sensor_fusion_msg_types__rosidl_typesupport_fastrtps_c
[0.859s] [ 55%] Built target sensor_fusion_msg_types__rosidl_typesupport_c
[0.887s] [ 65%] Built target sensor_fusion_msg_types__rosidl_typesupport_introspection_cpp
[0.916s] [ 75%] Built target sensor_fusion_msg_types__rosidl_typesupport_introspection_c
[0.941s] [ 75%] Built target sensor_fusion_msg_types
[0.965s] [ 79%] Built target sensor_fusion_msg_types__py
[0.995s] [ 86%] Built target sensor_fusion_msg_types__python
[1.038s] [ 93%] Built target sensor_fusion_msg_types__rosidl_typesupport_c__pyext
[1.070s] [100%] Built target sensor_fusion_msg_types__rosidl_typesupport_fastrtps_c__pyext
[1.092s] [36mInstall the project...[0m
[1.102s] -- Install configuration: ""
[1.103s] -- Execute custom install script
[1.104s] -- Up-to-date symlink: /home/kenneth/PycharmProjects/ros2_ws_fix/install/sensor_fusion_msg_types/share/ament_index/resource_index/rosidl_interfaces/sensor_fusion_msg_types
[1.105s] -- Up-to-date symlink: /home/kenneth/PycharmProjects/ros2_ws_fix/install/sensor_fusion_msg_types/lib/libsensor_fusion_msg_types__rosidl_typesupport_c.so
[1.106s] -- Up-to-date symlink: /home/kenneth/PycharmProjects/ros2_ws_fix/install/sensor_fusion_msg_types/share/sensor_fusion_msg_types/environment/library_path.sh
[1.106s] -- Up-to-date symlink: /home/kenneth/PycharmProjects/ros2_ws_fix/install/sensor_fusion_msg_types/share/sensor_fusion_msg_types/environment/library_path.dsv
[1.107s] -- Up-to-date symlink: /home/kenneth/PycharmProjects/ros2_ws_fix/install/sensor_fusion_msg_types/lib/libsensor_fusion_msg_types__rosidl_typesupport_cpp.so
[1.108s] -- Up-to-date symlink: /home/kenneth/PycharmProjects/ros2_ws_fix/install/sensor_fusion_msg_types/include/sensor_fusion_msg_types/msg/rosidl_typesupport_fastrtps_c__visibility_control.h
[1.108s] -- Up-to-date symlink: /home/kenneth/PycharmProjects/ros2_ws_fix/install/sensor_fusion_msg_types/include/sensor_fusion_msg_types/msg/vinerow__rosidl_typesupport_fastrtps_c.h
[1.109s] -- Up-to-date symlink: /home/kenneth/PycharmProjects/ros2_ws_fix/install/sensor_fusion_msg_types/lib/libsensor_fusion_msg_types__rosidl_typesupport_fastrtps_c.so
[1.110s] -- Up-to-date symlink: /home/kenneth/PycharmProjects/ros2_ws_fix/install/sensor_fusion_msg_types/include/sensor_fusion_msg_types/msg/rosidl_generator_c__visibility_control.h
[1.110s] -- Up-to-date symlink: /home/kenneth/PycharmProjects/ros2_ws_fix/install/sensor_fusion_msg_types/include/sensor_fusion_msg_types/msg/vinerow.h
[1.111s] -- Up-to-date symlink: /home/kenneth/PycharmProjects/ros2_ws_fix/install/sensor_fusion_msg_types/include/sensor_fusion_msg_types/msg/vinerow__functions.h
[1.111s] -- Up-to-date symlink: /home/kenneth/PycharmProjects/ros2_ws_fix/install/sensor_fusion_msg_types/include/sensor_fusion_msg_types/msg/vinerow__struct.h
[1.111s] -- Up-to-date symlink: /home/kenneth/PycharmProjects/ros2_ws_fix/install/sensor_fusion_msg_types/include/sensor_fusion_msg_types/msg/vinerow__type_support.h
[1.112s] -- Up-to-date symlink: /home/kenneth/PycharmProjects/ros2_ws_fix/install/sensor_fusion_msg_types/lib/libsensor_fusion_msg_types__rosidl_generator_c.so
[1.113s] -- Up-to-date symlink: /home/kenneth/PycharmProjects/ros2_ws_fix/install/sensor_fusion_msg_types/include/sensor_fusion_msg_types/msg/rosidl_typesupport_fastrtps_cpp__visibility_control.h
[1.114s] -- Up-to-date symlink: /home/kenneth/PycharmProjects/ros2_ws_fix/install/sensor_fusion_msg_types/include/sensor_fusion_msg_types/msg/vinerow__rosidl_typesupport_fastrtps_cpp.hpp
[1.115s] -- Up-to-date symlink: /home/kenneth/PycharmProjects/ros2_ws_fix/install/sensor_fusion_msg_types/lib/libsensor_fusion_msg_types__rosidl_typesupport_fastrtps_cpp.so
[1.116s] -- Up-to-date symlink: /home/kenneth/PycharmProjects/ros2_ws_fix/install/sensor_fusion_msg_types/include/sensor_fusion_msg_types/msg/vinerow.hpp
[1.116s] -- Up-to-date symlink: /home/kenneth/PycharmProjects/ros2_ws_fix/install/sensor_fusion_msg_types/include/sensor_fusion_msg_types/msg/vinerow__struct.hpp
[1.116s] -- Up-to-date symlink: /home/kenneth/PycharmProjects/ros2_ws_fix/install/sensor_fusion_msg_types/include/sensor_fusion_msg_types/msg/vinerow__traits.hpp
[1.117s] -- Up-to-date symlink: /home/kenneth/PycharmProjects/ros2_ws_fix/install/sensor_fusion_msg_types/include/sensor_fusion_msg_types/msg/rosidl_typesupport_introspection_c__visibility_control.h
[1.118s] -- Up-to-date symlink: /home/kenneth/PycharmProjects/ros2_ws_fix/install/sensor_fusion_msg_types/include/sensor_fusion_msg_types/msg/vinerow__rosidl_typesupport_introspection_c.h
[1.118s] -- Up-to-date symlink: /home/kenneth/PycharmProjects/ros2_ws_fix/install/sensor_fusion_msg_types/lib/libsensor_fusion_msg_types__rosidl_typesupport_introspection_c.so
[1.119s] -- Up-to-date symlink: /home/kenneth/PycharmProjects/ros2_ws_fix/install/sensor_fusion_msg_types/include/sensor_fusion_msg_types/msg/vinerow__rosidl_typesupport_introspection_cpp.hpp
[1.120s] -- Up-to-date symlink: /home/kenneth/PycharmProjects/ros2_ws_fix/install/sensor_fusion_msg_types/lib/libsensor_fusion_msg_types__rosidl_typesupport_introspection_cpp.so
[1.120s] -- Up-to-date symlink: /home/kenneth/PycharmProjects/ros2_ws_fix/install/sensor_fusion_msg_types/share/sensor_fusion_msg_types/environment/pythonpath.sh
[1.121s] -- Up-to-date symlink: /home/kenneth/PycharmProjects/ros2_ws_fix/install/sensor_fusion_msg_types/share/sensor_fusion_msg_types/environment/pythonpath.dsv
[1.121s] -- Up-to-date symlink: /home/kenneth/PycharmProjects/ros2_ws_fix/install/sensor_fusion_msg_types/lib/python3.6/site-packages/sensor_fusion_msg_types/__init__.py
[1.129s] -- Up-to-date symlink: /home/kenneth/PycharmProjects/ros2_ws_fix/install/sensor_fusion_msg_types/lib/python3.6/site-packages/sensor_fusion_msg_types/msg/__init__.py
[1.130s] -- Up-to-date symlink: /home/kenneth/PycharmProjects/ros2_ws_fix/install/sensor_fusion_msg_types/lib/python3.6/site-packages/sensor_fusion_msg_types/msg/_vinerow.py
[1.130s] -- Up-to-date symlink: /home/kenneth/PycharmProjects/ros2_ws_fix/install/sensor_fusion_msg_types/lib/python3.6/site-packages/sensor_fusion_msg_types/sensor_fusion_msg_types_s__rosidl_typesupport_c.cpython-36m-x86_64-linux-gnu.so
[1.133s] -- Up-to-date symlink: /home/kenneth/PycharmProjects/ros2_ws_fix/install/sensor_fusion_msg_types/lib/python3.6/site-packages/sensor_fusion_msg_types/sensor_fusion_msg_types_s__rosidl_typesupport_fastrtps_c.cpython-36m-x86_64-linux-gnu.so
[1.133s] -- Up-to-date symlink: /home/kenneth/PycharmProjects/ros2_ws_fix/install/sensor_fusion_msg_types/lib/libsensor_fusion_msg_types__python.so
[1.136s] -- Up-to-date symlink: /home/kenneth/PycharmProjects/ros2_ws_fix/install/sensor_fusion_msg_types/share/sensor_fusion_msg_types/msg/Vinerow.idl
[1.137s] -- Up-to-date symlink: /home/kenneth/PycharmProjects/ros2_ws_fix/install/sensor_fusion_msg_types/share/sensor_fusion_msg_types/msg/Vinerow.msg
[1.138s] -- Up-to-date symlink: /home/kenneth/PycharmProjects/ros2_ws_fix/install/sensor_fusion_msg_types/share/ament_index/resource_index/package_run_dependencies/sensor_fusion_msg_types
[1.138s] -- Up-to-date symlink: /home/kenneth/PycharmProjects/ros2_ws_fix/install/sensor_fusion_msg_types/share/ament_index/resource_index/parent_prefix_path/sensor_fusion_msg_types
[1.139s] -- Up-to-date symlink: /home/kenneth/PycharmProjects/ros2_ws_fix/install/sensor_fusion_msg_types/share/sensor_fusion_msg_types/environment/ament_prefix_path.sh
[1.140s] -- Up-to-date symlink: /home/kenneth/PycharmProjects/ros2_ws_fix/install/sensor_fusion_msg_types/share/sensor_fusion_msg_types/environment/ament_prefix_path.dsv
[1.140s] -- Up-to-date symlink: /home/kenneth/PycharmProjects/ros2_ws_fix/install/sensor_fusion_msg_types/share/sensor_fusion_msg_types/environment/path.sh
[1.141s] -- Up-to-date symlink: /home/kenneth/PycharmProjects/ros2_ws_fix/install/sensor_fusion_msg_types/share/sensor_fusion_msg_types/environment/path.dsv
[1.142s] -- Up-to-date symlink: /home/kenneth/PycharmProjects/ros2_ws_fix/install/sensor_fusion_msg_types/share/sensor_fusion_msg_types/local_setup.bash
[1.142s] -- Up-to-date symlink: /home/kenneth/PycharmProjects/ros2_ws_fix/install/sensor_fusion_msg_types/share/sensor_fusion_msg_types/local_setup.sh
[1.143s] -- Up-to-date symlink: /home/kenneth/PycharmProjects/ros2_ws_fix/install/sensor_fusion_msg_types/share/sensor_fusion_msg_types/local_setup.zsh
[1.144s] -- Up-to-date symlink: /home/kenneth/PycharmProjects/ros2_ws_fix/install/sensor_fusion_msg_types/share/sensor_fusion_msg_types/local_setup.dsv
[1.144s] -- Symlinking: /home/kenneth/PycharmProjects/ros2_ws_fix/install/sensor_fusion_msg_types/share/sensor_fusion_msg_types/package.dsv
[1.156s] -- Up-to-date symlink: /home/kenneth/PycharmProjects/ros2_ws_fix/install/sensor_fusion_msg_types/share/ament_index/resource_index/packages/sensor_fusion_msg_types
[1.156s] -- Up-to-date symlink: /home/kenneth/PycharmProjects/ros2_ws_fix/install/sensor_fusion_msg_types/share/sensor_fusion_msg_types/cmake/rosidl_cmake-extras.cmake
[1.157s] -- Up-to-date symlink: /home/kenneth/PycharmProjects/ros2_ws_fix/install/sensor_fusion_msg_types/share/sensor_fusion_msg_types/cmake/ament_cmake_export_dependencies-extras.cmake
[1.158s] -- Up-to-date symlink: /home/kenneth/PycharmProjects/ros2_ws_fix/install/sensor_fusion_msg_types/share/sensor_fusion_msg_types/cmake/ament_cmake_export_libraries-extras.cmake
[1.158s] -- Up-to-date symlink: /home/kenneth/PycharmProjects/ros2_ws_fix/install/sensor_fusion_msg_types/share/sensor_fusion_msg_types/cmake/ament_cmake_export_include_directories-extras.cmake
[1.159s] -- Up-to-date symlink: /home/kenneth/PycharmProjects/ros2_ws_fix/install/sensor_fusion_msg_types/share/sensor_fusion_msg_types/cmake/sensor_fusion_msg_typesConfig.cmake
[1.159s] -- Up-to-date symlink: /home/kenneth/PycharmProjects/ros2_ws_fix/install/sensor_fusion_msg_types/share/sensor_fusion_msg_types/cmake/sensor_fusion_msg_typesConfig-version.cmake
[1.160s] -- Up-to-date symlink: /home/kenneth/PycharmProjects/ros2_ws_fix/install/sensor_fusion_msg_types/share/sensor_fusion_msg_types/package.xml
[1.210s] Invoked command in '/home/kenneth/PycharmProjects/ros2_ws_fix/build/sensor_fusion_msg_types' returned '0': CMAKE_PREFIX_PATH=/opt/ros/eloquent /usr/bin/cmake --build /home/kenneth/PycharmProjects/ros2_ws_fix/build/sensor_fusion_msg_types --target install -- -j1 -l1
