[0.045s] Invoking command in '/home/kenneth/PycharmProjects/ros2_ws_fix/src/build/sensor_fusion_msgs': CMAKE_PREFIX_PATH=${CMAKE_PREFIX_PATH}:/opt/ros/eloquent /usr/bin/cmake /home/kenneth/PycharmProjects/ros2_ws_fix/src/sensor_fusion_msgs -DAMENT_CMAKE_SYMLINK_INSTALL=1 -DCMAKE_INSTALL_PREFIX=/home/kenneth/PycharmProjects/ros2_ws_fix/src/install/sensor_fusion_msgs
[0.067s] -- Found ament_cmake: 0.8.2 (/opt/ros/eloquent/share/ament_cmake/cmake)
[0.108s] -- Using PYTHON_EXECUTABLE: /usr/bin/python3
[0.387s] -- Override CMake install command with custom implementation using symlinks instead of copying resources
[0.396s] -- Found sensor_fusion_msg_types: 0.0.0 (/home/kenneth/PycharmProjects/ros2_ws_fix/install/sensor_fusion_msg_types/share/sensor_fusion_msg_types/cmake)
[0.407s] -- Found rosidl_adapter: 0.8.2 (/opt/ros/eloquent/share/rosidl_adapter/cmake)
[0.487s] -- Found rosidl_default_generators: 0.8.0 (/opt/ros/eloquent/share/rosidl_default_generators/cmake)
[0.643s] -- Found PythonInterp: /usr/bin/python3 (found version "3.6.9") 
[1.091s] -- Using single matching rosidl_typesupport_c: rosidl_typesupport_fastrtps_c
[1.171s] -- Using single matching rosidl_typesupport_cpp: rosidl_typesupport_fastrtps_cpp
[1.634s] -- Found rmw_implementation_cmake: 0.8.1 (/opt/ros/eloquent/share/rmw_implementation_cmake/cmake)
[1.671s] -- Found PythonInterp: /usr/bin/python3 (found suitable version "3.6.9", minimum required is "3.5") 
[1.674s] -- Found python_cmake_module: 0.8.0 (/opt/ros/eloquent/share/python_cmake_module/cmake)
[1.713s] -- Found PythonLibs: /usr/lib/x86_64-linux-gnu/libpython3.6m.so (found suitable version "3.6.9", minimum required is "3.5") 
[1.713s] -- Using PYTHON_EXECUTABLE: /usr/bin/python3
[1.713s] -- Using PYTHON_INCLUDE_DIRS: /usr/include/python3.6m
[1.713s] -- Using PYTHON_LIBRARIES: /usr/lib/x86_64-linux-gnu/libpython3.6m.so
[1.756s] -- Found PythonExtra: .so  
[2.034s] -- Found ament_lint_auto: 0.8.1 (/opt/ros/eloquent/share/ament_lint_auto/cmake)
[2.093s] -- Added test 'lint_cmake' to check CMake code style
[2.096s] -- Added test 'xmllint' to check XML markup files
[2.105s] -- Configuring done
[2.475s] -- Generating done
[2.480s] -- Build files have been written to: /home/kenneth/PycharmProjects/ros2_ws_fix/src/build/sensor_fusion_msgs
[2.488s] Invoked command in '/home/kenneth/PycharmProjects/ros2_ws_fix/src/build/sensor_fusion_msgs' returned '0': CMAKE_PREFIX_PATH=${CMAKE_PREFIX_PATH}:/opt/ros/eloquent /usr/bin/cmake /home/kenneth/PycharmProjects/ros2_ws_fix/src/sensor_fusion_msgs -DAMENT_CMAKE_SYMLINK_INSTALL=1 -DCMAKE_INSTALL_PREFIX=/home/kenneth/PycharmProjects/ros2_ws_fix/src/install/sensor_fusion_msgs
[2.489s] Invoking command in '/home/kenneth/PycharmProjects/ros2_ws_fix/src/build/sensor_fusion_msgs': CMAKE_PREFIX_PATH=${CMAKE_PREFIX_PATH}:/opt/ros/eloquent /usr/bin/cmake --build /home/kenneth/PycharmProjects/ros2_ws_fix/src/build/sensor_fusion_msgs -- -j1 -l1
[2.559s] [35m[1mScanning dependencies of target sensor_fusion_msgs__cpp[0m
[2.574s] [  3%] [34m[1mGenerating C++ code for ROS interfaces[0m
[2.999s] [  3%] Built target sensor_fusion_msgs__cpp
[3.016s] [  6%] [34m[1mGenerating C++ type support for eProsima Fast-RTPS[0m
[3.560s] [35m[1mScanning dependencies of target sensor_fusion_msgs__rosidl_typesupport_fastrtps_cpp[0m
[3.593s] [ 10%] [32mBuilding CXX object CMakeFiles/sensor_fusion_msgs__rosidl_typesupport_fastrtps_cpp.dir/rosidl_typesupport_fastrtps_cpp/sensor_fusion_msgs/msg/dds_fastrtps/vinerows__type_support.cpp.o[0m
[4.433s] [ 13%] [32m[1mLinking CXX shared library libsensor_fusion_msgs__rosidl_typesupport_fastrtps_cpp.so[0m
[4.586s] [ 13%] Built target sensor_fusion_msgs__rosidl_typesupport_fastrtps_cpp
[4.602s] [ 17%] [34m[1mGenerating C code for ROS interfaces[0m
[5.054s] [35m[1mScanning dependencies of target sensor_fusion_msgs__rosidl_generator_c[0m
[5.076s] [ 20%] [32mBuilding C object CMakeFiles/sensor_fusion_msgs__rosidl_generator_c.dir/rosidl_generator_c/sensor_fusion_msgs/msg/vinerows__functions.c.o[0m
[5.133s] [ 24%] [32m[1mLinking C shared library libsensor_fusion_msgs__rosidl_generator_c.so[0m
[5.209s] [ 24%] Built target sensor_fusion_msgs__rosidl_generator_c
[5.224s] [ 27%] [34m[1mGenerating C type support for eProsima Fast-RTPS[0m
[5.625s] [35m[1mScanning dependencies of target sensor_fusion_msgs__rosidl_typesupport_fastrtps_c[0m
[5.667s] [ 31%] [32mBuilding CXX object CMakeFiles/sensor_fusion_msgs__rosidl_typesupport_fastrtps_c.dir/rosidl_typesupport_fastrtps_c/sensor_fusion_msgs/msg/vinerows__type_support_c.cpp.o[0m
[6.124s] [ 34%] [32m[1mLinking CXX shared library libsensor_fusion_msgs__rosidl_typesupport_fastrtps_c.so[0m
[6.287s] [ 34%] Built target sensor_fusion_msgs__rosidl_typesupport_fastrtps_c
[6.303s] [ 37%] [34m[1mGenerating C type support dispatch for ROS interfaces[0m
[6.692s] [35m[1mScanning dependencies of target sensor_fusion_msgs__rosidl_typesupport_c[0m
[6.717s] [ 41%] [32mBuilding CXX object CMakeFiles/sensor_fusion_msgs__rosidl_typesupport_c.dir/rosidl_typesupport_c/sensor_fusion_msgs/msg/vinerows__type_support.cpp.o[0m
[6.783s] [ 44%] [32m[1mLinking CXX shared library libsensor_fusion_msgs__rosidl_typesupport_c.so[0m
[6.883s] [ 44%] Built target sensor_fusion_msgs__rosidl_typesupport_c
[6.899s] [ 48%] [34m[1mGenerating C++ type support dispatch for ROS interfaces[0m
[7.322s] [35m[1mScanning dependencies of target sensor_fusion_msgs__rosidl_typesupport_cpp[0m
[7.342s] [ 51%] [32mBuilding CXX object CMakeFiles/sensor_fusion_msgs__rosidl_typesupport_cpp.dir/rosidl_typesupport_cpp/sensor_fusion_msgs/msg/vinerows__type_support.cpp.o[0m
[7.933s] [ 55%] [32m[1mLinking CXX shared library libsensor_fusion_msgs__rosidl_typesupport_cpp.so[0m
[8.100s] [ 55%] Built target sensor_fusion_msgs__rosidl_typesupport_cpp
[8.115s] [ 58%] [34m[1mGenerating C introspection for ROS interfaces[0m
[8.512s] [35m[1mScanning dependencies of target sensor_fusion_msgs__rosidl_typesupport_introspection_c[0m
[8.538s] [ 62%] [32mBuilding C object CMakeFiles/sensor_fusion_msgs__rosidl_typesupport_introspection_c.dir/rosidl_typesupport_introspection_c/sensor_fusion_msgs/msg/vinerows__type_support.c.o[0m
[8.605s] [ 65%] [32m[1mLinking C shared library libsensor_fusion_msgs__rosidl_typesupport_introspection_c.so[0m
[8.664s] [ 65%] Built target sensor_fusion_msgs__rosidl_typesupport_introspection_c
[8.680s] [ 68%] [34m[1mGenerating C++ introspection for ROS interfaces[0m
[9.084s] [35m[1mScanning dependencies of target sensor_fusion_msgs__rosidl_typesupport_introspection_cpp[0m
[9.113s] [ 72%] [32mBuilding CXX object CMakeFiles/sensor_fusion_msgs__rosidl_typesupport_introspection_cpp.dir/rosidl_typesupport_introspection_cpp/sensor_fusion_msgs/msg/vinerows__type_support.cpp.o[0m
[9.508s] [ 75%] [32m[1mLinking CXX shared library libsensor_fusion_msgs__rosidl_typesupport_introspection_cpp.so[0m
[9.647s] [ 75%] Built target sensor_fusion_msgs__rosidl_typesupport_introspection_cpp
[9.664s] [35m[1mScanning dependencies of target sensor_fusion_msgs[0m
[9.680s] [ 75%] Built target sensor_fusion_msgs
[9.694s] [35m[1mScanning dependencies of target sensor_fusion_msgs__py[0m
[9.710s] [ 79%] [34m[1mGenerating Python code for ROS interfaces[0m
[10.370s] [ 79%] Built target sensor_fusion_msgs__py
[10.398s] [35m[1mScanning dependencies of target sensor_fusion_msgs__python[0m
[10.462s] [ 82%] [32mBuilding C object CMakeFiles/sensor_fusion_msgs__python.dir/rosidl_generator_py/sensor_fusion_msgs/msg/_vinerows_s.c.o[0m
[10.626s] [ 86%] [32m[1mLinking CXX shared library rosidl_generator_py/sensor_fusion_msgs/libsensor_fusion_msgs__python.so[0m
[10.751s] [ 86%] Built target sensor_fusion_msgs__python
[10.775s] [35m[1mScanning dependencies of target sensor_fusion_msgs__rosidl_typesupport_c__pyext[0m
[10.812s] [ 89%] [32mBuilding C object CMakeFiles/sensor_fusion_msgs__rosidl_typesupport_c__pyext.dir/rosidl_generator_py/sensor_fusion_msgs/_sensor_fusion_msgs_s.ep.rosidl_typesupport_c.c.o[0m
[10.936s] [ 93%] [32m[1mLinking CXX shared library rosidl_generator_py/sensor_fusion_msgs/sensor_fusion_msgs_s__rosidl_typesupport_c.cpython-36m-x86_64-linux-gnu.so[0m
[11.115s] [ 93%] Built target sensor_fusion_msgs__rosidl_typesupport_c__pyext
[11.130s] [35m[1mScanning dependencies of target sensor_fusion_msgs__rosidl_typesupport_fastrtps_c__pyext[0m
[11.160s] [ 96%] [32mBuilding C object CMakeFiles/sensor_fusion_msgs__rosidl_typesupport_fastrtps_c__pyext.dir/rosidl_generator_py/sensor_fusion_msgs/_sensor_fusion_msgs_s.ep.rosidl_typesupport_fastrtps_c.c.o[0m
[11.260s] [100%] [32m[1mLinking CXX shared library rosidl_generator_py/sensor_fusion_msgs/sensor_fusion_msgs_s__rosidl_typesupport_fastrtps_c.cpython-36m-x86_64-linux-gnu.so[0m
[11.429s] [100%] Built target sensor_fusion_msgs__rosidl_typesupport_fastrtps_c__pyext
[11.448s] Invoked command in '/home/kenneth/PycharmProjects/ros2_ws_fix/src/build/sensor_fusion_msgs' returned '0': CMAKE_PREFIX_PATH=${CMAKE_PREFIX_PATH}:/opt/ros/eloquent /usr/bin/cmake --build /home/kenneth/PycharmProjects/ros2_ws_fix/src/build/sensor_fusion_msgs -- -j1 -l1
[11.548s] Invoking command in '/home/kenneth/PycharmProjects/ros2_ws_fix/src/build/sensor_fusion_msgs': CMAKE_PREFIX_PATH=${CMAKE_PREFIX_PATH}:/opt/ros/eloquent /usr/bin/cmake --build /home/kenneth/PycharmProjects/ros2_ws_fix/src/build/sensor_fusion_msgs --target install -- -j1 -l1
[11.641s] [  3%] Built target sensor_fusion_msgs__cpp
[11.678s] [ 13%] Built target sensor_fusion_msgs__rosidl_typesupport_fastrtps_cpp
[11.710s] [ 24%] Built target sensor_fusion_msgs__rosidl_generator_c
[11.746s] [ 34%] Built target sensor_fusion_msgs__rosidl_typesupport_fastrtps_c
[11.783s] [ 44%] Built target sensor_fusion_msgs__rosidl_typesupport_c
[11.837s] [ 55%] Built target sensor_fusion_msgs__rosidl_typesupport_cpp
[11.875s] [ 65%] Built target sensor_fusion_msgs__rosidl_typesupport_introspection_c
[11.916s] [ 75%] Built target sensor_fusion_msgs__rosidl_typesupport_introspection_cpp
[11.946s] [ 75%] Built target sensor_fusion_msgs
[11.990s] [ 79%] Built target sensor_fusion_msgs__py
[12.030s] [ 86%] Built target sensor_fusion_msgs__python
[12.071s] [ 93%] Built target sensor_fusion_msgs__rosidl_typesupport_c__pyext
[12.133s] [100%] Built target sensor_fusion_msgs__rosidl_typesupport_fastrtps_c__pyext
[12.170s] [36mInstall the project...[0m
[12.182s] -- Install configuration: ""
[12.186s] -- Execute custom install script
[12.186s] -- Symlinking: /home/kenneth/PycharmProjects/ros2_ws_fix/src/install/sensor_fusion_msgs/share/ament_index/resource_index/rosidl_interfaces/sensor_fusion_msgs
[12.200s] -- Symlinking: /home/kenneth/PycharmProjects/ros2_ws_fix/src/install/sensor_fusion_msgs/include/sensor_fusion_msgs/msg/vinerows.hpp
[12.214s] -- Symlinking: /home/kenneth/PycharmProjects/ros2_ws_fix/src/install/sensor_fusion_msgs/include/sensor_fusion_msgs/msg/vinerows__struct.hpp
[12.227s] -- Symlinking: /home/kenneth/PycharmProjects/ros2_ws_fix/src/install/sensor_fusion_msgs/include/sensor_fusion_msgs/msg/vinerows__traits.hpp
[12.242s] -- Symlinking: /home/kenneth/PycharmProjects/ros2_ws_fix/src/install/sensor_fusion_msgs/include/sensor_fusion_msgs/msg/rosidl_generator_c__visibility_control.h
[12.257s] -- Symlinking: /home/kenneth/PycharmProjects/ros2_ws_fix/src/install/sensor_fusion_msgs/include/sensor_fusion_msgs/msg/vinerows.h
[12.269s] -- Symlinking: /home/kenneth/PycharmProjects/ros2_ws_fix/src/install/sensor_fusion_msgs/include/sensor_fusion_msgs/msg/vinerows__functions.h
[12.282s] -- Symlinking: /home/kenneth/PycharmProjects/ros2_ws_fix/src/install/sensor_fusion_msgs/include/sensor_fusion_msgs/msg/vinerows__struct.h
[12.310s] -- Symlinking: /home/kenneth/PycharmProjects/ros2_ws_fix/src/install/sensor_fusion_msgs/include/sensor_fusion_msgs/msg/vinerows__type_support.h
[12.329s] -- Symlinking: /home/kenneth/PycharmProjects/ros2_ws_fix/src/install/sensor_fusion_msgs/share/sensor_fusion_msgs/environment/library_path.sh
[12.344s] -- Symlinking: /home/kenneth/PycharmProjects/ros2_ws_fix/src/install/sensor_fusion_msgs/share/sensor_fusion_msgs/environment/library_path.dsv
[12.357s] -- Symlinking: /home/kenneth/PycharmProjects/ros2_ws_fix/src/install/sensor_fusion_msgs/lib/libsensor_fusion_msgs__rosidl_generator_c.so
[12.379s] -- Symlinking: /home/kenneth/PycharmProjects/ros2_ws_fix/src/install/sensor_fusion_msgs/lib/libsensor_fusion_msgs__rosidl_typesupport_c.so
[12.397s] -- Symlinking: /home/kenneth/PycharmProjects/ros2_ws_fix/src/install/sensor_fusion_msgs/lib/libsensor_fusion_msgs__rosidl_typesupport_cpp.so
[12.410s] -- Symlinking: /home/kenneth/PycharmProjects/ros2_ws_fix/src/install/sensor_fusion_msgs/include/sensor_fusion_msgs/msg/rosidl_typesupport_introspection_c__visibility_control.h
[12.424s] -- Symlinking: /home/kenneth/PycharmProjects/ros2_ws_fix/src/install/sensor_fusion_msgs/include/sensor_fusion_msgs/msg/vinerows__rosidl_typesupport_introspection_c.h
[12.437s] -- Symlinking: /home/kenneth/PycharmProjects/ros2_ws_fix/src/install/sensor_fusion_msgs/lib/libsensor_fusion_msgs__rosidl_typesupport_introspection_c.so
[12.450s] -- Symlinking: /home/kenneth/PycharmProjects/ros2_ws_fix/src/install/sensor_fusion_msgs/include/sensor_fusion_msgs/msg/vinerows__rosidl_typesupport_introspection_cpp.hpp
[12.463s] -- Symlinking: /home/kenneth/PycharmProjects/ros2_ws_fix/src/install/sensor_fusion_msgs/lib/libsensor_fusion_msgs__rosidl_typesupport_introspection_cpp.so
[12.489s] -- Symlinking: /home/kenneth/PycharmProjects/ros2_ws_fix/src/install/sensor_fusion_msgs/include/sensor_fusion_msgs/msg/rosidl_typesupport_fastrtps_c__visibility_control.h
[12.503s] -- Symlinking: /home/kenneth/PycharmProjects/ros2_ws_fix/src/install/sensor_fusion_msgs/include/sensor_fusion_msgs/msg/vinerows__rosidl_typesupport_fastrtps_c.h
[12.517s] -- Symlinking: /home/kenneth/PycharmProjects/ros2_ws_fix/src/install/sensor_fusion_msgs/lib/libsensor_fusion_msgs__rosidl_typesupport_fastrtps_c.so
[12.536s] -- Symlinking: /home/kenneth/PycharmProjects/ros2_ws_fix/src/install/sensor_fusion_msgs/include/sensor_fusion_msgs/msg/rosidl_typesupport_fastrtps_cpp__visibility_control.h
[12.550s] -- Symlinking: /home/kenneth/PycharmProjects/ros2_ws_fix/src/install/sensor_fusion_msgs/include/sensor_fusion_msgs/msg/vinerows__rosidl_typesupport_fastrtps_cpp.hpp
[12.565s] -- Symlinking: /home/kenneth/PycharmProjects/ros2_ws_fix/src/install/sensor_fusion_msgs/lib/libsensor_fusion_msgs__rosidl_typesupport_fastrtps_cpp.so
[12.591s] -- Symlinking: /home/kenneth/PycharmProjects/ros2_ws_fix/src/install/sensor_fusion_msgs/share/sensor_fusion_msgs/environment/pythonpath.sh
[12.616s] -- Symlinking: /home/kenneth/PycharmProjects/ros2_ws_fix/src/install/sensor_fusion_msgs/share/sensor_fusion_msgs/environment/pythonpath.dsv
[12.632s] -- Symlinking: /home/kenneth/PycharmProjects/ros2_ws_fix/src/install/sensor_fusion_msgs/lib/python3.6/site-packages/sensor_fusion_msgs/__init__.py
[12.645s] -- Symlinking: /home/kenneth/PycharmProjects/ros2_ws_fix/src/install/sensor_fusion_msgs/lib/python3.6/site-packages/sensor_fusion_msgs/msg/__init__.py
[12.659s] -- Symlinking: /home/kenneth/PycharmProjects/ros2_ws_fix/src/install/sensor_fusion_msgs/lib/python3.6/site-packages/sensor_fusion_msgs/msg/_vinerows.py
[12.675s] -- Symlinking: /home/kenneth/PycharmProjects/ros2_ws_fix/src/install/sensor_fusion_msgs/lib/python3.6/site-packages/sensor_fusion_msgs/sensor_fusion_msgs_s__rosidl_typesupport_c.cpython-36m-x86_64-linux-gnu.so
[12.692s] -- Symlinking: /home/kenneth/PycharmProjects/ros2_ws_fix/src/install/sensor_fusion_msgs/lib/python3.6/site-packages/sensor_fusion_msgs/sensor_fusion_msgs_s__rosidl_typesupport_fastrtps_c.cpython-36m-x86_64-linux-gnu.so
[12.705s] -- Symlinking: /home/kenneth/PycharmProjects/ros2_ws_fix/src/install/sensor_fusion_msgs/lib/libsensor_fusion_msgs__python.so
[12.722s] -- Symlinking: /home/kenneth/PycharmProjects/ros2_ws_fix/src/install/sensor_fusion_msgs/share/sensor_fusion_msgs/msg/Vinerows.idl
[12.736s] -- Symlinking: /home/kenneth/PycharmProjects/ros2_ws_fix/src/install/sensor_fusion_msgs/share/sensor_fusion_msgs/msg/Vinerows.msg
[12.749s] -- Symlinking: /home/kenneth/PycharmProjects/ros2_ws_fix/src/install/sensor_fusion_msgs/share/ament_index/resource_index/package_run_dependencies/sensor_fusion_msgs
[12.765s] -- Symlinking: /home/kenneth/PycharmProjects/ros2_ws_fix/src/install/sensor_fusion_msgs/share/ament_index/resource_index/parent_prefix_path/sensor_fusion_msgs
[12.787s] -- Symlinking: /home/kenneth/PycharmProjects/ros2_ws_fix/src/install/sensor_fusion_msgs/share/sensor_fusion_msgs/environment/ament_prefix_path.sh
[12.812s] -- Symlinking: /home/kenneth/PycharmProjects/ros2_ws_fix/src/install/sensor_fusion_msgs/share/sensor_fusion_msgs/environment/ament_prefix_path.dsv
[12.827s] -- Symlinking: /home/kenneth/PycharmProjects/ros2_ws_fix/src/install/sensor_fusion_msgs/share/sensor_fusion_msgs/environment/path.sh
[12.844s] -- Symlinking: /home/kenneth/PycharmProjects/ros2_ws_fix/src/install/sensor_fusion_msgs/share/sensor_fusion_msgs/environment/path.dsv
[12.860s] -- Symlinking: /home/kenneth/PycharmProjects/ros2_ws_fix/src/install/sensor_fusion_msgs/share/sensor_fusion_msgs/local_setup.bash
[12.879s] -- Symlinking: /home/kenneth/PycharmProjects/ros2_ws_fix/src/install/sensor_fusion_msgs/share/sensor_fusion_msgs/local_setup.sh
[12.911s] -- Symlinking: /home/kenneth/PycharmProjects/ros2_ws_fix/src/install/sensor_fusion_msgs/share/sensor_fusion_msgs/local_setup.zsh
[12.927s] -- Symlinking: /home/kenneth/PycharmProjects/ros2_ws_fix/src/install/sensor_fusion_msgs/share/sensor_fusion_msgs/local_setup.dsv
[12.945s] -- Symlinking: /home/kenneth/PycharmProjects/ros2_ws_fix/src/install/sensor_fusion_msgs/share/sensor_fusion_msgs/package.dsv
[12.960s] -- Symlinking: /home/kenneth/PycharmProjects/ros2_ws_fix/src/install/sensor_fusion_msgs/share/ament_index/resource_index/packages/sensor_fusion_msgs
[12.974s] -- Symlinking: /home/kenneth/PycharmProjects/ros2_ws_fix/src/install/sensor_fusion_msgs/share/sensor_fusion_msgs/cmake/rosidl_cmake-extras.cmake
[12.995s] -- Symlinking: /home/kenneth/PycharmProjects/ros2_ws_fix/src/install/sensor_fusion_msgs/share/sensor_fusion_msgs/cmake/ament_cmake_export_dependencies-extras.cmake
[13.018s] -- Symlinking: /home/kenneth/PycharmProjects/ros2_ws_fix/src/install/sensor_fusion_msgs/share/sensor_fusion_msgs/cmake/ament_cmake_export_include_directories-extras.cmake
[13.032s] -- Symlinking: /home/kenneth/PycharmProjects/ros2_ws_fix/src/install/sensor_fusion_msgs/share/sensor_fusion_msgs/cmake/ament_cmake_export_libraries-extras.cmake
[13.045s] -- Symlinking: /home/kenneth/PycharmProjects/ros2_ws_fix/src/install/sensor_fusion_msgs/share/sensor_fusion_msgs/cmake/sensor_fusion_msgsConfig.cmake
[13.057s] -- Symlinking: /home/kenneth/PycharmProjects/ros2_ws_fix/src/install/sensor_fusion_msgs/share/sensor_fusion_msgs/cmake/sensor_fusion_msgsConfig-version.cmake
[13.070s] -- Symlinking: /home/kenneth/PycharmProjects/ros2_ws_fix/src/install/sensor_fusion_msgs/share/sensor_fusion_msgs/package.xml
[13.188s] Compiling '/home/kenneth/PycharmProjects/ros2_ws_fix/src/install/sensor_fusion_msgs/lib/python3.6/site-packages/sensor_fusion_msgs/__init__.py'...
[13.212s] Invoked command in '/home/kenneth/PycharmProjects/ros2_ws_fix/src/build/sensor_fusion_msgs' returned '0': CMAKE_PREFIX_PATH=${CMAKE_PREFIX_PATH}:/opt/ros/eloquent /usr/bin/cmake --build /home/kenneth/PycharmProjects/ros2_ws_fix/src/build/sensor_fusion_msgs --target install -- -j1 -l1
