Determining if the pthread_create exist failed with the following output:
Change Dir: /home/kenneth/PycharmProjects/ros2_ws_fix/src/build/ros2_demo_custommsg_create/CMakeFiles/CMakeTmp

Run Build Command:"/usr/bin/make" "cmTC_631be/fast"
/usr/bin/make -f CMakeFiles/cmTC_631be.dir/build.make CMakeFiles/cmTC_631be.dir/build
make[1]: Entering directory '/home/kenneth/PycharmProjects/ros2_ws_fix/src/build/ros2_demo_custommsg_create/CMakeFiles/CMakeTmp'
Building C object CMakeFiles/cmTC_631be.dir/CheckSymbolExists.c.o
/usr/bin/cc    -o CMakeFiles/cmTC_631be.dir/CheckSymbolExists.c.o   -c /home/kenneth/PycharmProjects/ros2_ws_fix/src/build/ros2_demo_custommsg_create/CMakeFiles/CMakeTmp/CheckSymbolExists.c
Linking C executable cmTC_631be
/usr/bin/cmake -E cmake_link_script CMakeFiles/cmTC_631be.dir/link.txt --verbose=1
/usr/bin/cc      CMakeFiles/cmTC_631be.dir/CheckSymbolExists.c.o  -o cmTC_631be 
CMakeFiles/cmTC_631be.dir/CheckSymbolExists.c.o: In function `main':
CheckSymbolExists.c:(.text+0x1b): undefined reference to `pthread_create'
collect2: error: ld returned 1 exit status
CMakeFiles/cmTC_631be.dir/build.make:97: recipe for target 'cmTC_631be' failed
make[1]: *** [cmTC_631be] Error 1
make[1]: Leaving directory '/home/kenneth/PycharmProjects/ros2_ws_fix/src/build/ros2_demo_custommsg_create/CMakeFiles/CMakeTmp'
Makefile:126: recipe for target 'cmTC_631be/fast' failed
make: *** [cmTC_631be/fast] Error 2

File /home/kenneth/PycharmProjects/ros2_ws_fix/src/build/ros2_demo_custommsg_create/CMakeFiles/CMakeTmp/CheckSymbolExists.c:
/* */
#include <pthread.h>

int main(int argc, char** argv)
{
  (void)argv;
#ifndef pthread_create
  return ((int*)(&pthread_create))[argc];
#else
  (void)argc;
  return 0;
#endif
}

Determining if the function pthread_create exists in the pthreads failed with the following output:
Change Dir: /home/kenneth/PycharmProjects/ros2_ws_fix/src/build/ros2_demo_custommsg_create/CMakeFiles/CMakeTmp

Run Build Command:"/usr/bin/make" "cmTC_f0f9c/fast"
/usr/bin/make -f CMakeFiles/cmTC_f0f9c.dir/build.make CMakeFiles/cmTC_f0f9c.dir/build
make[1]: Entering directory '/home/kenneth/PycharmProjects/ros2_ws_fix/src/build/ros2_demo_custommsg_create/CMakeFiles/CMakeTmp'
Building C object CMakeFiles/cmTC_f0f9c.dir/CheckFunctionExists.c.o
/usr/bin/cc   -DCHECK_FUNCTION_EXISTS=pthread_create   -o CMakeFiles/cmTC_f0f9c.dir/CheckFunctionExists.c.o   -c /usr/share/cmake-3.10/Modules/CheckFunctionExists.c
Linking C executable cmTC_f0f9c
/usr/bin/cmake -E cmake_link_script CMakeFiles/cmTC_f0f9c.dir/link.txt --verbose=1
/usr/bin/cc  -DCHECK_FUNCTION_EXISTS=pthread_create    CMakeFiles/cmTC_f0f9c.dir/CheckFunctionExists.c.o  -o cmTC_f0f9c -lpthreads 
/usr/bin/ld: cannot find -lpthreads
collect2: error: ld returned 1 exit status
CMakeFiles/cmTC_f0f9c.dir/build.make:97: recipe for target 'cmTC_f0f9c' failed
make[1]: *** [cmTC_f0f9c] Error 1
make[1]: Leaving directory '/home/kenneth/PycharmProjects/ros2_ws_fix/src/build/ros2_demo_custommsg_create/CMakeFiles/CMakeTmp'
Makefile:126: recipe for target 'cmTC_f0f9c/fast' failed
make: *** [cmTC_f0f9c/fast] Error 2


