[0.454s] Invoking command in '/home/kenneth/PycharmProjects/ros2_ws_fix/src/build/ros2_demo_publisher': PYTHONPATH=/home/kenneth/PycharmProjects/ros2_ws_fix/src/install/ros2_demo_publisher/lib/python3.6/site-packages:${PYTHONPATH} /usr/bin/python3 setup.py develop --prefix /home/kenneth/PycharmProjects/ros2_ws_fix/src/install/ros2_demo_publisher --editable --build-directory /home/kenneth/PycharmProjects/ros2_ws_fix/src/build/ros2_demo_publisher/build --no-deps install_data --install-dir /home/kenneth/PycharmProjects/ros2_ws_fix/src/install/ros2_demo_publisher
[0.876s] running develop
[1.039s] running egg_info
[1.039s] creating ros2_demo_publisher.egg-info
[1.039s] writing ros2_demo_publisher.egg-info/PKG-INFO
[1.040s] writing dependency_links to ros2_demo_publisher.egg-info/dependency_links.txt
[1.040s] writing entry points to ros2_demo_publisher.egg-info/entry_points.txt
[1.041s] writing requirements to ros2_demo_publisher.egg-info/requires.txt
[1.041s] writing top-level names to ros2_demo_publisher.egg-info/top_level.txt
[1.041s] writing manifest file 'ros2_demo_publisher.egg-info/SOURCES.txt'
[1.093s] reading manifest file 'ros2_demo_publisher.egg-info/SOURCES.txt'
[1.094s] writing manifest file 'ros2_demo_publisher.egg-info/SOURCES.txt'
[1.096s] running build_ext
[1.096s] Creating /home/kenneth/PycharmProjects/ros2_ws_fix/src/install/ros2_demo_publisher/lib/python3.6/site-packages/ros2-demo-publisher.egg-link (link to .)
[1.097s] Installing demo_publisher script to /home/kenneth/PycharmProjects/ros2_ws_fix/src/install/ros2_demo_publisher/lib/ros2_demo_publisher
[1.098s] 
[1.098s] Installed /home/kenneth/PycharmProjects/ros2_ws_fix/src/build/ros2_demo_publisher
[1.099s] running install_data
[1.099s] creating /home/kenneth/PycharmProjects/ros2_ws_fix/src/install/ros2_demo_publisher/share/ament_index
[1.100s] creating /home/kenneth/PycharmProjects/ros2_ws_fix/src/install/ros2_demo_publisher/share/ament_index/resource_index
[1.100s] creating /home/kenneth/PycharmProjects/ros2_ws_fix/src/install/ros2_demo_publisher/share/ament_index/resource_index/packages
[1.100s] copying resource/ros2_demo_publisher -> /home/kenneth/PycharmProjects/ros2_ws_fix/src/install/ros2_demo_publisher/share/ament_index/resource_index/packages
[1.101s] copying package.xml -> /home/kenneth/PycharmProjects/ros2_ws_fix/src/install/ros2_demo_publisher/share/ros2_demo_publisher
[1.133s] Invoked command in '/home/kenneth/PycharmProjects/ros2_ws_fix/src/build/ros2_demo_publisher' returned '0': PYTHONPATH=/home/kenneth/PycharmProjects/ros2_ws_fix/src/install/ros2_demo_publisher/lib/python3.6/site-packages:${PYTHONPATH} /usr/bin/python3 setup.py develop --prefix /home/kenneth/PycharmProjects/ros2_ws_fix/src/install/ros2_demo_publisher --editable --build-directory /home/kenneth/PycharmProjects/ros2_ws_fix/src/build/ros2_demo_publisher/build --no-deps install_data --install-dir /home/kenneth/PycharmProjects/ros2_ws_fix/src/install/ros2_demo_publisher
