[0.422s] Invoking command in '/home/kenneth/PycharmProjects/ros2_ws_fix/build/sf_vinerow': PYTHONPATH=/home/kenneth/PycharmProjects/ros2_ws_fix/install/sf_vinerow/lib/python3.6/site-packages:/home/kenneth/PycharmProjects/ros2_ws_fix/install/sensor_fusion_msgs/lib/python3.6/site-packages:/home/kenneth/PycharmProjects/ros2_ws_fix/build/sf_ros2_vinerow_sub:/home/kenneth/PycharmProjects/ros2_ws_fix/install/sf_ros2_vinerow_sub/lib/python3.6/site-packages:/home/kenneth/PycharmProjects/ros2_ws_fix/build/sensor_fusion_subscriber:/home/kenneth/PycharmProjects/ros2_ws_fix/install/sensor_fusion_subscriber/lib/python3.6/site-packages:/home/kenneth/PycharmProjects/ros2_ws_fix/build/ros2_demo_custommsg_pub:/home/kenneth/PycharmProjects/ros2_ws_fix/install/ros2_demo_custommsg_pub/lib/python3.6/site-packages:/home/kenneth/PycharmProjects/ros2_ws_fix/install/sensor_fusion_msg_types/lib/python3.6/site-packages:/home/kenneth/PycharmProjects/ros2_ws_fix/build/ros2_demo_subscriber:/home/kenneth/PycharmProjects/ros2_ws_fix/install/ros2_demo_subscriber/lib/python3.6/site-packages:/home/kenneth/PycharmProjects/ros2_ws_fix/build/ros2_demo_publisher:/home/kenneth/PycharmProjects/ros2_ws_fix/install/ros2_demo_publisher/lib/python3.6/site-packages:/home/kenneth/PycharmProjects/ros2_ws_fix/install/ros2_demo_custommsg_create/lib/python3.6/site-packages:/home/kenneth/PycharmProjects/AVA_WP4_Integration/msgs/install/vinerows_msgs/lib/python3.6/site-packages:/home/kenneth/PycharmProjects/AVA_WP4_Integration/msgs/install/trajectory_msgs_ava/lib/python3.6/site-packages:/home/kenneth/PycharmProjects/AVA_WP4_Integration/msgs/install/obstacles_msgs/lib/python3.6/site-packages:/opt/ros/eloquent/lib/python3.6/site-packages /usr/bin/python3 setup.py develop --prefix /home/kenneth/PycharmProjects/ros2_ws_fix/install/sf_vinerow --editable --build-directory /home/kenneth/PycharmProjects/ros2_ws_fix/build/sf_vinerow/build --no-deps install_data --install-dir /home/kenneth/PycharmProjects/ros2_ws_fix/install/sf_vinerow
[0.771s] running develop
[0.942s] running egg_info
[0.942s] creating sf_vinerow.egg-info
[0.942s] writing sf_vinerow.egg-info/PKG-INFO
[0.943s] writing dependency_links to sf_vinerow.egg-info/dependency_links.txt
[0.943s] writing entry points to sf_vinerow.egg-info/entry_points.txt
[0.943s] writing requirements to sf_vinerow.egg-info/requires.txt
[0.944s] writing top-level names to sf_vinerow.egg-info/top_level.txt
[0.944s] writing manifest file 'sf_vinerow.egg-info/SOURCES.txt'
[0.986s] package init file 'sf_vinerow/__init__.py' not found (or not a regular file)
[0.987s] reading manifest file 'sf_vinerow.egg-info/SOURCES.txt'
[0.988s] writing manifest file 'sf_vinerow.egg-info/SOURCES.txt'
[0.990s] running build_ext
[0.990s] Creating /home/kenneth/PycharmProjects/ros2_ws_fix/install/sf_vinerow/lib/python3.6/site-packages/sf-vinerow.egg-link (link to .)
[0.991s] Installing sf_vinerow script to /home/kenneth/PycharmProjects/ros2_ws_fix/install/sf_vinerow/lib/sf_vinerow
[0.992s] 
[0.992s] Installed /home/kenneth/PycharmProjects/ros2_ws_fix/build/sf_vinerow
[0.992s] running install_data
[0.993s] creating /home/kenneth/PycharmProjects/ros2_ws_fix/install/sf_vinerow/share/ament_index
[0.993s] creating /home/kenneth/PycharmProjects/ros2_ws_fix/install/sf_vinerow/share/ament_index/resource_index
[0.993s] creating /home/kenneth/PycharmProjects/ros2_ws_fix/install/sf_vinerow/share/ament_index/resource_index/packages
[0.993s] copying resource/sf_vinerow -> /home/kenneth/PycharmProjects/ros2_ws_fix/install/sf_vinerow/share/ament_index/resource_index/packages
[0.994s] copying package.xml -> /home/kenneth/PycharmProjects/ros2_ws_fix/install/sf_vinerow/share/sf_vinerow
[1.046s] Invoked command in '/home/kenneth/PycharmProjects/ros2_ws_fix/build/sf_vinerow' returned '0': PYTHONPATH=/home/kenneth/PycharmProjects/ros2_ws_fix/install/sf_vinerow/lib/python3.6/site-packages:/home/kenneth/PycharmProjects/ros2_ws_fix/install/sensor_fusion_msgs/lib/python3.6/site-packages:/home/kenneth/PycharmProjects/ros2_ws_fix/build/sf_ros2_vinerow_sub:/home/kenneth/PycharmProjects/ros2_ws_fix/install/sf_ros2_vinerow_sub/lib/python3.6/site-packages:/home/kenneth/PycharmProjects/ros2_ws_fix/build/sensor_fusion_subscriber:/home/kenneth/PycharmProjects/ros2_ws_fix/install/sensor_fusion_subscriber/lib/python3.6/site-packages:/home/kenneth/PycharmProjects/ros2_ws_fix/build/ros2_demo_custommsg_pub:/home/kenneth/PycharmProjects/ros2_ws_fix/install/ros2_demo_custommsg_pub/lib/python3.6/site-packages:/home/kenneth/PycharmProjects/ros2_ws_fix/install/sensor_fusion_msg_types/lib/python3.6/site-packages:/home/kenneth/PycharmProjects/ros2_ws_fix/build/ros2_demo_subscriber:/home/kenneth/PycharmProjects/ros2_ws_fix/install/ros2_demo_subscriber/lib/python3.6/site-packages:/home/kenneth/PycharmProjects/ros2_ws_fix/build/ros2_demo_publisher:/home/kenneth/PycharmProjects/ros2_ws_fix/install/ros2_demo_publisher/lib/python3.6/site-packages:/home/kenneth/PycharmProjects/ros2_ws_fix/install/ros2_demo_custommsg_create/lib/python3.6/site-packages:/home/kenneth/PycharmProjects/AVA_WP4_Integration/msgs/install/vinerows_msgs/lib/python3.6/site-packages:/home/kenneth/PycharmProjects/AVA_WP4_Integration/msgs/install/trajectory_msgs_ava/lib/python3.6/site-packages:/home/kenneth/PycharmProjects/AVA_WP4_Integration/msgs/install/obstacles_msgs/lib/python3.6/site-packages:/opt/ros/eloquent/lib/python3.6/site-packages /usr/bin/python3 setup.py develop --prefix /home/kenneth/PycharmProjects/ros2_ws_fix/install/sf_vinerow --editable --build-directory /home/kenneth/PycharmProjects/ros2_ws_fix/build/sf_vinerow/build --no-deps install_data --install-dir /home/kenneth/PycharmProjects/ros2_ws_fix/install/sf_vinerow
