[0.475s] Invoking command in '/home/kenneth/PycharmProjects/ros2_ws_fix/build/ros2_demo_composition': PYTHONPATH=/home/kenneth/PycharmProjects/ros2_ws_fix/install/ros2_demo_composition/lib/python3.6/site-packages:${PYTHONPATH} /usr/bin/python3 setup.py develop --prefix /home/kenneth/PycharmProjects/ros2_ws_fix/install/ros2_demo_composition --editable --build-directory /home/kenneth/PycharmProjects/ros2_ws_fix/build/ros2_demo_composition/build --no-deps install_data --install-dir /home/kenneth/PycharmProjects/ros2_ws_fix/install/ros2_demo_composition
[0.866s] running develop
[1.049s] running egg_info
[1.049s] creating ros2_demo_composition.egg-info
[1.050s] writing ros2_demo_composition.egg-info/PKG-INFO
[1.050s] writing dependency_links to ros2_demo_composition.egg-info/dependency_links.txt
[1.051s] writing entry points to ros2_demo_composition.egg-info/entry_points.txt
[1.051s] writing requirements to ros2_demo_composition.egg-info/requires.txt
[1.052s] writing top-level names to ros2_demo_composition.egg-info/top_level.txt
[1.053s] writing manifest file 'ros2_demo_composition.egg-info/SOURCES.txt'
[1.090s] package init file 'ros2_demo_composition/__init__.py' not found (or not a regular file)
[1.091s] reading manifest file 'ros2_demo_composition.egg-info/SOURCES.txt'
[1.093s] writing manifest file 'ros2_demo_composition.egg-info/SOURCES.txt'
[1.095s] running build_ext
[1.096s] Creating /home/kenneth/PycharmProjects/ros2_ws_fix/install/ros2_demo_composition/lib/python3.6/site-packages/ros2-demo-composition.egg-link (link to .)
[1.097s] Installing demo_composition script to /home/kenneth/PycharmProjects/ros2_ws_fix/install/ros2_demo_composition/lib/ros2_demo_composition
[1.097s] 
[1.098s] Installed /home/kenneth/PycharmProjects/ros2_ws_fix/build/ros2_demo_composition
[1.098s] running install_data
[1.098s] creating /home/kenneth/PycharmProjects/ros2_ws_fix/install/ros2_demo_composition/share/ament_index
[1.099s] creating /home/kenneth/PycharmProjects/ros2_ws_fix/install/ros2_demo_composition/share/ament_index/resource_index
[1.099s] creating /home/kenneth/PycharmProjects/ros2_ws_fix/install/ros2_demo_composition/share/ament_index/resource_index/packages
[1.102s] copying resource/ros2_demo_composition -> /home/kenneth/PycharmProjects/ros2_ws_fix/install/ros2_demo_composition/share/ament_index/resource_index/packages
[1.102s] copying package.xml -> /home/kenneth/PycharmProjects/ros2_ws_fix/install/ros2_demo_composition/share/ros2_demo_composition
[1.151s] Invoked command in '/home/kenneth/PycharmProjects/ros2_ws_fix/build/ros2_demo_composition' returned '0': PYTHONPATH=/home/kenneth/PycharmProjects/ros2_ws_fix/install/ros2_demo_composition/lib/python3.6/site-packages:${PYTHONPATH} /usr/bin/python3 setup.py develop --prefix /home/kenneth/PycharmProjects/ros2_ws_fix/install/ros2_demo_composition --editable --build-directory /home/kenneth/PycharmProjects/ros2_ws_fix/build/ros2_demo_composition/build --no-deps install_data --install-dir /home/kenneth/PycharmProjects/ros2_ws_fix/install/ros2_demo_composition
