[  3%] Built target new_msg__cpp
[ 13%] Built target new_msg__rosidl_typesupport_fastrtps_cpp
[ 24%] Built target new_msg__rosidl_generator_c
[ 34%] Built target new_msg__rosidl_typesupport_fastrtps_c
[ 44%] Built target new_msg__rosidl_typesupport_c
[ 55%] Built target new_msg__rosidl_typesupport_introspection_cpp
[ 65%] Built target new_msg__rosidl_typesupport_cpp
[ 75%] Built target new_msg__rosidl_typesupport_introspection_c
[ 75%] Built target new_msg
[ 79%] Built target new_msg__py
[ 86%] Built target new_msg__python
[ 93%] Built target ros2_demo_custommsg_create__rosidl_typesupport_fastrtps_c__pyext
[100%] Built target ros2_demo_custommsg_create__rosidl_typesupport_c__pyext
[  3%] Built target new_msg__cpp
[ 13%] Built target new_msg__rosidl_typesupport_fastrtps_cpp
[ 24%] Built target new_msg__rosidl_generator_c
[ 34%] Built target new_msg__rosidl_typesupport_fastrtps_c
[ 44%] Built target new_msg__rosidl_typesupport_c
[ 55%] Built target new_msg__rosidl_typesupport_introspection_cpp
[ 65%] Built target new_msg__rosidl_typesupport_cpp
[ 75%] Built target new_msg__rosidl_typesupport_introspection_c
[ 75%] Built target new_msg
[ 79%] Built target new_msg__py
[ 86%] Built target new_msg__python
[ 93%] Built target ros2_demo_custommsg_create__rosidl_typesupport_fastrtps_c__pyext
[100%] Built target ros2_demo_custommsg_create__rosidl_typesupport_c__pyext
[36mInstall the project...[0m
-- Install configuration: ""
-- Execute custom install script
-- Up-to-date symlink: /home/kenneth/PycharmProjects/ros2_ws_fix/install/ros2_demo_custommsg_create/share/ament_index/resource_index/rosidl_interfaces/ros2_demo_custommsg_create
-- Up-to-date symlink: /home/kenneth/PycharmProjects/ros2_ws_fix/install/ros2_demo_custommsg_create/include/ros2_demo_custommsg_create/msg/custom.hpp
-- Up-to-date symlink: /home/kenneth/PycharmProjects/ros2_ws_fix/install/ros2_demo_custommsg_create/include/ros2_demo_custommsg_create/msg/custom__struct.hpp
-- Up-to-date symlink: /home/kenneth/PycharmProjects/ros2_ws_fix/install/ros2_demo_custommsg_create/include/ros2_demo_custommsg_create/msg/custom__traits.hpp
-- Up-to-date symlink: /home/kenneth/PycharmProjects/ros2_ws_fix/install/ros2_demo_custommsg_create/include/ros2_demo_custommsg_create/msg/custom.h
-- Up-to-date symlink: /home/kenneth/PycharmProjects/ros2_ws_fix/install/ros2_demo_custommsg_create/include/ros2_demo_custommsg_create/msg/custom__functions.h
-- Up-to-date symlink: /home/kenneth/PycharmProjects/ros2_ws_fix/install/ros2_demo_custommsg_create/include/ros2_demo_custommsg_create/msg/custom__struct.h
-- Up-to-date symlink: /home/kenneth/PycharmProjects/ros2_ws_fix/install/ros2_demo_custommsg_create/include/ros2_demo_custommsg_create/msg/custom__type_support.h
-- Up-to-date symlink: /home/kenneth/PycharmProjects/ros2_ws_fix/install/ros2_demo_custommsg_create/include/ros2_demo_custommsg_create/msg/rosidl_generator_c__visibility_control.h
-- Up-to-date symlink: /home/kenneth/PycharmProjects/ros2_ws_fix/install/ros2_demo_custommsg_create/share/ros2_demo_custommsg_create/environment/library_path.sh
-- Up-to-date symlink: /home/kenneth/PycharmProjects/ros2_ws_fix/install/ros2_demo_custommsg_create/share/ros2_demo_custommsg_create/environment/library_path.dsv
-- Up-to-date symlink: /home/kenneth/PycharmProjects/ros2_ws_fix/install/ros2_demo_custommsg_create/lib/libnew_msg__rosidl_generator_c.so
-- Up-to-date symlink: /home/kenneth/PycharmProjects/ros2_ws_fix/install/ros2_demo_custommsg_create/lib/libnew_msg__rosidl_typesupport_c.so
-- Up-to-date symlink: /home/kenneth/PycharmProjects/ros2_ws_fix/install/ros2_demo_custommsg_create/lib/libnew_msg__rosidl_typesupport_cpp.so
-- Up-to-date symlink: /home/kenneth/PycharmProjects/ros2_ws_fix/install/ros2_demo_custommsg_create/include/ros2_demo_custommsg_create/msg/custom__rosidl_typesupport_introspection_c.h
-- Up-to-date symlink: /home/kenneth/PycharmProjects/ros2_ws_fix/install/ros2_demo_custommsg_create/include/ros2_demo_custommsg_create/msg/rosidl_typesupport_introspection_c__visibility_control.h
-- Up-to-date symlink: /home/kenneth/PycharmProjects/ros2_ws_fix/install/ros2_demo_custommsg_create/lib/libnew_msg__rosidl_typesupport_introspection_c.so
-- Up-to-date symlink: /home/kenneth/PycharmProjects/ros2_ws_fix/install/ros2_demo_custommsg_create/include/ros2_demo_custommsg_create/msg/custom__rosidl_typesupport_introspection_cpp.hpp
-- Up-to-date symlink: /home/kenneth/PycharmProjects/ros2_ws_fix/install/ros2_demo_custommsg_create/lib/libnew_msg__rosidl_typesupport_introspection_cpp.so
-- Up-to-date symlink: /home/kenneth/PycharmProjects/ros2_ws_fix/install/ros2_demo_custommsg_create/include/ros2_demo_custommsg_create/msg/custom__rosidl_typesupport_fastrtps_c.h
-- Up-to-date symlink: /home/kenneth/PycharmProjects/ros2_ws_fix/install/ros2_demo_custommsg_create/include/ros2_demo_custommsg_create/msg/rosidl_typesupport_fastrtps_c__visibility_control.h
-- Up-to-date symlink: /home/kenneth/PycharmProjects/ros2_ws_fix/install/ros2_demo_custommsg_create/lib/libnew_msg__rosidl_typesupport_fastrtps_c.so
-- Up-to-date symlink: /home/kenneth/PycharmProjects/ros2_ws_fix/install/ros2_demo_custommsg_create/include/ros2_demo_custommsg_create/msg/custom__rosidl_typesupport_fastrtps_cpp.hpp
-- Up-to-date symlink: /home/kenneth/PycharmProjects/ros2_ws_fix/install/ros2_demo_custommsg_create/include/ros2_demo_custommsg_create/msg/rosidl_typesupport_fastrtps_cpp__visibility_control.h
-- Up-to-date symlink: /home/kenneth/PycharmProjects/ros2_ws_fix/install/ros2_demo_custommsg_create/lib/libnew_msg__rosidl_typesupport_fastrtps_cpp.so
-- Up-to-date symlink: /home/kenneth/PycharmProjects/ros2_ws_fix/install/ros2_demo_custommsg_create/share/ros2_demo_custommsg_create/environment/pythonpath.sh
-- Up-to-date symlink: /home/kenneth/PycharmProjects/ros2_ws_fix/install/ros2_demo_custommsg_create/share/ros2_demo_custommsg_create/environment/pythonpath.dsv
-- Up-to-date symlink: /home/kenneth/PycharmProjects/ros2_ws_fix/install/ros2_demo_custommsg_create/lib/python3.6/site-packages/ros2_demo_custommsg_create/__init__.py
-- Up-to-date symlink: /home/kenneth/PycharmProjects/ros2_ws_fix/install/ros2_demo_custommsg_create/lib/python3.6/site-packages/ros2_demo_custommsg_create/msg/__init__.py
-- Up-to-date symlink: /home/kenneth/PycharmProjects/ros2_ws_fix/install/ros2_demo_custommsg_create/lib/python3.6/site-packages/ros2_demo_custommsg_create/msg/_custom.py
-- Up-to-date symlink: /home/kenneth/PycharmProjects/ros2_ws_fix/install/ros2_demo_custommsg_create/lib/python3.6/site-packages/ros2_demo_custommsg_create/ros2_demo_custommsg_create_s__rosidl_typesupport_c.cpython-36m-x86_64-linux-gnu.so
-- Up-to-date symlink: /home/kenneth/PycharmProjects/ros2_ws_fix/install/ros2_demo_custommsg_create/lib/python3.6/site-packages/ros2_demo_custommsg_create/ros2_demo_custommsg_create_s__rosidl_typesupport_fastrtps_c.cpython-36m-x86_64-linux-gnu.so
-- Up-to-date symlink: /home/kenneth/PycharmProjects/ros2_ws_fix/install/ros2_demo_custommsg_create/lib/libnew_msg__python.so
-- Up-to-date symlink: /home/kenneth/PycharmProjects/ros2_ws_fix/install/ros2_demo_custommsg_create/share/ros2_demo_custommsg_create/msg/Custom.idl
-- Up-to-date symlink: /home/kenneth/PycharmProjects/ros2_ws_fix/install/ros2_demo_custommsg_create/share/ros2_demo_custommsg_create/msg/Custom.msg
-- Up-to-date symlink: /home/kenneth/PycharmProjects/ros2_ws_fix/install/ros2_demo_custommsg_create/share/ament_index/resource_index/package_run_dependencies/ros2_demo_custommsg_create
-- Up-to-date symlink: /home/kenneth/PycharmProjects/ros2_ws_fix/install/ros2_demo_custommsg_create/share/ament_index/resource_index/parent_prefix_path/ros2_demo_custommsg_create
-- Up-to-date symlink: /home/kenneth/PycharmProjects/ros2_ws_fix/install/ros2_demo_custommsg_create/share/ros2_demo_custommsg_create/environment/ament_prefix_path.sh
-- Up-to-date symlink: /home/kenneth/PycharmProjects/ros2_ws_fix/install/ros2_demo_custommsg_create/share/ros2_demo_custommsg_create/environment/ament_prefix_path.dsv
-- Up-to-date symlink: /home/kenneth/PycharmProjects/ros2_ws_fix/install/ros2_demo_custommsg_create/share/ros2_demo_custommsg_create/environment/path.sh
-- Up-to-date symlink: /home/kenneth/PycharmProjects/ros2_ws_fix/install/ros2_demo_custommsg_create/share/ros2_demo_custommsg_create/environment/path.dsv
-- Up-to-date symlink: /home/kenneth/PycharmProjects/ros2_ws_fix/install/ros2_demo_custommsg_create/share/ros2_demo_custommsg_create/local_setup.bash
-- Up-to-date symlink: /home/kenneth/PycharmProjects/ros2_ws_fix/install/ros2_demo_custommsg_create/share/ros2_demo_custommsg_create/local_setup.sh
-- Up-to-date symlink: /home/kenneth/PycharmProjects/ros2_ws_fix/install/ros2_demo_custommsg_create/share/ros2_demo_custommsg_create/local_setup.zsh
-- Up-to-date symlink: /home/kenneth/PycharmProjects/ros2_ws_fix/install/ros2_demo_custommsg_create/share/ros2_demo_custommsg_create/local_setup.dsv
-- Symlinking: /home/kenneth/PycharmProjects/ros2_ws_fix/install/ros2_demo_custommsg_create/share/ros2_demo_custommsg_create/package.dsv
-- Up-to-date symlink: /home/kenneth/PycharmProjects/ros2_ws_fix/install/ros2_demo_custommsg_create/share/ament_index/resource_index/packages/ros2_demo_custommsg_create
-- Up-to-date symlink: /home/kenneth/PycharmProjects/ros2_ws_fix/install/ros2_demo_custommsg_create/share/ros2_demo_custommsg_create/cmake/rosidl_cmake-extras.cmake
-- Up-to-date symlink: /home/kenneth/PycharmProjects/ros2_ws_fix/install/ros2_demo_custommsg_create/share/ros2_demo_custommsg_create/cmake/ament_cmake_export_dependencies-extras.cmake
-- Up-to-date symlink: /home/kenneth/PycharmProjects/ros2_ws_fix/install/ros2_demo_custommsg_create/share/ros2_demo_custommsg_create/cmake/ament_cmake_export_include_directories-extras.cmake
-- Up-to-date symlink: /home/kenneth/PycharmProjects/ros2_ws_fix/install/ros2_demo_custommsg_create/share/ros2_demo_custommsg_create/cmake/ament_cmake_export_libraries-extras.cmake
-- Up-to-date symlink: /home/kenneth/PycharmProjects/ros2_ws_fix/install/ros2_demo_custommsg_create/share/ros2_demo_custommsg_create/cmake/ros2_demo_custommsg_createConfig.cmake
-- Up-to-date symlink: /home/kenneth/PycharmProjects/ros2_ws_fix/install/ros2_demo_custommsg_create/share/ros2_demo_custommsg_create/cmake/ros2_demo_custommsg_createConfig-version.cmake
-- Up-to-date symlink: /home/kenneth/PycharmProjects/ros2_ws_fix/install/ros2_demo_custommsg_create/share/ros2_demo_custommsg_create/package.xml
