[0.052s] Invoking command in '/home/kenneth/PycharmProjects/ros2_ws_fix/build/sensor_fusion_msgs': CMAKE_PREFIX_PATH=${CMAKE_PREFIX_PATH}:/opt/ros/eloquent /usr/bin/cmake /home/kenneth/PycharmProjects/ros2_ws_fix/src/sensor_fusion_msgs -DAMENT_CMAKE_SYMLINK_INSTALL=1 -DCMAKE_INSTALL_PREFIX=/home/kenneth/PycharmProjects/ros2_ws_fix/install/sensor_fusion_msgs
[0.071s] -- Found ament_cmake: 0.8.2 (/opt/ros/eloquent/share/ament_cmake/cmake)
[0.099s] -- Using PYTHON_EXECUTABLE: /usr/bin/python3
[0.360s] -- Override CMake install command with custom implementation using symlinks instead of copying resources
[0.368s] -- Found rosidl_default_generators: 0.8.0 (/opt/ros/eloquent/share/rosidl_default_generators/cmake)
[0.439s] -- Found rosidl_adapter: 0.8.2 (/opt/ros/eloquent/share/rosidl_adapter/cmake)
[0.504s] -- Found rclcpp: 0.8.4 (/opt/ros/eloquent/share/rclcpp/cmake)
[0.535s] -- Found rmw_implementation_cmake: 0.8.1 (/opt/ros/eloquent/share/rmw_implementation_cmake/cmake)
[0.537s] -- Using RMW implementation 'rmw_fastrtps_cpp' as default
[0.575s] -- Found sensor_fusion_msg_types: 0.0.0 (/home/kenneth/PycharmProjects/ros2_ws_fix/install/sensor_fusion_msg_types/share/sensor_fusion_msg_types/cmake)
[0.627s] -- Found PythonInterp: /usr/bin/python3 (found version "3.6.9") 
[0.821s] -- Using single matching rosidl_typesupport_c: rosidl_typesupport_fastrtps_c
[0.873s] -- Using single matching rosidl_typesupport_cpp: rosidl_typesupport_fastrtps_cpp
[1.335s] -- Found PythonInterp: /usr/bin/python3 (found suitable version "3.6.9", minimum required is "3.5") 
[1.339s] -- Found python_cmake_module: 0.8.0 (/opt/ros/eloquent/share/python_cmake_module/cmake)
[1.378s] -- Found PythonLibs: /usr/lib/x86_64-linux-gnu/libpython3.6m.so (found suitable version "3.6.9", minimum required is "3.5") 
[1.379s] -- Using PYTHON_EXECUTABLE: /usr/bin/python3
[1.379s] -- Using PYTHON_INCLUDE_DIRS: /usr/include/python3.6m
[1.379s] -- Using PYTHON_LIBRARIES: /usr/lib/x86_64-linux-gnu/libpython3.6m.so
[1.405s] -- Found PythonExtra: .so  
[1.591s] -- Found ament_lint_auto: 0.8.1 (/opt/ros/eloquent/share/ament_lint_auto/cmake)
[1.628s] -- Added test 'lint_cmake' to check CMake code style
[1.629s] -- Added test 'xmllint' to check XML markup files
[1.636s] -- Configuring done
[1.852s] -- Generating done
[1.856s] -- Build files have been written to: /home/kenneth/PycharmProjects/ros2_ws_fix/build/sensor_fusion_msgs
[1.866s] Invoked command in '/home/kenneth/PycharmProjects/ros2_ws_fix/build/sensor_fusion_msgs' returned '0': CMAKE_PREFIX_PATH=${CMAKE_PREFIX_PATH}:/opt/ros/eloquent /usr/bin/cmake /home/kenneth/PycharmProjects/ros2_ws_fix/src/sensor_fusion_msgs -DAMENT_CMAKE_SYMLINK_INSTALL=1 -DCMAKE_INSTALL_PREFIX=/home/kenneth/PycharmProjects/ros2_ws_fix/install/sensor_fusion_msgs
[1.872s] Invoking command in '/home/kenneth/PycharmProjects/ros2_ws_fix/build/sensor_fusion_msgs': CMAKE_PREFIX_PATH=${CMAKE_PREFIX_PATH}:/opt/ros/eloquent /usr/bin/cmake --build /home/kenneth/PycharmProjects/ros2_ws_fix/build/sensor_fusion_msgs -- -j1 -l1
[1.931s] [35m[1mScanning dependencies of target sensor_fusion_msgs__cpp[0m
[1.947s] [  3%] [34m[1mGenerating C++ code for ROS interfaces[0m
[2.252s] [  3%] Built target sensor_fusion_msgs__cpp
[2.267s] [  6%] [34m[1mGenerating C++ type support for eProsima Fast-RTPS[0m
[2.614s] [35m[1mScanning dependencies of target sensor_fusion_msgs__rosidl_typesupport_fastrtps_cpp[0m
[2.642s] [ 10%] [32mBuilding CXX object CMakeFiles/sensor_fusion_msgs__rosidl_typesupport_fastrtps_cpp.dir/rosidl_typesupport_fastrtps_cpp/sensor_fusion_msgs/msg/dds_fastrtps/vinerows__type_support.cpp.o[0m
[3.068s] [ 13%] [32m[1mLinking CXX shared library libsensor_fusion_msgs__rosidl_typesupport_fastrtps_cpp.so[0m
[3.174s] [ 13%] Built target sensor_fusion_msgs__rosidl_typesupport_fastrtps_cpp
[3.187s] [ 17%] [34m[1mGenerating C++ type support dispatch for ROS interfaces[0m
[3.476s] [35m[1mScanning dependencies of target sensor_fusion_msgs__rosidl_typesupport_cpp[0m
[3.493s] [ 20%] [32mBuilding CXX object CMakeFiles/sensor_fusion_msgs__rosidl_typesupport_cpp.dir/rosidl_typesupport_cpp/sensor_fusion_msgs/msg/vinerows__type_support.cpp.o[0m
[3.914s] [ 24%] [32m[1mLinking CXX shared library libsensor_fusion_msgs__rosidl_typesupport_cpp.so[0m
[4.020s] [ 24%] Built target sensor_fusion_msgs__rosidl_typesupport_cpp
[4.044s] [ 27%] [34m[1mGenerating C code for ROS interfaces[0m
[4.377s] [35m[1mScanning dependencies of target sensor_fusion_msgs__rosidl_generator_c[0m
[4.391s] [ 31%] [32mBuilding C object CMakeFiles/sensor_fusion_msgs__rosidl_generator_c.dir/rosidl_generator_c/sensor_fusion_msgs/msg/vinerows__functions.c.o[0m
[4.431s] [ 34%] [32m[1mLinking C shared library libsensor_fusion_msgs__rosidl_generator_c.so[0m
[4.481s] [ 34%] Built target sensor_fusion_msgs__rosidl_generator_c
[4.494s] [ 37%] [34m[1mGenerating C type support for eProsima Fast-RTPS[0m
[4.807s] [35m[1mScanning dependencies of target sensor_fusion_msgs__rosidl_typesupport_fastrtps_c[0m
[4.831s] [ 41%] [32mBuilding CXX object CMakeFiles/sensor_fusion_msgs__rosidl_typesupport_fastrtps_c.dir/rosidl_typesupport_fastrtps_c/sensor_fusion_msgs/msg/vinerows__type_support_c.cpp.o[0m
[5.205s] [ 44%] [32m[1mLinking CXX shared library libsensor_fusion_msgs__rosidl_typesupport_fastrtps_c.so[0m
[5.321s] [ 44%] Built target sensor_fusion_msgs__rosidl_typesupport_fastrtps_c
[5.333s] [ 48%] [34m[1mGenerating C type support dispatch for ROS interfaces[0m
[5.642s] [35m[1mScanning dependencies of target sensor_fusion_msgs__rosidl_typesupport_c[0m
[5.665s] [ 51%] [32mBuilding CXX object CMakeFiles/sensor_fusion_msgs__rosidl_typesupport_c.dir/rosidl_typesupport_c/sensor_fusion_msgs/msg/vinerows__type_support.cpp.o[0m
[5.701s] [ 55%] [32m[1mLinking CXX shared library libsensor_fusion_msgs__rosidl_typesupport_c.so[0m
[5.816s] [ 55%] Built target sensor_fusion_msgs__rosidl_typesupport_c
[5.831s] [ 58%] [34m[1mGenerating C introspection for ROS interfaces[0m
[6.175s] [35m[1mScanning dependencies of target sensor_fusion_msgs__rosidl_typesupport_introspection_c[0m
[6.191s] [ 62%] [32mBuilding C object CMakeFiles/sensor_fusion_msgs__rosidl_typesupport_introspection_c.dir/rosidl_typesupport_introspection_c/sensor_fusion_msgs/msg/vinerows__type_support.c.o[0m
[6.227s] [ 65%] [32m[1mLinking C shared library libsensor_fusion_msgs__rosidl_typesupport_introspection_c.so[0m
[6.282s] [ 65%] Built target sensor_fusion_msgs__rosidl_typesupport_introspection_c
[6.295s] [ 68%] [34m[1mGenerating C++ introspection for ROS interfaces[0m
[6.642s] [35m[1mScanning dependencies of target sensor_fusion_msgs__rosidl_typesupport_introspection_cpp[0m
[6.663s] [ 72%] [32mBuilding CXX object CMakeFiles/sensor_fusion_msgs__rosidl_typesupport_introspection_cpp.dir/rosidl_typesupport_introspection_cpp/sensor_fusion_msgs/msg/vinerows__type_support.cpp.o[0m
[6.969s] [ 75%] [32m[1mLinking CXX shared library libsensor_fusion_msgs__rosidl_typesupport_introspection_cpp.so[0m
[7.049s] [ 75%] Built target sensor_fusion_msgs__rosidl_typesupport_introspection_cpp
[7.071s] [35m[1mScanning dependencies of target sensor_fusion_msgs[0m
[7.082s] [ 75%] Built target sensor_fusion_msgs
[7.094s] [35m[1mScanning dependencies of target sensor_fusion_msgs__py[0m
[7.106s] [ 79%] [34m[1mGenerating Python code for ROS interfaces[0m
[7.600s] [ 79%] Built target sensor_fusion_msgs__py
[7.614s] [35m[1mScanning dependencies of target sensor_fusion_msgs__python[0m
[7.639s] [ 82%] [32mBuilding C object CMakeFiles/sensor_fusion_msgs__python.dir/rosidl_generator_py/sensor_fusion_msgs/msg/_vinerows_s.c.o[0m
[7.746s] [ 86%] [32m[1mLinking CXX shared library rosidl_generator_py/sensor_fusion_msgs/libsensor_fusion_msgs__python.so[0m
[7.843s] [ 86%] Built target sensor_fusion_msgs__python
[7.863s] [35m[1mScanning dependencies of target sensor_fusion_msgs__rosidl_typesupport_c__pyext[0m
[7.892s] [ 89%] [32mBuilding C object CMakeFiles/sensor_fusion_msgs__rosidl_typesupport_c__pyext.dir/rosidl_generator_py/sensor_fusion_msgs/_sensor_fusion_msgs_s.ep.rosidl_typesupport_c.c.o[0m
[7.980s] [ 93%] [32m[1mLinking CXX shared library rosidl_generator_py/sensor_fusion_msgs/sensor_fusion_msgs_s__rosidl_typesupport_c.cpython-36m-x86_64-linux-gnu.so[0m
[8.096s] [ 93%] Built target sensor_fusion_msgs__rosidl_typesupport_c__pyext
[8.108s] [35m[1mScanning dependencies of target sensor_fusion_msgs__rosidl_typesupport_fastrtps_c__pyext[0m
[8.130s] [ 96%] [32mBuilding C object CMakeFiles/sensor_fusion_msgs__rosidl_typesupport_fastrtps_c__pyext.dir/rosidl_generator_py/sensor_fusion_msgs/_sensor_fusion_msgs_s.ep.rosidl_typesupport_fastrtps_c.c.o[0m
[8.216s] [100%] [32m[1mLinking CXX shared library rosidl_generator_py/sensor_fusion_msgs/sensor_fusion_msgs_s__rosidl_typesupport_fastrtps_c.cpython-36m-x86_64-linux-gnu.so[0m
[8.330s] [100%] Built target sensor_fusion_msgs__rosidl_typesupport_fastrtps_c__pyext
[8.344s] Invoked command in '/home/kenneth/PycharmProjects/ros2_ws_fix/build/sensor_fusion_msgs' returned '0': CMAKE_PREFIX_PATH=${CMAKE_PREFIX_PATH}:/opt/ros/eloquent /usr/bin/cmake --build /home/kenneth/PycharmProjects/ros2_ws_fix/build/sensor_fusion_msgs -- -j1 -l1
[8.429s] Invoking command in '/home/kenneth/PycharmProjects/ros2_ws_fix/build/sensor_fusion_msgs': CMAKE_PREFIX_PATH=${CMAKE_PREFIX_PATH}:/opt/ros/eloquent /usr/bin/cmake --build /home/kenneth/PycharmProjects/ros2_ws_fix/build/sensor_fusion_msgs --target install -- -j1 -l1
[8.491s] [  3%] Built target sensor_fusion_msgs__cpp
[8.520s] [ 13%] Built target sensor_fusion_msgs__rosidl_typesupport_fastrtps_cpp
[8.555s] [ 24%] Built target sensor_fusion_msgs__rosidl_typesupport_cpp
[8.588s] [ 34%] Built target sensor_fusion_msgs__rosidl_generator_c
[8.618s] [ 44%] Built target sensor_fusion_msgs__rosidl_typesupport_fastrtps_c
[8.647s] [ 55%] Built target sensor_fusion_msgs__rosidl_typesupport_c
[8.699s] [ 65%] Built target sensor_fusion_msgs__rosidl_typesupport_introspection_c
[8.753s] [ 75%] Built target sensor_fusion_msgs__rosidl_typesupport_introspection_cpp
[8.798s] [ 75%] Built target sensor_fusion_msgs
[8.823s] [ 79%] Built target sensor_fusion_msgs__py
[8.852s] [ 86%] Built target sensor_fusion_msgs__python
[8.902s] [ 93%] Built target sensor_fusion_msgs__rosidl_typesupport_c__pyext
[8.933s] [100%] Built target sensor_fusion_msgs__rosidl_typesupport_fastrtps_c__pyext
[8.957s] [36mInstall the project...[0m
[8.965s] -- Install configuration: ""
[8.967s] -- Execute custom install script
[8.967s] -- Symlinking: /home/kenneth/PycharmProjects/ros2_ws_fix/install/sensor_fusion_msgs/share/ament_index/resource_index/rosidl_interfaces/sensor_fusion_msgs
[8.978s] -- Symlinking: /home/kenneth/PycharmProjects/ros2_ws_fix/install/sensor_fusion_msgs/lib/libsensor_fusion_msgs__rosidl_typesupport_c.so
[8.988s] -- Symlinking: /home/kenneth/PycharmProjects/ros2_ws_fix/install/sensor_fusion_msgs/share/sensor_fusion_msgs/environment/library_path.sh
[8.998s] -- Symlinking: /home/kenneth/PycharmProjects/ros2_ws_fix/install/sensor_fusion_msgs/share/sensor_fusion_msgs/environment/library_path.dsv
[9.008s] -- Symlinking: /home/kenneth/PycharmProjects/ros2_ws_fix/install/sensor_fusion_msgs/lib/libsensor_fusion_msgs__rosidl_typesupport_cpp.so
[9.018s] -- Symlinking: /home/kenneth/PycharmProjects/ros2_ws_fix/install/sensor_fusion_msgs/include/sensor_fusion_msgs/msg/rosidl_typesupport_fastrtps_c__visibility_control.h
[9.027s] -- Symlinking: /home/kenneth/PycharmProjects/ros2_ws_fix/install/sensor_fusion_msgs/include/sensor_fusion_msgs/msg/vinerows__rosidl_typesupport_fastrtps_c.h
[9.037s] -- Symlinking: /home/kenneth/PycharmProjects/ros2_ws_fix/install/sensor_fusion_msgs/lib/libsensor_fusion_msgs__rosidl_typesupport_fastrtps_c.so
[9.053s] -- Symlinking: /home/kenneth/PycharmProjects/ros2_ws_fix/install/sensor_fusion_msgs/include/sensor_fusion_msgs/msg/rosidl_generator_c__visibility_control.h
[9.069s] -- Symlinking: /home/kenneth/PycharmProjects/ros2_ws_fix/install/sensor_fusion_msgs/include/sensor_fusion_msgs/msg/vinerows.h
[9.079s] -- Symlinking: /home/kenneth/PycharmProjects/ros2_ws_fix/install/sensor_fusion_msgs/include/sensor_fusion_msgs/msg/vinerows__functions.h
[9.090s] -- Symlinking: /home/kenneth/PycharmProjects/ros2_ws_fix/install/sensor_fusion_msgs/include/sensor_fusion_msgs/msg/vinerows__struct.h
[9.099s] -- Symlinking: /home/kenneth/PycharmProjects/ros2_ws_fix/install/sensor_fusion_msgs/include/sensor_fusion_msgs/msg/vinerows__type_support.h
[9.109s] -- Symlinking: /home/kenneth/PycharmProjects/ros2_ws_fix/install/sensor_fusion_msgs/lib/libsensor_fusion_msgs__rosidl_generator_c.so
[9.119s] -- Symlinking: /home/kenneth/PycharmProjects/ros2_ws_fix/install/sensor_fusion_msgs/include/sensor_fusion_msgs/msg/rosidl_typesupport_fastrtps_cpp__visibility_control.h
[9.129s] -- Symlinking: /home/kenneth/PycharmProjects/ros2_ws_fix/install/sensor_fusion_msgs/include/sensor_fusion_msgs/msg/vinerows__rosidl_typesupport_fastrtps_cpp.hpp
[9.139s] -- Symlinking: /home/kenneth/PycharmProjects/ros2_ws_fix/install/sensor_fusion_msgs/lib/libsensor_fusion_msgs__rosidl_typesupport_fastrtps_cpp.so
[9.149s] -- Symlinking: /home/kenneth/PycharmProjects/ros2_ws_fix/install/sensor_fusion_msgs/include/sensor_fusion_msgs/msg/vinerows.hpp
[9.170s] -- Symlinking: /home/kenneth/PycharmProjects/ros2_ws_fix/install/sensor_fusion_msgs/include/sensor_fusion_msgs/msg/vinerows__struct.hpp
[9.180s] -- Symlinking: /home/kenneth/PycharmProjects/ros2_ws_fix/install/sensor_fusion_msgs/include/sensor_fusion_msgs/msg/vinerows__traits.hpp
[9.190s] -- Symlinking: /home/kenneth/PycharmProjects/ros2_ws_fix/install/sensor_fusion_msgs/include/sensor_fusion_msgs/msg/rosidl_typesupport_introspection_c__visibility_control.h
[9.200s] -- Symlinking: /home/kenneth/PycharmProjects/ros2_ws_fix/install/sensor_fusion_msgs/include/sensor_fusion_msgs/msg/vinerows__rosidl_typesupport_introspection_c.h
[9.210s] -- Symlinking: /home/kenneth/PycharmProjects/ros2_ws_fix/install/sensor_fusion_msgs/lib/libsensor_fusion_msgs__rosidl_typesupport_introspection_c.so
[9.220s] -- Symlinking: /home/kenneth/PycharmProjects/ros2_ws_fix/install/sensor_fusion_msgs/include/sensor_fusion_msgs/msg/vinerows__rosidl_typesupport_introspection_cpp.hpp
[9.230s] -- Symlinking: /home/kenneth/PycharmProjects/ros2_ws_fix/install/sensor_fusion_msgs/lib/libsensor_fusion_msgs__rosidl_typesupport_introspection_cpp.so
[9.240s] -- Symlinking: /home/kenneth/PycharmProjects/ros2_ws_fix/install/sensor_fusion_msgs/share/sensor_fusion_msgs/environment/pythonpath.sh
[9.251s] -- Symlinking: /home/kenneth/PycharmProjects/ros2_ws_fix/install/sensor_fusion_msgs/share/sensor_fusion_msgs/environment/pythonpath.dsv
[9.272s] -- Symlinking: /home/kenneth/PycharmProjects/ros2_ws_fix/install/sensor_fusion_msgs/lib/python3.6/site-packages/sensor_fusion_msgs/__init__.py
[9.286s] -- Symlinking: /home/kenneth/PycharmProjects/ros2_ws_fix/install/sensor_fusion_msgs/lib/python3.6/site-packages/sensor_fusion_msgs/msg/__init__.py
[9.296s] -- Symlinking: /home/kenneth/PycharmProjects/ros2_ws_fix/install/sensor_fusion_msgs/lib/python3.6/site-packages/sensor_fusion_msgs/msg/_vinerows.py
[9.306s] -- Symlinking: /home/kenneth/PycharmProjects/ros2_ws_fix/install/sensor_fusion_msgs/lib/python3.6/site-packages/sensor_fusion_msgs/sensor_fusion_msgs_s__rosidl_typesupport_c.cpython-36m-x86_64-linux-gnu.so
[9.317s] -- Symlinking: /home/kenneth/PycharmProjects/ros2_ws_fix/install/sensor_fusion_msgs/lib/python3.6/site-packages/sensor_fusion_msgs/sensor_fusion_msgs_s__rosidl_typesupport_fastrtps_c.cpython-36m-x86_64-linux-gnu.so
[9.326s] -- Symlinking: /home/kenneth/PycharmProjects/ros2_ws_fix/install/sensor_fusion_msgs/lib/libsensor_fusion_msgs__python.so
[9.337s] -- Symlinking: /home/kenneth/PycharmProjects/ros2_ws_fix/install/sensor_fusion_msgs/share/sensor_fusion_msgs/msg/Vinerows.idl
[9.346s] -- Symlinking: /home/kenneth/PycharmProjects/ros2_ws_fix/install/sensor_fusion_msgs/share/sensor_fusion_msgs/msg/Vinerows.msg
[9.356s] -- Symlinking: /home/kenneth/PycharmProjects/ros2_ws_fix/install/sensor_fusion_msgs/share/ament_index/resource_index/package_run_dependencies/sensor_fusion_msgs
[9.377s] -- Symlinking: /home/kenneth/PycharmProjects/ros2_ws_fix/install/sensor_fusion_msgs/share/ament_index/resource_index/parent_prefix_path/sensor_fusion_msgs
[9.388s] -- Symlinking: /home/kenneth/PycharmProjects/ros2_ws_fix/install/sensor_fusion_msgs/share/sensor_fusion_msgs/environment/ament_prefix_path.sh
[9.398s] -- Symlinking: /home/kenneth/PycharmProjects/ros2_ws_fix/install/sensor_fusion_msgs/share/sensor_fusion_msgs/environment/ament_prefix_path.dsv
[9.408s] -- Symlinking: /home/kenneth/PycharmProjects/ros2_ws_fix/install/sensor_fusion_msgs/share/sensor_fusion_msgs/environment/path.sh
[9.421s] -- Symlinking: /home/kenneth/PycharmProjects/ros2_ws_fix/install/sensor_fusion_msgs/share/sensor_fusion_msgs/environment/path.dsv
[9.431s] -- Symlinking: /home/kenneth/PycharmProjects/ros2_ws_fix/install/sensor_fusion_msgs/share/sensor_fusion_msgs/local_setup.bash
[9.441s] -- Symlinking: /home/kenneth/PycharmProjects/ros2_ws_fix/install/sensor_fusion_msgs/share/sensor_fusion_msgs/local_setup.sh
[9.451s] -- Symlinking: /home/kenneth/PycharmProjects/ros2_ws_fix/install/sensor_fusion_msgs/share/sensor_fusion_msgs/local_setup.zsh
[9.461s] -- Symlinking: /home/kenneth/PycharmProjects/ros2_ws_fix/install/sensor_fusion_msgs/share/sensor_fusion_msgs/local_setup.dsv
[9.482s] -- Symlinking: /home/kenneth/PycharmProjects/ros2_ws_fix/install/sensor_fusion_msgs/share/sensor_fusion_msgs/package.dsv
[9.492s] -- Symlinking: /home/kenneth/PycharmProjects/ros2_ws_fix/install/sensor_fusion_msgs/share/ament_index/resource_index/packages/sensor_fusion_msgs
[9.502s] -- Symlinking: /home/kenneth/PycharmProjects/ros2_ws_fix/install/sensor_fusion_msgs/share/sensor_fusion_msgs/cmake/rosidl_cmake-extras.cmake
[9.512s] -- Symlinking: /home/kenneth/PycharmProjects/ros2_ws_fix/install/sensor_fusion_msgs/share/sensor_fusion_msgs/cmake/ament_cmake_export_dependencies-extras.cmake
[9.523s] -- Symlinking: /home/kenneth/PycharmProjects/ros2_ws_fix/install/sensor_fusion_msgs/share/sensor_fusion_msgs/cmake/ament_cmake_export_libraries-extras.cmake
[9.533s] -- Symlinking: /home/kenneth/PycharmProjects/ros2_ws_fix/install/sensor_fusion_msgs/share/sensor_fusion_msgs/cmake/ament_cmake_export_include_directories-extras.cmake
[9.544s] -- Symlinking: /home/kenneth/PycharmProjects/ros2_ws_fix/install/sensor_fusion_msgs/share/sensor_fusion_msgs/cmake/sensor_fusion_msgsConfig.cmake
[9.554s] -- Symlinking: /home/kenneth/PycharmProjects/ros2_ws_fix/install/sensor_fusion_msgs/share/sensor_fusion_msgs/cmake/sensor_fusion_msgsConfig-version.cmake
[9.570s] -- Symlinking: /home/kenneth/PycharmProjects/ros2_ws_fix/install/sensor_fusion_msgs/share/sensor_fusion_msgs/package.xml
[9.623s] Compiling '/home/kenneth/PycharmProjects/ros2_ws_fix/install/sensor_fusion_msgs/lib/python3.6/site-packages/sensor_fusion_msgs/__init__.py'...
[9.637s] Invoked command in '/home/kenneth/PycharmProjects/ros2_ws_fix/build/sensor_fusion_msgs' returned '0': CMAKE_PREFIX_PATH=${CMAKE_PREFIX_PATH}:/opt/ros/eloquent /usr/bin/cmake --build /home/kenneth/PycharmProjects/ros2_ws_fix/build/sensor_fusion_msgs --target install -- -j1 -l1
